{"target": 0.8958863901061024, "params": {"C": 9.93388301741985, "epsilon": 0.2, "loss_n": 1.0}, "datetime": {"datetime": "2020-12-05 17:22:40", "elapsed": 202.096281, "delta": 0.725211}}
{"target": 0.8933040336085798, "params": {"C": 789.1830485695641, "epsilon": 0.14622562616203255, "loss_n": 0.6236225152856144}, "datetime": {"datetime": "2020-12-05 17:22:41", "elapsed": 203.330979, "delta": 1.234698}}
{"target": 0.8916936239967628, "params": {"C": 950.398309528848, "epsilon": 0.08432406599975102, "loss_n": 0.9328287652561926}, "datetime": {"datetime": "2020-12-05 17:22:43", "elapsed": 204.741236, "delta": 1.410257}}
{"target": 0.8921042710928505, "params": {"C": 991.0130718065764, "epsilon": 0.06478260585144546, "loss_n": 0.9616989243726778}, "datetime": {"datetime": "2020-12-05 17:22:44", "elapsed": 206.226238, "delta": 1.485002}}
{"target": 0.8931843649142867, "params": {"C": 902.0720116515773, "epsilon": 0.1350756058886153, "loss_n": 0.9568871332884686}, "datetime": {"datetime": "2020-12-05 17:22:45", "elapsed": 207.449965, "delta": 1.223727}}
{"target": 0.892551983542144, "params": {"C": 789.6491568288698, "epsilon": 0.12225808296188496, "loss_n": 0.8958525139935706}, "datetime": {"datetime": "2020-12-05 17:22:47", "elapsed": 208.710592, "delta": 1.260627}}
{"target": 0.8508086791426921, "params": {"C": 789.7425765556444, "epsilon": 0.029905927643480504, "loss_n": 0.12004236694228854}, "datetime": {"datetime": "2020-12-05 17:22:48", "elapsed": 210.093895, "delta": 1.383303}}
{"target": 0.8929036868172847, "params": {"C": 10.252671344192304, "epsilon": 0.0017796702822939327, "loss_n": 0.9712391921690078}, "datetime": {"datetime": "2020-12-05 17:22:49", "elapsed": 210.897743, "delta": 0.803848}}
{"target": 0.8921309826057842, "params": {"C": 181.03201217013262, "epsilon": 0.11336850702322965, "loss_n": 0.8924695381975895}, "datetime": {"datetime": "2020-12-05 17:22:50", "elapsed": 211.631482, "delta": 0.733739}}
{"target": 0.8900307764105884, "params": {"C": 351.73710988954656, "epsilon": 0.061310391565970734, "loss_n": 0.5308312178732177}, "datetime": {"datetime": "2020-12-05 17:22:50", "elapsed": 212.351584, "delta": 0.720102}}
{"target": 0.8821984444018781, "params": {"C": 973.4222827377096, "epsilon": 0.19287043139491625, "loss_n": 0.303374577500823}, "datetime": {"datetime": "2020-12-05 17:22:52", "elapsed": 213.75995, "delta": 1.408366}}
{"target": 0.8916895902241235, "params": {"C": 180.41050811118063, "epsilon": 0.08575073964140555, "loss_n": 0.7865672504171185}, "datetime": {"datetime": "2020-12-05 17:22:53", "elapsed": 214.850154, "delta": 1.090204}}
{"target": 0.8929038455173327, "params": {"C": 797.9815202541928, "epsilon": 0.1619192182536468, "loss_n": 0.8931044737445467}, "datetime": {"datetime": "2020-12-05 17:22:54", "elapsed": 216.306231, "delta": 1.456077}}
{"target": 0.8660173000876691, "params": {"C": 180.74938633138976, "epsilon": 0.12930496386678128, "loss_n": 0.39236504237237235}, "datetime": {"datetime": "2020-12-05 17:22:55", "elapsed": 217.481678, "delta": 1.175447}}
{"target": 0.8896398878856953, "params": {"C": 798.5012655063495, "epsilon": 0.032610840884152295, "loss_n": 0.5211129390583021}, "datetime": {"datetime": "2020-12-05 17:22:57", "elapsed": 218.840289, "delta": 1.358611}}
{"target": 0.891144078810226, "params": {"C": 179.8039989200768, "epsilon": 0.08266827010752148, "loss_n": 0.844197769019132}, "datetime": {"datetime": "2020-12-05 17:22:58", "elapsed": 219.804708, "delta": 0.964419}}
{"target": 0.8927196553696269, "params": {"C": 992.5912807295314, "epsilon": 0.2, "loss_n": 1.0}, "datetime": {"datetime": "2020-12-05 17:22:59", "elapsed": 221.132158, "delta": 1.32745}}
{"target": 0.8492915874224668, "params": {"C": 797.8629727523376, "epsilon": 0.025530976204477418, "loss_n": 0.43551084285658925}, "datetime": {"datetime": "2020-12-05 17:23:00", "elapsed": 222.511462, "delta": 1.379304}}
{"target": 0.8918007780217028, "params": {"C": 798.5937897934365, "epsilon": 0.08622158251287038, "loss_n": 0.9705719432493187}, "datetime": {"datetime": "2020-12-05 17:23:02", "elapsed": 223.796743, "delta": 1.285281}}
{"target": 0.8459721816430434, "params": {"C": 799.2352926036853, "epsilon": 0.011586394343705475, "loss_n": 0.40130997138137914}, "datetime": {"datetime": "2020-12-05 17:23:03", "elapsed": 224.894834, "delta": 1.098091}}
{"target": 0.8930107704905694, "params": {"C": 993.0972284959087, "epsilon": 0.16818453270356465, "loss_n": 0.683154211212238}, "datetime": {"datetime": "2020-12-05 17:23:04", "elapsed": 226.144464, "delta": 1.24963}}
{"target": 0.8899061431372681, "params": {"C": 993.5015780127217, "epsilon": 0.0396242950117498, "loss_n": 0.8953550985019357}, "datetime": {"datetime": "2020-12-05 17:23:06", "elapsed": 227.759147, "delta": 1.614683}}
{"target": 0.866028110998502, "params": {"C": 785.8699932558885, "epsilon": 0.0692852266596146, "loss_n": 0.29863320185475173}, "datetime": {"datetime": "2020-12-05 17:23:07", "elapsed": 228.851225, "delta": 1.092078}}
{"target": 0.8925753421756099, "params": {"C": 898.1494592519497, "epsilon": 0.12584773519465553, "loss_n": 0.9957765614548465}, "datetime": {"datetime": "2020-12-05 17:23:08", "elapsed": 230.22488, "delta": 1.373655}}
{"target": 0.8926575959858937, "params": {"C": 156.49964034123377, "epsilon": 0.10930639301662609, "loss_n": 0.7247890370341472}, "datetime": {"datetime": "2020-12-05 17:23:09", "elapsed": 230.801365, "delta": 0.576485}}
{"target": 0.8687903038253311, "params": {"C": 156.7312929367851, "epsilon": 0.08861648941968255, "loss_n": 0.2631242692391912}, "datetime": {"datetime": "2020-12-05 17:23:10", "elapsed": 231.632828, "delta": 0.831463}}
{"target": 0.8623507543509505, "params": {"C": 132.29475781971982, "epsilon": 0.05543705454142725, "loss_n": 0.37833005015278987}, "datetime": {"datetime": "2020-12-05 17:23:10", "elapsed": 232.213562, "delta": 0.580734}}
{"target": 0.8923189442408214, "params": {"C": 156.06425801713638, "epsilon": 0.05273788858173454, "loss_n": 0.9988492053951842}, "datetime": {"datetime": "2020-12-05 17:23:11", "elapsed": 233.176787, "delta": 0.963225}}
{"target": 0.892319196253028, "params": {"C": 808.682189665045, "epsilon": 0.19285485286462573, "loss_n": 0.5194415607300747}, "datetime": {"datetime": "2020-12-05 17:23:12", "elapsed": 234.165321, "delta": 0.988534}}
{"target": 0.8666520936056219, "params": {"C": 155.84221245562375, "epsilon": 0.07871998298906398, "loss_n": 0.4503711194533193}, "datetime": {"datetime": "2020-12-05 17:23:13", "elapsed": 235.275699, "delta": 1.110378}}
{"target": 0.8594786207118421, "params": {"C": 809.1581669303098, "epsilon": 0.04292763060484828, "loss_n": 0.36784654602063316}, "datetime": {"datetime": "2020-12-05 17:23:15", "elapsed": 236.648057, "delta": 1.372358}}
{"target": 0.8922492262552248, "params": {"C": 808.2028426386281, "epsilon": 0.1936599297205938, "loss_n": 0.5669314339343008}, "datetime": {"datetime": "2020-12-05 17:23:16", "elapsed": 237.69027, "delta": 1.042213}}
{"target": 0.8618344343241422, "params": {"C": 993.5233245524323, "epsilon": 0.055943371053186745, "loss_n": 0.22005723101859453}, "datetime": {"datetime": "2020-12-05 17:23:17", "elapsed": 239.056859, "delta": 1.366589}}
{"target": 0.8783141557154233, "params": {"C": 147.80636757285836, "epsilon": 0.1837234614751191, "loss_n": 0.2891676980042752}, "datetime": {"datetime": "2020-12-05 17:23:18", "elapsed": 239.927504, "delta": 0.870645}}
{"target": 0.8927989106529803, "params": {"C": 145.51237633174483, "epsilon": 0.1074534532416812, "loss_n": 0.9922229100647656}, "datetime": {"datetime": "2020-12-05 17:23:19", "elapsed": 240.939295, "delta": 1.011791}}
{"target": 0.8919733260824037, "params": {"C": 808.4524192741865, "epsilon": 0.08023245523671951, "loss_n": 0.9083416208189721}, "datetime": {"datetime": "2020-12-05 17:23:21", "elapsed": 242.673657, "delta": 1.734362}}
{"target": 0.8899429403365342, "params": {"C": 808.7960494338674, "epsilon": 0.006674062578991258, "loss_n": 0.5943720573825678}, "datetime": {"datetime": "2020-12-05 17:23:22", "elapsed": 243.829566, "delta": 1.155909}}
{"target": 0.893428351641324, "params": {"C": 156.87127578342148, "epsilon": 0.139910524955233, "loss_n": 0.9687769185542355}, "datetime": {"datetime": "2020-12-05 17:23:23", "elapsed": 244.664333, "delta": 0.834767}}
{"target": 0.8924186314871655, "params": {"C": 727.8446494286949, "epsilon": 0.11991657535010464, "loss_n": 0.9633823913206412}, "datetime": {"datetime": "2020-12-05 17:23:24", "elapsed": 245.973027, "delta": 1.308694}}
{"target": 0.8924370024371118, "params": {"C": 728.3309556978703, "epsilon": 0.18096690838175294, "loss_n": 0.7764234360132173}, "datetime": {"datetime": "2020-12-05 17:23:25", "elapsed": 247.279533, "delta": 1.306506}}
{"target": 0.8599728782507279, "params": {"C": 352.1220202050399, "epsilon": 0.04998259009416326, "loss_n": 0.03985666198328386}, "datetime": {"datetime": "2020-12-05 17:23:26", "elapsed": 248.268582, "delta": 0.989049}}
{"target": 0.8931105546092468, "params": {"C": 351.46040142203583, "epsilon": 0.14180044883286222, "loss_n": 0.9293679712715996}, "datetime": {"datetime": "2020-12-05 17:23:27", "elapsed": 249.30636, "delta": 1.037778}}
{"target": 0.8907221357491253, "params": {"C": 351.1696255502242, "epsilon": 0.04609565718150608, "loss_n": 0.595610814985772}, "datetime": {"datetime": "2020-12-05 17:23:28", "elapsed": 250.465289, "delta": 1.158929}}
{"target": 0.8803486671773568, "params": {"C": 728.4548443305902, "epsilon": 0.1546474733944713, "loss_n": 0.2587202326661786}, "datetime": {"datetime": "2020-12-05 17:23:30", "elapsed": 252.050312, "delta": 1.585023}}
{"target": 0.8922931741464671, "params": {"C": 679.3196481277025, "epsilon": 0.09619414876707998, "loss_n": 0.9741198814542987}, "datetime": {"datetime": "2020-12-05 17:23:32", "elapsed": 253.705991, "delta": 1.655679}}
{"target": 0.8658721850905364, "params": {"C": 679.0841819856495, "epsilon": 0.07786322374464848, "loss_n": 0.4500929484938442}, "datetime": {"datetime": "2020-12-05 17:23:33", "elapsed": 255.012464, "delta": 1.306473}}
{"target": 0.8928834473712641, "params": {"C": 351.901371700217, "epsilon": 0.10785227093316596, "loss_n": 0.972952647141328}, "datetime": {"datetime": "2020-12-05 17:23:34", "elapsed": 256.150564, "delta": 1.1381}}
{"target": 0.89044446992821, "params": {"C": 120.99377873924314, "epsilon": 0.007342847120466867, "loss_n": 0.9854921425221996}, "datetime": {"datetime": "2020-12-05 17:23:35", "elapsed": 257.454077, "delta": 1.303513}}
{"target": 0.8828184007152091, "params": {"C": 145.19333898831078, "epsilon": 0.16435555499404897, "loss_n": 0.3438068075632701}, "datetime": {"datetime": "2020-12-05 17:23:36", "elapsed": 258.505266, "delta": 1.051189}}
{"target": 0.8581919218722607, "params": {"C": 706.0391615171661, "epsilon": 0.040183898899439185, "loss_n": 0.17252829117896618}, "datetime": {"datetime": "2020-12-05 17:23:38", "elapsed": 259.785445, "delta": 1.280179}}
{'target': 0.8964953594517912, 'params': {'C': 8.13992949404109, 'epsilon': 0.17456154994929884, 'loss_n': 0.8271552672991457}}