{"target": 0.8926140670705968, "params": {"C": 671.4441137563103, "epsilon": 0.1925367254591057, "loss_n": 0.503544989029759}, "datetime": {"datetime": "2020-12-05 17:21:09", "elapsed": 110.98943, "delta": 0.834769}}
{"target": 0.8919307472704021, "params": {"C": 273.7876148280842, "epsilon": 0.19409810600566246, "loss_n": 0.8421908926569035}, "datetime": {"datetime": "2020-12-05 17:21:09", "elapsed": 111.45715, "delta": 0.46772}}
{"target": 0.8913922591469714, "params": {"C": 669.6169793883187, "epsilon": 0.07893198421591092, "loss_n": 0.9929245027699322}, "datetime": {"datetime": "2020-12-05 17:21:10", "elapsed": 112.573166, "delta": 1.116016}}
{"target": 0.8614686571138556, "params": {"C": 744.3215589988735, "epsilon": 0.052057405730994114, "loss_n": 0.030966981202443455}, "datetime": {"datetime": "2020-12-05 17:21:11", "elapsed": 113.410442, "delta": 0.837276}}
{"target": 0.8925157102876934, "params": {"C": 869.659978359033, "epsilon": 0.15442963169721824, "loss_n": 0.8275244464178271}, "datetime": {"datetime": "2020-12-05 17:21:12", "elapsed": 114.322442, "delta": 0.912}}
{"target": 0.85856714134708, "params": {"C": 274.0418224419846, "epsilon": 0.04164570792481224, "loss_n": 0.2959702459016279}, "datetime": {"datetime": "2020-12-05 17:21:13", "elapsed": 115.1233, "delta": 0.800858}}
{"target": 0.8909482984099741, "params": {"C": 870.1840506392567, "epsilon": 0.0800403066058691, "loss_n": 0.8749245482310332}, "datetime": {"datetime": "2020-12-05 17:21:14", "elapsed": 116.193438, "delta": 1.070138}}
{"target": 0.89302587791492, "params": {"C": 273.28270120067214, "epsilon": 0.18030179176170896, "loss_n": 0.7630328405261056}, "datetime": {"datetime": "2020-12-05 17:21:15", "elapsed": 116.845694, "delta": 0.652256}}
{"target": 0.8906724165304997, "params": {"C": 99.90797599109621, "epsilon": 0.0, "loss_n": 1.0}, "datetime": {"datetime": "2020-12-05 17:21:15", "elapsed": 117.356329, "delta": 0.510635}}
{"target": 0.8480031321303854, "params": {"C": 680.8491469142609, "epsilon": 0.024784446830065667, "loss_n": 0.4688631256542165}, "datetime": {"datetime": "2020-12-05 17:21:16", "elapsed": 118.505256, "delta": 1.148927}}
{"target": 0.8920733177959738, "params": {"C": 679.7892467905623, "epsilon": 0.14362951994738157, "loss_n": 0.6519445397666286}, "datetime": {"datetime": "2020-12-05 17:21:17", "elapsed": 119.516733, "delta": 1.011477}}
{"target": 0.879196175013003, "params": {"C": 679.9957590908708, "epsilon": 0.17630556048564525, "loss_n": 0.1190601362640955}, "datetime": {"datetime": "2020-12-05 17:21:18", "elapsed": 120.399373, "delta": 0.88264}}
{"target": 0.8913474716902561, "params": {"C": 680.0267830803984, "epsilon": 0.06996167263065585, "loss_n": 0.9686764183441444}, "datetime": {"datetime": "2020-12-05 17:21:19", "elapsed": 121.446126, "delta": 1.046753}}
{"target": 0.8916684484246835, "params": {"C": 400.4302843243814, "epsilon": 0.057620716711758814, "loss_n": 0.838369458578111}, "datetime": {"datetime": "2020-12-05 17:21:20", "elapsed": 122.07245, "delta": 0.626324}}
{"target": 0.892759078871717, "params": {"C": 671.8676017439604, "epsilon": 0.16854325020530822, "loss_n": 0.9689495996219838}, "datetime": {"datetime": "2020-12-05 17:21:21", "elapsed": 122.954093, "delta": 0.881643}}
{"target": 0.8786917012327727, "params": {"C": 672.1560180986025, "epsilon": 0.1972761667472699, "loss_n": 0.24642387549993505}, "datetime": {"datetime": "2020-12-05 17:21:22", "elapsed": 123.821934, "delta": 0.867841}}
{"target": 0.8932433464802811, "params": {"C": 48.636848877086116, "epsilon": 0.14495029410541901, "loss_n": 0.9893651600485794}, "datetime": {"datetime": "2020-12-05 17:21:22", "elapsed": 124.268769, "delta": 0.446835}}
{"target": 0.8908331165245862, "params": {"C": 668.3022630218492, "epsilon": 0.0366618911360046, "loss_n": 0.7663243741787399}, "datetime": {"datetime": "2020-12-05 17:21:23", "elapsed": 125.129466, "delta": 0.860697}}
{"target": 0.8827477651353435, "params": {"C": 863.1283217682827, "epsilon": 0.18616846772081197, "loss_n": 0.24545131207296422}, "datetime": {"datetime": "2020-12-05 17:21:24", "elapsed": 126.108819, "delta": 0.979353}}
{"target": 0.8606946235010113, "params": {"C": 400.16288325247575, "epsilon": 0.10508951060934218, "loss_n": 0.37826262658218623}, "datetime": {"datetime": "2020-12-05 17:21:25", "elapsed": 126.854282, "delta": 0.745463}}
{"target": 0.8923536595009643, "params": {"C": 327.1928841914527, "epsilon": 0.18719573793800412, "loss_n": 0.8967780922504525}, "datetime": {"datetime": "2020-12-05 17:21:25", "elapsed": 127.40082, "delta": 0.546538}}
{"target": 0.8887270609581357, "params": {"C": 400.90978257288316, "epsilon": 0.0, "loss_n": 1.0}, "datetime": {"datetime": "2020-12-05 17:21:26", "elapsed": 128.162384, "delta": 0.761564}}
{"target": 0.891817340200423, "params": {"C": 852.9550048530072, "epsilon": 0.101413026749773, "loss_n": 0.7939984476488955}, "datetime": {"datetime": "2020-12-05 17:21:27", "elapsed": 129.148746, "delta": 0.986362}}
{"target": 0.8908076710747383, "params": {"C": 326.6527276190975, "epsilon": 0.0446981292347511, "loss_n": 0.9554428518632605}, "datetime": {"datetime": "2020-12-05 17:21:28", "elapsed": 129.813658, "delta": 0.664912}}
{"target": 0.8890092729834134, "params": {"C": 852.3473091887683, "epsilon": 0.004197753929770043, "loss_n": 0.9977284655039406}, "datetime": {"datetime": "2020-12-05 17:21:29", "elapsed": 130.995497, "delta": 1.181839}}
{"target": 0.8426114576731123, "params": {"C": 326.94294297568166, "epsilon": 3.0188958764298947e-05, "loss_n": 0.35676094570535233}, "datetime": {"datetime": "2020-12-05 17:21:30", "elapsed": 131.648723, "delta": 0.653226}}
{"target": 0.8813062521890282, "params": {"C": 726.0918548272135, "epsilon": 0.16829494299578862, "loss_n": 0.4406704261842568}, "datetime": {"datetime": "2020-12-05 17:21:31", "elapsed": 132.636117, "delta": 0.987394}}
{"target": 0.8435488245037648, "params": {"C": 852.5540060196694, "epsilon": 0.0034951935289159186, "loss_n": 0.4544665741670486}, "datetime": {"datetime": "2020-12-05 17:21:32", "elapsed": 133.593557, "delta": 0.95744}}
{"target": 0.8904615495485999, "params": {"C": 853.3480354701595, "epsilon": 0.06764444381418766, "loss_n": 0.9142096400330089}, "datetime": {"datetime": "2020-12-05 17:21:33", "elapsed": 134.669679, "delta": 1.076122}}
{"target": 0.847257481256244, "params": {"C": 56.56709719071361, "epsilon": 0.01624886446993832, "loss_n": 0.46938767085872934}, "datetime": {"datetime": "2020-12-05 17:21:33", "elapsed": 135.172334, "delta": 0.502655}}
{"target": 0.8651046404461591, "params": {"C": 467.96649708978185, "epsilon": 0.07359273939277003, "loss_n": 0.21765474769255122}, "datetime": {"datetime": "2020-12-05 17:21:34", "elapsed": 135.869469, "delta": 0.697135}}
{"target": 0.8446998226481757, "params": {"C": 397.3473990785005, "epsilon": 0.00036456591638829307, "loss_n": 0.3872326815916174}, "datetime": {"datetime": "2020-12-05 17:21:34", "elapsed": 136.459212, "delta": 0.589743}}
{"target": 0.8929187018289981, "params": {"C": 49.099760288789675, "epsilon": 0.09918965223386148, "loss_n": 0.7656228642700319}, "datetime": {"datetime": "2020-12-05 17:21:35", "elapsed": 137.128394, "delta": 0.669182}}
{"target": 0.8911915301925809, "params": {"C": 613.3638372134296, "epsilon": 0.05084623355947655, "loss_n": 0.7995643854715255}, "datetime": {"datetime": "2020-12-05 17:21:36", "elapsed": 138.041976, "delta": 0.913582}}
{"target": 0.8620198949798716, "params": {"C": 48.737878638664164, "epsilon": 0.055163151495917995, "loss_n": 0.4913968635454158}, "datetime": {"datetime": "2020-12-05 17:21:36", "elapsed": 138.511698, "delta": 0.469722}}
{"target": 0.8937194422351931, "params": {"C": 49.63962582028581, "epsilon": 0.11069800497704062, "loss_n": 0.8930415894081456}, "datetime": {"datetime": "2020-12-05 17:21:37", "elapsed": 138.990442, "delta": 0.478744}}
{"target": 0.8784617641239192, "params": {"C": 640.266820734203, "epsilon": 0.19530845742575662, "loss_n": 0.34991454105258923}, "datetime": {"datetime": "2020-12-05 17:21:38", "elapsed": 139.805237, "delta": 0.814795}}
{"target": 0.8671483665052367, "params": {"C": 846.4594065226532, "epsilon": 0.07502022833294011, "loss_n": 0.20751043475854125}, "datetime": {"datetime": "2020-12-05 17:21:39", "elapsed": 140.789603, "delta": 0.984366}}
{"target": 0.8427663963677704, "params": {"C": 613.2922211003305, "epsilon": 0.004439177912077197, "loss_n": 0.354103739871214}, "datetime": {"datetime": "2020-12-05 17:21:40", "elapsed": 141.724135, "delta": 0.934532}}
{"target": 0.8921646272603645, "params": {"C": 613.689128780491, "epsilon": 0.19628739752487956, "loss_n": 0.9856074984242591}, "datetime": {"datetime": "2020-12-05 17:21:41", "elapsed": 142.679159, "delta": 0.955024}}
{"target": 0.893109140149134, "params": {"C": 147.22600187406368, "epsilon": 0.2, "loss_n": 1.0}, "datetime": {"datetime": "2020-12-05 17:21:41", "elapsed": 143.226693, "delta": 0.547534}}
{"target": 0.8888560437770092, "params": {"C": 940.9349970060329, "epsilon": 0.007079656763827447, "loss_n": 0.9303044265375587}, "datetime": {"datetime": "2020-12-05 17:21:42", "elapsed": 144.370663, "delta": 1.14397}}
{"target": 0.8898411896430607, "params": {"C": 114.41024162546076, "epsilon": 0.012735563036949138, "loss_n": 0.9147452187375621}, "datetime": {"datetime": "2020-12-05 17:21:43", "elapsed": 144.807334, "delta": 0.436671}}
{"target": 0.8896194098797325, "params": {"C": 864.9558961661268, "epsilon": 0.02347250130726406, "loss_n": 0.7916774780830116}, "datetime": {"datetime": "2020-12-05 17:21:44", "elapsed": 145.870518, "delta": 1.063184}}
{"target": 0.8929214649350286, "params": {"C": 612.9514756536648, "epsilon": 0.15978597495751135, "loss_n": 0.8991423486492293}, "datetime": {"datetime": "2020-12-05 17:21:45", "elapsed": 146.786853, "delta": 0.916335}}
{"target": 0.8739321646257447, "params": {"C": 49.55898064994177, "epsilon": 0.14338776300418485, "loss_n": 0.44700403230665997}, "datetime": {"datetime": "2020-12-05 17:21:45", "elapsed": 147.24762, "delta": 0.460767}}
{"target": 0.8794003807709091, "params": {"C": 758.4900612347042, "epsilon": 0.1813568519833138, "loss_n": 0.4802351854374737}, "datetime": {"datetime": "2020-12-05 17:21:46", "elapsed": 148.155221, "delta": 0.907601}}
{"target": 0.8917124388052781, "params": {"C": 749.4589294973069, "epsilon": 0.09846049340671495, "loss_n": 0.568842920140426}, "datetime": {"datetime": "2020-12-05 17:21:47", "elapsed": 149.092762, "delta": 0.937541}}
{"target": 0.8631286704324156, "params": {"C": 619.4698392159754, "epsilon": 0.12296235247340433, "loss_n": 0.27199057040194274}, "datetime": {"datetime": "2020-12-05 17:21:48", "elapsed": 149.909792, "delta": 0.81703}}
{"target": 0.8912524405413415, "params": {"C": 875.9575574111078, "epsilon": 0.07003275600462089, "loss_n": 0.5169033956124454}, "datetime": {"datetime": "2020-12-05 17:21:49", "elapsed": 150.948734, "delta": 1.038942}}
{"target": 0.8520140411797174, "params": {"C": 488.524190308515, "epsilon": 0.029546831638979733, "loss_n": 0.2007434429141306}, "datetime": {"datetime": "2020-12-05 17:21:50", "elapsed": 151.637347, "delta": 0.688613}}
{"target": 0.8924266010919648, "params": {"C": 919.7522134716626, "epsilon": 0.13508765900021033, "loss_n": 0.6219762925021762}, "datetime": {"datetime": "2020-12-05 17:21:51", "elapsed": 152.675572, "delta": 1.038225}}
{"target": 0.892806381240461, "params": {"C": 667.731059277765, "epsilon": 0.2, "loss_n": 0.5024774343047713}, "datetime": {"datetime": "2020-12-05 17:21:52", "elapsed": 153.811534, "delta": 1.135962}}
{"target": 0.8702035974847868, "params": {"C": 920.2342551726655, "epsilon": 0.09670994642730245, "loss_n": 0.4377771702393586}, "datetime": {"datetime": "2020-12-05 17:21:53", "elapsed": 155.164914, "delta": 1.35338}}
{"target": 0.8928621543375481, "params": {"C": 919.2303711568939, "epsilon": 0.14180824533069228, "loss_n": 0.6242213563339996}, "datetime": {"datetime": "2020-12-05 17:21:54", "elapsed": 156.498348, "delta": 1.333434}}
{"target": 0.892616828440383, "params": {"C": 919.6464934407361, "epsilon": 0.17363529847830225, "loss_n": 0.9883115939884654}, "datetime": {"datetime": "2020-12-05 17:21:56", "elapsed": 157.712103, "delta": 1.213755}}
{"target": 0.8897017738717492, "params": {"C": 147.66351821861537, "epsilon": 0.0031601313984438665, "loss_n": 0.8843491424961816}, "datetime": {"datetime": "2020-12-05 17:21:56", "elapsed": 158.509266, "delta": 0.797163}}
{"target": 0.8776324118308629, "params": {"C": 919.2827967921428, "epsilon": 0.17473882879588742, "loss_n": 0.08085878510334121}, "datetime": {"datetime": "2020-12-05 17:21:58", "elapsed": 159.822651, "delta": 1.313385}}
{"target": 0.8449569602867116, "params": {"C": 667.2465844406255, "epsilon": 0.010631542105614922, "loss_n": 0.4871897282819163}, "datetime": {"datetime": "2020-12-05 17:21:59", "elapsed": 160.675371, "delta": 0.85272}}
{"target": 0.8902705303304254, "params": {"C": 918.9563038925643, "epsilon": 0.030900012265885235, "loss_n": 0.982402388751367}, "datetime": {"datetime": "2020-12-05 17:22:00", "elapsed": 162.281077, "delta": 1.605706}}
{"target": 0.8655286436388906, "params": {"C": 749.1120564451845, "epsilon": 0.08370785213106816, "loss_n": 0.15461639500079716}, "datetime": {"datetime": "2020-12-05 17:22:01", "elapsed": 163.485883, "delta": 1.204806}}
{"target": 0.892993982755583, "params": {"C": 667.9789760306979, "epsilon": 0.17075061949790762, "loss_n": 0.8462629370901036}, "datetime": {"datetime": "2020-12-05 17:22:02", "elapsed": 164.510115, "delta": 1.024232}}
{"target": 0.8684905700764995, "params": {"C": 750.0536500370116, "epsilon": 0.09031040875497982, "loss_n": 0.4071898897270467}, "datetime": {"datetime": "2020-12-05 17:22:04", "elapsed": 165.605187, "delta": 1.095072}}
{"target": 0.8929560850820772, "params": {"C": 749.101413053407, "epsilon": 0.14500388518180668, "loss_n": 0.9643707211944726}, "datetime": {"datetime": "2020-12-05 17:22:05", "elapsed": 166.891748, "delta": 1.286561}}
{"target": 0.8657287561843697, "params": {"C": 182.57027202874326, "epsilon": 0.06407088107931316, "loss_n": 0.15505503801980902}, "datetime": {"datetime": "2020-12-05 17:22:06", "elapsed": 167.583896, "delta": 0.692148}}
{"target": 0.8926632959358974, "params": {"C": 183.02581189676687, "epsilon": 0.11154669798453017, "loss_n": 0.9969253209293121}, "datetime": {"datetime": "2020-12-05 17:22:06", "elapsed": 168.228434, "delta": 0.644538}}
{"target": 0.892873060456707, "params": {"C": 899.6577397894613, "epsilon": 0.2, "loss_n": 0.6774926143481608}, "datetime": {"datetime": "2020-12-05 17:22:07", "elapsed": 169.322529, "delta": 1.094095}}
{"target": 0.8922185013519792, "params": {"C": 749.5177623321111, "epsilon": 0.08823719702039652, "loss_n": 0.9584917678476736}, "datetime": {"datetime": "2020-12-05 17:22:08", "elapsed": 170.42059, "delta": 1.098061}}
{"target": 0.8602516955199387, "params": {"C": 573.1330312528825, "epsilon": 0.10597110752521544, "loss_n": 0.12818076241687149}, "datetime": {"datetime": "2020-12-05 17:22:09", "elapsed": 171.2385, "delta": 0.81791}}
{"target": 0.8926016493249763, "params": {"C": 100.43424891081268, "epsilon": 0.17755420986660703, "loss_n": 0.5469251903901297}, "datetime": {"datetime": "2020-12-05 17:22:10", "elapsed": 171.67207, "delta": 0.43357}}
{"target": 0.8620821601390982, "params": {"C": 611.5492440240625, "epsilon": 0.10568641357269455, "loss_n": 0.4170299865110654}, "datetime": {"datetime": "2020-12-05 17:22:11", "elapsed": 172.658406, "delta": 0.986336}}
{"target": 0.8927625738158552, "params": {"C": 9.00258468194247, "epsilon": 0.0, "loss_n": 1.0}, "datetime": {"datetime": "2020-12-05 17:22:11", "elapsed": 173.330635, "delta": 0.672229}}
{"target": 0.8932586647471888, "params": {"C": 182.21979001687987, "epsilon": 0.19894369591237715, "loss_n": 0.9768867597508671}, "datetime": {"datetime": "2020-12-05 17:22:12", "elapsed": 174.12698, "delta": 0.796345}}
{"target": 0.8912896211958152, "params": {"C": 327.7409781637566, "epsilon": 0.07726315942807471, "loss_n": 0.9472207745947927}, "datetime": {"datetime": "2020-12-05 17:22:13", "elapsed": 175.027869, "delta": 0.900889}}
{"target": 0.8963560548624339, "params": {"C": 8.501334867177421, "epsilon": 0.1311533431935845, "loss_n": 0.7423802234436562}, "datetime": {"datetime": "2020-12-05 17:22:14", "elapsed": 175.880588, "delta": 0.852719}}
{"target": 0.8914659137976317, "params": {"C": 8.141367907776589, "epsilon": 0.17713314417142667, "loss_n": 0.37757187002155546}, "datetime": {"datetime": "2020-12-05 17:22:14", "elapsed": 176.425159, "delta": 0.544571}}
{"target": 0.8928942541395308, "params": {"C": 7.886237206105467, "epsilon": 0.010045460210686686, "loss_n": 0.8208617315751839}, "datetime": {"datetime": "2020-12-05 17:22:15", "elapsed": 177.130276, "delta": 0.705117}}
{"target": 0.8567278430971701, "params": {"C": 7.503560503228581, "epsilon": 0.02088858029437837, "loss_n": 0.3625648017771377}, "datetime": {"datetime": "2020-12-05 17:22:16", "elapsed": 177.813753, "delta": 0.683477}}
{"target": 0.8921378897153611, "params": {"C": 272.87092532663274, "epsilon": 0.10827180501718295, "loss_n": 0.9890869427512777}, "datetime": {"datetime": "2020-12-05 17:22:17", "elapsed": 178.71151, "delta": 0.897757}}
{"target": 0.8932174636404545, "params": {"C": 49.339134296300855, "epsilon": 0.1951410059451652, "loss_n": 0.963923952629132}, "datetime": {"datetime": "2020-12-05 17:22:17", "elapsed": 179.331852, "delta": 0.620342}}
{"target": 0.8509141812202825, "params": {"C": 992.1158858688924, "epsilon": 0.030853840176830107, "loss_n": 0.10360907273295406}, "datetime": {"datetime": "2020-12-05 17:22:18", "elapsed": 180.427191, "delta": 1.095339}}
{"target": 0.8887143663602174, "params": {"C": 8.507304725199772, "epsilon": 0.1972817609415666, "loss_n": 0.3103661114748225}, "datetime": {"datetime": "2020-12-05 17:22:19", "elapsed": 180.958454, "delta": 0.531263}}
{"target": 0.8457254844669748, "params": {"C": 272.94656130418633, "epsilon": 0.013432843366554925, "loss_n": 0.4226611213816891}, "datetime": {"datetime": "2020-12-05 17:22:20", "elapsed": 181.84605, "delta": 0.887596}}
{"target": 0.8922517881632034, "params": {"C": 951.7672677796611, "epsilon": 0.13977817841585247, "loss_n": 0.9431852860151084}, "datetime": {"datetime": "2020-12-05 17:22:21", "elapsed": 183.19148, "delta": 1.34543}}
{"target": 0.8892447385870581, "params": {"C": 273.4335191207211, "epsilon": 0.021245137926935033, "loss_n": 0.9859963446227801}, "datetime": {"datetime": "2020-12-05 17:22:22", "elapsed": 183.959427, "delta": 0.767947}}
{"target": 0.8935111604730185, "params": {"C": 991.0808097512015, "epsilon": 0.154933379597661, "loss_n": 0.6428700165884798}, "datetime": {"datetime": "2020-12-05 17:22:23", "elapsed": 185.21543, "delta": 1.256003}}
{"target": 0.8748797926391815, "params": {"C": 884.2487352116138, "epsilon": 0.1776165145555005, "loss_n": 0.20722743982376257}, "datetime": {"datetime": "2020-12-05 17:22:24", "elapsed": 186.292178, "delta": 1.076748}}
{"target": 0.8964953594517912, "params": {"C": 8.13992949404109, "epsilon": 0.17456154994929884, "loss_n": 0.8271552672991457}, "datetime": {"datetime": "2020-12-05 17:22:25", "elapsed": 187.089409, "delta": 0.797231}}
{"target": 0.8925664442467376, "params": {"C": 990.5898705900463, "epsilon": 0.18251482176360306, "loss_n": 0.8316286640871406}, "datetime": {"datetime": "2020-12-05 17:22:26", "elapsed": 188.342438, "delta": 1.253029}}
{"target": 0.8660693673401552, "params": {"C": 990.2858773137917, "epsilon": 0.13648228063151335, "loss_n": 0.46133514753833826}, "datetime": {"datetime": "2020-12-05 17:22:28", "elapsed": 189.62507, "delta": 1.282632}}
{"target": 0.8893855919859455, "params": {"C": 216.09965301749943, "epsilon": 0.005880264597748486, "loss_n": 0.8085827846165227}, "datetime": {"datetime": "2020-12-05 17:22:28", "elapsed": 190.50809, "delta": 0.88302}}
{"target": 0.8916078917051843, "params": {"C": 901.5779673917676, "epsilon": 0.08074522960643188, "loss_n": 0.9972309436207472}, "datetime": {"datetime": "2020-12-05 17:22:30", "elapsed": 192.002952, "delta": 1.494862}}
{"target": 0.8922766393894028, "params": {"C": 901.8423015373678, "epsilon": 0.11436146289499434, "loss_n": 0.5869112767491246}, "datetime": {"datetime": "2020-12-05 17:22:31", "elapsed": 193.525881, "delta": 1.522929}}
{"target": 0.8934282382057906, "params": {"C": 101.39888033499173, "epsilon": 0.14687636556705855, "loss_n": 0.9460208634372964}, "datetime": {"datetime": "2020-12-05 17:22:32", "elapsed": 194.153199, "delta": 0.627318}}
{"target": 0.878355985376803, "params": {"C": 101.45291716818299, "epsilon": 0.1747812765196927, "loss_n": 0.4711430648264351}, "datetime": {"datetime": "2020-12-05 17:22:33", "elapsed": 195.20439, "delta": 1.051191}}
{"target": 0.8923032947107842, "params": {"C": 902.4084514252315, "epsilon": 0.15344756315381902, "loss_n": 0.9277738630056132}, "datetime": {"datetime": "2020-12-05 17:22:34", "elapsed": 196.493795, "delta": 1.289405}}
{"target": 0.8899731057785569, "params": {"C": 50.227465233230994, "epsilon": 0.0005762583581487402, "loss_n": 0.9801052570284928}, "datetime": {"datetime": "2020-12-05 17:22:35", "elapsed": 197.120118, "delta": 0.626323}}
{"target": 0.8523148849061059, "params": {"C": 902.5092217225044, "epsilon": 0.033637635025366854, "loss_n": 0.45685117939592057}, "datetime": {"datetime": "2020-12-05 17:22:36", "elapsed": 198.463525, "delta": 1.343407}}
{"target": 0.8661282784034562, "params": {"C": 788.4056872675093, "epsilon": 0.1290633310908537, "loss_n": 0.1619497041941239}, "datetime": {"datetime": "2020-12-05 17:22:38", "elapsed": 199.968501, "delta": 1.504976}}
{"target": 0.8928914694427987, "params": {"C": 788.9240459398103, "epsilon": 0.14788841094134017, "loss_n": 0.9187124547571588}, "datetime": {"datetime": "2020-12-05 17:22:39", "elapsed": 201.37107, "delta": 1.402569}}
