{"target": 0.893270846301402, "params": {"C": 950.9041586816788, "epsilon": 0.12215094832327376, "loss_n": 0.7974848510609484}, "datetime": {"datetime": "2020-12-05 17:20:05", "elapsed": 46.844413, "delta": 0.944474}}
{"target": 0.8886196229497367, "params": {"C": 612.493092545204, "epsilon": 0.0, "loss_n": 1.0}, "datetime": {"datetime": "2020-12-05 17:20:06", "elapsed": 47.825789, "delta": 0.981376}}
{"target": 0.8913779245125907, "params": {"C": 667.6747712019145, "epsilon": 0.05993681751889517, "loss_n": 0.9833152572258786}, "datetime": {"datetime": "2020-12-05 17:20:07", "elapsed": 48.674541, "delta": 0.848752}}
{"target": 0.8445618228215853, "params": {"C": 950.9771040361912, "epsilon": 0.007120818157608078, "loss_n": 0.11373392734771881}, "datetime": {"datetime": "2020-12-05 17:20:07", "elapsed": 49.511281, "delta": 0.83674}}
{"target": 0.8927005819702893, "params": {"C": 951.2754878066149, "epsilon": 0.12163087245118745, "loss_n": 0.8785060577315125}, "datetime": {"datetime": "2020-12-05 17:20:08", "elapsed": 50.499666, "delta": 0.988385}}
{"target": 0.8641480825533601, "params": {"C": 992.1165142594834, "epsilon": 0.1193806844468953, "loss_n": 0.16822053040882912}, "datetime": {"datetime": "2020-12-05 17:20:09", "elapsed": 51.501959, "delta": 1.002293}}
{"target": 0.8779236962152863, "params": {"C": 181.72572181444065, "epsilon": 0.17623947193125014, "loss_n": 0.2983547115905525}, "datetime": {"datetime": "2020-12-05 17:20:10", "elapsed": 51.834213, "delta": 0.332254}}
{"target": 0.893051733350199, "params": {"C": 991.4975950744289, "epsilon": 0.18838982275965788, "loss_n": 0.9563230662332054}, "datetime": {"datetime": "2020-12-05 17:20:11", "elapsed": 52.693915, "delta": 0.859702}}
{"target": 0.8669063928169063, "params": {"C": 868.867071292684, "epsilon": 0.1390929982873509, "loss_n": 0.22924842209747676}, "datetime": {"datetime": "2020-12-05 17:20:11", "elapsed": 53.560628, "delta": 0.866713}}
{"target": 0.8669516293972249, "params": {"C": 116.26307980260958, "epsilon": 0.13228856866290944, "loss_n": 0.4370578691983661}, "datetime": {"datetime": "2020-12-05 17:20:12", "elapsed": 53.827882, "delta": 0.267254}}
{"target": 0.8887346011427514, "params": {"C": 900.4381745565946, "epsilon": 0.0, "loss_n": 0.9591723808515522}, "datetime": {"datetime": "2020-12-05 17:20:13", "elapsed": 54.805268, "delta": 0.977386}}
{"target": 0.8928813053224834, "params": {"C": 869.6694927908944, "epsilon": 0.15254651158060678, "loss_n": 0.8425133617067937}, "datetime": {"datetime": "2020-12-05 17:20:14", "elapsed": 55.735806, "delta": 0.930538}}
{"target": 0.8921603640452238, "params": {"C": 901.3241982839919, "epsilon": 0.1619953503126235, "loss_n": 0.619928360450008}, "datetime": {"datetime": "2020-12-05 17:20:15", "elapsed": 56.612462, "delta": 0.876656}}
{"target": 0.89161534781123, "params": {"C": 616.8603133488629, "epsilon": 0.04540173519203142, "loss_n": 0.9780404242471378}, "datetime": {"datetime": "2020-12-05 17:20:15", "elapsed": 57.363426, "delta": 0.750964}}
{"target": 0.8929822182690741, "params": {"C": 727.2631586042985, "epsilon": 0.18201865812582474, "loss_n": 0.9672460742276666}, "datetime": {"datetime": "2020-12-05 17:20:16", "elapsed": 58.095496, "delta": 0.73207}}
{"target": 0.846457205782623, "params": {"C": 727.0987782395925, "epsilon": 0.013579756757021923, "loss_n": 0.4128411231080491}, "datetime": {"datetime": "2020-12-05 17:20:17", "elapsed": 58.800583, "delta": 0.705087}}
{"target": 0.8913144866176685, "params": {"C": 725.9306205851175, "epsilon": 0.06321374080593371, "loss_n": 0.8680350313739756}, "datetime": {"datetime": "2020-12-05 17:20:18", "elapsed": 59.637374, "delta": 0.836791}}
{"target": 0.8927990724830046, "params": {"C": 276.8769474751017, "epsilon": 0.11292836044767439, "loss_n": 0.5465918529836514}, "datetime": {"datetime": "2020-12-05 17:20:18", "elapsed": 60.094124, "delta": 0.45675}}
{"target": 0.8636643922121534, "params": {"C": 276.380514359439, "epsilon": 0.11353632504745251, "loss_n": 0.4591716562375877}, "datetime": {"datetime": "2020-12-05 17:20:18", "elapsed": 60.536969, "delta": 0.442845}}
{"target": 0.8901908379981596, "params": {"C": 277.2106629898207, "epsilon": 0.045119869593097106, "loss_n": 0.7402567240162017}, "datetime": {"datetime": "2020-12-05 17:20:19", "elapsed": 61.037628, "delta": 0.500659}}
{"target": 0.8935544234133636, "params": {"C": 152.78067569791847, "epsilon": 0.2, "loss_n": 1.0}, "datetime": {"datetime": "2020-12-05 17:20:19", "elapsed": 61.375723, "delta": 0.338095}}
{"target": 0.8485372291374784, "params": {"C": 193.39344227661817, "epsilon": 0.020532688572640415, "loss_n": 0.4127141347176495}, "datetime": {"datetime": "2020-12-05 17:20:20", "elapsed": 61.764685, "delta": 0.388962}}
{"target": 0.8638243245779682, "params": {"C": 277.33053319056114, "epsilon": 0.0658347841921223, "loss_n": 0.19948793949761146}, "datetime": {"datetime": "2020-12-05 17:20:20", "elapsed": 62.220438, "delta": 0.455753}}
{"target": 0.8924854122346616, "params": {"C": 669.9686141444282, "epsilon": 0.1017658320433519, "loss_n": 0.7673786006574445}, "datetime": {"datetime": "2020-12-05 17:20:21", "elapsed": 62.985065, "delta": 0.764627}}
{"target": 0.8796744025421276, "params": {"C": 876.1309105869361, "epsilon": 0.1606386513491571, "loss_n": 0.010648788531491094}, "datetime": {"datetime": "2020-12-05 17:20:22", "elapsed": 63.846759, "delta": 0.861694}}
{"target": 0.8662577159291084, "params": {"C": 669.650512054334, "epsilon": 0.06996890702079948, "loss_n": 0.19651984062667094}, "datetime": {"datetime": "2020-12-05 17:20:23", "elapsed": 64.632402, "delta": 0.785643}}
{"target": 0.8912114282895842, "params": {"C": 194.16257586748668, "epsilon": 0.07641377054311858, "loss_n": 0.973161164806358}, "datetime": {"datetime": "2020-12-05 17:20:23", "elapsed": 65.125084, "delta": 0.492682}}
{"target": 0.8485736633238178, "params": {"C": 545.641373855296, "epsilon": 0.02335596075946238, "loss_n": 0.4734018554989444}, "datetime": {"datetime": "2020-12-05 17:20:24", "elapsed": 65.895025, "delta": 0.769941}}
{"target": 0.8429824880804709, "params": {"C": 189.4163709518586, "epsilon": 0.009951705524379918, "loss_n": 0.018968765441481406}, "datetime": {"datetime": "2020-12-05 17:20:24", "elapsed": 66.227137, "delta": 0.332112}}
{"target": 0.8923223624872989, "params": {"C": 899.3868188045778, "epsilon": 0.15578255389918336, "loss_n": 0.9550764958940962}, "datetime": {"datetime": "2020-12-05 17:20:25", "elapsed": 67.101827, "delta": 0.87469}}
{"target": 0.8927690803748588, "params": {"C": 276.91021423576734, "epsilon": 0.170992115827996, "loss_n": 0.9244294535061119}, "datetime": {"datetime": "2020-12-05 17:20:25", "elapsed": 67.56855, "delta": 0.466723}}
{"target": 0.8906664475846551, "params": {"C": 875.3879710053184, "epsilon": 0.06870630193150233, "loss_n": 0.6406365714927577}, "datetime": {"datetime": "2020-12-05 17:20:26", "elapsed": 68.571867, "delta": 1.003317}}
{"target": 0.8902725137648815, "params": {"C": 898.7181227332601, "epsilon": 0.056386826610768305, "loss_n": 0.8532630105208405}, "datetime": {"datetime": "2020-12-05 17:20:28", "elapsed": 69.585184, "delta": 1.013317}}
{"target": 0.8922980388469709, "params": {"C": 146.671268446602, "epsilon": 0.18183927643561815, "loss_n": 0.9768023556226784}, "datetime": {"datetime": "2020-12-05 17:20:28", "elapsed": 69.938212, "delta": 0.353028}}
{"target": 0.8895415742695535, "params": {"C": 876.1590570792144, "epsilon": 0.008026247436399526, "loss_n": 0.9986716210059121}, "datetime": {"datetime": "2020-12-05 17:20:29", "elapsed": 70.938221, "delta": 1.000009}}
{"target": 0.8907768981721571, "params": {"C": 670.5135522087511, "epsilon": 0.02587441309300105, "loss_n": 0.991625532254126}, "datetime": {"datetime": "2020-12-05 17:20:30", "elapsed": 71.774014, "delta": 0.835793}}
{"target": 0.8726353392355796, "params": {"C": 46.27297983942741, "epsilon": 0.14623249159751164, "loss_n": 0.02619017712378091}, "datetime": {"datetime": "2020-12-05 17:20:30", "elapsed": 72.116463, "delta": 0.342449}}
{"target": 0.8903531723544369, "params": {"C": 973.9513170478558, "epsilon": 0.02793504054100442, "loss_n": 0.6175441745562164}, "datetime": {"datetime": "2020-12-05 17:20:31", "elapsed": 73.133296, "delta": 1.016833}}
{"target": 0.8923569786696334, "params": {"C": 297.93144552761487, "epsilon": 0.09276166458957653, "loss_n": 0.8158829409089834}, "datetime": {"datetime": "2020-12-05 17:20:32", "elapsed": 73.639939, "delta": 0.506643}}
{"target": 0.8607975739837064, "params": {"C": 297.61248435728226, "epsilon": 0.10966591790341461, "loss_n": 0.3269513935401921}, "datetime": {"datetime": "2020-12-05 17:20:32", "elapsed": 74.169592, "delta": 0.529653}}
{"target": 0.8693418468314231, "params": {"C": 544.7408196095308, "epsilon": 0.09375357564353722, "loss_n": 0.030461399171025194}, "datetime": {"datetime": "2020-12-05 17:20:33", "elapsed": 74.81686, "delta": 0.647268}}
{"target": 0.8895019415426472, "params": {"C": 143.3156966490572, "epsilon": 0.004177776883289775, "loss_n": 0.9818233011061029}, "datetime": {"datetime": "2020-12-05 17:20:33", "elapsed": 75.173905, "delta": 0.357045}}
{"target": 0.8903427723768533, "params": {"C": 298.5496725982438, "epsilon": 0.01987131132935718, "loss_n": 0.9623535729469326}, "datetime": {"datetime": "2020-12-05 17:20:34", "elapsed": 75.673474, "delta": 0.499569}}
{"target": 0.880270640441654, "params": {"C": 532.8270756861889, "epsilon": 0.1927119708738525, "loss_n": 0.4861824392826989}, "datetime": {"datetime": "2020-12-05 17:20:34", "elapsed": 76.274866, "delta": 0.601392}}
{"target": 0.8918252079942282, "params": {"C": 54.53341921742365, "epsilon": 0.06696416236151381, "loss_n": 0.9800579528188285}, "datetime": {"datetime": "2020-12-05 17:20:35", "elapsed": 76.710828, "delta": 0.435962}}
{"target": 0.8933255654232253, "params": {"C": 47.97671254809425, "epsilon": 0.15239575776270822, "loss_n": 0.8530224426335192}, "datetime": {"datetime": "2020-12-05 17:20:35", "elapsed": 76.96814, "delta": 0.257312}}
{"target": 0.8521348206518553, "params": {"C": 54.41790635251577, "epsilon": 0.027169738036625837, "loss_n": 0.24293985677776564}, "datetime": {"datetime": "2020-12-05 17:20:35", "elapsed": 77.289877, "delta": 0.321737}}
{"target": 0.8799613523917573, "params": {"C": 19.511474311537004, "epsilon": 0.18211785638238398, "loss_n": 0.48364772298301084}, "datetime": {"datetime": "2020-12-05 17:20:35", "elapsed": 77.522258, "delta": 0.232381}}
{"target": 0.8929681034647826, "params": {"C": 55.17824043849784, "epsilon": 0.18174303740506126, "loss_n": 0.9922505866138699}, "datetime": {"datetime": "2020-12-05 17:20:36", "elapsed": 77.893617, "delta": 0.371359}}
{"target": 0.8925557488540713, "params": {"C": 55.680579661231526, "epsilon": 0.0846646604693909, "loss_n": 0.5800992121806197}, "datetime": {"datetime": "2020-12-05 17:20:36", "elapsed": 78.329451, "delta": 0.435834}}
{"target": 0.874692448030002, "params": {"C": 876.159665946166, "epsilon": 0.14950131051112261, "loss_n": 0.03911977983126791}, "datetime": {"datetime": "2020-12-05 17:20:37", "elapsed": 79.194178, "delta": 0.864727}}
{"target": 0.8836704834749629, "params": {"C": 875.679864953601, "epsilon": 0.18951503984888235, "loss_n": 0.22696666155269574}, "datetime": {"datetime": "2020-12-05 17:20:38", "elapsed": 80.104709, "delta": 0.910531}}
{"target": 0.8669871985291884, "params": {"C": 119.57122548293891, "epsilon": 0.08931496749834411, "loss_n": 0.25070649268850453}, "datetime": {"datetime": "2020-12-05 17:20:38", "elapsed": 80.425723, "delta": 0.321014}}
{"target": 0.8684984231895889, "params": {"C": 616.8979008666636, "epsilon": 0.08463488148239347, "loss_n": 0.47825510028391816}, "datetime": {"datetime": "2020-12-05 17:20:39", "elapsed": 81.278649, "delta": 0.852926}}
{"target": 0.8920444442146023, "params": {"C": 726.2525636356428, "epsilon": 0.1447151375412778, "loss_n": 0.9938186839554521}, "datetime": {"datetime": "2020-12-05 17:20:40", "elapsed": 82.34264, "delta": 1.063991}}
{"target": 0.8907494016556168, "params": {"C": 899.9559800700551, "epsilon": 0.06403936308815075, "loss_n": 0.9379015666525132}, "datetime": {"datetime": "2020-12-05 17:20:41", "elapsed": 83.33997, "delta": 0.99733}}
{"target": 0.8926897868137804, "params": {"C": 617.9536355362385, "epsilon": 0.15224417714799035, "loss_n": 0.9151709352710999}, "datetime": {"datetime": "2020-12-05 17:20:42", "elapsed": 84.09498, "delta": 0.75501}}
{"target": 0.8929066126582808, "params": {"C": 100.50120525932454, "epsilon": 0.11837760619801081, "loss_n": 0.7374896252935608}, "datetime": {"datetime": "2020-12-05 17:20:42", "elapsed": 84.404732, "delta": 0.309752}}
{"target": 0.8935339932391451, "params": {"C": 100.01280016181776, "epsilon": 0.1440221714100726, "loss_n": 0.6206489492765395}, "datetime": {"datetime": "2020-12-05 17:20:43", "elapsed": 84.793691, "delta": 0.388959}}
{"target": 0.8928941619780566, "params": {"C": 670.8877703330512, "epsilon": 0.1106807373476722, "loss_n": 0.7106066057317648}, "datetime": {"datetime": "2020-12-05 17:20:43", "elapsed": 85.561233, "delta": 0.767542}}
{"target": 0.8488128999058494, "params": {"C": 653.90702327334, "epsilon": 0.02499118305310957, "loss_n": 0.21104790327115652}, "datetime": {"datetime": "2020-12-05 17:20:44", "elapsed": 86.242551, "delta": 0.681318}}
{"target": 0.8923083588407625, "params": {"C": 217.07306240546546, "epsilon": 0.1034466845182641, "loss_n": 0.7720750011890283}, "datetime": {"datetime": "2020-12-05 17:20:45", "elapsed": 86.661431, "delta": 0.41888}}
{"target": 0.845558437810191, "params": {"C": 100.41831679203547, "epsilon": 0.008463748722542897, "loss_n": 0.2444783982151163}, "datetime": {"datetime": "2020-12-05 17:20:45", "elapsed": 87.02446, "delta": 0.363029}}
{"target": 0.8793993516912855, "params": {"C": 807.618177359881, "epsilon": 0.19511874452987035, "loss_n": 0.013277721700134082}, "datetime": {"datetime": "2020-12-05 17:20:46", "elapsed": 87.837351, "delta": 0.812891}}
{"target": 0.8915906517716159, "params": {"C": 297.9433456558908, "epsilon": 0.07135033637053038, "loss_n": 0.7906699443330618}, "datetime": {"datetime": "2020-12-05 17:20:46", "elapsed": 88.31642, "delta": 0.479069}}
{"target": 0.8925661004895293, "params": {"C": 100.36425074996004, "epsilon": 0.1742491337677582, "loss_n": 0.9677360926782386}, "datetime": {"datetime": "2020-12-05 17:20:47", "elapsed": 88.690418, "delta": 0.373998}}
{"target": 0.8929115620215786, "params": {"C": 99.57838263324074, "epsilon": 0.15856169123095157, "loss_n": 0.8566806768231351}, "datetime": {"datetime": "2020-12-05 17:20:47", "elapsed": 89.060508, "delta": 0.37009}}
{"target": 0.8912810642493934, "params": {"C": 680.2555527332142, "epsilon": 0.05141495494083721, "loss_n": 0.5083372527173285}, "datetime": {"datetime": "2020-12-05 17:20:48", "elapsed": 89.868348, "delta": 0.80784}}
{"target": 0.880568547331744, "params": {"C": 770.0076396492744, "epsilon": 0.16803331024583645, "loss_n": 0.14994243090080706}, "datetime": {"datetime": "2020-12-05 17:20:49", "elapsed": 90.6884, "delta": 0.820052}}
{"target": 0.8893178973298722, "params": {"C": 875.6923830133592, "epsilon": 0.015627917489146603, "loss_n": 0.8973958366348986}, "datetime": {"datetime": "2020-12-05 17:20:50", "elapsed": 91.784469, "delta": 1.096069}}
{"target": 0.8928108818923004, "params": {"C": 9.491247453047968, "epsilon": 0.005673319682642908, "loss_n": 0.7972257237491316}, "datetime": {"datetime": "2020-12-05 17:20:50", "elapsed": 92.038789, "delta": 0.25432}}
{"target": 0.8808146756212629, "params": {"C": 247.06570675986578, "epsilon": 0.1697510712985333, "loss_n": 0.15929877113506452}, "datetime": {"datetime": "2020-12-05 17:20:50", "elapsed": 92.476618, "delta": 0.437829}}
{"target": 0.8867923899591353, "params": {"C": 9.803940636614382, "epsilon": 0.16698532425352508, "loss_n": 0.3845810297440897}, "datetime": {"datetime": "2020-12-05 17:20:51", "elapsed": 92.82768, "delta": 0.351062}}
{"target": 0.8932652401324838, "params": {"C": 46.85960596568912, "epsilon": 0.16828622387087086, "loss_n": 0.9732503210239637}, "datetime": {"datetime": "2020-12-05 17:20:51", "elapsed": 93.180735, "delta": 0.353055}}
{"target": 0.8926819317177983, "params": {"C": 100.8576089146031, "epsilon": 0.1725357536896879, "loss_n": 0.9796837187974682}, "datetime": {"datetime": "2020-12-05 17:20:51", "elapsed": 93.566734, "delta": 0.385999}}
{"target": 0.8641551517363105, "params": {"C": 670.4901457181378, "epsilon": 0.12161279662370855, "loss_n": 0.4118393830728829}, "datetime": {"datetime": "2020-12-05 17:20:52", "elapsed": 94.404932, "delta": 0.838198}}
{"target": 0.8915139935570127, "params": {"C": 671.1492770432131, "epsilon": 0.05908054463982824, "loss_n": 0.952992363168054}, "datetime": {"datetime": "2020-12-05 17:20:53", "elapsed": 95.288595, "delta": 0.883663}}
{"target": 0.8876111807982294, "params": {"C": 9.148032142357698, "epsilon": 0.14068449038378017, "loss_n": 0.4828816576240681}, "datetime": {"datetime": "2020-12-05 17:20:54", "elapsed": 95.671543, "delta": 0.382948}}
{"target": 0.892795140512405, "params": {"C": 217.61594879416887, "epsilon": 0.19668006644062716, "loss_n": 0.6624903324111397}, "datetime": {"datetime": "2020-12-05 17:20:54", "elapsed": 96.179213, "delta": 0.50767}}
{"target": 0.8613381690514755, "params": {"C": 217.15998759285839, "epsilon": 0.049808127974963125, "loss_n": 0.2207237655846066}, "datetime": {"datetime": "2020-12-05 17:20:55", "elapsed": 96.959101, "delta": 0.779888}}
{"target": 0.8914168147998479, "params": {"C": 875.9550408778639, "epsilon": 0.06975299920206561, "loss_n": 0.5194409703152708}, "datetime": {"datetime": "2020-12-05 17:20:56", "elapsed": 97.955463, "delta": 0.996362}}
{"target": 0.8916411530217836, "params": {"C": 217.4671413185458, "epsilon": 0.09124082795030171, "loss_n": 0.9949689051183305}, "datetime": {"datetime": "2020-12-05 17:20:57", "elapsed": 98.702438, "delta": 0.746975}}
{"target": 0.8473587090884349, "params": {"C": 99.2666093291343, "epsilon": 0.020398950783308736, "loss_n": 0.37722902045547146}, "datetime": {"datetime": "2020-12-05 17:20:57", "elapsed": 99.092425, "delta": 0.389987}}
{"target": 0.8901764730081123, "params": {"C": 611.7253824990865, "epsilon": 0.01310212312305077, "loss_n": 0.9739180515718799}, "datetime": {"datetime": "2020-12-05 17:20:58", "elapsed": 100.065792, "delta": 0.973367}}
{"target": 0.8686214164112546, "params": {"C": 131.15936301617128, "epsilon": 0.086695545061727, "loss_n": 0.1886007738898261}, "datetime": {"datetime": "2020-12-05 17:20:58", "elapsed": 100.438822, "delta": 0.37303}}
{"target": 0.8503551498984347, "params": {"C": 898.8058663095304, "epsilon": 0.03163331364240103, "loss_n": 0.32128388974789157}, "datetime": {"datetime": "2020-12-05 17:20:59", "elapsed": 101.47505, "delta": 1.036228}}
{"target": 0.8652463197933189, "params": {"C": 623.5820767881675, "epsilon": 0.08274175391152126, "loss_n": 0.4045539282933055}, "datetime": {"datetime": "2020-12-05 17:21:00", "elapsed": 102.20906, "delta": 0.73401}}
{"target": 0.8901088978604162, "params": {"C": 899.9360292872982, "epsilon": 0.03592669433858631, "loss_n": 0.9629253037843858}, "datetime": {"datetime": "2020-12-05 17:21:01", "elapsed": 103.215369, "delta": 1.006309}}
{"target": 0.8660493213821109, "params": {"C": 55.4758692703021, "epsilon": 0.12421392217167165, "loss_n": 0.1079971251266939}, "datetime": {"datetime": "2020-12-05 17:21:02", "elapsed": 103.584412, "delta": 0.369043}}
{"target": 0.8940082314626204, "params": {"C": 56.14347585900449, "epsilon": 0.1484433508576722, "loss_n": 0.8120616787978479}, "datetime": {"datetime": "2020-12-05 17:21:02", "elapsed": 103.93946, "delta": 0.355048}}
{"target": 0.8606591607286704, "params": {"C": 653.4466305842707, "epsilon": 0.10714191708115578, "loss_n": 0.39079581437281374}, "datetime": {"datetime": "2020-12-05 17:21:03", "elapsed": 104.691491, "delta": 0.752031}}
{"target": 0.893120356333052, "params": {"C": 216.6060090575391, "epsilon": 0.14107231145646712, "loss_n": 0.9900675508590165}, "datetime": {"datetime": "2020-12-05 17:21:03", "elapsed": 105.187659, "delta": 0.496168}}
{"target": 0.893437924591988, "params": {"C": 55.56560332224031, "epsilon": 0.15744089585835586, "loss_n": 0.9815060637773159}, "datetime": {"datetime": "2020-12-05 17:21:03", "elapsed": 105.55767, "delta": 0.370011}}
{"target": 0.8894595183519891, "params": {"C": 218.0521358199839, "epsilon": 0.019803717435567303, "loss_n": 0.9950716689772332}, "datetime": {"datetime": "2020-12-05 17:21:04", "elapsed": 106.159062, "delta": 0.601392}}
{"target": 0.8602129054465328, "params": {"C": 11.064247894698067, "epsilon": 0.051183453930509694, "loss_n": 0.256472376228957}, "datetime": {"datetime": "2020-12-05 17:21:04", "elapsed": 106.451247, "delta": 0.292185}}
{"target": 0.892230230544983, "params": {"C": 84.2070813798248, "epsilon": 0.10350257940152581, "loss_n": 0.8454317679643487}, "datetime": {"datetime": "2020-12-05 17:21:05", "elapsed": 106.932958, "delta": 0.481711}}
{"target": 0.8620641037507533, "params": {"C": 83.94362683408171, "epsilon": 0.05197810177588476, "loss_n": 0.29255088282156116}, "datetime": {"datetime": "2020-12-05 17:21:05", "elapsed": 107.38243, "delta": 0.449472}}
{"target": 0.8476030877032145, "params": {"C": 771.0850781784569, "epsilon": 0.02420438762458521, "loss_n": 0.11952379881708142}, "datetime": {"datetime": "2020-12-05 17:21:06", "elapsed": 108.184286, "delta": 0.801856}}
{"target": 0.8915038779895188, "params": {"C": 797.4458368952247, "epsilon": 0.0831509835577642, "loss_n": 0.9002949833023943}, "datetime": {"datetime": "2020-12-05 17:21:07", "elapsed": 109.196579, "delta": 1.012293}}
{"target": 0.8630880864614896, "params": {"C": 797.0031665136388, "epsilon": 0.12286782131928387, "loss_n": 0.3476981688800961}, "datetime": {"datetime": "2020-12-05 17:21:08", "elapsed": 110.154661, "delta": 0.958082}}
