{"target": 0.8651823395098045, "params": {"C": 191.51953122694727, "epsilon": 0.12442175420796638, "loss_n": 0.4377277390071145}, "datetime": {"datetime": "2020-12-05 17:19:18", "elapsed": 0.0, "delta": 0.0}}
{"target": 0.8799259902674947, "params": {"C": 785.3586051779108, "epsilon": 0.1559951616237607, "loss_n": 0.2725926052826416}, "datetime": {"datetime": "2020-12-05 17:19:19", "elapsed": 0.662228, "delta": 0.662228}}
{"target": 0.892223514969747, "params": {"C": 276.46432749667116, "epsilon": 0.16037443550700387, "loss_n": 0.9581393536837052}, "datetime": {"datetime": "2020-12-05 17:19:19", "elapsed": 0.932505, "delta": 0.270277}}
{"target": 0.8916376491062769, "params": {"C": 875.9326471488313, "epsilon": 0.07156345399157334, "loss_n": 0.5009951255234587}, "datetime": {"datetime": "2020-12-05 17:19:20", "elapsed": 1.728377, "delta": 0.795872}}
{"target": 0.8707247452199972, "params": {"C": 683.4629668258427, "epsilon": 0.14254040539658006, "loss_n": 0.37025075479039493}, "datetime": {"datetime": "2020-12-05 17:19:20", "elapsed": 2.303838, "delta": 0.575461}}
{"target": 0.8653403717378728, "params": {"C": 561.1962299460063, "epsilon": 0.10061663306156195, "loss_n": 0.013768449590682241}, "datetime": {"datetime": "2020-12-05 17:19:21", "elapsed": 2.787545, "delta": 0.483707}}
{"target": 0.8776453960456105, "params": {"C": 772.8266443297118, "epsilon": 0.17652823812722332, "loss_n": 0.3648859839013723}, "datetime": {"datetime": "2020-12-05 17:19:21", "elapsed": 3.46274, "delta": 0.675195}}
{"target": 0.846522603555927, "params": {"C": 615.3962168938758, "epsilon": 0.015076248328595311, "loss_n": 0.3688240060019745}, "datetime": {"datetime": "2020-12-05 17:19:22", "elapsed": 3.948439, "delta": 0.485699}}
{"target": 0.86743048886813, "params": {"C": 933.1401086685114, "epsilon": 0.13027562864531547, "loss_n": 0.3972025777261542}, "datetime": {"datetime": "2020-12-05 17:19:23", "elapsed": 4.747303, "delta": 0.798864}}
{"target": 0.8908613481947739, "params": {"C": 788.7301640677312, "epsilon": 0.06336722443377425, "loss_n": 0.5680986526260692}, "datetime": {"datetime": "2020-12-05 17:19:23", "elapsed": 5.539186, "delta": 0.791883}}
{"target": 0.8923745362112273, "params": {"C": 869.1274026484869, "epsilon": 0.08723468477913587, "loss_n": 0.8021476420801591}, "datetime": {"datetime": "2020-12-05 17:19:24", "elapsed": 6.331069, "delta": 0.791883}}
{"target": 0.891966358072876, "params": {"C": 143.76691013788212, "epsilon": 0.1408521942236671, "loss_n": 0.7045813081895725}, "datetime": {"datetime": "2020-12-05 17:19:24", "elapsed": 6.510615, "delta": 0.179546}}
{"target": 0.8805585196996304, "params": {"C": 218.792183794878, "epsilon": 0.184973525723113, "loss_n": 0.44214075540417663}, "datetime": {"datetime": "2020-12-05 17:19:25", "elapsed": 6.751942, "delta": 0.241327}}
{"target": 0.8450624727024589, "params": {"C": 909.3159680408767, "epsilon": 0.01196184455597038, "loss_n": 0.18428708381381365}, "datetime": {"datetime": "2020-12-05 17:19:25", "elapsed": 7.422151, "delta": 0.670209}}
{"target": 0.8939488692371563, "params": {"C": 47.355374065987256, "epsilon": 0.13497618871646605, "loss_n": 0.5946247799344488}, "datetime": {"datetime": "2020-12-05 17:19:25", "elapsed": 7.530859, "delta": 0.108708}}
{"target": 0.8892662335872613, "params": {"C": 533.3102096677343, "epsilon": 0.008664812538960698, "loss_n": 0.5614330800633979}, "datetime": {"datetime": "2020-12-05 17:19:26", "elapsed": 8.069419, "delta": 0.53856}}
{"target": 0.8647447946684739, "params": {"C": 329.6685126540704, "epsilon": 0.10059336662252368, "loss_n": 0.11189431757440382}, "datetime": {"datetime": "2020-12-05 17:19:26", "elapsed": 8.429456, "delta": 0.360037}}
{"target": 0.8641373386886612, "params": {"C": 607.1937454991139, "epsilon": 0.11318892861010628, "loss_n": 0.00676406199000279}, "datetime": {"datetime": "2020-12-05 17:19:27", "elapsed": 8.949067, "delta": 0.519611}}
{"target": 0.8931934497723578, "params": {"C": 617.4417470601262, "epsilon": 0.18242457728663086, "loss_n": 0.7905241330570334}, "datetime": {"datetime": "2020-12-05 17:19:27", "elapsed": 9.438757, "delta": 0.48969}}
{"target": 0.8927370162714017, "params": {"C": 992.0814669802148, "epsilon": 0.19176035243057332, "loss_n": 0.7919641352916398}, "datetime": {"datetime": "2020-12-05 17:19:28", "elapsed": 10.163818, "delta": 0.725061}}
{"target": 0.8656273231492495, "params": {"C": 285.2510314994138, "epsilon": 0.12498334106118221, "loss_n": 0.47809379567067456}, "datetime": {"datetime": "2020-12-05 17:19:28", "elapsed": 10.497924, "delta": 0.334106}}
{"target": 0.8663359865889151, "params": {"C": 195.67525909838037, "epsilon": 0.0764634904063013, "loss_n": 0.05387368514623658}, "datetime": {"datetime": "2020-12-05 17:19:29", "elapsed": 10.716341, "delta": 0.218417}}
{"target": 0.8799695289889413, "params": {"C": 451.6484630960182, "epsilon": 0.19640094830439092, "loss_n": 0.12394270048696299}, "datetime": {"datetime": "2020-12-05 17:19:29", "elapsed": 11.278837, "delta": 0.562496}}
{"target": 0.8931357494339622, "params": {"C": 119.38098598815861, "epsilon": 0.14770461122866937, "loss_n": 0.5873036334639846}, "datetime": {"datetime": "2020-12-05 17:19:29", "elapsed": 11.454367, "delta": 0.17553}}
{"target": 0.8500003036405485, "params": {"C": 471.63258715711436, "epsilon": 0.02142536343877326, "loss_n": 0.22921856546061792}, "datetime": {"datetime": "2020-12-05 17:19:30", "elapsed": 11.848313, "delta": 0.393946}}
{"target": 0.8916430139817564, "params": {"C": 899.9652048401559, "epsilon": 0.08335070756053864, "loss_n": 0.5358516625316159}, "datetime": {"datetime": "2020-12-05 17:19:31", "elapsed": 12.655155, "delta": 0.806842}}
{"target": 0.8675975943492016, "params": {"C": 6.208615966277739, "epsilon": 0.06012834115406023, "loss_n": 0.4368931721756102}, "datetime": {"datetime": "2020-12-05 17:19:31", "elapsed": 12.729955, "delta": 0.0748}}
{"target": 0.892910559027764, "params": {"C": 612.1490358508578, "epsilon": 0.18363961507611462, "loss_n": 0.6257366699625353}, "datetime": {"datetime": "2020-12-05 17:19:31", "elapsed": 13.214659, "delta": 0.484704}}
{"target": 0.8899300351975382, "params": {"C": 705.9975944820168, "epsilon": 0.029966743197985448, "loss_n": 0.7460634091367166}, "datetime": {"datetime": "2020-12-05 17:19:32", "elapsed": 13.880878, "delta": 0.666219}}
{"target": 0.8662143588077443, "params": {"C": 831.0070093328386, "epsilon": 0.12674515379019582, "loss_n": 0.4383098811224275}, "datetime": {"datetime": "2020-12-05 17:19:33", "elapsed": 14.60198, "delta": 0.721102}}
{"target": 0.8930742845742943, "params": {"C": 152.5728594172279, "epsilon": 0.11368192304943803, "loss_n": 0.5282242775850605}, "datetime": {"datetime": "2020-12-05 17:19:33", "elapsed": 14.794434, "delta": 0.192454}}
{"target": 0.8927444610408649, "params": {"C": 951.4287686107168, "epsilon": 0.09607183570200323, "loss_n": 0.5025595633825504}, "datetime": {"datetime": "2020-12-05 17:19:34", "elapsed": 15.639209, "delta": 0.844775}}
{"target": 0.8823724456490994, "params": {"C": 536.8782392365904, "epsilon": 0.16384041341283168, "loss_n": 0.05711563808885989}, "datetime": {"datetime": "2020-12-05 17:19:34", "elapsed": 16.102963, "delta": 0.463754}}
{"target": 0.8928608519797369, "params": {"C": 669.4217761323745, "epsilon": 0.1534233256758945, "loss_n": 0.7081153619776038}, "datetime": {"datetime": "2020-12-05 17:19:35", "elapsed": 16.663436, "delta": 0.560473}}
{"target": 0.8913898820025213, "params": {"C": 796.8672040384782, "epsilon": 0.1115521656854899, "loss_n": 0.9658365319921276}, "datetime": {"datetime": "2020-12-05 17:19:35", "elapsed": 17.376529, "delta": 0.713093}}
{"target": 0.8898616746888578, "params": {"C": 147.1569851773072, "epsilon": 0.005929400107083116, "loss_n": 0.5938934926247718}, "datetime": {"datetime": "2020-12-05 17:19:35", "elapsed": 17.576023, "delta": 0.199494}}
{"target": 0.8833792989541207, "params": {"C": 114.06578733609261, "epsilon": 0.19016197001682444, "loss_n": 0.32570741442534723}, "datetime": {"datetime": "2020-12-05 17:19:36", "elapsed": 17.735569, "delta": 0.159546}}
{"target": 0.891839046394899, "params": {"C": 193.6187707919082, "epsilon": 0.09156232977948552, "loss_n": 0.9204025710930878}, "datetime": {"datetime": "2020-12-05 17:19:36", "elapsed": 17.964955, "delta": 0.229386}}
{"target": 0.8582223739556166, "params": {"C": 879.0691736077596, "epsilon": 0.050523151009306044, "loss_n": 0.34800879286934616}, "datetime": {"datetime": "2020-12-05 17:19:37", "elapsed": 18.688022, "delta": 0.723067}}
{"target": 0.893173184904992, "params": {"C": 182.5888133214356, "epsilon": 0.18035921027419843, "loss_n": 0.7065281631717975}, "datetime": {"datetime": "2020-12-05 17:19:37", "elapsed": 18.887489, "delta": 0.199467}}
{"target": 0.8922332870980672, "params": {"C": 726.6584888962946, "epsilon": 0.18001756736194155, "loss_n": 0.7791638007693242}, "datetime": {"datetime": "2020-12-05 17:19:37", "elapsed": 19.454971, "delta": 0.567482}}
{"target": 0.8625096799625093, "params": {"C": 599.1548206888143, "epsilon": 0.05822504897957497, "loss_n": 0.15139526440743212}, "datetime": {"datetime": "2020-12-05 17:19:38", "elapsed": 19.980593, "delta": 0.525622}}
{"target": 0.8673048299712812, "params": {"C": 335.17472563196895, "epsilon": 0.1315103554315639, "loss_n": 0.07334254363261816}, "datetime": {"datetime": "2020-12-05 17:19:38", "elapsed": 20.316667, "delta": 0.336074}}
{"target": 0.8914849266125436, "params": {"C": 55.00648990558412, "epsilon": 0.0646389627842353, "loss_n": 0.5904818044629861}, "datetime": {"datetime": "2020-12-05 17:19:38", "elapsed": 20.434353, "delta": 0.117686}}
{"target": 0.8624462575361408, "params": {"C": 853.898581735785, "epsilon": 0.0574124850000018, "loss_n": 0.17306722681479214}, "datetime": {"datetime": "2020-12-05 17:19:39", "elapsed": 21.158416, "delta": 0.724063}}
{"target": 0.8782880812396439, "params": {"C": 134.02129259672222, "epsilon": 0.19893076572885893, "loss_n": 0.17949786946939184}, "datetime": {"datetime": "2020-12-05 17:19:39", "elapsed": 21.331951, "delta": 0.173535}}
{"target": 0.8630412485000362, "params": {"C": 317.5468912725135, "epsilon": 0.11365828093182145, "loss_n": 0.00934857450024451}, "datetime": {"datetime": "2020-12-05 17:19:40", "elapsed": 21.651099, "delta": 0.319148}}
{"target": 0.8924624510193763, "params": {"C": 900.6486310902299, "epsilon": 0.19544828618451743, "loss_n": 0.5568946791368349}, "datetime": {"datetime": "2020-12-05 17:19:40", "elapsed": 22.307371, "delta": 0.656272}}
{"target": 0.8914606523289796, "params": {"C": 84.7739349168058, "epsilon": 0.06660049314582002, "loss_n": 0.728428676369672}, "datetime": {"datetime": "2020-12-05 17:19:40", "elapsed": 22.447967, "delta": 0.140596}}
{"target": 0.8611670363835902, "params": {"C": 142.4354590982799, "epsilon": 0.1104937878995091, "loss_n": 0.2730432596836856}, "datetime": {"datetime": "2020-12-05 17:19:41", "elapsed": 22.627487, "delta": 0.17952}}
{"target": 0.8931181470714785, "params": {"C": 46.61310166954968, "epsilon": 0.12782094523800044, "loss_n": 0.6399398941959654}, "datetime": {"datetime": "2020-12-05 17:19:41", "elapsed": 22.80504, "delta": 0.177553}}
{"target": 0.8932921642159035, "params": {"C": 144.71359936777807, "epsilon": 0.1268260591574241, "loss_n": 0.5779067332904101}, "datetime": {"datetime": "2020-12-05 17:19:41", "elapsed": 23.087285, "delta": 0.282245}}
{"target": 0.8821727096232653, "params": {"C": 618.6112785546339, "epsilon": 0.16551733588806813, "loss_n": 0.45409946203278573}, "datetime": {"datetime": "2020-12-05 17:19:42", "elapsed": 23.705604, "delta": 0.618319}}
{"target": 0.8930453708661341, "params": {"C": 145.93334407821686, "epsilon": 0.11152983452201311, "loss_n": 0.9708755755659497}, "datetime": {"datetime": "2020-12-05 17:19:42", "elapsed": 23.962915, "delta": 0.257311}}
{"target": 0.8580877709119978, "params": {"C": 183.80316595860813, "epsilon": 0.036470638187010976, "loss_n": 0.18572259322709395}, "datetime": {"datetime": "2020-12-05 17:19:42", "elapsed": 24.271093, "delta": 0.308178}}
{"target": 0.8924346248115388, "params": {"C": 181.61850881278568, "epsilon": 0.10161473399306845, "loss_n": 0.8689604712743674}, "datetime": {"datetime": "2020-12-05 17:19:42", "elapsed": 24.577272, "delta": 0.306179}}
{"target": 0.8663484307512388, "params": {"C": 146.04380569593275, "epsilon": 0.08276959167365838, "loss_n": 0.09667040554161843}, "datetime": {"datetime": "2020-12-05 17:19:43", "elapsed": 24.860853, "delta": 0.283581}}
{"target": 0.8930020404655228, "params": {"C": 46.67008440018499, "epsilon": 0.1249129861537446, "loss_n": 0.6178335008403764}, "datetime": {"datetime": "2020-12-05 17:19:43", "elapsed": 25.026413, "delta": 0.16556}}
{"target": 0.8918453386532532, "params": {"C": 120.39918065356711, "epsilon": 0.03015395281658122, "loss_n": 0.9638157608569788}, "datetime": {"datetime": "2020-12-05 17:19:43", "elapsed": 25.285718, "delta": 0.259305}}
{"target": 0.8658915517808232, "params": {"C": 153.52651467943534, "epsilon": 0.06406472455001258, "loss_n": 0.033247557348208945}, "datetime": {"datetime": "2020-12-05 17:19:43", "elapsed": 25.551008, "delta": 0.26529}}
{"target": 0.8922468503647133, "params": {"C": 151.6425013121146, "epsilon": 0.10435831889353903, "loss_n": 0.8986086062655106}, "datetime": {"datetime": "2020-12-05 17:19:44", "elapsed": 25.839237, "delta": 0.288229}}
{"target": 0.8907582709262598, "params": {"C": 668.2880106051681, "epsilon": 0.02456972811252336, "loss_n": 0.7441146413036721}, "datetime": {"datetime": "2020-12-05 17:19:45", "elapsed": 26.593193, "delta": 0.753956}}
{"target": 0.8513061893014676, "params": {"C": 151.4887682044388, "epsilon": 0.02979838177022938, "loss_n": 0.023514782859758943}, "datetime": {"datetime": "2020-12-05 17:19:45", "elapsed": 26.865493, "delta": 0.2723}}
{"target": 0.8482358192113176, "params": {"C": 119.92138772149667, "epsilon": 0.016581719521065776, "loss_n": 0.16955158817823346}, "datetime": {"datetime": "2020-12-05 17:19:45", "elapsed": 27.123774, "delta": 0.258281}}
{"target": 0.8631145193936867, "params": {"C": 477.96866429257386, "epsilon": 0.12522115024102126, "loss_n": 0.281876406683945}, "datetime": {"datetime": "2020-12-05 17:19:46", "elapsed": 27.644382, "delta": 0.520608}}
{"target": 0.8914481631357468, "params": {"C": 145.9547804169114, "epsilon": 0.05542545418557934, "loss_n": 0.9698002033043944}, "datetime": {"datetime": "2020-12-05 17:19:46", "elapsed": 27.909205, "delta": 0.264823}}
{"target": 0.8912787431384238, "params": {"C": 182.13613641411942, "epsilon": 0.08828253963896998, "loss_n": 0.6942025701529435}, "datetime": {"datetime": "2020-12-05 17:19:46", "elapsed": 28.214361, "delta": 0.305156}}
{"target": 0.8928965685718963, "params": {"C": 119.0914633224544, "epsilon": 0.2, "loss_n": 1.0}, "datetime": {"datetime": "2020-12-05 17:19:46", "elapsed": 28.492617, "delta": 0.278256}}
{"target": 0.8912622707580805, "params": {"C": 152.15202469798524, "epsilon": 0.0382321688790815, "loss_n": 0.9889675233863354}, "datetime": {"datetime": "2020-12-05 17:19:47", "elapsed": 28.781871, "delta": 0.289254}}
{"target": 0.8613148757055547, "params": {"C": 144.23035186231303, "epsilon": 0.04826034460733735, "loss_n": 0.2025420374705874}, "datetime": {"datetime": "2020-12-05 17:19:47", "elapsed": 29.046136, "delta": 0.264265}}
{"target": 0.864765396217775, "params": {"C": 460.6376545827148, "epsilon": 0.08005856217327251, "loss_n": 0.01189994910179859}, "datetime": {"datetime": "2020-12-05 17:19:48", "elapsed": 29.780132, "delta": 0.733996}}
{"target": 0.8922659893468655, "params": {"C": 145.0715129565077, "epsilon": 0.13382535304397575, "loss_n": 0.8276380696072829}, "datetime": {"datetime": "2020-12-05 17:19:48", "elapsed": 30.071355, "delta": 0.291223}}
{"target": 0.8646423198712426, "params": {"C": 128.1947659086369, "epsilon": 0.07355261610967138, "loss_n": 0.05639426779080148}, "datetime": {"datetime": "2020-12-05 17:19:48", "elapsed": 30.318692, "delta": 0.247337}}
{"target": 0.8926346258767557, "params": {"C": 46.70508907365478, "epsilon": 0.12446112882262893, "loss_n": 0.6062145394284303}, "datetime": {"datetime": "2020-12-05 17:19:48", "elapsed": 30.501204, "delta": 0.182512}}
{"target": 0.848527411130686, "params": {"C": 330.30701316054905, "epsilon": 0.02208864940609545, "loss_n": 0.04979882378316214}, "datetime": {"datetime": "2020-12-05 17:19:49", "elapsed": 30.870217, "delta": 0.369013}}
{"target": 0.8585994927426246, "params": {"C": 118.76524082788643, "epsilon": 0.04356553252547471, "loss_n": 0.4326886981609481}, "datetime": {"datetime": "2020-12-05 17:19:49", "elapsed": 31.128716, "delta": 0.258499}}
{"target": 0.8916780202986677, "params": {"C": 668.8947945856362, "epsilon": 0.08322447206924183, "loss_n": 0.9549949142031916}, "datetime": {"datetime": "2020-12-05 17:19:50", "elapsed": 31.847792, "delta": 0.719076}}
{"target": 0.880675510144512, "params": {"C": 354.6673827998633, "epsilon": 0.1612848495589116, "loss_n": 0.16467385012010805}, "datetime": {"datetime": "2020-12-05 17:19:50", "elapsed": 32.264704, "delta": 0.416912}}
{"target": 0.8818885554852869, "params": {"C": 668.9195460722499, "epsilon": 0.17989489576330503, "loss_n": 0.32781668335261915}, "datetime": {"datetime": "2020-12-05 17:19:51", "elapsed": 32.960762, "delta": 0.696058}}
{"target": 0.8920757615399089, "params": {"C": 119.63638093663864, "epsilon": 0.2, "loss_n": 1.0}, "datetime": {"datetime": "2020-12-05 17:19:51", "elapsed": 33.208766, "delta": 0.248004}}
{"target": 0.8930991499265335, "params": {"C": 47.940239535622126, "epsilon": 0.16986582527424965, "loss_n": 0.876698247653843}, "datetime": {"datetime": "2020-12-05 17:19:51", "elapsed": 33.420172, "delta": 0.211406}}
{"target": 0.87098982641077, "params": {"C": 48.05634295762524, "epsilon": 0.10480541556474093, "loss_n": 0.1569416617198507}, "datetime": {"datetime": "2020-12-05 17:19:52", "elapsed": 33.665516, "delta": 0.245344}}
{"target": 0.8577709603653876, "params": {"C": 892.2871770514569, "epsilon": 0.035665774416562934, "loss_n": 0.34495300702133347}, "datetime": {"datetime": "2020-12-05 17:19:52", "elapsed": 34.412519, "delta": 0.747003}}
{"target": 0.8758720809897312, "params": {"C": 617.6508261971679, "epsilon": 0.14762967024513704, "loss_n": 0.1530691157145081}, "datetime": {"datetime": "2020-12-05 17:19:53", "elapsed": 35.059819, "delta": 0.6473}}
{"target": 0.8462490872208892, "params": {"C": 900.3609835115951, "epsilon": 0.0019385690225896869, "loss_n": 0.000320757193511767}, "datetime": {"datetime": "2020-12-05 17:19:54", "elapsed": 35.808812, "delta": 0.748993}}
{"target": 0.888854130712495, "params": {"C": 668.2923263255286, "epsilon": 0.013893633524345429, "loss_n": 0.6964531057243267}, "datetime": {"datetime": "2020-12-05 17:19:54", "elapsed": 36.538833, "delta": 0.730021}}
{"target": 0.8911457278785211, "params": {"C": 120.40635386795314, "epsilon": 0.06416210797562631, "loss_n": 0.9478313070770513}, "datetime": {"datetime": "2020-12-05 17:19:55", "elapsed": 36.794149, "delta": 0.255316}}
{"target": 0.863889980474039, "params": {"C": 535.0924430717484, "epsilon": 0.1204534793853088, "loss_n": 0.46986092498386556}, "datetime": {"datetime": "2020-12-05 17:19:55", "elapsed": 37.360635, "delta": 0.566486}}
{"target": 0.8928695804496052, "params": {"C": 900.8887490100076, "epsilon": 0.13741689246500702, "loss_n": 0.9524112067847147}, "datetime": {"datetime": "2020-12-05 17:19:56", "elapsed": 38.255727, "delta": 0.895092}}
{"target": 0.8785742401143244, "params": {"C": 732.1490625769864, "epsilon": 0.15833738379437004, "loss_n": 0.39792023199394577}, "datetime": {"datetime": "2020-12-05 17:19:57", "elapsed": 38.963832, "delta": 0.708105}}
{"target": 0.8913269224585882, "params": {"C": 899.9295527632116, "epsilon": 0.059826031486760536, "loss_n": 0.9687065492121715}, "datetime": {"datetime": "2020-12-05 17:19:58", "elapsed": 40.061897, "delta": 1.098065}}
{"target": 0.8922444816468316, "params": {"C": 612.7569304306666, "epsilon": 0.10513098790687628, "loss_n": 0.5392643447919405}, "datetime": {"datetime": "2020-12-05 17:19:59", "elapsed": 40.949521, "delta": 0.887624}}
{"target": 0.8763426622748695, "params": {"C": 612.2615759278576, "epsilon": 0.1492183202882434, "loss_n": 0.011237167993091268}, "datetime": {"datetime": "2020-12-05 17:20:00", "elapsed": 41.695527, "delta": 0.746006}}
{"target": 0.8928596459034608, "params": {"C": 899.3304863680603, "epsilon": 0.13554831852098068, "loss_n": 0.5421261914176077}, "datetime": {"datetime": "2020-12-05 17:20:00", "elapsed": 42.559217, "delta": 0.86369}}
{"target": 0.8915236777990373, "params": {"C": 297.3469086241089, "epsilon": 0.05350250329057358, "loss_n": 0.9378346005341944}, "datetime": {"datetime": "2020-12-05 17:20:01", "elapsed": 42.971115, "delta": 0.411898}}
{"target": 0.8658794102203483, "params": {"C": 951.9472070891704, "epsilon": 0.08287669964756206, "loss_n": 0.16517667120692248}, "datetime": {"datetime": "2020-12-05 17:20:02", "elapsed": 43.881682, "delta": 0.910567}}
{"target": 0.8934264948102104, "params": {"C": 47.3442210857548, "epsilon": 0.2, "loss_n": 1.0}, "datetime": {"datetime": "2020-12-05 17:20:02", "elapsed": 44.134005, "delta": 0.252323}}
{"target": 0.8929056875019059, "params": {"C": 144.39535821617926, "epsilon": 0.14716127249072627, "loss_n": 0.9884689817882808}, "datetime": {"datetime": "2020-12-05 17:20:02", "elapsed": 44.444176, "delta": 0.310171}}
{"target": 0.8622904869801822, "params": {"C": 625.0256681725001, "epsilon": 0.11480519395824831, "loss_n": 0.4222855115671933}, "datetime": {"datetime": "2020-12-05 17:20:03", "elapsed": 45.09056, "delta": 0.646384}}
{"target": 0.8669447142943371, "params": {"C": 822.5418802858813, "epsilon": 0.13203959028150822, "loss_n": 0.27697305641660674}, "datetime": {"datetime": "2020-12-05 17:20:04", "elapsed": 45.899939, "delta": 0.809379}}
