{"target": 0.890067327651147, "params": {"ac": 1.7035169848450482, "h1": 125.40198611033725, "h2": 195.8196394789725, "h3": 13.435174054963813, "so": 3.0}, "datetime": {"datetime": "2020-12-04 18:47:52", "elapsed": 1745.903439, "delta": 4.04263}}
{"target": 0.8984459653043475, "params": {"ac": 0.42439272963837515, "h1": 93.20307325754754, "h2": 290.1178554283093, "h3": 240.70540428826627, "so": 1.4148941264765784}, "datetime": {"datetime": "2020-12-04 18:47:54", "elapsed": 1747.83503, "delta": 1.931591}}
{"target": 0.8672697692475433, "params": {"ac": 1.0516031889811104, "h1": 95.05172738010481, "h2": 158.07445752545277, "h3": 273.103461225773, "so": 0.39641877384062973}, "datetime": {"datetime": "2020-12-04 18:48:44", "elapsed": 1797.841839, "delta": 50.006809}}
{"target": 0.8652188366053102, "params": {"ac": 0.0, "h1": 287.68439042652835, "h2": 10.947020447241885, "h3": 67.56086655934324, "so": 0.0}, "datetime": {"datetime": "2020-12-04 18:48:45", "elapsed": 1798.735739, "delta": 0.8939}}
{"target": 0.8943158593647718, "params": {"ac": 2.611042800786294, "h1": 87.8972693973986, "h2": 200.36303583720826, "h3": 18.813234775607246, "so": 2.330671892330048}, "datetime": {"datetime": "2020-12-04 18:48:48", "elapsed": 1801.514331, "delta": 2.778592}}
{"target": 0.9014045057356382, "params": {"ac": 0.4528756546336339, "h1": 92.09282041117574, "h2": 296.2144992667188, "h3": 231.19068252274934, "so": 0.6952223110566865}, "datetime": {"datetime": "2020-12-04 18:48:49", "elapsed": 1803.07567, "delta": 1.561339}}
{"target": 0.9126571890199084, "params": {"ac": 2.779471975833099, "h1": 92.39325295268493, "h2": 214.50519064733842, "h3": 15.33499150210998, "so": 1.6756465163604317}, "datetime": {"datetime": "2020-12-04 18:48:52", "elapsed": 1806.035921, "delta": 2.960251}}
{"target": 0.8901886780250186, "params": {"ac": 2.725923664705796, "h1": 95.37412629626652, "h2": 281.4613582606168, "h3": 244.6150874633113, "so": 2.4240296195233766}, "datetime": {"datetime": "2020-12-04 18:48:56", "elapsed": 1809.760877, "delta": 3.724956}}
{"target": -0.11742614085401679, "params": {"ac": 0.6538315206662461, "h1": 97.73144936828497, "h2": 162.61427090236631, "h3": 271.431568626696, "so": 2.602322520013894}, "datetime": {"datetime": "2020-12-04 18:48:57", "elapsed": 1810.770208, "delta": 1.009331}}
{"target": 0.9086928884311043, "params": {"ac": 3.0, "h1": 95.91895498226613, "h2": 286.2262252335239, "h3": 241.5261104564668, "so": 3.0}, "datetime": {"datetime": "2020-12-04 18:49:05", "elapsed": 1818.997215, "delta": 8.227007}}
{"target": 0.8422719934108083, "params": {"ac": 1.6569297319672296, "h1": 87.42870359665523, "h2": 292.39354991036305, "h3": 249.37219774074873, "so": 0.9597537855269045}, "datetime": {"datetime": "2020-12-04 18:49:10", "elapsed": 1824.433254, "delta": 5.436039}}
{"target": -0.14611415391182492, "params": {"ac": 0.5242743411500151, "h1": 85.95914365077017, "h2": 289.01132567379256, "h3": 234.61419765710747, "so": 1.1232359315671132}, "datetime": {"datetime": "2020-12-04 18:49:11", "elapsed": 1825.422168, "delta": 0.988914}}
{"target": 0.9053133264563572, "params": {"ac": 2.5372533005148075, "h1": 107.34775032609815, "h2": 195.96412295242737, "h3": 25.64798711672353, "so": 0.5690371930228382}, "datetime": {"datetime": "2020-12-04 18:49:16", "elapsed": 1830.40049, "delta": 4.978322}}
{"target": 0.9267650809818553, "params": {"ac": 2.681524775431821, "h1": 219.785479077353, "h2": 36.89071188203889, "h3": 288.80068103210937, "so": 0.46272375591572523}, "datetime": {"datetime": "2020-12-04 18:49:19", "elapsed": 1832.856646, "delta": 2.456156}}
{"target": 0.8576073592646404, "params": {"ac": 2.4049722945413614, "h1": 36.56435240495193, "h2": 266.5372313619242, "h3": 260.70122687996485, "so": 0.7088386809739724}, "datetime": {"datetime": "2020-12-04 18:49:23", "elapsed": 1836.864795, "delta": 4.008149}}
{"target": 0.9102731601252815, "params": {"ac": 0.3034639200018707, "h1": 138.15252785545866, "h2": 6.061950261302021, "h3": 226.3093334706238, "so": 0.6922629179832948}, "datetime": {"datetime": "2020-12-04 18:49:24", "elapsed": 1838.226423, "delta": 1.361628}}
{"target": 0.8519363440271184, "params": {"ac": 2.40262329269546, "h1": 91.14285968179405, "h2": 158.97838138012867, "h3": 275.9287453277431, "so": 2.5054206002861448}, "datetime": {"datetime": "2020-12-04 18:49:28", "elapsed": 1842.023577, "delta": 3.797154}}
{"target": 0.908289293444847, "params": {"ac": 2.9210972233294155, "h1": 92.11837212052949, "h2": 295.2529832117556, "h3": 246.6370907986565, "so": 2.847184197287511}, "datetime": {"datetime": "2020-12-04 18:49:37", "elapsed": 1850.678449, "delta": 8.654872}}
{"target": 0.8876131841525678, "params": {"ac": 2.3947777573677262, "h1": 205.70563468205052, "h2": 78.9579675278886, "h3": 30.78214141549314, "so": 2.128500601937067}, "datetime": {"datetime": "2020-12-04 18:49:39", "elapsed": 1852.67881, "delta": 2.000361}}
{"target": 0.8678892594899559, "params": {"ac": 1.8301744748065887, "h1": 271.8208166044332, "h2": 204.4794468273418, "h3": 149.09731220425542, "so": 1.1895423529903923}, "datetime": {"datetime": "2020-12-04 18:49:43", "elapsed": 1857.216395, "delta": 4.537585}}
{"target": -0.292505773825102, "params": {"ac": 1.2798073932962097, "h1": 132.74169972650412, "h2": 256.0121370763916, "h3": 115.17507091392106, "so": 0.7523704763061574}, "datetime": {"datetime": "2020-12-04 18:49:44", "elapsed": 1858.098367, "delta": 0.881972}}
{"target": 0.9178216586358321, "params": {"ac": 1.5993993317170658, "h1": 127.94618080348604, "h2": 197.74839190070603, "h3": 6.824318207328778, "so": 0.7595406487277897}, "datetime": {"datetime": "2020-12-04 18:49:49", "elapsed": 1862.591513, "delta": 4.493146}}
{"target": 0.9115677689730983, "params": {"ac": 2.079507663315578, "h1": 91.68818705200307, "h2": 153.13281243332182, "h3": 274.9326676147708, "so": 0.24646137304236104}, "datetime": {"datetime": "2020-12-04 18:50:00", "elapsed": 1873.656129, "delta": 11.064616}}
{"target": 0.8652825303667815, "params": {"ac": 0.0, "h1": 130.8482154361879, "h2": 197.06392073207934, "h3": 11.977864138703232, "so": 0.0}, "datetime": {"datetime": "2020-12-04 18:50:01", "elapsed": 1875.23321, "delta": 1.577081}}
{"target": -0.24939960294513686, "params": {"ac": 1.3008610966719516, "h1": 268.76275036306134, "h2": 201.50397642628565, "h3": 152.7342276746111, "so": 1.634797737747646}, "datetime": {"datetime": "2020-12-04 18:50:03", "elapsed": 1876.526308, "delta": 1.293098}}
{"target": 0.903365693655615, "params": {"ac": 0.0, "h1": 97.31580111682122, "h2": 284.8160238847825, "h3": 246.5443823885965, "so": 3.0}, "datetime": {"datetime": "2020-12-04 18:50:05", "elapsed": 1878.748496, "delta": 2.222188}}
{"target": -0.25769703596812, "params": {"ac": 0.5062485722558443, "h1": 87.3304132356883, "h2": 200.8560287426322, "h3": 31.076982480914843, "so": 2.6454343905474893}, "datetime": {"datetime": "2020-12-04 18:50:06", "elapsed": 1879.718404, "delta": 0.969908}}
{"target": 0.9094290094160801, "params": {"ac": 2.9464716876862282, "h1": 126.83806425790445, "h2": 193.66647339614536, "h3": 11.26406758075657, "so": 2.086847631102455}, "datetime": {"datetime": "2020-12-04 18:50:09", "elapsed": 1882.839699, "delta": 3.121295}}
{"target": 0.8901056332357825, "params": {"ac": 2.4952931812944716, "h1": 100.80020179126612, "h2": 154.3515342603417, "h3": 271.7919284987748, "so": 1.5869227837552113}, "datetime": {"datetime": "2020-12-04 18:50:12", "elapsed": 1886.129972, "delta": 3.290273}}
{"target": 0.8715024845143328, "params": {"ac": 1.8573774954148135, "h1": 275.2429071582906, "h2": 205.37814404498891, "h3": 153.06262162750363, "so": 0.9716903613392771}, "datetime": {"datetime": "2020-12-04 18:50:19", "elapsed": 1892.950829, "delta": 6.820857}}
{"target": 0.9273132960199426, "params": {"ac": 2.887890412395298, "h1": 148.48919819670377, "h2": 4.06630648176062, "h3": 232.69869634435292, "so": 0.7013508949057475}, "datetime": {"datetime": "2020-12-04 18:50:24", "elapsed": 1897.885586, "delta": 4.934757}}
{"target": -0.12719129750727987, "params": {"ac": 0.5770613723030813, "h1": 95.58702164358985, "h2": 295.86478422976995, "h3": 242.79067032083643, "so": 2.683149454146567}, "datetime": {"datetime": "2020-12-04 18:50:25", "elapsed": 1898.870676, "delta": 0.98509}}
{"target": -0.12415359107230561, "params": {"ac": 0.6354432900694141, "h1": 210.49419764618173, "h2": 36.76242407011219, "h3": 291.25729191911427, "so": 2.880639050120081}, "datetime": {"datetime": "2020-12-04 18:50:26", "elapsed": 1899.704773, "delta": 0.834097}}
{"target": 0.8412406101761574, "params": {"ac": 2.427608207349665, "h1": 98.44001771068444, "h2": 210.2094108334271, "h3": 15.262525440682207, "so": 2.273261171017489}, "datetime": {"datetime": "2020-12-04 18:50:30", "elapsed": 1903.477592, "delta": 3.772819}}
{"target": -0.16630214613833108, "params": {"ac": 1.4277364074129484, "h1": 104.91429729171644, "h2": 154.0960586732734, "h3": 274.53869606767967, "so": 1.5248191285351211}, "datetime": {"datetime": "2020-12-04 18:50:31", "elapsed": 1904.751296, "delta": 1.273704}}
{"target": 0.7865904949621471, "params": {"ac": 0.6569049050814256, "h1": 125.08694917076643, "h2": 183.4517063275032, "h3": 11.74489069275446, "so": 0.0521051900907018}, "datetime": {"datetime": "2020-12-04 18:50:45", "elapsed": 1919.027071, "delta": 14.275775}}
