{"target": 0.9434772749768566, "params": {"ac": 1.8826354114056008, "h1": 151.29425266916985, "h2": 1.9894897287819266, "h3": 235.92282053703366, "so": 2.6804208575395094}, "datetime": {"datetime": "2020-12-04 18:38:52", "elapsed": 1418.548242, "delta": 2.899217}}
{"target": 0.8994986163008811, "params": {"ac": 2.809621590646429, "h1": 129.08298505905543, "h2": 193.17375985999016, "h3": 14.988580209043906, "so": 0.822009734030494}, "datetime": {"datetime": "2020-12-04 18:38:57", "elapsed": 1423.33544, "delta": 4.787198}}
{"target": 0.9042297096145987, "params": {"ac": 2.6930793100392174, "h1": 98.580769326519, "h2": 283.9029820397279, "h3": 250.37327365291412, "so": 0.8312558442836118}, "datetime": {"datetime": "2020-12-04 18:38:58", "elapsed": 1211.802937, "delta": 8.1861}}
{"target": -0.3079207081294334, "params": {"ac": 1.1977239683304002, "h1": 44.47496327335361, "h2": 261.1921713094554, "h3": 255.3888096121727, "so": 2.390763250588158}, "datetime": {"datetime": "2020-12-04 18:38:59", "elapsed": 1212.525879, "delta": 0.722942}}
{"target": 0.8583841863779238, "params": {"ac": 2.429508623833476, "h1": 291.9964852992415, "h2": 13.625860509246484, "h3": 64.97415554465712, "so": 2.2391945549986083}, "datetime": {"datetime": "2020-12-04 18:38:59", "elapsed": 1425.539413, "delta": 2.203973}}
{"target": 0.9089152572864718, "params": {"ac": 0.0, "h1": 98.1235081178049, "h2": 159.6003311905487, "h3": 279.1452967756017, "so": 3.0}, "datetime": {"datetime": "2020-12-04 18:39:00", "elapsed": 1214.226435, "delta": 1.700556}}
{"target": 0.894817696885369, "params": {"ac": 0.4950923240462035, "h1": 97.7841948735153, "h2": 206.47825960197815, "h3": 12.760631716786143, "so": 2.719191719587307}, "datetime": {"datetime": "2020-12-04 18:39:01", "elapsed": 1215.249689, "delta": 1.023254}}
{"target": 0.9098670025038539, "params": {"ac": 2.325176354821783, "h1": 92.09636643482678, "h2": 163.46403350971937, "h3": 280.04667499047235, "so": 2.323230072210245}, "datetime": {"datetime": "2020-12-04 18:39:03", "elapsed": 1430.043976, "delta": 4.504563}}
{"target": 0.8476858032225911, "params": {"ac": 1.4755469150282594, "h1": 97.71238384080868, "h2": 211.32626877203597, "h3": 18.664236732646323, "so": 0.21723609154362478}, "datetime": {"datetime": "2020-12-04 18:39:16", "elapsed": 1229.954584, "delta": 14.704895}}
{"target": 0.8738504672593311, "params": {"ac": 2.296399215371349, "h1": 103.57236174814844, "h2": 158.94893885484692, "h3": 274.9015335083155, "so": 1.2975070402852862}, "datetime": {"datetime": "2020-12-04 18:39:20", "elapsed": 1233.980693, "delta": 4.026109}}
{"target": 0.8685327872520923, "params": {"ac": 2.4989939053362793, "h1": 116.45133759368933, "h2": 190.45955561773349, "h3": 7.930979184173994, "so": 2.194657973528522}, "datetime": {"datetime": "2020-12-04 18:39:29", "elapsed": 1242.600461, "delta": 8.619768}}
{"target": -0.11698907725073471, "params": {"ac": 1.2398692770845385, "h1": 250.34320026635046, "h2": 229.3941379112488, "h3": 250.39487121890397, "so": 1.4282628043267211}, "datetime": {"datetime": "2020-12-04 18:39:30", "elapsed": 1243.677275, "delta": 1.076814}}
{"target": 0.8652483547995896, "params": {"ac": 0.0, "h1": 95.85166187083205, "h2": 150.30604773590048, "h3": 281.7771115322999, "so": 0.0}, "datetime": {"datetime": "2020-12-04 18:39:33", "elapsed": 1247.035345, "delta": 3.35807}}
{"target": -0.011952944562928591, "params": {"ac": 0.5210184969759801, "h1": 99.84771986061166, "h2": 293.0101226364716, "h3": 247.9998288398275, "so": 1.7802334332848824}, "datetime": {"datetime": "2020-12-04 18:39:36", "elapsed": 1249.977238, "delta": 2.941893}}
{"target": 0.9105917698228566, "params": {"ac": 2.222006480797875, "h1": 101.27579208292445, "h2": 159.90013104814153, "h3": 278.8114382295165, "so": 0.3683497430076853}, "datetime": {"datetime": "2020-12-04 18:39:52", "elapsed": 1265.991012, "delta": 16.013774}}
{"target": 0.9111822039099241, "params": {"ac": 2.7894338614278604, "h1": 114.6933848736436, "h2": 189.0744942023936, "h3": 13.343654953279957, "so": 1.1022841187161974}, "datetime": {"datetime": "2020-12-04 18:39:57", "elapsed": 1270.876807, "delta": 4.885795}}
{"target": -0.12149733843487184, "params": {"ac": 0.7489189352825227, "h1": 105.32667488049431, "h2": 151.4320173794621, "h3": 287.6051911319402, "so": 0.5893118699379253}, "datetime": {"datetime": "2020-12-04 18:39:58", "elapsed": 1272.242676, "delta": 1.365869}}
{"target": 0.8462398468558708, "params": {"ac": 0.14390692412443695, "h1": 102.05837172563533, "h2": 206.3181644962109, "h3": 18.0322012808408, "so": 1.5650226230929247}, "datetime": {"datetime": "2020-12-04 18:39:59", "elapsed": 1273.236775, "delta": 0.994099}}
{"target": 0.8708698181647222, "params": {"ac": 2.4868652216158296, "h1": 212.98003258663275, "h2": 38.208417150333474, "h3": 287.6510132856165, "so": 2.7886106629039267}, "datetime": {"datetime": "2020-12-04 18:40:02", "elapsed": 1276.060424, "delta": 2.823649}}
{"target": 0.8762500238266018, "params": {"ac": 2.907368374731335, "h1": 103.60169424557327, "h2": 209.98231171984273, "h3": 14.250707227046568, "so": 1.6911591591950206}, "datetime": {"datetime": "2020-12-04 18:40:06", "elapsed": 1279.641481, "delta": 3.581057}}
{"target": 0.9070494710534623, "params": {"ac": 2.8473147545077313, "h1": 95.02248750032308, "h2": 161.8421382777544, "h3": 286.1423992073932, "so": 0.6855713511220342}, "datetime": {"datetime": "2020-12-04 18:40:14", "elapsed": 1287.96198, "delta": 8.320499}}
{"target": 0.8528539011121259, "params": {"ac": 2.4963054245899507, "h1": 93.38679789814867, "h2": 286.6185894383388, "h3": 251.54591542822303, "so": 0.7021831627305076}, "datetime": {"datetime": "2020-12-04 18:40:24", "elapsed": 1297.727522, "delta": 9.765542}}
{"target": -0.181186357226576, "params": {"ac": 1.4481499972673912, "h1": 98.18947738566844, "h2": 198.94284426476082, "h3": 15.677211611123184, "so": 1.4076807299249712}, "datetime": {"datetime": "2020-12-04 18:40:25", "elapsed": 1298.579247, "delta": 0.851725}}
{"target": 0.8904909696034574, "params": {"ac": 1.0445526595161154, "h1": 97.96109373889115, "h2": 205.23933625953796, "h3": 24.23649990090062, "so": 0.0435068355212096}, "datetime": {"datetime": "2020-12-04 18:40:40", "elapsed": 1314.013987, "delta": 15.43474}}
{"target": 0.910040275586183, "params": {"ac": 2.795986875723467, "h1": 96.15537338087543, "h2": 205.5718150857667, "h3": 17.919627316632734, "so": 1.3264267555989748}, "datetime": {"datetime": "2020-12-04 18:40:45", "elapsed": 1318.625616, "delta": 4.611629}}
{"target": 0.8932567083736401, "params": {"ac": 2.267076747395139, "h1": 102.4855429152154, "h2": 298.4050845826455, "h3": 243.57605705396404, "so": 2.1198122270732007}, "datetime": {"datetime": "2020-12-04 18:40:52", "elapsed": 1326.115345, "delta": 7.489729}}
{"target": 0.8618543273116238, "params": {"ac": 0.24011925693381742, "h1": 38.77250260827849, "h2": 263.88899246108593, "h3": 266.64110192696194, "so": 2.0462165784550024}, "datetime": {"datetime": "2020-12-04 18:40:54", "elapsed": 1328.440379, "delta": 2.325034}}
{"target": -0.30014121037616653, "params": {"ac": 1.4254884900359863, "h1": 294.12684167496036, "h2": 12.684135031416687, "h3": 75.65576668448145, "so": 2.5148270204571266}, "datetime": {"datetime": "2020-12-04 18:40:55", "elapsed": 1329.134643, "delta": 0.694264}}
{"target": 0.824854047420988, "params": {"ac": 2.263786819105443, "h1": 295.5292636354729, "h2": 17.990025571088694, "h3": 67.29198768599703, "so": 2.0210160595636864}, "datetime": {"datetime": "2020-12-04 18:40:57", "elapsed": 1330.836308, "delta": 1.701665}}
{"target": 0.876393228380268, "params": {"ac": 0.8700984710548776, "h1": 99.01244456433743, "h2": 293.8975171490372, "h3": 240.71448054825436, "so": 0.021239164172562996}, "datetime": {"datetime": "2020-12-04 18:40:59", "elapsed": 1545.364388, "delta": 115.320412}}
{"target": 0.862217714794201, "params": {"ac": 2.2710192784061305, "h1": 85.53277425060747, "h2": 212.21031651776403, "h3": 14.787350481933027, "so": 2.992812052499848}, "datetime": {"datetime": "2020-12-04 18:41:01", "elapsed": 1334.475366, "delta": 3.639058}}
{"target": 0.8825980745425357, "params": {"ac": 2.2077168451153937, "h1": 90.89501891519012, "h2": 289.1786632112667, "h3": 244.1450943323651, "so": 1.14325030804073}, "datetime": {"datetime": "2020-12-04 18:41:06", "elapsed": 1553.122465, "delta": 7.758077}}
{"target": 0.9498384297742202, "params": {"ac": 1.2145301086115783, "h1": 122.06698646272861, "h2": 192.11383850702205, "h3": 17.03700361085637, "so": 2.0976418686198532}, "datetime": {"datetime": "2020-12-04 18:41:11", "elapsed": 1344.91222, "delta": 10.436854}}
{"target": 0.9285891597166422, "params": {"ac": 2.626303579634451, "h1": 289.0182788922807, "h2": 14.007525686600983, "h3": 72.54477143178589, "so": 1.3348360505060406}, "datetime": {"datetime": "2020-12-04 18:41:15", "elapsed": 1349.068908, "delta": 4.156688}}
{"target": 0.908563118925192, "params": {"ac": 1.6152152574813983, "h1": 93.55413684259035, "h2": 294.9206562756811, "h3": 239.1329314725417, "so": 0.4530466118299492}, "datetime": {"datetime": "2020-12-04 18:41:29", "elapsed": 1575.879685, "delta": 22.75722}}
{"target": 0.8845491586649634, "params": {"ac": 2.9176574381512954, "h1": 86.53899314652142, "h2": 200.39562387013177, "h3": 26.83663334497494, "so": 2.417150604565153}, "datetime": {"datetime": "2020-12-04 18:41:32", "elapsed": 1578.876892, "delta": 2.997207}}
{"target": 0.8420183837152869, "params": {"ac": 0.026989030389731883, "h1": 288.26870827421243, "h2": 16.880409779894986, "h3": 67.5724974973665, "so": 2.300398725573028}, "datetime": {"datetime": "2020-12-04 18:41:33", "elapsed": 1579.77843, "delta": 0.901538}}
{"target": 0.7971081940713765, "params": {"ac": 0.950217708627481, "h1": 118.63453763568417, "h2": 192.7136997063412, "h3": 16.53676990844718, "so": 0.23046950571396962}, "datetime": {"datetime": "2020-12-04 18:41:33", "elapsed": 1367.100998, "delta": 18.03209}}
{"target": 0.8995502273457616, "params": {"ac": 0.0, "h1": 119.91740905960435, "h2": 108.2063721733502, "h3": 273.65322177281, "so": 3.0}, "datetime": {"datetime": "2020-12-04 18:41:35", "elapsed": 1368.966083, "delta": 1.865085}}
{"target": 0.8703111300285051, "params": {"ac": 1.7863775845992016, "h1": 272.6219968507065, "h2": 201.02001702124963, "h3": 154.71644753676907, "so": 1.1434567229206363}, "datetime": {"datetime": "2020-12-04 18:41:40", "elapsed": 1374.138396, "delta": 5.172313}}
{"target": 0.9417284863440345, "params": {"ac": 0.7613061185018889, "h1": 92.74326468696036, "h2": 201.26200380208, "h3": 31.3735796406069, "so": 1.7842580856107972}, "datetime": {"datetime": "2020-12-04 18:41:41", "elapsed": 1587.413337, "delta": 7.634907}}
{"target": -0.12317279441499937, "params": {"ac": 0.7989326243294192, "h1": 93.4272131589811, "h2": 151.9005257244384, "h3": 286.453575284699, "so": 1.333641123008272}, "datetime": {"datetime": "2020-12-04 18:41:41", "elapsed": 1375.267483, "delta": 1.129087}}
{"target": 0.8935749970076804, "params": {"ac": 2.213659721578618, "h1": 94.07000092985709, "h2": 290.8928230413624, "h3": 234.42981756685126, "so": 2.0992286041481822}, "datetime": {"datetime": "2020-12-04 18:41:47", "elapsed": 1593.733752, "delta": 6.320415}}
{"target": 0.9264853287363767, "params": {"ac": 3.0, "h1": 94.66399255303017, "h2": 285.73135683600526, "h3": 246.5155148361073, "so": 0.0}, "datetime": {"datetime": "2020-12-04 18:41:51", "elapsed": 1384.619425, "delta": 9.351942}}
{"target": 0.8907951627772233, "params": {"ac": 2.5835839873657545, "h1": 94.91429171550182, "h2": 205.8917500641989, "h3": 22.043256960356107, "so": 0.7578077266427048}, "datetime": {"datetime": "2020-12-04 18:41:55", "elapsed": 1389.297585, "delta": 4.67816}}
{"target": 0.9050436111648799, "params": {"ac": 2.6874620498077357, "h1": 97.461998413404, "h2": 296.7109965167639, "h3": 233.8323201329847, "so": 1.1022576459930102}, "datetime": {"datetime": "2020-12-04 18:41:57", "elapsed": 1604.046821, "delta": 10.313069}}
{"target": 0.7982128022709805, "params": {"ac": 2.2571949015766255, "h1": 102.58500391516962, "h2": 211.6994221359709, "h3": 18.664051445359103, "so": 2.983940926856504}, "datetime": {"datetime": "2020-12-04 18:41:58", "elapsed": 1392.254366, "delta": 2.956781}}
{"target": 0.82169145787703, "params": {"ac": 2.211928091664366, "h1": 298.9574683263809, "h2": 22.18336611854149, "h3": 74.58271271161153, "so": 2.304136155450732}, "datetime": {"datetime": "2020-12-04 18:41:59", "elapsed": 1605.980209, "delta": 1.933388}}
{"target": 0.8652885804510021, "params": {"ac": 0.23857854963894165, "h1": 125.74004390821004, "h2": 195.45838474017043, "h3": 20.216685976784518, "so": 0.39358779494502794}, "datetime": {"datetime": "2020-12-04 18:42:01", "elapsed": 1607.432285, "delta": 1.452076}}
{"target": 0.8455208374652752, "params": {"ac": 1.8975933838377599, "h1": 91.60245973522483, "h2": 193.89433423465246, "h3": 27.799867320643035, "so": 1.7192856302980997}, "datetime": {"datetime": "2020-12-04 18:42:02", "elapsed": 1609.094551, "delta": 1.662266}}
{"target": 0.9210174416642356, "params": {"ac": 2.9791101366119177, "h1": 216.67556588704875, "h2": 35.56943179111792, "h3": 293.28463874127897, "so": 1.1321214854549186}, "datetime": {"datetime": "2020-12-04 18:42:04", "elapsed": 1397.925085, "delta": 5.670719}}
{"target": 0.8689495772878105, "params": {"ac": 0.3365076368959605, "h1": 98.12598173146507, "h2": 162.6158671692987, "h3": 288.4763285074011, "so": 2.135114160072569}, "datetime": {"datetime": "2020-12-04 18:42:06", "elapsed": 1399.707318, "delta": 1.782233}}
{"target": 0.9399654178365988, "params": {"ac": 0.8065369738688027, "h1": 86.58599911264518, "h2": 202.66563841244263, "h3": 35.55001047015544, "so": 2.2689234847273165}, "datetime": {"datetime": "2020-12-04 18:42:10", "elapsed": 1616.852802, "delta": 7.758251}}
{"target": 0.9018268093353896, "params": {"ac": 2.942355794654063, "h1": 130.3373355061752, "h2": 192.37483851582041, "h3": 8.516681990868609, "so": 2.1156877181436737}, "datetime": {"datetime": "2020-12-04 18:42:13", "elapsed": 1620.071195, "delta": 3.218393}}
{"target": 0.9483076866561451, "params": {"ac": 0.6872539659970027, "h1": 97.99233540703796, "h2": 200.36391415493517, "h3": 24.20313410560718, "so": 2.4163548076720835}, "datetime": {"datetime": "2020-12-04 18:42:14", "elapsed": 1407.701939, "delta": 7.994621}}
{"target": 0.8816044529419717, "params": {"ac": 0.1661386631511933, "h1": 95.6568525433114, "h2": 166.54732782629557, "h3": 284.40241803139963, "so": 2.7693563466685553}, "datetime": {"datetime": "2020-12-04 18:42:15", "elapsed": 1621.539269, "delta": 1.468074}}
{"target": -0.1843626375765356, "params": {"ac": 1.0877247810767772, "h1": 128.7037438427734, "h2": 187.9749331575704, "h3": 19.5490285252774, "so": 1.2027017951332521}, "datetime": {"datetime": "2020-12-04 18:42:16", "elapsed": 1622.38755, "delta": 0.848281}}
{"target": 0.911814772956635, "params": {"ac": 2.8383419286352303, "h1": 92.17392477350279, "h2": 198.36734621911486, "h3": 21.27007981896284, "so": 1.8273949501847357}, "datetime": {"datetime": "2020-12-04 18:42:17", "elapsed": 1410.53313, "delta": 2.831191}}
{"target": 0.9195365603366012, "params": {"ac": 2.7472298806860693, "h1": 212.45724393310758, "h2": 37.63351858859579, "h3": 295.5654434345872, "so": 0.05255931814297876}, "datetime": {"datetime": "2020-12-04 18:42:19", "elapsed": 1413.092417, "delta": 2.559287}}
{"target": 0.8906335912568195, "params": {"ac": 2.558288657506125, "h1": 96.17746010984754, "h2": 198.5582556581233, "h3": 28.629977065861027, "so": 2.350086378601681}, "datetime": {"datetime": "2020-12-04 18:42:22", "elapsed": 1415.704676, "delta": 2.612259}}
{"target": 0.9469929369638466, "params": {"ac": 0.6912098236650606, "h1": 102.58048394700066, "h2": 194.7749737343606, "h3": 28.285762457083187, "so": 1.5612305997062297}, "datetime": {"datetime": "2020-12-04 18:42:24", "elapsed": 1630.88532, "delta": 8.49777}}
{"target": 0.870849416369295, "params": {"ac": 1.8962550538379535, "h1": 99.5578110554762, "h2": 145.64137569094763, "h3": 279.13759907543346, "so": 0.9164222817398875}, "datetime": {"datetime": "2020-12-04 18:42:25", "elapsed": 1419.119386, "delta": 3.41471}}
{"target": 0.9077321245833643, "params": {"ac": 2.7293751662178023, "h1": 86.46457741631492, "h2": 210.45030748314267, "h3": 30.77659020726969, "so": 1.4722643202627923}, "datetime": {"datetime": "2020-12-04 18:42:29", "elapsed": 1635.936083, "delta": 5.050763}}
{"target": 0.8994174595583235, "params": {"ac": 0.2991595392513069, "h1": 100.93295872390783, "h2": 284.3995209943515, "h3": 242.24229819101598, "so": 2.5634551991299652}, "datetime": {"datetime": "2020-12-04 18:42:31", "elapsed": 1637.836199, "delta": 1.900116}}
{"target": 0.8108133893275349, "params": {"ac": 1.5480980703667275, "h1": 85.61295991515061, "h2": 195.87750466358696, "h3": 33.28115029297238, "so": 2.9386656053261317}, "datetime": {"datetime": "2020-12-04 18:42:33", "elapsed": 1639.472141, "delta": 1.635942}}
{"target": -0.27629271879843664, "params": {"ac": 0.5281326136162314, "h1": 96.77363555074933, "h2": 202.19863719246544, "h3": 37.19117503400784, "so": 0.7898417080938522}, "datetime": {"datetime": "2020-12-04 18:42:34", "elapsed": 1640.276739, "delta": 0.804598}}
{"target": -0.22916504084518338, "params": {"ac": 1.404846181190038, "h1": 89.66233219419072, "h2": 208.2520327330057, "h3": 28.21551693976865, "so": 1.0013105416054968}, "datetime": {"datetime": "2020-12-04 18:42:35", "elapsed": 1641.209174, "delta": 0.932435}}
{"target": 0.9522764581831631, "params": {"ac": 1.3989752174573664, "h1": 90.7646200810139, "h2": 203.4194274894349, "h3": 23.859647014394316, "so": 1.8328562925215763}, "datetime": {"datetime": "2020-12-04 18:42:35", "elapsed": 1429.187079, "delta": 10.067693}}
{"target": 0.8653995278134369, "params": {"ac": 0.0, "h1": 214.77241433178403, "h2": 39.09736694073947, "h3": 291.3745343046573, "so": 0.0}, "datetime": {"datetime": "2020-12-04 18:42:36", "elapsed": 1642.621493, "delta": 1.412319}}
{"target": 0.9103624332608365, "params": {"ac": 0.16748104064215885, "h1": 97.6374771752653, "h2": 211.62636341657614, "h3": 12.04141134656053, "so": 0.7711772392580035}, "datetime": {"datetime": "2020-12-04 18:42:37", "elapsed": 1430.508693, "delta": 1.321614}}
{"target": 0.7930067209602594, "params": {"ac": 2.306294268619126, "h1": 80.67755074758729, "h2": 205.2168724512444, "h3": 35.34808565041119, "so": 1.898252683084657}, "datetime": {"datetime": "2020-12-04 18:42:37", "elapsed": 1643.755603, "delta": 1.13411}}
{"target": 0.8807223630334244, "params": {"ac": 3.0, "h1": 34.60318871381101, "h2": 261.50199930606544, "h3": 263.8604576152555, "so": 2.136064239617752}, "datetime": {"datetime": "2020-12-04 18:42:41", "elapsed": 1435.362898, "delta": 4.854205}}
{"target": 0.9126445041201677, "params": {"ac": 2.845411196197408, "h1": 122.68443689638492, "h2": 187.16469588525138, "h3": 13.93446651201948, "so": 2.5132923460938907}, "datetime": {"datetime": "2020-12-04 18:42:46", "elapsed": 1439.803563, "delta": 4.440665}}
{"target": 0.9060191756107407, "params": {"ac": 2.8029218854859588, "h1": 97.84914249709612, "h2": 285.7082930408196, "h3": 237.12932888131553, "so": 0.7712607379249329}, "datetime": {"datetime": "2020-12-04 18:42:47", "elapsed": 1653.755565, "delta": 9.999962}}
{"target": 0.9074149691890774, "params": {"ac": 2.7410914593190894, "h1": 94.02210271357839, "h2": 206.7086720335442, "h3": 30.067158770944395, "so": 0.5098798738345256}, "datetime": {"datetime": "2020-12-04 18:42:51", "elapsed": 1445.113781, "delta": 5.310218}}
{"target": 0.8864585414739228, "params": {"ac": 2.716333037097791, "h1": 102.11248136884177, "h2": 299.838295839527, "h3": 237.3984707656869, "so": 2.4967609391988823}, "datetime": {"datetime": "2020-12-04 18:42:51", "elapsed": 1658.121331, "delta": 4.365766}}
{"target": 0.8713423730612856, "params": {"ac": 0.022093097092275138, "h1": 97.3084869507415, "h2": 151.09521258445974, "h3": 273.87916545282843, "so": 2.027233745172861}, "datetime": {"datetime": "2020-12-04 18:42:53", "elapsed": 1660.020251, "delta": 1.89892}}
{"target": 0.867285084197461, "params": {"ac": 2.081187045970827, "h1": 123.598060506575, "h2": 108.96203626649263, "h3": 277.925105078628, "so": 2.6994002177514895}, "datetime": {"datetime": "2020-12-04 18:42:56", "elapsed": 1449.521992, "delta": 4.408211}}
{"target": 0.8653681719371406, "params": {"ac": 0.22419506843446801, "h1": 100.90587780383672, "h2": 203.68574615841277, "h3": 27.937970753344736, "so": 0.011211681200708812}, "datetime": {"datetime": "2020-12-04 18:42:57", "elapsed": 1451.290263, "delta": 1.768271}}
{"target": 0.8981729688097723, "params": {"ac": 2.8212086795603035, "h1": 97.50958392014307, "h2": 299.2319043198628, "h3": 238.69078729527118, "so": 1.7976830251262785}, "datetime": {"datetime": "2020-12-04 18:42:58", "elapsed": 1664.758581, "delta": 4.73833}}
{"target": -0.24352522687148398, "params": {"ac": 1.0324959218056566, "h1": 195.0699973548375, "h2": 75.3997247176586, "h3": 31.872136501473534, "so": 0.8379984282839923}, "datetime": {"datetime": "2020-12-04 18:42:59", "elapsed": 1665.57041, "delta": 0.811829}}
{"target": 0.7994663382011726, "params": {"ac": 1.736585898798268, "h1": 205.46848296085105, "h2": 77.16049461266945, "h3": 35.742353357469604, "so": 0.5637448052322316}, "datetime": {"datetime": "2020-12-04 18:43:00", "elapsed": 1666.513887, "delta": 0.943477}}
{"target": 0.8948716661367084, "params": {"ac": 2.4153343070946645, "h1": 99.36100862270798, "h2": 165.2581422348526, "h3": 280.84042923326336, "so": 2.0353361263207614}, "datetime": {"datetime": "2020-12-04 18:43:02", "elapsed": 1455.865101, "delta": 4.574838}}
{"target": 0.8578436731491033, "params": {"ac": 2.2237699584064625, "h1": 206.38163675463588, "h2": 37.3852076812406, "h3": 292.4307355920194, "so": 1.0387388304380814}, "datetime": {"datetime": "2020-12-04 18:43:02", "elapsed": 1668.808821, "delta": 2.294934}}
