{"target": 0.8285602389322932, "params": {"ac": 2.125806460371859, "h1": 200.92733398954144, "h2": 82.44460279304893, "h3": 36.5783869145123, "so": 2.9761714311804615}, "datetime": {"datetime": "2020-12-04 18:43:05", "elapsed": 1671.836699, "delta": 3.027878}}
{"target": 0.8447509242906481, "params": {"ac": 2.2585519976537203, "h1": 83.407327562703, "h2": 211.64070309660252, "h3": 32.7457961956996, "so": 2.565157281597205}, "datetime": {"datetime": "2020-12-04 18:43:08", "elapsed": 1675.096548, "delta": 3.259849}}
{"target": 0.870729627046307, "params": {"ac": 0.4928196944265969, "h1": 103.13697649178174, "h2": 149.14049045614007, "h3": 271.0042500692046, "so": 1.6203157954138996}, "datetime": {"datetime": "2020-12-04 18:43:11", "elapsed": 1677.484215, "delta": 2.387667}}
{"target": 0.9113160300810005, "params": {"ac": 2.794858011945853, "h1": 98.81999726697265, "h2": 290.95721670047703, "h3": 239.6875588056758, "so": 2.810183426283559}, "datetime": {"datetime": "2020-12-04 18:43:12", "elapsed": 1465.931778, "delta": 10.066677}}
{"target": 0.9274377193245851, "params": {"ac": 2.7917901433012964, "h1": 99.8618014393539, "h2": 209.06131654400897, "h3": 28.52616874196108, "so": 0.014604031152493535}, "datetime": {"datetime": "2020-12-04 18:43:14", "elapsed": 1680.50688, "delta": 3.022665}}
{"target": 0.9434772749768566, "params": {"ac": 1.8826354114056008, "h1": 151.29425266916985, "h2": 1.9894897287819266, "h3": 235.92282053703366, "so": 2.6804208575395094}, "datetime": {"datetime": "2020-12-04 18:43:15", "elapsed": 1468.868532, "delta": 2.936754}}
{"target": -0.042433134666551166, "params": {"ac": 1.4291022588241389, "h1": 100.69944300816094, "h2": 289.66895478278815, "h3": 233.74589653510748, "so": 1.5790489556425344}, "datetime": {"datetime": "2020-12-04 18:43:17", "elapsed": 1683.676267, "delta": 3.169387}}
{"target": 0.9071349741139819, "params": {"ac": 0.1879641825538496, "h1": 134.99545390423415, "h2": 5.448648873110957, "h3": 231.98612889083248, "so": 1.2332297974996562}, "datetime": {"datetime": "2020-12-04 18:43:18", "elapsed": 1685.001694, "delta": 1.325427}}
{"target": -0.23774794462709076, "params": {"ac": 0.5791800317634556, "h1": 271.6086537064397, "h2": 203.76418109446954, "h3": 161.02879208476412, "so": 0.6597797658824611}, "datetime": {"datetime": "2020-12-04 18:43:19", "elapsed": 1685.941752, "delta": 0.940058}}
{"target": 0.8994986163008811, "params": {"ac": 2.809621590646429, "h1": 129.08298505905543, "h2": 193.17375985999016, "h3": 14.988580209043906, "so": 0.822009734030494}, "datetime": {"datetime": "2020-12-04 18:43:20", "elapsed": 1473.855003, "delta": 4.986471}}
{"target": 0.8583841863779238, "params": {"ac": 2.429508623833476, "h1": 291.9964852992415, "h2": 13.625860509246484, "h3": 64.97415554465712, "so": 2.2391945549986083}, "datetime": {"datetime": "2020-12-04 18:43:22", "elapsed": 1475.91521, "delta": 2.060207}}
{"target": 0.890067327651147, "params": {"ac": 1.7035169848450482, "h1": 125.40198611033725, "h2": 195.8196394789725, "h3": 13.435174054963813, "so": 3.0}, "datetime": {"datetime": "2020-12-04 18:43:23", "elapsed": 1690.117696, "delta": 4.175944}}
{"target": 0.8984459653043475, "params": {"ac": 0.42439272963837515, "h1": 93.20307325754754, "h2": 290.1178554283093, "h3": 240.70540428826627, "so": 1.4148941264765784}, "datetime": {"datetime": "2020-12-04 18:43:26", "elapsed": 1692.30799, "delta": 2.190294}}
{"target": 0.9098670025038539, "params": {"ac": 2.325176354821783, "h1": 92.09636643482678, "h2": 163.46403350971937, "h3": 280.04667499047235, "so": 2.323230072210245}, "datetime": {"datetime": "2020-12-04 18:43:27", "elapsed": 1480.601841, "delta": 4.686631}}
{"target": 0.8672697692475433, "params": {"ac": 1.0516031889811104, "h1": 95.05172738010481, "h2": 158.07445752545277, "h3": 273.103461225773, "so": 0.39641877384062973}, "datetime": {"datetime": "2020-12-04 18:44:35", "elapsed": 1761.8969, "delta": 69.58891}}
{"target": 0.8652188366053102, "params": {"ac": 0.0, "h1": 287.68439042652835, "h2": 10.947020447241885, "h3": 67.56086655934324, "so": 0.0}, "datetime": {"datetime": "2020-12-04 18:44:36", "elapsed": 1762.909193, "delta": 1.012293}}
{"target": 0.8943158593647718, "params": {"ac": 2.611042800786294, "h1": 87.8972693973986, "h2": 200.36303583720826, "h3": 18.813234775607246, "so": 2.330671892330048}, "datetime": {"datetime": "2020-12-04 18:44:39", "elapsed": 1766.039329, "delta": 3.130136}}
{"target": 0.9014045057356382, "params": {"ac": 0.4528756546336339, "h1": 92.09282041117574, "h2": 296.2144992667188, "h3": 231.19068252274934, "so": 0.6952223110566865}, "datetime": {"datetime": "2020-12-04 18:44:41", "elapsed": 1768.179606, "delta": 2.140277}}
{"target": 0.9126571890199084, "params": {"ac": 2.779471975833099, "h1": 92.39325295268493, "h2": 214.50519064733842, "h3": 15.33499150210998, "so": 1.6756465163604317}, "datetime": {"datetime": "2020-12-04 18:44:45", "elapsed": 1771.355147, "delta": 3.175541}}
{"target": 0.8901886780250186, "params": {"ac": 2.725923664705796, "h1": 95.37412629626652, "h2": 281.4613582606168, "h3": 244.6150874633113, "so": 2.4240296195233766}, "datetime": {"datetime": "2020-12-04 18:44:50", "elapsed": 1776.599849, "delta": 5.244702}}
{"target": -0.11742614085401679, "params": {"ac": 0.6538315206662461, "h1": 97.73144936828497, "h2": 162.61427090236631, "h3": 271.431568626696, "so": 2.602322520013894}, "datetime": {"datetime": "2020-12-04 18:44:51", "elapsed": 1777.831068, "delta": 1.231219}}
{"target": 0.9086928884311043, "params": {"ac": 3.0, "h1": 95.91895498226613, "h2": 286.2262252335239, "h3": 241.5261104564668, "so": 3.0}, "datetime": {"datetime": "2020-12-04 18:45:03", "elapsed": 1789.277517, "delta": 11.446449}}
{"target": 0.8422719934108083, "params": {"ac": 1.6569297319672296, "h1": 87.42870359665523, "h2": 292.39354991036305, "h3": 249.37219774074873, "so": 0.9597537855269045}, "datetime": {"datetime": "2020-12-04 18:45:10", "elapsed": 1797.023788, "delta": 7.746271}}
{"target": -0.14611415391182492, "params": {"ac": 0.5242743411500151, "h1": 85.95914365077017, "h2": 289.01132567379256, "h3": 234.61419765710747, "so": 1.1232359315671132}, "datetime": {"datetime": "2020-12-04 18:45:12", "elapsed": 1798.402701, "delta": 1.378913}}
{"target": 0.9053133264563572, "params": {"ac": 2.5372533005148075, "h1": 107.34775032609815, "h2": 195.96412295242737, "h3": 25.64798711672353, "so": 0.5690371930228382}, "datetime": {"datetime": "2020-12-04 18:45:17", "elapsed": 1803.752236, "delta": 5.349535}}
{"target": 0.9267650809818553, "params": {"ac": 2.681524775431821, "h1": 219.785479077353, "h2": 36.89071188203889, "h3": 288.80068103210937, "so": 0.46272375591572523}, "datetime": {"datetime": "2020-12-04 18:45:20", "elapsed": 1806.971645, "delta": 3.219409}}
{"target": 0.8576073592646404, "params": {"ac": 2.4049722945413614, "h1": 36.56435240495193, "h2": 266.5372313619242, "h3": 260.70122687996485, "so": 0.7088386809739724}, "datetime": {"datetime": "2020-12-04 18:45:26", "elapsed": 1812.267745, "delta": 5.2961}}
{"target": 0.9102731601252815, "params": {"ac": 0.3034639200018707, "h1": 138.15252785545866, "h2": 6.061950261302021, "h3": 226.3093334706238, "so": 0.6922629179832948}, "datetime": {"datetime": "2020-12-04 18:45:27", "elapsed": 1813.800646, "delta": 1.532901}}
{"target": 0.876393228380268, "params": {"ac": 0.8700984710548776, "h1": 99.01244456433743, "h2": 293.8975171490372, "h3": 240.71448054825436, "so": 0.021239164172562996}, "datetime": {"datetime": "2020-12-04 18:45:29", "elapsed": 1602.704984, "delta": 122.103143}}
{"target": 0.8519363440271184, "params": {"ac": 2.40262329269546, "h1": 91.14285968179405, "h2": 158.97838138012867, "h3": 275.9287453277431, "so": 2.5054206002861448}, "datetime": {"datetime": "2020-12-04 18:45:32", "elapsed": 1818.653667, "delta": 4.853021}}
{"target": 0.8825980745425357, "params": {"ac": 2.2077168451153937, "h1": 90.89501891519012, "h2": 289.1786632112667, "h3": 244.1450943323651, "so": 1.14325030804073}, "datetime": {"datetime": "2020-12-04 18:45:38", "elapsed": 1611.896403, "delta": 9.191419}}
{"target": 0.908289293444847, "params": {"ac": 2.9210972233294155, "h1": 92.11837212052949, "h2": 295.2529832117556, "h3": 246.6370907986565, "so": 2.847184197287511}, "datetime": {"datetime": "2020-12-04 18:45:44", "elapsed": 1830.62113, "delta": 11.967463}}
{"target": 0.8876131841525678, "params": {"ac": 2.3947777573677262, "h1": 205.70563468205052, "h2": 78.9579675278886, "h3": 30.78214141549314, "so": 2.128500601937067}, "datetime": {"datetime": "2020-12-04 18:45:46", "elapsed": 1832.91409, "delta": 2.29296}}
{"target": 0.8678892594899559, "params": {"ac": 1.8301744748065887, "h1": 271.8208166044332, "h2": 204.4794468273418, "h3": 149.09731220425542, "so": 1.1895423529903923}, "datetime": {"datetime": "2020-12-04 18:45:52", "elapsed": 1839.111382, "delta": 6.197292}}
{"target": -0.292505773825102, "params": {"ac": 1.2798073932962097, "h1": 132.74169972650412, "h2": 256.0121370763916, "h3": 115.17507091392106, "so": 0.7523704763061574}, "datetime": {"datetime": "2020-12-04 18:45:54", "elapsed": 1840.19588, "delta": 1.084498}}
{"target": 0.9178216586358321, "params": {"ac": 1.5993993317170658, "h1": 127.94618080348604, "h2": 197.74839190070603, "h3": 6.824318207328778, "so": 0.7595406487277897}, "datetime": {"datetime": "2020-12-04 18:45:59", "elapsed": 1845.22372, "delta": 5.02784}}
{"target": 0.908563118925192, "params": {"ac": 1.6152152574813983, "h1": 93.55413684259035, "h2": 294.9206562756811, "h3": 239.1329314725417, "so": 0.4530466118299492}, "datetime": {"datetime": "2020-12-04 18:46:02", "elapsed": 1635.690183, "delta": 23.79378}}
{"target": 0.8845491586649634, "params": {"ac": 2.9176574381512954, "h1": 86.53899314652142, "h2": 200.39562387013177, "h3": 26.83663334497494, "so": 2.417150604565153}, "datetime": {"datetime": "2020-12-04 18:46:05", "elapsed": 1638.751773, "delta": 3.06159}}
{"target": 0.8420183837152869, "params": {"ac": 0.026989030389731883, "h1": 288.26870827421243, "h2": 16.880409779894986, "h3": 67.5724974973665, "so": 2.300398725573028}, "datetime": {"datetime": "2020-12-04 18:46:06", "elapsed": 1639.709826, "delta": 0.958053}}
{"target": 0.9115677689730983, "params": {"ac": 2.079507663315578, "h1": 91.68818705200307, "h2": 153.13281243332182, "h3": 274.9326676147708, "so": 0.24646137304236104}, "datetime": {"datetime": "2020-12-04 18:46:11", "elapsed": 1858.095449, "delta": 12.871729}}
{"target": 0.8652825303667815, "params": {"ac": 0.0, "h1": 130.8482154361879, "h2": 197.06392073207934, "h3": 11.977864138703232, "so": 0.0}, "datetime": {"datetime": "2020-12-04 18:46:13", "elapsed": 1859.752673, "delta": 1.657224}}
{"target": 0.9417284863440345, "params": {"ac": 0.7613061185018889, "h1": 92.74326468696036, "h2": 201.26200380208, "h3": 31.3735796406069, "so": 1.7842580856107972}, "datetime": {"datetime": "2020-12-04 18:46:13", "elapsed": 1647.311614, "delta": 7.601788}}
{"target": -0.24939960294513686, "params": {"ac": 1.3008610966719516, "h1": 268.76275036306134, "h2": 201.50397642628565, "h3": 152.7342276746111, "so": 1.634797737747646}, "datetime": {"datetime": "2020-12-04 18:46:15", "elapsed": 1861.536702, "delta": 1.784029}}
{"target": 0.903365693655615, "params": {"ac": 0.0, "h1": 97.31580111682122, "h2": 284.8160238847825, "h3": 246.5443823885965, "so": 3.0}, "datetime": {"datetime": "2020-12-04 18:46:18", "elapsed": 1864.809948, "delta": 3.273246}}
{"target": -0.25769703596812, "params": {"ac": 0.5062485722558443, "h1": 87.3304132356883, "h2": 200.8560287426322, "h3": 31.076982480914843, "so": 2.6454343905474893}, "datetime": {"datetime": "2020-12-04 18:46:19", "elapsed": 1865.943916, "delta": 1.133968}}
{"target": 0.8935749970076804, "params": {"ac": 2.213659721578618, "h1": 94.07000092985709, "h2": 290.8928230413624, "h3": 234.42981756685126, "so": 2.0992286041481822}, "datetime": {"datetime": "2020-12-04 18:46:20", "elapsed": 1654.080958, "delta": 6.769344}}
{"target": 0.9094290094160801, "params": {"ac": 2.9464716876862282, "h1": 126.83806425790445, "h2": 193.66647339614536, "h3": 11.26406758075657, "so": 2.086847631102455}, "datetime": {"datetime": "2020-12-04 18:46:23", "elapsed": 1869.415286, "delta": 3.47137}}
{"target": 0.8901056332357825, "params": {"ac": 2.4952931812944716, "h1": 100.80020179126612, "h2": 154.3515342603417, "h3": 271.7919284987748, "so": 1.5869227837552113}, "datetime": {"datetime": "2020-12-04 18:46:27", "elapsed": 1873.622035, "delta": 4.206749}}
{"target": 0.9050436111648799, "params": {"ac": 2.6874620498077357, "h1": 97.461998413404, "h2": 296.7109965167639, "h3": 233.8323201329847, "so": 1.1022576459930102}, "datetime": {"datetime": "2020-12-04 18:46:31", "elapsed": 1665.113454, "delta": 11.032496}}
{"target": 0.82169145787703, "params": {"ac": 2.211928091664366, "h1": 298.9574683263809, "h2": 22.18336611854149, "h3": 74.58271271161153, "so": 2.304136155450732}, "datetime": {"datetime": "2020-12-04 18:46:33", "elapsed": 1667.131775, "delta": 2.018321}}
{"target": 0.8652885804510021, "params": {"ac": 0.23857854963894165, "h1": 125.74004390821004, "h2": 195.45838474017043, "h3": 20.216685976784518, "so": 0.39358779494502794}, "datetime": {"datetime": "2020-12-04 18:46:35", "elapsed": 1668.849183, "delta": 1.717408}}
{"target": 0.8715024845143328, "params": {"ac": 1.8573774954148135, "h1": 275.2429071582906, "h2": 205.37814404498891, "h3": 153.06262162750363, "so": 0.9716903613392771}, "datetime": {"datetime": "2020-12-04 18:46:36", "elapsed": 1882.557412, "delta": 8.935377}}
{"target": 0.8455208374652752, "params": {"ac": 1.8975933838377599, "h1": 91.60245973522483, "h2": 193.89433423465246, "h3": 27.799867320643035, "so": 1.7192856302980997}, "datetime": {"datetime": "2020-12-04 18:46:37", "elapsed": 1670.752671, "delta": 1.903488}}
{"target": 0.9273132960199426, "params": {"ac": 2.887890412395298, "h1": 148.48919819670377, "h2": 4.06630648176062, "h3": 232.69869634435292, "so": 0.7013508949057475}, "datetime": {"datetime": "2020-12-04 18:46:41", "elapsed": 1887.78826, "delta": 5.230848}}
{"target": -0.12719129750727987, "params": {"ac": 0.5770613723030813, "h1": 95.58702164358985, "h2": 295.86478422976995, "h3": 242.79067032083643, "so": 2.683149454146567}, "datetime": {"datetime": "2020-12-04 18:46:42", "elapsed": 1888.895217, "delta": 1.106957}}
{"target": -0.12415359107230561, "params": {"ac": 0.6354432900694141, "h1": 210.49419764618173, "h2": 36.76242407011219, "h3": 291.25729191911427, "so": 2.880639050120081}, "datetime": {"datetime": "2020-12-04 18:46:43", "elapsed": 1889.753921, "delta": 0.858704}}
{"target": 0.9399654178365988, "params": {"ac": 0.8065369738688027, "h1": 86.58599911264518, "h2": 202.66563841244263, "h3": 35.55001047015544, "so": 2.2689234847273165}, "datetime": {"datetime": "2020-12-04 18:46:45", "elapsed": 1678.666186, "delta": 7.913515}}
{"target": 0.8412406101761574, "params": {"ac": 2.427608207349665, "h1": 98.44001771068444, "h2": 210.2094108334271, "h3": 15.262525440682207, "so": 2.273261171017489}, "datetime": {"datetime": "2020-12-04 18:46:47", "elapsed": 1893.70608, "delta": 3.952159}}
{"target": 0.9018268093353896, "params": {"ac": 2.942355794654063, "h1": 130.3373355061752, "h2": 192.37483851582041, "h3": 8.516681990868609, "so": 2.1156877181436737}, "datetime": {"datetime": "2020-12-04 18:46:48", "elapsed": 1682.000571, "delta": 3.334385}}
{"target": -0.16630214613833108, "params": {"ac": 1.4277364074129484, "h1": 104.91429729171644, "h2": 154.0960586732734, "h3": 274.53869606767967, "so": 1.5248191285351211}, "datetime": {"datetime": "2020-12-04 18:46:49", "elapsed": 1895.214084, "delta": 1.508004}}
{"target": 0.8816044529419717, "params": {"ac": 0.1661386631511933, "h1": 95.6568525433114, "h2": 166.54732782629557, "h3": 284.40241803139963, "so": 2.7693563466685553}, "datetime": {"datetime": "2020-12-04 18:46:50", "elapsed": 1683.615482, "delta": 1.614911}}
{"target": -0.1843626375765356, "params": {"ac": 1.0877247810767772, "h1": 128.7037438427734, "h2": 187.9749331575704, "h3": 19.5490285252774, "so": 1.2027017951332521}, "datetime": {"datetime": "2020-12-04 18:46:51", "elapsed": 1684.511736, "delta": 0.896254}}
{"target": 0.9469929369638466, "params": {"ac": 0.6912098236650606, "h1": 102.58048394700066, "h2": 194.7749737343606, "h3": 28.285762457083187, "so": 1.5612305997062297}, "datetime": {"datetime": "2020-12-04 18:46:59", "elapsed": 1693.166847, "delta": 8.655111}}
{"target": 0.7865904949621471, "params": {"ac": 0.6569049050814256, "h1": 125.08694917076643, "h2": 183.4517063275032, "h3": 11.74489069275446, "so": 0.0521051900907018}, "datetime": {"datetime": "2020-12-04 18:47:04", "elapsed": 1910.884736, "delta": 15.670652}}
{"target": 0.8994174595583235, "params": {"ac": 0.2991595392513069, "h1": 100.93295872390783, "h2": 284.3995209943515, "h3": 242.24229819101598, "so": 2.5634551991299652}, "datetime": {"datetime": "2020-12-04 18:47:06", "elapsed": 1700.094379, "delta": 1.651705}}
{"target": 0.8108133893275349, "params": {"ac": 1.5480980703667275, "h1": 85.61295991515061, "h2": 195.87750466358696, "h3": 33.28115029297238, "so": 2.9386656053261317}, "datetime": {"datetime": "2020-12-04 18:47:08", "elapsed": 1701.627306, "delta": 1.532927}}
{"target": -0.27629271879843664, "params": {"ac": 0.5281326136162314, "h1": 96.77363555074933, "h2": 202.19863719246544, "h3": 37.19117503400784, "so": 0.7898417080938522}, "datetime": {"datetime": "2020-12-04 18:47:08", "elapsed": 1702.379069, "delta": 0.751763}}
{"target": -0.22916504084518338, "params": {"ac": 1.404846181190038, "h1": 89.66233219419072, "h2": 208.2520327330057, "h3": 28.21551693976865, "so": 1.0013105416054968}, "datetime": {"datetime": "2020-12-04 18:47:09", "elapsed": 1703.279011, "delta": 0.899942}}
{"target": 0.8653995278134369, "params": {"ac": 0.0, "h1": 214.77241433178403, "h2": 39.09736694073947, "h3": 291.3745343046573, "so": 0.0}, "datetime": {"datetime": "2020-12-04 18:47:11", "elapsed": 1704.528492, "delta": 1.249481}}
{"target": 0.7930067209602594, "params": {"ac": 2.306294268619126, "h1": 80.67755074758729, "h2": 205.2168724512444, "h3": 35.34808565041119, "so": 1.898252683084657}, "datetime": {"datetime": "2020-12-04 18:47:12", "elapsed": 1705.553988, "delta": 1.025496}}
{"target": 0.9060191756107407, "params": {"ac": 2.8029218854859588, "h1": 97.84914249709612, "h2": 285.7082930408196, "h3": 237.12932888131553, "so": 0.7712607379249329}, "datetime": {"datetime": "2020-12-04 18:47:20", "elapsed": 1713.568903, "delta": 8.014915}}
{"target": 0.8864585414739228, "params": {"ac": 2.716333037097791, "h1": 102.11248136884177, "h2": 299.838295839527, "h3": 237.3984707656869, "so": 2.4967609391988823}, "datetime": {"datetime": "2020-12-04 18:47:23", "elapsed": 1717.249088, "delta": 3.680185}}
{"target": 0.8713423730612856, "params": {"ac": 0.022093097092275138, "h1": 97.3084869507415, "h2": 151.09521258445974, "h3": 273.87916545282843, "so": 2.027233745172861}, "datetime": {"datetime": "2020-12-04 18:47:25", "elapsed": 1718.945954, "delta": 1.696866}}
{"target": 0.8981729688097723, "params": {"ac": 2.8212086795603035, "h1": 97.50958392014307, "h2": 299.2319043198628, "h3": 238.69078729527118, "so": 1.7976830251262785}, "datetime": {"datetime": "2020-12-04 18:47:29", "elapsed": 1722.627432, "delta": 3.681478}}
{"target": -0.24352522687148398, "params": {"ac": 1.0324959218056566, "h1": 195.0699973548375, "h2": 75.3997247176586, "h3": 31.872136501473534, "so": 0.8379984282839923}, "datetime": {"datetime": "2020-12-04 18:47:29", "elapsed": 1723.373582, "delta": 0.74615}}
{"target": 0.7994663382011726, "params": {"ac": 1.736585898798268, "h1": 205.46848296085105, "h2": 77.16049461266945, "h3": 35.742353357469604, "so": 0.5637448052322316}, "datetime": {"datetime": "2020-12-04 18:47:30", "elapsed": 1724.217143, "delta": 0.843561}}
{"target": 0.8578436731491033, "params": {"ac": 2.2237699584064625, "h1": 206.38163675463588, "h2": 37.3852076812406, "h3": 292.4307355920194, "so": 1.0387388304380814}, "datetime": {"datetime": "2020-12-04 18:47:32", "elapsed": 1726.332875, "delta": 2.115732}}
{"target": 0.8285602389322932, "params": {"ac": 2.125806460371859, "h1": 200.92733398954144, "h2": 82.44460279304893, "h3": 36.5783869145123, "so": 2.9761714311804615}, "datetime": {"datetime": "2020-12-04 18:47:35", "elapsed": 1729.079254, "delta": 2.746379}}
{"target": 0.8447509242906481, "params": {"ac": 2.2585519976537203, "h1": 83.407327562703, "h2": 211.64070309660252, "h3": 32.7457961956996, "so": 2.565157281597205}, "datetime": {"datetime": "2020-12-04 18:47:38", "elapsed": 1731.891706, "delta": 2.812452}}
{"target": 0.870729627046307, "params": {"ac": 0.4928196944265969, "h1": 103.13697649178174, "h2": 149.14049045614007, "h3": 271.0042500692046, "so": 1.6203157954138996}, "datetime": {"datetime": "2020-12-04 18:47:40", "elapsed": 1733.773576, "delta": 1.88187}}
{"target": 0.9274377193245851, "params": {"ac": 2.7917901433012964, "h1": 99.8618014393539, "h2": 209.06131654400897, "h3": 28.52616874196108, "so": 0.014604031152493535}, "datetime": {"datetime": "2020-12-04 18:47:43", "elapsed": 1736.642703, "delta": 2.869127}}
{"target": -0.042433134666551166, "params": {"ac": 1.4291022588241389, "h1": 100.69944300816094, "h2": 289.66895478278815, "h3": 233.74589653510748, "so": 1.5790489556425344}, "datetime": {"datetime": "2020-12-04 18:47:46", "elapsed": 1739.579503, "delta": 2.9368}}
{"target": 0.9071349741139819, "params": {"ac": 0.1879641825538496, "h1": 134.99545390423415, "h2": 5.448648873110957, "h3": 231.98612889083248, "so": 1.2332297974996562}, "datetime": {"datetime": "2020-12-04 18:47:47", "elapsed": 1740.891893, "delta": 1.31239}}
{"target": -0.23774794462709076, "params": {"ac": 0.5791800317634556, "h1": 271.6086537064397, "h2": 203.76418109446954, "h3": 161.02879208476412, "so": 0.6597797658824611}, "datetime": {"datetime": "2020-12-04 18:47:48", "elapsed": 1741.860809, "delta": 0.968916}}
