{"target": -0.2737280065354847, "params": {"ac": 0.5745583511366769, "h1": 187.01052254090973, "h2": 131.88059396312724, "h3": 235.822216530417, "so": 2.3399274243564108}, "datetime": {"datetime": "2020-12-04 18:18:46", "elapsed": 0.0, "delta": 0.0}}
{"target": -0.1205670492468712, "params": {"ac": 0.8177778158479249, "h1": 83.66281228778591, "h2": 240.75978108297076, "h3": 287.48366675142785, "so": 2.6277979042262842}, "datetime": {"datetime": "2020-12-04 18:18:47", "elapsed": 1.445139, "delta": 1.445139}}
{"target": -0.153014395252325, "params": {"ac": 1.0734518098736001, "h1": 150.79754253151415, "h2": 205.35541761646874, "h3": 214.09790606788715, "so": 1.1107522643711847}, "datetime": {"datetime": "2020-12-04 18:18:48", "elapsed": 1.996665, "delta": 0.551526}}
{"target": 0.24709891262981767, "params": {"ac": 0.6647010682987269, "h1": 228.9710532911579, "h2": 183.38200033260696, "h3": 60.59618007470068, "so": 1.7088769982004746}, "datetime": {"datetime": "2020-12-04 18:18:50", "elapsed": 216.401477, "delta": 4.420183}}
{"target": 0.879028840282744, "params": {"ac": 0.2028506668446315, "h1": 265.2307736218961, "h2": 132.1179875064987, "h3": 116.89246971568188, "so": 2.382266275074222}, "datetime": {"datetime": "2020-12-04 18:18:51", "elapsed": 217.637172, "delta": 1.235695}}
{"target": 0.9389728821554295, "params": {"ac": 1.6835885581968748, "h1": 151.4218664270351, "h2": 5.116766427613991, "h3": 232.07515986209984, "so": 2.6479235719083496}, "datetime": {"datetime": "2020-12-04 18:18:51", "elapsed": 5.014593, "delta": 3.017928}}
{"target": -0.3555453533560151, "params": {"ac": 1.0946579517041168, "h1": 185.00345735161463, "h2": 23.53899125124999, "h3": 111.27837779459038, "so": 2.7994203059475646}, "datetime": {"datetime": "2020-12-04 18:18:51", "elapsed": 5.273899, "delta": 0.259306}}
{"target": 0.8971445350413696, "params": {"ac": 1.954134429679732, "h1": 119.7635707401201, "h2": 236.8303127392829, "h3": 95.7340005284925, "so": 1.7042959578782075}, "datetime": {"datetime": "2020-12-04 18:18:55", "elapsed": 8.818421, "delta": 3.544522}}
{"target": 0.8549905326023414, "params": {"ac": 2.461133835093129, "h1": 162.66104692615954, "h2": 195.49432172751582, "h3": 173.6701863013523, "so": 0.8734676936633009}, "datetime": {"datetime": "2020-12-04 18:18:57", "elapsed": 223.323965, "delta": 5.686793}}
{"target": -0.22897442936653878, "params": {"ac": 0.6404484751742814, "h1": 108.70585367636582, "h2": 122.25892042162035, "h3": 192.66872343253442, "so": 0.6223360165177726}, "datetime": {"datetime": "2020-12-04 18:18:57", "elapsed": 223.768775, "delta": 0.44481}}
{"target": 0.8882297434960262, "params": {"ac": 2.6073821686836776, "h1": 131.41585374480812, "h2": 240.84214498196758, "h3": 43.98628052985481, "so": 2.112782913355006}, "datetime": {"datetime": "2020-12-04 18:18:58", "elapsed": 12.367112, "delta": 3.548691}}
{"target": 0.8398206027771954, "params": {"ac": 2.1137439245687175, "h1": 66.41883959655249, "h2": 277.53542095605394, "h3": 133.20008586584882, "so": 2.7279478769174177}, "datetime": {"datetime": "2020-12-04 18:19:04", "elapsed": 17.979486, "delta": 5.612374}}
{"target": 0.8530619306514758, "params": {"ac": 0.1794276683395557, "h1": 56.10183806033028, "h2": 15.159228361653025, "h3": 202.78940213111673, "so": 1.7838743398033465}, "datetime": {"datetime": "2020-12-04 18:19:05", "elapsed": 18.620771, "delta": 0.641285}}
{"target": 0.8873393302816585, "params": {"ac": 2.425544305113231, "h1": 110.54171845139439, "h2": 295.7680957138238, "h3": 266.7129668442442, "so": 2.5207207987038744}, "datetime": {"datetime": "2020-12-04 18:19:06", "elapsed": 233.095942, "delta": 9.327167}}
{"target": -0.2828950301419847, "params": {"ac": 1.3491050612308313, "h1": 134.0357822702688, "h2": 97.41080918527122, "h3": 180.64723337803716, "so": 2.2204715524845917}, "datetime": {"datetime": "2020-12-04 18:19:07", "elapsed": 233.606757, "delta": 0.510815}}
{"target": 0.8728462957142581, "params": {"ac": 1.5999304889962516, "h1": 13.953894745746243, "h2": 168.86849093895597, "h3": 99.57086524065359, "so": 1.5089004993378552}, "datetime": {"datetime": "2020-12-04 18:19:07", "elapsed": 21.189765, "delta": 2.568994}}
{"target": 0.8476381173607466, "params": {"ac": 0.33568295272321147, "h1": 182.5509181593269, "h2": 170.2174482721089, "h3": 3.022454535010834, "so": 1.8523251264128913}, "datetime": {"datetime": "2020-12-04 18:19:08", "elapsed": 21.707382, "delta": 0.517617}}
{"target": 0.8781463385174038, "params": {"ac": 1.5595952020465056, "h1": 134.7124322499527, "h2": 2.846795042663653, "h3": 178.02434766949492, "so": 0.033763813981125934}, "datetime": {"datetime": "2020-12-04 18:19:09", "elapsed": 235.708548, "delta": 2.101791}}
{"target": -0.2977315687607188, "params": {"ac": 1.0893106919415798, "h1": 215.69001435190276, "h2": 99.22957861269508, "h3": 133.52510031900815, "so": 2.9475730918543634}, "datetime": {"datetime": "2020-12-04 18:19:10", "elapsed": 236.255324, "delta": 0.546776}}
{"target": 0.9196649915163964, "params": {"ac": 2.716626948414885, "h1": 187.60527529584877, "h2": 78.06869718794121, "h3": 248.52120549548098, "so": 0.31248169520481595}, "datetime": {"datetime": "2020-12-04 18:19:14", "elapsed": 240.360828, "delta": 4.105504}}
{"target": 0.9034084308419802, "params": {"ac": 2.7363686592994627, "h1": 237.36671578405299, "h2": 297.63235839032006, "h3": 287.6817268837071, "so": 2.3758924058749193}, "datetime": {"datetime": "2020-12-04 18:19:15", "elapsed": 28.679957, "delta": 6.972575}}
{"target": -0.3194832953257064, "params": {"ac": 0.8557528800735293, "h1": 187.8500948864674, "h2": 143.95004490553168, "h3": 59.50687842110357, "so": 1.1469523560945194}, "datetime": {"datetime": "2020-12-04 18:19:15", "elapsed": 29.163294, "delta": 0.483337}}
{"target": 0.8906587252306182, "params": {"ac": 0.21480524336519502, "h1": 147.13929848857845, "h2": 292.7077724643642, "h3": 222.1155114874448, "so": 0.5510332145826905}, "datetime": {"datetime": "2020-12-04 18:19:17", "elapsed": 243.389051, "delta": 3.028223}}
{"target": -0.33457157945294264, "params": {"ac": 1.4426077871618341, "h1": 174.76772813548467, "h2": 2.0159413402221644, "h3": 137.18664841076438, "so": 1.1326744825692097}, "datetime": {"datetime": "2020-12-04 18:19:17", "elapsed": 243.712188, "delta": 0.323137}}
{"target": 0.8654659120697179, "params": {"ac": 0.16162105543870975, "h1": 136.04287406999686, "h2": 294.6194177150644, "h3": 38.05886744560193, "so": 0.3581426937787452}, "datetime": {"datetime": "2020-12-04 18:19:18", "elapsed": 31.495126, "delta": 2.331832}}
{"target": 0.8088921189417826, "params": {"ac": 2.2155691684300405, "h1": 176.6037864057314, "h2": 142.01812776178997, "h3": 33.030918340966025, "so": 0.6876556963818538}, "datetime": {"datetime": "2020-12-04 18:19:18", "elapsed": 32.281725, "delta": 0.786599}}
{"target": 0.9039374785543947, "params": {"ac": 2.79410664785331, "h1": 213.71634628304116, "h2": 64.92123665555678, "h3": 88.22798441288151, "so": 0.7547444574652037}, "datetime": {"datetime": "2020-12-04 18:19:21", "elapsed": 247.741247, "delta": 4.029059}}
{"target": -0.15873753459642928, "params": {"ac": 1.477883348561495, "h1": 150.3975431749958, "h2": 85.94745881511932, "h3": 213.8042132685074, "so": 1.352202782521216}, "datetime": {"datetime": "2020-12-04 18:19:22", "elapsed": 248.202121, "delta": 0.460874}}
{"target": 0.9211857582660642, "params": {"ac": 2.699895584510026, "h1": 125.60930780300527, "h2": 161.21964709695314, "h3": 2.85634645955169, "so": 0.9019251173109034}, "datetime": {"datetime": "2020-12-04 18:19:22", "elapsed": 36.446838, "delta": 4.165113}}
{"target": 0.7850403636434408, "params": {"ac": 1.5633341732074688, "h1": 42.822542405992266, "h2": 144.14852420118498, "h3": 115.33403152892632, "so": 0.7722123856391082}, "datetime": {"datetime": "2020-12-04 18:19:23", "elapsed": 249.406344, "delta": 1.204223}}
{"target": -0.21305233483218605, "params": {"ac": 1.3106795165268306, "h1": 184.0325501226615, "h2": 275.54122453879137, "h3": 188.09526431879806, "so": 2.1179926952453196}, "datetime": {"datetime": "2020-12-04 18:19:23", "elapsed": 37.287062, "delta": 0.840224}}
{"target": -0.27931257445196944, "params": {"ac": 1.004778870272356, "h1": 262.6212949188596, "h2": 243.08350841515318, "h3": 165.7334915863704, "so": 1.9504299599235624}, "datetime": {"datetime": "2020-12-04 18:19:24", "elapsed": 250.531977, "delta": 1.125633}}
{"target": -0.17569281197516073, "params": {"ac": 1.4681384627215563, "h1": 254.86808941398348, "h2": 279.03074451054084, "h3": 62.581495048850876, "so": 2.3376455966462615}, "datetime": {"datetime": "2020-12-04 18:19:25", "elapsed": 251.794559, "delta": 1.262582}}
{"target": 0.8972235380166401, "params": {"ac": 0.4495011479697817, "h1": 224.07295933187828, "h2": 249.4710907376278, "h3": 190.48400491634274, "so": 1.3149296433672826}, "datetime": {"datetime": "2020-12-04 18:19:25", "elapsed": 39.15702, "delta": 1.869958}}
{"target": -0.3522028647823659, "params": {"ac": 0.9272369296300578, "h1": 225.86669955688424, "h2": 44.936031227667705, "h3": 99.96869982896827, "so": 0.7229843794212485}, "datetime": {"datetime": "2020-12-04 18:19:26", "elapsed": 252.248257, "delta": 0.453698}}
{"target": 0.9006665640186178, "params": {"ac": 0.4577183240235161, "h1": 170.95447495890986, "h2": 158.9390589979331, "h3": 285.47720036232437, "so": 1.4410775355300482}, "datetime": {"datetime": "2020-12-04 18:19:27", "elapsed": 40.633492, "delta": 1.476472}}
{"target": 0.8653177730521323, "params": {"ac": 0.17510182755312087, "h1": 119.9122220856095, "h2": 166.68114034856353, "h3": 81.78533646434298, "so": 0.4174281562559128}, "datetime": {"datetime": "2020-12-04 18:19:27", "elapsed": 253.93653, "delta": 1.688273}}
{"target": -0.11862155758731552, "params": {"ac": 1.1834783444530739, "h1": 35.003236290904, "h2": 70.700363396227, "h3": 299.15340988532483, "so": 2.507456796762994}, "datetime": {"datetime": "2020-12-04 18:19:28", "elapsed": 254.703011, "delta": 0.766481}}
{"target": 0.8522090483503876, "params": {"ac": 1.507678690147651, "h1": 161.5265796843985, "h2": 245.94141805218334, "h3": 18.077575788569106, "so": 2.0082652292236465}, "datetime": {"datetime": "2020-12-04 18:19:29", "elapsed": 43.231787, "delta": 2.598295}}
{"target": 0.8794192122255373, "params": {"ac": 2.3013498851384173, "h1": 212.72649323130355, "h2": 239.2632879338338, "h3": 167.77048769980738, "so": 2.897509595976383}, "datetime": {"datetime": "2020-12-04 18:19:36", "elapsed": 50.293169, "delta": 7.061382}}
{"target": 0.9099727590744993, "params": {"ac": 0.44147069967899155, "h1": 9.864453160089258, "h2": 178.57415429480676, "h3": 35.10564392405608, "so": 2.8524295502523667}, "datetime": {"datetime": "2020-12-04 18:19:37", "elapsed": 51.286512, "delta": 0.993343}}
{"target": -0.12021892894668398, "params": {"ac": 0.9771222432760417, "h1": 58.89198835597938, "h2": 137.88568302033084, "h3": 276.20036875683326, "so": 2.637207484544027}, "datetime": {"datetime": "2020-12-04 18:19:38", "elapsed": 51.889899, "delta": 0.603387}}
{"target": -0.294475126989994, "params": {"ac": 0.7578472651395907, "h1": 105.0546290679345, "h2": 55.59403074251232, "h3": 270.6370193599266, "so": 2.1195844895153924}, "datetime": {"datetime": "2020-12-04 18:19:38", "elapsed": 52.33072, "delta": 0.440821}}
{"target": 0.8696839867181106, "params": {"ac": 2.179975384686422, "h1": 270.12626320610264, "h2": 233.96997643002794, "h3": 180.14727940068343, "so": 0.8733757346936245}, "datetime": {"datetime": "2020-12-04 18:19:45", "elapsed": 58.908971, "delta": 6.578251}}
{"target": 0.8654492141379425, "params": {"ac": 0.45418579322229635, "h1": 101.21722308568103, "h2": 197.607981370188, "h3": 22.92942054615283, "so": 0.16501918621867095}, "datetime": {"datetime": "2020-12-04 18:19:46", "elapsed": 60.16679, "delta": 1.257819}}
{"target": -0.34383716430116096, "params": {"ac": 0.9695844417635293, "h1": 177.55405953443287, "h2": 256.3156715705669, "h3": 86.83166507500269, "so": 0.5192016804443764}, "datetime": {"datetime": "2020-12-04 18:19:47", "elapsed": 60.807421, "delta": 0.640631}}
{"target": 0.894711963911243, "params": {"ac": 0.40206361799652846, "h1": 298.40149476464404, "h2": 54.66986297134816, "h3": 95.94650008513156, "so": 1.7048742139773216}, "datetime": {"datetime": "2020-12-04 18:19:48", "elapsed": 61.507553, "delta": 0.700132}}
{"target": 0.8653409922828429, "params": {"ac": 0.028045723500733533, "h1": 270.2939377253725, "h2": 293.1951878458535, "h3": 167.51150906191364, "so": 0.2543215301825704}, "datetime": {"datetime": "2020-12-04 18:19:54", "elapsed": 67.935543, "delta": 6.42799}}
{"target": -0.249579407675888, "params": {"ac": 0.9990073971873003, "h1": 218.80017423453194, "h2": 43.588176629203346, "h3": 166.1882129097661, "so": 0.8191297790510568}, "datetime": {"datetime": "2020-12-04 18:19:54", "elapsed": 68.244492, "delta": 0.308949}}
{"target": 0.9008250210093793, "params": {"ac": 2.923485414261779, "h1": 200.66828493736625, "h2": 77.44033264380775, "h3": 33.38513676063591, "so": 2.3285421695216466}, "datetime": {"datetime": "2020-12-04 18:19:57", "elapsed": 70.637134, "delta": 2.392642}}
{"target": 0.9023890777719746, "params": {"ac": 2.347433977800606, "h1": 228.71957037794073, "h2": 274.4065308675278, "h3": 197.92821180078437, "so": 1.7051027447187974}, "datetime": {"datetime": "2020-12-04 18:20:04", "elapsed": 78.133656, "delta": 7.496522}}
{"target": -0.12080881850008136, "params": {"ac": 0.6052670773589349, "h1": 209.79061628997658, "h2": 285.70642753482775, "h3": 267.0990228554595, "so": 2.980702088589521}, "datetime": {"datetime": "2020-12-04 18:20:06", "elapsed": 79.546643, "delta": 1.412987}}
{"target": 0.857667767993872, "params": {"ac": 2.4561105306117765, "h1": 163.99152768773624, "h2": 135.9249624342654, "h3": 267.27659919072835, "so": 2.919794373356007}, "datetime": {"datetime": "2020-12-04 18:20:11", "elapsed": 85.22016, "delta": 5.673517}}
{"target": 0.8691980555885355, "params": {"ac": 1.7802339887069092, "h1": 110.45627481842078, "h2": 97.6053131969086, "h3": 261.5555532595607, "so": 0.6469021889651875}, "datetime": {"datetime": "2020-12-04 18:20:16", "elapsed": 90.020318, "delta": 4.800158}}
{"target": 0.8990141969315543, "params": {"ac": 2.2048355656865892, "h1": 110.3201071227885, "h2": 240.6791769523253, "h3": 235.03794200063749, "so": 2.104066137710079}, "datetime": {"datetime": "2020-12-04 18:20:22", "elapsed": 95.636062, "delta": 5.615744}}
{"target": 0.8821934959195857, "params": {"ac": 1.8683297598095974, "h1": 148.6111110783865, "h2": 252.32077233542813, "h3": 213.91699909615053, "so": 1.3317269442475572}, "datetime": {"datetime": "2020-12-04 18:20:28", "elapsed": 101.692862, "delta": 6.0568}}
{"target": 0.9097153595214131, "params": {"ac": 0.09310458339999794, "h1": 109.60868829788582, "h2": 219.48581563169128, "h3": 143.19440535200883, "so": 1.0332509103660081}, "datetime": {"datetime": "2020-12-04 18:20:29", "elapsed": 102.637337, "delta": 0.944475}}
{"target": 0.9024717322176802, "params": {"ac": 1.9226413049880562, "h1": 38.73539116270544, "h2": 52.26811302831067, "h3": 221.38886161286797, "so": 0.3810881807172072}, "datetime": {"datetime": "2020-12-04 18:20:31", "elapsed": 105.296226, "delta": 2.658889}}
{"target": -0.15512349988559487, "params": {"ac": 1.1089496248398805, "h1": 181.69586744597188, "h2": 31.828227217838524, "h3": 240.90988051882584, "so": 2.836659707526373}, "datetime": {"datetime": "2020-12-04 18:20:32", "elapsed": 105.588445, "delta": 0.292219}}
{"target": 0.9132644004618007, "params": {"ac": 2.9371164598018127, "h1": 264.4884416553392, "h2": 188.67689451772858, "h3": 279.21547348739705, "so": 2.1743698593073164}, "datetime": {"datetime": "2020-12-04 18:20:37", "elapsed": 110.56111, "delta": 4.972665}}
{"target": 0.8412452152232544, "params": {"ac": 2.150033658166069, "h1": 13.282491408670971, "h2": 132.40505077507498, "h3": 85.33886515171024, "so": 1.0049879066757819}, "datetime": {"datetime": "2020-12-04 18:20:39", "elapsed": 112.620665, "delta": 2.059555}}
{"target": 0.8746650883101227, "params": {"ac": 0.2505810211332009, "h1": 228.49389497015844, "h2": 153.2724617020222, "h3": 198.65317786492722, "so": 1.8909433274528444}, "datetime": {"datetime": "2020-12-04 18:20:41", "elapsed": 114.578846, "delta": 1.958181}}
{"target": -0.2381482431814533, "params": {"ac": 1.1127804823725824, "h1": 134.57530536752256, "h2": 125.11735783908037, "h3": 144.63616389600858, "so": 2.949970720165399}, "datetime": {"datetime": "2020-12-04 18:20:41", "elapsed": 114.941876, "delta": 0.36303}}
{"target": -0.11769440874093369, "params": {"ac": 1.120271122060612, "h1": 4.709687536586365, "h2": 276.64909800190964, "h3": 262.10954503291816, "so": 1.0552404647627662}, "datetime": {"datetime": "2020-12-04 18:20:42", "elapsed": 115.724999, "delta": 0.783123}}
{"target": 0.792239917317481, "params": {"ac": 1.8903993375068762, "h1": 107.99026084316563, "h2": 64.63316135689102, "h3": 67.772447713673, "so": 1.258691375192483}, "datetime": {"datetime": "2020-12-04 18:20:42", "elapsed": 116.363292, "delta": 0.638293}}
{"target": 0.8952628071386377, "params": {"ac": 0.21873066323420032, "h1": 195.600881970871, "h2": 226.9501585363303, "h3": 279.69826666723185, "so": 1.1292124787459938}, "datetime": {"datetime": "2020-12-04 18:20:44", "elapsed": 118.302835, "delta": 1.939543}}
{"target": 0.8409929590635796, "params": {"ac": 1.2997750050930663, "h1": 163.74820962273245, "h2": 159.62852780432564, "h3": 244.05288698678802, "so": 0.09061871267112531}, "datetime": {"datetime": "2020-12-04 18:20:45", "elapsed": 331.893322, "delta": 77.190311}}
{"target": -0.1207022690614858, "params": {"ac": 0.8907818503486004, "h1": 112.2113494357509, "h2": 248.48210828228662, "h3": 270.44072103983814, "so": 1.2819113545724887}, "datetime": {"datetime": "2020-12-04 18:20:45", "elapsed": 119.453257, "delta": 1.150422}}
{"target": 0.8653270012246642, "params": {"ac": 0.006568292469364856, "h1": 13.547608124836394, "h2": 43.394427565666625, "h3": 179.87291834644483, "so": 0.31938156603558254}, "datetime": {"datetime": "2020-12-04 18:20:46", "elapsed": 119.959131, "delta": 0.505874}}
{"target": -0.13481281046332552, "params": {"ac": 0.8914769585229537, "h1": 18.459204983727705, "h2": 186.7761332151571, "h3": 7.781462361310207, "so": 2.56516405839497}, "datetime": {"datetime": "2020-12-04 18:20:47", "elapsed": 120.516131, "delta": 0.557}}
{"target": 0.9086305527750931, "params": {"ac": 0.447915045254374, "h1": 141.80409099104045, "h2": 7.665289335179454, "h3": 228.15360572301006, "so": 0.6169712397197773}, "datetime": {"datetime": "2020-12-04 18:20:48", "elapsed": 121.640259, "delta": 1.124128}}
{"target": -0.21978221754849034, "params": {"ac": 1.0633511864372713, "h1": 142.47737485515137, "h2": 9.773310365234286, "h3": 228.04126836444598, "so": 2.007803624895972}, "datetime": {"datetime": "2020-12-04 18:20:48", "elapsed": 122.091189, "delta": 0.45093}}
{"target": 0.8090058924827961, "params": {"ac": 2.6654622725380284, "h1": 5.85969847897274, "h2": 122.91265447544849, "h3": 71.84007868161142, "so": 2.9235057678691456}, "datetime": {"datetime": "2020-12-04 18:20:49", "elapsed": 335.502659, "delta": 3.609337}}
{"target": 0.8807583999406321, "params": {"ac": 0.3331633022652759, "h1": 66.36046402174263, "h2": 201.79416592887029, "h3": 257.9475120933628, "so": 2.392132648049605}, "datetime": {"datetime": "2020-12-04 18:20:50", "elapsed": 123.777174, "delta": 1.685985}}
{"target": 0.816720100675323, "params": {"ac": 2.4951918862555047, "h1": 242.08623847888322, "h2": 30.292225481175784, "h3": 114.84658580583933, "so": 2.6380520258121276}, "datetime": {"datetime": "2020-12-04 18:20:51", "elapsed": 124.790342, "delta": 1.013168}}
{"target": 0.8651939072080023, "params": {"ac": 0.1499382002158074, "h1": 77.5198270557584, "h2": 273.65870268148916, "h3": 161.74141940425326, "so": 0.4616760984029502}, "datetime": {"datetime": "2020-12-04 18:20:52", "elapsed": 338.407195, "delta": 2.904536}}
{"target": 0.9011593368640833, "params": {"ac": 2.945584442664792, "h1": 77.41308663019161, "h2": 264.098849647207, "h3": 14.051246520444442, "so": 0.152315685675934}, "datetime": {"datetime": "2020-12-04 18:20:55", "elapsed": 341.841383, "delta": 3.434188}}
{"target": 0.9167830214783936, "params": {"ac": 2.541548941759509, "h1": 87.82433151514874, "h2": 206.62045187850958, "h3": 15.664300857480354, "so": 0.6222234891606936}, "datetime": {"datetime": "2020-12-04 18:20:55", "elapsed": 129.424256, "delta": 4.633914}}
{"target": -0.05471211910440612, "params": {"ac": 0.8420313977216005, "h1": 190.4269205330918, "h2": 288.26450939464627, "h3": 188.7846052498259, "so": 1.6880562665618817}, "datetime": {"datetime": "2020-12-04 18:20:57", "elapsed": 343.887088, "delta": 2.045705}}
{"target": 0.8455563039047626, "params": {"ac": 2.543854365356076, "h1": 13.459698802318185, "h2": 25.364346060750577, "h3": 151.4072477515178, "so": 2.3038120512110765}, "datetime": {"datetime": "2020-12-04 18:20:58", "elapsed": 132.117366, "delta": 2.69311}}
{"target": 0.8034124258716824, "params": {"ac": 1.7777206155654288, "h1": 239.1253496978707, "h2": 46.71980653024096, "h3": 67.93318320522552, "so": 2.642869987829952}, "datetime": {"datetime": "2020-12-04 18:20:58", "elapsed": 344.884558, "delta": 0.99747}}
{"target": 0.9174671310098284, "params": {"ac": 2.9651261336947385, "h1": 103.52840333275192, "h2": 293.70352200245424, "h3": 250.26251411509833, "so": 0.23637666136891622}, "datetime": {"datetime": "2020-12-04 18:21:08", "elapsed": 354.756856, "delta": 9.872298}}
{"target": 0.9201506050487473, "params": {"ac": 1.6823258157198762, "h1": 102.15992348578521, "h2": 155.45946943508395, "h3": 281.52615164493164, "so": 0.31982547292289976}, "datetime": {"datetime": "2020-12-04 18:21:14", "elapsed": 147.995064, "delta": 15.877698}}
