{"target": -0.1210734846314293, "params": {"ac": 1.0960448155612865, "h1": 191.5369308313043, "h2": 162.52014725904158, "h3": 299.1187387417565, "so": 0.9049948864078932}, "datetime": {"datetime": "2020-12-04 18:21:16", "elapsed": 149.722444, "delta": 1.72738}}
{"target": 0.8616981437154407, "params": {"ac": 2.2691908121209057, "h1": 236.61375344898062, "h2": 92.47694574802026, "h3": 87.08017513835573, "so": 1.8317989658332066}, "datetime": {"datetime": "2020-12-04 18:21:17", "elapsed": 150.505351, "delta": 0.782907}}
{"target": 0.9066008864672639, "params": {"ac": 1.9154678288202653, "h1": 221.85374346327828, "h2": 130.8818936390438, "h3": 37.56766655784203, "so": 0.06693713994435957}, "datetime": {"datetime": "2020-12-04 18:21:22", "elapsed": 156.288594, "delta": 5.783243}}
{"target": 0.9163611895661768, "params": {"ac": 2.9472911418365624, "h1": 207.2290018288479, "h2": 286.638293695252, "h3": 293.3907973538629, "so": 2.7360739269989085}, "datetime": {"datetime": "2020-12-04 18:21:23", "elapsed": 369.642217, "delta": 14.885361}}
{"target": -0.16295710787269946, "params": {"ac": 1.3081916980552966, "h1": 265.8905847617008, "h2": 186.39377433023216, "h3": 228.8190719605548, "so": 2.7017051401023457}, "datetime": {"datetime": "2020-12-04 18:21:23", "elapsed": 156.984731, "delta": 0.696137}}
{"target": 0.8652608087715847, "params": {"ac": 0.047152855727896625, "h1": 19.155709641565984, "h2": 2.2950508083488734, "h3": 47.30364020787869, "so": 0.3224395384493677}, "datetime": {"datetime": "2020-12-04 18:21:23", "elapsed": 369.995274, "delta": 0.353057}}
{"target": 0.8997237122937675, "params": {"ac": 2.7875408123171663, "h1": 177.3220624533377, "h2": 28.80108305143086, "h3": 59.60400597144675, "so": 1.7006444625555637}, "datetime": {"datetime": "2020-12-04 18:21:26", "elapsed": 372.369309, "delta": 2.374035}}
{"target": 0.8850085699703765, "params": {"ac": 2.412240250208705, "h1": 110.44855942688983, "h2": 193.14577108683667, "h3": 134.9677784838789, "so": 0.7747517867698926}, "datetime": {"datetime": "2020-12-04 18:21:29", "elapsed": 162.47142, "delta": 5.486689}}
{"target": 0.8693030241143817, "params": {"ac": 0.0779215965717297, "h1": 296.77636053579556, "h2": 275.7623523208162, "h3": 298.2730610779439, "so": 2.347922677070425}, "datetime": {"datetime": "2020-12-04 18:21:30", "elapsed": 377.01689, "delta": 4.647581}}
{"target": -0.14765744643210982, "params": {"ac": 0.7057374721650275, "h1": 185.46548216383346, "h2": 90.2021875158522, "h3": 244.6877200193271, "so": 0.9480708796225651}, "datetime": {"datetime": "2020-12-04 18:21:31", "elapsed": 377.585474, "delta": 0.568584}}
{"target": -0.07890799829055962, "params": {"ac": 0.5088950427240005, "h1": 147.43942752712064, "h2": 249.6042167073243, "h3": 69.59214425016783, "so": 1.597644314636922}, "datetime": {"datetime": "2020-12-04 18:21:32", "elapsed": 379.155256, "delta": 1.569782}}
{"target": -0.00778076194404832, "params": {"ac": 0.6194365417969404, "h1": 41.6365973082483, "h2": 13.156510193576342, "h3": 173.9078753478687, "so": 1.722786977237543}, "datetime": {"datetime": "2020-12-04 18:21:34", "elapsed": 380.223364, "delta": 1.068108}}
{"target": 0.865193604121196, "params": {"ac": 0.26551357597116465, "h1": 157.19503659762046, "h2": 287.5799066162296, "h3": 164.64851847966528, "so": 0.06669078812024265}, "datetime": {"datetime": "2020-12-04 18:21:38", "elapsed": 384.435468, "delta": 4.212104}}
{"target": 0.924965509765531, "params": {"ac": 2.622617250979257, "h1": 266.4968835275129, "h2": 204.77042535447424, "h3": 158.48520709092784, "so": 1.2899154740458667}, "datetime": {"datetime": "2020-12-04 18:21:38", "elapsed": 171.846798, "delta": 9.375378}}
{"target": 0.9350461711926789, "params": {"ac": 1.0624368479329664, "h1": 290.7871911140253, "h2": 15.062653134561918, "h3": 75.88483715614198, "so": 2.3289148443206136}, "datetime": {"datetime": "2020-12-04 18:21:43", "elapsed": 389.536211, "delta": 5.100743}}
{"target": 0.9096275947074414, "params": {"ac": 2.535201075052528, "h1": 287.6581805992234, "h2": 95.97228036318506, "h3": 2.3564851521353014, "so": 2.9177833149607415}, "datetime": {"datetime": "2020-12-04 18:21:46", "elapsed": 179.708842, "delta": 7.862044}}
{"target": 0.9043114710199059, "params": {"ac": 2.817552540402377, "h1": 119.73061636413672, "h2": 112.08215386278427, "h3": 275.5768880902896, "so": 1.847185113562661}, "datetime": {"datetime": "2020-12-04 18:21:46", "elapsed": 392.632151, "delta": 3.09594}}
{"target": -0.3042739349043234, "params": {"ac": 1.2783928356245802, "h1": 74.80604407599037, "h2": 242.29491756907558, "h3": 132.03588141435972, "so": 2.1945987226222625}, "datetime": {"datetime": "2020-12-04 18:21:46", "elapsed": 180.311169, "delta": 0.602327}}
{"target": -0.2494056880814063, "params": {"ac": 0.5563972350489689, "h1": 288.25109045164606, "h2": 179.3563548373758, "h3": 187.48279473807833, "so": 1.7262791103345623}, "datetime": {"datetime": "2020-12-04 18:21:47", "elapsed": 393.464328, "delta": 0.832177}}
{"target": -0.17292646433116038, "params": {"ac": 0.8934692644043556, "h1": 167.98935931005647, "h2": 293.3722639629947, "h3": 195.28481908187655, "so": 2.669346450671796}, "datetime": {"datetime": "2020-12-04 18:21:48", "elapsed": 394.215596, "delta": 0.751268}}
{"target": 0.9061549862641508, "params": {"ac": 2.571203385744278, "h1": 126.81353036673221, "h2": 254.72382453314282, "h3": 114.11857845454193, "so": 1.8914303189348018}, "datetime": {"datetime": "2020-12-04 18:21:50", "elapsed": 183.723703, "delta": 3.412534}}
{"target": -0.11966030530596083, "params": {"ac": 1.458189620593603, "h1": 185.49723304044417, "h2": 291.49266384733295, "h3": 286.99095795090403, "so": 2.518710730831658}, "datetime": {"datetime": "2020-12-04 18:21:52", "elapsed": 186.295663, "delta": 2.57196}}
{"target": 0.920862435991985, "params": {"ac": 2.515167101780154, "h1": 255.55366291016597, "h2": 232.03859895842405, "h3": 249.02466114762436, "so": 2.6994659376829957}, "datetime": {"datetime": "2020-12-04 18:21:58", "elapsed": 404.556721, "delta": 10.341125}}
{"target": 0.8865673891813021, "params": {"ac": 0.005370334445421232, "h1": 216.20795830277706, "h2": 284.56103161519803, "h3": 91.75531595262049, "so": 2.672031810236234}, "datetime": {"datetime": "2020-12-04 18:21:59", "elapsed": 405.836118, "delta": 1.279397}}
{"target": 0.8801316622518659, "params": {"ac": 1.9829000188402401, "h1": 149.55618558030264, "h2": 85.14477055205866, "h3": 191.28558222126628, "so": 2.5901686218519178}, "datetime": {"datetime": "2020-12-04 18:22:03", "elapsed": 409.236297, "delta": 3.400179}}
{"target": 0.8827610245116098, "params": {"ac": 2.769301471256399, "h1": 289.5113627551302, "h2": 72.13251736538618, "h3": 22.452615333989208, "so": 1.539068166292724}, "datetime": {"datetime": "2020-12-04 18:22:05", "elapsed": 412.031821, "delta": 2.795524}}
{"target": 0.7932858156696095, "params": {"ac": 2.3606102342138238, "h1": 159.3351357342395, "h2": 249.940824477774, "h3": 58.05510763015215, "so": 2.982469192748203}, "datetime": {"datetime": "2020-12-04 18:22:06", "elapsed": 412.729953, "delta": 0.698132}}
{"target": 0.8302991843673244, "params": {"ac": 2.3296065853832557, "h1": 267.4660267035006, "h2": 219.29671655275914, "h3": 65.1529423485186, "so": 0.6213310795553705}, "datetime": {"datetime": "2020-12-04 18:22:08", "elapsed": 414.414449, "delta": 1.684496}}
{"target": 0.9043254055406506, "params": {"ac": 0.17321424584866596, "h1": 279.0093505676497, "h2": 122.46752091386777, "h3": 295.77699832970086, "so": 0.6733734864747671}, "datetime": {"datetime": "2020-12-04 18:22:09", "elapsed": 416.069025, "delta": 1.654576}}
{"target": 0.9089139677722127, "params": {"ac": 0.7042172884556928, "h1": 70.20085308895268, "h2": 292.9755448789466, "h3": 6.480836691334039, "so": 1.8475578603807503}, "datetime": {"datetime": "2020-12-04 18:22:19", "elapsed": 212.965339, "delta": 26.669676}}
{"target": 0.868843773449686, "params": {"ac": 0.5397368025750023, "h1": 32.64413030251855, "h2": 161.82145196533955, "h3": 72.79688032039041, "so": 0.45762059539969757}, "datetime": {"datetime": "2020-12-04 18:22:20", "elapsed": 426.202298, "delta": 10.133273}}
{"target": 0.8979211674245938, "params": {"ac": 1.8736950407608446, "h1": 174.1589739717428, "h2": 44.91225701390406, "h3": 283.1356434716036, "so": 2.5154294180768417}, "datetime": {"datetime": "2020-12-04 18:22:23", "elapsed": 429.705232, "delta": 3.502934}}
{"target": 0.927929774024763, "params": {"ac": 2.9739970768259902, "h1": 260.57908024856334, "h2": 226.9463767071409, "h3": 121.7639026228548, "so": 0.2187907545406954}, "datetime": {"datetime": "2020-12-04 18:22:25", "elapsed": 219.103397, "delta": 6.138058}}
{"target": 0.8704289661246346, "params": {"ac": 1.7429372065976467, "h1": 4.7444981427481645, "h2": 134.9651651367445, "h3": 194.34121235439392, "so": 0.8226764904547028}, "datetime": {"datetime": "2020-12-04 18:22:27", "elapsed": 434.090336, "delta": 4.385104}}
{"target": -0.05820975466940568, "params": {"ac": 0.7501094163402185, "h1": 233.71990753571868, "h2": 100.31726312411573, "h3": 295.9667551471943, "so": 1.9960235868654346}, "datetime": {"datetime": "2020-12-04 18:22:29", "elapsed": 435.878563, "delta": 1.788227}}
{"target": -0.21063612606057447, "params": {"ac": 1.4285131773132416, "h1": 245.61207586934478, "h2": 287.10966805965467, "h3": 173.4241293183208, "so": 1.7774702519487082}, "datetime": {"datetime": "2020-12-04 18:22:30", "elapsed": 436.912425, "delta": 1.033862}}
{"target": 0.9016977041928692, "params": {"ac": 2.0116492997337687, "h1": 39.49982813604596, "h2": 262.077696277561, "h3": 261.49348161863117, "so": 2.197174349615694}, "datetime": {"datetime": "2020-12-04 18:22:30", "elapsed": 224.179141, "delta": 5.075744}}
{"target": -0.2927638230408931, "params": {"ac": 1.285217807191852, "h1": 32.80074263903077, "h2": 294.18683603411574, "h3": 112.18074320933793, "so": 0.6438572874095632}, "datetime": {"datetime": "2020-12-04 18:22:31", "elapsed": 437.483979, "delta": 0.571554}}
{"target": -0.1271706143288251, "params": {"ac": 0.6523384930093674, "h1": 89.87028621686287, "h2": 2.224132888978327, "h3": 296.11827641144055, "so": 2.8490403543703025}, "datetime": {"datetime": "2020-12-04 18:22:31", "elapsed": 437.966731, "delta": 0.482752}}
{"target": 0.8911362751045637, "params": {"ac": 1.511598222003524, "h1": 51.84694836824085, "h2": 255.5950923517328, "h3": 248.45463083800405, "so": 0.8490665400576403}, "datetime": {"datetime": "2020-12-04 18:22:37", "elapsed": 230.634353, "delta": 6.455212}}
{"target": 0.91128090126247, "params": {"ac": 2.5186351499628907, "h1": 183.1420377327017, "h2": 109.7844157532588, "h3": 265.3264163171521, "so": 2.632103555540433}, "datetime": {"datetime": "2020-12-04 18:22:39", "elapsed": 445.518477, "delta": 7.551746}}
{"target": 0.9143402781176372, "params": {"ac": 2.737836526637973, "h1": 118.65836362343705, "h2": 100.86925867747641, "h3": 181.24437776627957, "so": 0.005503226285274998}, "datetime": {"datetime": "2020-12-04 18:22:40", "elapsed": 233.700686, "delta": 3.066333}}
{"target": -0.32388739033671826, "params": {"ac": 0.628759067056034, "h1": 241.42037934742478, "h2": 19.8381878004482, "h3": 124.99534261012205, "so": 1.1086332366139355}, "datetime": {"datetime": "2020-12-04 18:22:40", "elapsed": 234.077678, "delta": 0.376992}}
{"target": 0.8530508924699258, "params": {"ac": 2.0794078318240032, "h1": 151.54439931637995, "h2": 292.25439266305204, "h3": 148.88248342464726, "so": 0.74897947620278}, "datetime": {"datetime": "2020-12-04 18:22:48", "elapsed": 241.490776, "delta": 7.413098}}
{"target": 0.8924042695050073, "params": {"ac": 1.853165088782073, "h1": 286.0378230701045, "h2": 161.7603525632943, "h3": 136.32101691956174, "so": 1.84803283054267}, "datetime": {"datetime": "2020-12-04 18:22:52", "elapsed": 246.407628, "delta": 4.916852}}
{"target": 0.8749090927861815, "params": {"ac": 0.06346449613973326, "h1": 196.3185793442372, "h2": 95.51163798992974, "h3": 72.56549958012795, "so": 1.7875205024123608}, "datetime": {"datetime": "2020-12-04 18:22:53", "elapsed": 247.207489, "delta": 0.799861}}
{"target": 0.7665457750052835, "params": {"ac": 2.035687337960062, "h1": 238.02253280685233, "h2": 270.0458786461253, "h3": 24.00633070264739, "so": 1.4092219397597583}, "datetime": {"datetime": "2020-12-04 18:22:54", "elapsed": 248.035275, "delta": 0.827786}}
{"target": 0.8000984105574263, "params": {"ac": 0.5164911819454332, "h1": 290.9380582777952, "h2": 24.112030666533432, "h3": 193.47603548612048, "so": 0.1903083550332596}, "datetime": {"datetime": "2020-12-04 18:23:08", "elapsed": 262.3386, "delta": 14.303325}}
{"target": 0.8999707489796283, "params": {"ac": 0.42149323593543375, "h1": 234.7127353822827, "h2": 105.40302341516633, "h3": 2.857221801402167, "so": 1.0067921766534922}, "datetime": {"datetime": "2020-12-04 18:23:09", "elapsed": 263.270847, "delta": 0.932247}}
{"target": 0.24709891262981767, "params": {"ac": 0.6647010682987269, "h1": 228.9710532911579, "h2": 183.38200033260696, "h3": 60.59618007470068, "so": 1.7088769982004746}, "datetime": {"datetime": "2020-12-04 18:23:14", "elapsed": 267.700526, "delta": 4.429679}}
{"target": 0.879028840282744, "params": {"ac": 0.2028506668446315, "h1": 265.2307736218961, "h2": 132.1179875064987, "h3": 116.89246971568188, "so": 2.382266275074222}, "datetime": {"datetime": "2020-12-04 18:23:15", "elapsed": 269.098008, "delta": 1.397482}}
{"target": 0.8549905326023414, "params": {"ac": 2.461133835093129, "h1": 162.66104692615954, "h2": 195.49432172751582, "h3": 173.6701863013523, "so": 0.8734676936633009}, "datetime": {"datetime": "2020-12-04 18:23:21", "elapsed": 274.686375, "delta": 5.588367}}
{"target": -0.22897442936653878, "params": {"ac": 0.6404484751742814, "h1": 108.70585367636582, "h2": 122.25892042162035, "h3": 192.66872343253442, "so": 0.6223360165177726}, "datetime": {"datetime": "2020-12-04 18:23:21", "elapsed": 275.148274, "delta": 0.461899}}
{"target": 0.8873393302816585, "params": {"ac": 2.425544305113231, "h1": 110.54171845139439, "h2": 295.7680957138238, "h3": 266.7129668442442, "so": 2.5207207987038744}, "datetime": {"datetime": "2020-12-04 18:23:31", "elapsed": 284.844259, "delta": 9.695985}}
{"target": -0.2828950301419847, "params": {"ac": 1.3491050612308313, "h1": 134.0357822702688, "h2": 97.41080918527122, "h3": 180.64723337803716, "so": 2.2204715524845917}, "datetime": {"datetime": "2020-12-04 18:23:31", "elapsed": 285.385666, "delta": 0.541407}}
{"target": 0.8781463385174038, "params": {"ac": 1.5595952020465056, "h1": 134.7124322499527, "h2": 2.846795042663653, "h3": 178.02434766949492, "so": 0.033763813981125934}, "datetime": {"datetime": "2020-12-04 18:23:34", "elapsed": 287.457125, "delta": 2.071459}}
{"target": -0.2977315687607188, "params": {"ac": 1.0893106919415798, "h1": 215.69001435190276, "h2": 99.22957861269508, "h3": 133.52510031900815, "so": 2.9475730918543634}, "datetime": {"datetime": "2020-12-04 18:23:34", "elapsed": 287.969775, "delta": 0.51265}}
{"target": 0.9196649915163964, "params": {"ac": 2.716626948414885, "h1": 187.60527529584877, "h2": 78.06869718794121, "h3": 248.52120549548098, "so": 0.31248169520481595}, "datetime": {"datetime": "2020-12-04 18:23:38", "elapsed": 291.616577, "delta": 3.646802}}
{"target": 0.8906587252306182, "params": {"ac": 0.21480524336519502, "h1": 147.13929848857845, "h2": 292.7077724643642, "h3": 222.1155114874448, "so": 0.5510332145826905}, "datetime": {"datetime": "2020-12-04 18:23:41", "elapsed": 294.595609, "delta": 2.979032}}
{"target": -0.33457157945294264, "params": {"ac": 1.4426077871618341, "h1": 174.76772813548467, "h2": 2.0159413402221644, "h3": 137.18664841076438, "so": 1.1326744825692097}, "datetime": {"datetime": "2020-12-04 18:23:41", "elapsed": 294.926723, "delta": 0.331114}}
{"target": 0.9039374785543947, "params": {"ac": 2.79410664785331, "h1": 213.71634628304116, "h2": 64.92123665555678, "h3": 88.22798441288151, "so": 0.7547444574652037}, "datetime": {"datetime": "2020-12-04 18:23:45", "elapsed": 299.163079, "delta": 4.236356}}
{"target": -0.15873753459642928, "params": {"ac": 1.477883348561495, "h1": 150.3975431749958, "h2": 85.94745881511932, "h3": 213.8042132685074, "so": 1.352202782521216}, "datetime": {"datetime": "2020-12-04 18:23:46", "elapsed": 299.654048, "delta": 0.490969}}
{"target": 0.7850403636434408, "params": {"ac": 1.5633341732074688, "h1": 42.822542405992266, "h2": 144.14852420118498, "h3": 115.33403152892632, "so": 0.7722123856391082}, "datetime": {"datetime": "2020-12-04 18:23:47", "elapsed": 300.601228, "delta": 0.94718}}
{"target": -0.27931257445196944, "params": {"ac": 1.004778870272356, "h1": 262.6212949188596, "h2": 243.08350841515318, "h3": 165.7334915863704, "so": 1.9504299599235624}, "datetime": {"datetime": "2020-12-04 18:23:48", "elapsed": 301.627726, "delta": 1.026498}}
{"target": -0.17569281197516073, "params": {"ac": 1.4681384627215563, "h1": 254.86808941398348, "h2": 279.03074451054084, "h3": 62.581495048850876, "so": 2.3376455966462615}, "datetime": {"datetime": "2020-12-04 18:23:49", "elapsed": 302.769089, "delta": 1.141363}}
{"target": -0.3522028647823659, "params": {"ac": 0.9272369296300578, "h1": 225.86669955688424, "h2": 44.936031227667705, "h3": 99.96869982896827, "so": 0.7229843794212485}, "datetime": {"datetime": "2020-12-04 18:23:49", "elapsed": 303.230839, "delta": 0.46175}}
{"target": 0.8653177730521323, "params": {"ac": 0.17510182755312087, "h1": 119.9122220856095, "h2": 166.68114034856353, "h3": 81.78533646434298, "so": 0.4174281562559128}, "datetime": {"datetime": "2020-12-04 18:23:51", "elapsed": 305.146425, "delta": 1.915586}}
{"target": -0.11862155758731552, "params": {"ac": 1.1834783444530739, "h1": 35.003236290904, "h2": 70.700363396227, "h3": 299.15340988532483, "so": 2.507456796762994}, "datetime": {"datetime": "2020-12-04 18:23:52", "elapsed": 305.945774, "delta": 0.799349}}
{"target": 0.842901434162173, "params": {"ac": 1.4740601327695213, "h1": 211.03199585869578, "h2": 149.26978953326503, "h3": 290.74178978277604, "so": 0.05419841242364698}, "datetime": {"datetime": "2020-12-04 18:24:11", "elapsed": 537.595786, "delta": 92.077309}}
{"target": 0.8409929590635796, "params": {"ac": 1.2997750050930663, "h1": 163.74820962273245, "h2": 159.62852780432564, "h3": 244.05288698678802, "so": 0.09061871267112531}, "datetime": {"datetime": "2020-12-04 18:25:17", "elapsed": 391.300649, "delta": 85.354875}}
{"target": 0.8090058924827961, "params": {"ac": 2.6654622725380284, "h1": 5.85969847897274, "h2": 122.91265447544849, "h3": 71.84007868161142, "so": 2.9235057678691456}, "datetime": {"datetime": "2020-12-04 18:25:21", "elapsed": 395.004633, "delta": 3.703984}}
{"target": 0.8651939072080023, "params": {"ac": 0.1499382002158074, "h1": 77.5198270557584, "h2": 273.65870268148916, "h3": 161.74141940425326, "so": 0.4616760984029502}, "datetime": {"datetime": "2020-12-04 18:25:24", "elapsed": 398.426705, "delta": 3.422072}}
{"target": 0.9011593368640833, "params": {"ac": 2.945584442664792, "h1": 77.41308663019161, "h2": 264.098849647207, "h3": 14.051246520444442, "so": 0.152315685675934}, "datetime": {"datetime": "2020-12-04 18:25:28", "elapsed": 402.432001, "delta": 4.005296}}
{"target": -0.05471211910440612, "params": {"ac": 0.8420313977216005, "h1": 190.4269205330918, "h2": 288.26450939464627, "h3": 188.7846052498259, "so": 1.6880562665618817}, "datetime": {"datetime": "2020-12-04 18:25:31", "elapsed": 404.975309, "delta": 2.543308}}
{"target": 0.8034124258716824, "params": {"ac": 1.7777206155654288, "h1": 239.1253496978707, "h2": 46.71980653024096, "h3": 67.93318320522552, "so": 2.642869987829952}, "datetime": {"datetime": "2020-12-04 18:25:32", "elapsed": 406.029101, "delta": 1.053792}}
{"target": 0.8756625227449012, "params": {"ac": 0.5561952484755918, "h1": 133.65476007108373, "h2": 211.73094490730742, "h3": 231.11679419513473, "so": 0.30101156892884906}, "datetime": {"datetime": "2020-12-04 18:25:42", "elapsed": 628.634997, "delta": 91.039211}}
{"target": 0.9174671310098284, "params": {"ac": 2.9651261336947385, "h1": 103.52840333275192, "h2": 293.70352200245424, "h3": 250.26251411509833, "so": 0.23637666136891622}, "datetime": {"datetime": "2020-12-04 18:25:42", "elapsed": 416.105172, "delta": 10.076071}}
{"target": -0.29367290161524817, "params": {"ac": 0.7039213515524635, "h1": 259.5946491625663, "h2": 5.913132979759334, "h3": 121.11046676639371, "so": 2.9661982143251535}, "datetime": {"datetime": "2020-12-04 18:25:42", "elapsed": 629.076818, "delta": 0.441821}}
{"target": -0.16399036429678254, "params": {"ac": 0.9382875375852534, "h1": 113.79708617210191, "h2": 218.09989336613592, "h3": 206.7383029938776, "so": 0.6005416300201772}, "datetime": {"datetime": "2020-12-04 18:25:43", "elapsed": 629.810856, "delta": 0.734038}}
{"target": -0.12103293923419305, "params": {"ac": 1.4528235497518702, "h1": 11.498698334687905, "h2": 50.79524430079407, "h3": 283.46439655321575, "so": 1.1158405499666424}, "datetime": {"datetime": "2020-12-04 18:25:44", "elapsed": 630.438687, "delta": 0.627831}}
{"target": -0.3538039402921803, "params": {"ac": 1.1562538906269122, "h1": 101.76638088303964, "h2": 142.75565367087745, "h3": 79.69343702588098, "so": 0.6063642551322168}, "datetime": {"datetime": "2020-12-04 18:25:44", "elapsed": 631.019753, "delta": 0.581066}}
{"target": 0.9289835141934624, "params": {"ac": 2.1564329342569897, "h1": 121.64381640515843, "h2": 186.58419041591853, "h3": 9.24573006341609, "so": 1.0234787707370359}, "datetime": {"datetime": "2020-12-04 18:25:49", "elapsed": 635.574851, "delta": 4.555098}}
{"target": -0.3486350772183563, "params": {"ac": 1.434801300124625, "h1": 144.70554360798985, "h2": 28.721178311765, "h3": 99.90548792616976, "so": 0.7416663612678251}, "datetime": {"datetime": "2020-12-04 18:25:49", "elapsed": 636.071916, "delta": 0.497065}}
