{"target": -0.2564848728366475, "params": {"ac": 0.6509857821534312, "h1": 265.6595677887179, "h2": 52.42227184762544, "h3": 249.02807377788056, "so": 2.1189427084506374}, "datetime": {"datetime": "2020-12-04 18:25:50", "elapsed": 636.840861, "delta": 0.768945}}
{"target": -0.12171340725568114, "params": {"ac": 1.0008479308167606, "h1": 279.6644403177907, "h2": 88.45051844917634, "h3": 285.5329316293798, "so": 1.1982354599166016}, "datetime": {"datetime": "2020-12-04 18:25:51", "elapsed": 637.794589, "delta": 0.953728}}
{"target": -0.321589404521394, "params": {"ac": 1.0513761442724885, "h1": 238.61475454244294, "h2": 273.4728924681905, "h3": 109.49785542796644, "so": 0.9854156921486745}, "datetime": {"datetime": "2020-12-04 18:25:52", "elapsed": 638.772874, "delta": 0.978285}}
{"target": 0.9053476836996497, "params": {"ac": 0.42850215411432435, "h1": 151.31713605531692, "h2": 272.9199999762552, "h3": 151.66180674687195, "so": 0.7234681015500688}, "datetime": {"datetime": "2020-12-04 18:25:54", "elapsed": 640.574596, "delta": 1.801722}}
{"target": 0.8472543033170201, "params": {"ac": 0.4495104567996263, "h1": 36.31068330695827, "h2": 67.59329431510106, "h3": 202.08812921794117, "so": 1.522374095146071}, "datetime": {"datetime": "2020-12-04 18:25:55", "elapsed": 641.451196, "delta": 0.8766}}
{"target": 0.9163611895661768, "params": {"ac": 2.9472911418365624, "h1": 207.2290018288479, "h2": 286.638293695252, "h3": 293.3907973538629, "so": 2.7360739269989085}, "datetime": {"datetime": "2020-12-04 18:25:55", "elapsed": 429.3519, "delta": 13.246728}}
{"target": 0.8652608087715847, "params": {"ac": 0.047152855727896625, "h1": 19.155709641565984, "h2": 2.2950508083488734, "h3": 47.30364020787869, "so": 0.3224395384493677}, "datetime": {"datetime": "2020-12-04 18:25:56", "elapsed": 429.696102, "delta": 0.344202}}
{"target": 0.8997237122937675, "params": {"ac": 2.7875408123171663, "h1": 177.3220624533377, "h2": 28.80108305143086, "h3": 59.60400597144675, "so": 1.7006444625555637}, "datetime": {"datetime": "2020-12-04 18:25:58", "elapsed": 432.03784, "delta": 2.341738}}
{"target": 0.905105642085384, "params": {"ac": 2.8080310617181232, "h1": 36.50182431439213, "h2": 174.81600482453186, "h3": 111.07276003253769, "so": 2.5920448270995173}, "datetime": {"datetime": "2020-12-04 18:26:00", "elapsed": 646.44365, "delta": 4.992454}}
{"target": 0.8693030241143817, "params": {"ac": 0.0779215965717297, "h1": 296.77636053579556, "h2": 275.7623523208162, "h3": 298.2730610779439, "so": 2.347922677070425}, "datetime": {"datetime": "2020-12-04 18:26:03", "elapsed": 436.527079, "delta": 4.489239}}
{"target": -0.14765744643210982, "params": {"ac": 0.7057374721650275, "h1": 185.46548216383346, "h2": 90.2021875158522, "h3": 244.6877200193271, "so": 0.9480708796225651}, "datetime": {"datetime": "2020-12-04 18:26:03", "elapsed": 437.067634, "delta": 0.540555}}
{"target": 0.8401962442474529, "params": {"ac": 2.021810124678713, "h1": 106.49009692781527, "h2": 267.16696160098235, "h3": 171.48890424960558, "so": 2.8899200006595716}, "datetime": {"datetime": "2020-12-04 18:26:04", "elapsed": 650.607759, "delta": 4.164109}}
{"target": -0.34817565812307494, "params": {"ac": 1.367585922480004, "h1": 26.765188612910077, "h2": 101.61891873605488, "h3": 269.39052887951436, "so": 1.8511430925572852}, "datetime": {"datetime": "2020-12-04 18:26:05", "elapsed": 651.222118, "delta": 0.614359}}
{"target": -0.07890799829055962, "params": {"ac": 0.5088950427240005, "h1": 147.43942752712064, "h2": 249.6042167073243, "h3": 69.59214425016783, "so": 1.597644314636922}, "datetime": {"datetime": "2020-12-04 18:26:05", "elapsed": 438.589564, "delta": 1.52193}}
{"target": -0.00778076194404832, "params": {"ac": 0.6194365417969404, "h1": 41.6365973082483, "h2": 13.156510193576342, "h3": 173.9078753478687, "so": 1.722786977237543}, "datetime": {"datetime": "2020-12-04 18:26:06", "elapsed": 439.635771, "delta": 1.046207}}
{"target": 0.9036303140434543, "params": {"ac": 1.691084094305884, "h1": 6.085805627370183, "h2": 42.61437822386048, "h3": 123.3714464729425, "so": 2.6263567405995922}, "datetime": {"datetime": "2020-12-04 18:26:08", "elapsed": 654.558281, "delta": 3.336163}}
{"target": 0.865193604121196, "params": {"ac": 0.26551357597116465, "h1": 157.19503659762046, "h2": 287.5799066162296, "h3": 164.64851847966528, "so": 0.06669078812024265}, "datetime": {"datetime": "2020-12-04 18:26:10", "elapsed": 443.541012, "delta": 3.905241}}
{"target": 0.9135499785109171, "params": {"ac": 2.481595450742099, "h1": 93.71801946753703, "h2": 240.46649659704084, "h3": 30.4314951466949, "so": 0.43818026967301615}, "datetime": {"datetime": "2020-12-04 18:26:12", "elapsed": 658.890467, "delta": 4.332186}}
{"target": 0.9350461711926789, "params": {"ac": 1.0624368479329664, "h1": 290.7871911140253, "h2": 15.062653134561918, "h3": 75.88483715614198, "so": 2.3289148443206136}, "datetime": {"datetime": "2020-12-04 18:26:15", "elapsed": 448.826554, "delta": 5.285542}}
{"target": 0.916336178442062, "params": {"ac": 2.6398104361560506, "h1": 113.17440618600718, "h2": 264.2577195734699, "h3": 209.51433177230118, "so": 1.8012982817331915}, "datetime": {"datetime": "2020-12-04 18:26:16", "elapsed": 662.734395, "delta": 3.843928}}
{"target": -0.12100766811385684, "params": {"ac": 0.7458954083835071, "h1": 43.89315148821086, "h2": 297.5929822691934, "h3": 275.3075720604801, "so": 1.4248415377574823}, "datetime": {"datetime": "2020-12-04 18:26:17", "elapsed": 663.942011, "delta": 1.207616}}
{"target": -0.15881055454082735, "params": {"ac": 0.6876301304156424, "h1": 270.64706168029136, "h2": 116.66976403163328, "h3": 224.4053111212379, "so": 1.1593438115396535}, "datetime": {"datetime": "2020-12-04 18:26:18", "elapsed": 664.608445, "delta": 0.666434}}
{"target": 0.9043114710199059, "params": {"ac": 2.817552540402377, "h1": 119.73061636413672, "h2": 112.08215386278427, "h3": 275.5768880902896, "so": 1.847185113562661}, "datetime": {"datetime": "2020-12-04 18:26:18", "elapsed": 452.18451, "delta": 3.357956}}
{"target": -0.2494056880814063, "params": {"ac": 0.5563972350489689, "h1": 288.25109045164606, "h2": 179.3563548373758, "h3": 187.48279473807833, "so": 1.7262791103345623}, "datetime": {"datetime": "2020-12-04 18:26:19", "elapsed": 453.000329, "delta": 0.815819}}
{"target": -0.17292646433116038, "params": {"ac": 0.8934692644043556, "h1": 167.98935931005647, "h2": 293.3722639629947, "h3": 195.28481908187655, "so": 2.669346450671796}, "datetime": {"datetime": "2020-12-04 18:26:20", "elapsed": 453.729444, "delta": 0.729115}}
{"target": 0.9114272044780265, "params": {"ac": 2.504720955776678, "h1": 179.71312470053311, "h2": 186.0952285352578, "h3": 140.5071943451125, "so": 0.8743435681582824}, "datetime": {"datetime": "2020-12-04 18:26:25", "elapsed": 671.247954, "delta": 6.639509}}
{"target": 0.920862435991985, "params": {"ac": 2.515167101780154, "h1": 255.55366291016597, "h2": 232.03859895842405, "h3": 249.02466114762436, "so": 2.6994659376829957}, "datetime": {"datetime": "2020-12-04 18:26:31", "elapsed": 465.32574, "delta": 11.596296}}
{"target": 0.8865673891813021, "params": {"ac": 0.005370334445421232, "h1": 216.20795830277706, "h2": 284.56103161519803, "h3": 91.75531595262049, "so": 2.672031810236234}, "datetime": {"datetime": "2020-12-04 18:26:33", "elapsed": 467.028227, "delta": 1.702487}}
{"target": 0.872931696027025, "params": {"ac": 2.129610671288183, "h1": 269.6392758349171, "h2": 248.64034152828413, "h3": 292.3551824066438, "so": 2.2731152451982917}, "datetime": {"datetime": "2020-12-04 18:26:33", "elapsed": 679.94103, "delta": 8.693076}}
{"target": 0.8658688810604593, "params": {"ac": 1.8263441852663154, "h1": 262.5744119912293, "h2": 281.1007024209795, "h3": 181.01935978788396, "so": 0.9937170336827548}, "datetime": {"datetime": "2020-12-04 18:26:36", "elapsed": 682.399529, "delta": 2.458499}}
{"target": 0.8801316622518659, "params": {"ac": 1.9829000188402401, "h1": 149.55618558030264, "h2": 85.14477055205866, "h3": 191.28558222126628, "so": 2.5901686218519178}, "datetime": {"datetime": "2020-12-04 18:26:37", "elapsed": 470.694672, "delta": 3.666445}}
{"target": 0.915668650491132, "params": {"ac": 1.8242785746886705, "h1": 212.80270805403262, "h2": 33.29159060587972, "h3": 291.601656601524, "so": 0.07113591094235094}, "datetime": {"datetime": "2020-12-04 18:26:39", "elapsed": 685.75862, "delta": 3.359091}}
{"target": 0.8827610245116098, "params": {"ac": 2.769301471256399, "h1": 289.5113627551302, "h2": 72.13251736538618, "h3": 22.452615333989208, "so": 1.539068166292724}, "datetime": {"datetime": "2020-12-04 18:26:40", "elapsed": 473.589827, "delta": 2.895155}}
{"target": 0.7932858156696095, "params": {"ac": 2.3606102342138238, "h1": 159.3351357342395, "h2": 249.940824477774, "h3": 58.05510763015215, "so": 2.982469192748203}, "datetime": {"datetime": "2020-12-04 18:26:40", "elapsed": 474.284968, "delta": 0.695141}}
{"target": 0.8655459786122405, "params": {"ac": 1.6308399186937328, "h1": 37.172899432474885, "h2": 17.10447443446098, "h3": 187.3649157087403, "so": 0.8072491332388851}, "datetime": {"datetime": "2020-12-04 18:26:41", "elapsed": 687.75528, "delta": 1.99666}}
{"target": 0.8302991843673244, "params": {"ac": 2.3296065853832557, "h1": 267.4660267035006, "h2": 219.29671655275914, "h3": 65.1529423485186, "so": 0.6213310795553705}, "datetime": {"datetime": "2020-12-04 18:26:42", "elapsed": 475.977442, "delta": 1.692474}}
{"target": 0.9043254055406506, "params": {"ac": 0.17321424584866596, "h1": 279.0093505676497, "h2": 122.46752091386777, "h3": 295.77699832970086, "so": 0.6733734864747671}, "datetime": {"datetime": "2020-12-04 18:26:44", "elapsed": 477.712801, "delta": 1.735359}}
{"target": 0.9099081022999922, "params": {"ac": 2.893600889497091, "h1": 220.56392791794445, "h2": 151.78979859372023, "h3": 110.53174297139547, "so": 0.9279490076278579}, "datetime": {"datetime": "2020-12-04 18:26:47", "elapsed": 693.328377, "delta": 5.573097}}
{"target": -0.19710071757328024, "params": {"ac": 1.092288212080948, "h1": 183.71111251876778, "h2": 182.80569437581053, "h3": 20.488310055820573, "so": 2.6414389123058166}, "datetime": {"datetime": "2020-12-04 18:26:47", "elapsed": 694.125246, "delta": 0.796869}}
{"target": -0.11716439975302237, "params": {"ac": 1.2307415413582556, "h1": 137.60081298521436, "h2": 87.6191431093788, "h3": 266.9660215013582, "so": 1.3610651199357604}, "datetime": {"datetime": "2020-12-04 18:26:48", "elapsed": 694.872868, "delta": 0.747622}}
{"target": 0.8985834061508029, "params": {"ac": 2.5206077804985805, "h1": 56.92273294184268, "h2": 217.5672299096497, "h3": 92.65245051432147, "so": 2.9011931643196673}, "datetime": {"datetime": "2020-12-04 18:26:54", "elapsed": 700.193639, "delta": 5.320771}}
{"target": 0.868843773449686, "params": {"ac": 0.5397368025750023, "h1": 32.64413030251855, "h2": 161.82145196533955, "h3": 72.79688032039041, "so": 0.45762059539969757}, "datetime": {"datetime": "2020-12-04 18:26:54", "elapsed": 487.985159, "delta": 10.272358}}
{"target": 0.8979211674245938, "params": {"ac": 1.8736950407608446, "h1": 174.1589739717428, "h2": 44.91225701390406, "h3": 283.1356434716036, "so": 2.5154294180768417}, "datetime": {"datetime": "2020-12-04 18:26:58", "elapsed": 491.620223, "delta": 3.635064}}
{"target": 0.8718058511109057, "params": {"ac": 2.3227892672367947, "h1": 173.04049195427575, "h2": 280.42500778498885, "h3": 194.13958406277152, "so": 2.6546805083384504}, "datetime": {"datetime": "2020-12-04 18:27:00", "elapsed": 706.355402, "delta": 6.161763}}
{"target": 0.8704289661246346, "params": {"ac": 1.7429372065976467, "h1": 4.7444981427481645, "h2": 134.9651651367445, "h3": 194.34121235439392, "so": 0.8226764904547028}, "datetime": {"datetime": "2020-12-04 18:27:02", "elapsed": 496.084915, "delta": 4.464692}}
{"target": 0.9052799707228207, "params": {"ac": 2.946022213594035, "h1": 125.92904332394986, "h2": 195.83144711539285, "h3": 291.4529452500889, "so": 2.4944438831496543}, "datetime": {"datetime": "2020-12-04 18:27:04", "elapsed": 710.353793, "delta": 3.998391}}
{"target": -0.05820975466940568, "params": {"ac": 0.7501094163402185, "h1": 233.71990753571868, "h2": 100.31726312411573, "h3": 295.9667551471943, "so": 1.9960235868654346}, "datetime": {"datetime": "2020-12-04 18:27:04", "elapsed": 497.837933, "delta": 1.753018}}
{"target": -0.21063612606057447, "params": {"ac": 1.4285131773132416, "h1": 245.61207586934478, "h2": 287.10966805965467, "h3": 173.4241293183208, "so": 1.7774702519487082}, "datetime": {"datetime": "2020-12-04 18:27:05", "elapsed": 498.720084, "delta": 0.882151}}
{"target": -0.2927638230408931, "params": {"ac": 1.285217807191852, "h1": 32.80074263903077, "h2": 294.18683603411574, "h3": 112.18074320933793, "so": 0.6438572874095632}, "datetime": {"datetime": "2020-12-04 18:27:05", "elapsed": 499.261031, "delta": 0.540947}}
{"target": -0.1271706143288251, "params": {"ac": 0.6523384930093674, "h1": 89.87028621686287, "h2": 2.224132888978327, "h3": 296.11827641144055, "so": 2.8490403543703025}, "datetime": {"datetime": "2020-12-04 18:27:06", "elapsed": 499.715999, "delta": 0.454968}}
{"target": 0.8998871456788798, "params": {"ac": 2.721326363684834, "h1": 205.96679463329173, "h2": 48.74794913341184, "h3": 262.7236154561763, "so": 2.140528717105623}, "datetime": {"datetime": "2020-12-04 18:27:07", "elapsed": 713.437639, "delta": 3.083846}}
{"target": 0.91128090126247, "params": {"ac": 2.5186351499628907, "h1": 183.1420377327017, "h2": 109.7844157532588, "h3": 265.3264163171521, "so": 2.632103555540433}, "datetime": {"datetime": "2020-12-04 18:27:12", "elapsed": 506.127289, "delta": 6.41129}}
{"target": 0.800256912022206, "params": {"ac": 2.230449869710039, "h1": 49.79880363231617, "h2": 41.02301782994852, "h3": 2.1876974043726163, "so": 2.2522736400946557}, "datetime": {"datetime": "2020-12-04 18:27:18", "elapsed": 725.001325, "delta": 11.563686}}
{"target": 0.8873684582231413, "params": {"ac": 0.12767359354088792, "h1": 227.68218931292196, "h2": 149.12541216801478, "h3": 141.14995469338047, "so": 2.4827973832609764}, "datetime": {"datetime": "2020-12-04 18:27:20", "elapsed": 726.902723, "delta": 1.901398}}
{"target": 0.8822364624994666, "params": {"ac": 2.558136092843765, "h1": 37.44342446613095, "h2": 217.5275784159184, "h3": 145.7199977821322, "so": 2.1600840031326793}, "datetime": {"datetime": "2020-12-04 18:27:23", "elapsed": 729.986839, "delta": 3.084116}}
{"target": 0.9062515883570456, "params": {"ac": 2.3498610303901, "h1": 50.760715065002856, "h2": 40.9790491513328, "h3": 1.2573650999021493, "so": 1.274034497901551}, "datetime": {"datetime": "2020-12-04 18:27:27", "elapsed": 734.096879, "delta": 4.11004}}
{"target": 0.9224436859433904, "params": {"ac": 1.8632728038685824, "h1": 93.23659114325348, "h2": 240.86017351623488, "h3": 31.616732748453014, "so": 0.4892003437664194}, "datetime": {"datetime": "2020-12-04 18:27:32", "elapsed": 739.086051, "delta": 4.989172}}
{"target": 0.9232048896508017, "params": {"ac": 0.6753183494911035, "h1": 200.72675314996104, "h2": 78.34778012000733, "h3": 32.222243605938615, "so": 2.385602925563628}, "datetime": {"datetime": "2020-12-04 18:27:40", "elapsed": 746.459335, "delta": 7.373284}}
{"target": 0.9171093057010058, "params": {"ac": 2.263408380718082, "h1": 124.32558323277021, "h2": 186.83315515791887, "h3": 7.973673572458552, "so": 1.3256847299471315}, "datetime": {"datetime": "2020-12-04 18:27:44", "elapsed": 750.787061, "delta": 4.327726}}
{"target": -0.3304424664027298, "params": {"ac": 0.5697796782907552, "h1": 263.16311046438284, "h2": 206.1866018424365, "h3": 159.60223903736798, "so": 1.9961495916493934}, "datetime": {"datetime": "2020-12-04 18:27:45", "elapsed": 751.731659, "delta": 0.944598}}
{"target": 0.873896728124973, "params": {"ac": 2.497779419679439, "h1": 224.82840113886624, "h2": 249.3171766976896, "h3": 192.455507093713, "so": 0.6208569556989451}, "datetime": {"datetime": "2020-12-04 18:27:51", "elapsed": 758.110901, "delta": 6.379242}}
{"target": 0.8557850644003484, "params": {"ac": 2.120481019639512, "h1": 223.47421334189144, "h2": 245.6819917141591, "h3": 192.28794456431456, "so": 1.4948389150234063}, "datetime": {"datetime": "2020-12-04 18:28:00", "elapsed": 767.054043, "delta": 8.943142}}
{"target": 0.8933082093653969, "params": {"ac": 1.7422837006324963, "h1": 103.79495716635695, "h2": 292.9008450648347, "h3": 247.5025522709754, "so": 2.042328146619416}, "datetime": {"datetime": "2020-12-04 18:28:07", "elapsed": 773.998731, "delta": 6.944688}}
{"target": 0.9003092144993999, "params": {"ac": 2.612800451927302, "h1": 263.1478415311702, "h2": 185.08485595255505, "h3": 279.8116379133143, "so": 1.5813305719477657}, "datetime": {"datetime": "2020-12-04 18:28:13", "elapsed": 779.257199, "delta": 5.258468}}
{"target": 0.842901434162173, "params": {"ac": 1.4740601327695213, "h1": 211.03199585869578, "h2": 149.26978953326503, "h3": 290.74178978277604, "so": 0.05419841242364698}, "datetime": {"datetime": "2020-12-04 18:28:47", "elapsed": 600.594005, "delta": 94.466716}}
{"target": 0.8756625227449012, "params": {"ac": 0.5561952484755918, "h1": 133.65476007108373, "h2": 211.73094490730742, "h3": 231.11679419513473, "so": 0.30101156892884906}, "datetime": {"datetime": "2020-12-04 18:30:23", "elapsed": 696.505449, "delta": 95.911444}}
{"target": -0.29367290161524817, "params": {"ac": 0.7039213515524635, "h1": 259.5946491625663, "h2": 5.913132979759334, "h3": 121.11046676639371, "so": 2.9661982143251535}, "datetime": {"datetime": "2020-12-04 18:30:23", "elapsed": 696.937847, "delta": 0.432398}}
{"target": -0.16399036429678254, "params": {"ac": 0.9382875375852534, "h1": 113.79708617210191, "h2": 218.09989336613592, "h3": 206.7383029938776, "so": 0.6005416300201772}, "datetime": {"datetime": "2020-12-04 18:30:24", "elapsed": 697.644956, "delta": 0.707109}}
{"target": -0.12103293923419305, "params": {"ac": 1.4528235497518702, "h1": 11.498698334687905, "h2": 50.79524430079407, "h3": 283.46439655321575, "so": 1.1158405499666424}, "datetime": {"datetime": "2020-12-04 18:30:24", "elapsed": 698.236898, "delta": 0.591942}}
{"target": -0.3538039402921803, "params": {"ac": 1.1562538906269122, "h1": 101.76638088303964, "h2": 142.75565367087745, "h3": 79.69343702588098, "so": 0.6063642551322168}, "datetime": {"datetime": "2020-12-04 18:30:25", "elapsed": 698.794407, "delta": 0.557509}}
{"target": 0.9289835141934624, "params": {"ac": 2.1564329342569897, "h1": 121.64381640515843, "h2": 186.58419041591853, "h3": 9.24573006341609, "so": 1.0234787707370359}, "datetime": {"datetime": "2020-12-04 18:30:29", "elapsed": 703.127436, "delta": 4.333029}}
{"target": -0.3486350772183563, "params": {"ac": 1.434801300124625, "h1": 144.70554360798985, "h2": 28.721178311765, "h3": 99.90548792616976, "so": 0.7416663612678251}, "datetime": {"datetime": "2020-12-04 18:30:30", "elapsed": 703.610625, "delta": 0.483189}}
{"target": -0.2564848728366475, "params": {"ac": 0.6509857821534312, "h1": 265.6595677887179, "h2": 52.42227184762544, "h3": 249.02807377788056, "so": 2.1189427084506374}, "datetime": {"datetime": "2020-12-04 18:30:30", "elapsed": 704.308784, "delta": 0.698159}}
{"target": -0.12171340725568114, "params": {"ac": 1.0008479308167606, "h1": 279.6644403177907, "h2": 88.45051844917634, "h3": 285.5329316293798, "so": 1.1982354599166016}, "datetime": {"datetime": "2020-12-04 18:30:31", "elapsed": 705.20379, "delta": 0.895006}}
{"target": -0.321589404521394, "params": {"ac": 1.0513761442724885, "h1": 238.61475454244294, "h2": 273.4728924681905, "h3": 109.49785542796644, "so": 0.9854156921486745}, "datetime": {"datetime": "2020-12-04 18:30:32", "elapsed": 706.125675, "delta": 0.921885}}
{"target": 0.9053476836996497, "params": {"ac": 0.42850215411432435, "h1": 151.31713605531692, "h2": 272.9199999762552, "h3": 151.66180674687195, "so": 0.7234681015500688}, "datetime": {"datetime": "2020-12-04 18:30:34", "elapsed": 707.798516, "delta": 1.672841}}
{"target": 0.8502968699368034, "params": {"ac": 1.3037299542998784, "h1": 262.456120555186, "h2": 188.53669623921107, "h3": 281.61589001159183, "so": 0.47603470699171013}, "datetime": {"datetime": "2020-12-04 18:30:34", "elapsed": 920.894356, "delta": 141.637157}}
{"target": 0.8472543033170201, "params": {"ac": 0.4495104567996263, "h1": 36.31068330695827, "h2": 67.59329431510106, "h3": 202.08812921794117, "so": 1.522374095146071}, "datetime": {"datetime": "2020-12-04 18:30:35", "elapsed": 708.677603, "delta": 0.879087}}
{"target": 0.905105642085384, "params": {"ac": 2.8080310617181232, "h1": 36.50182431439213, "h2": 174.81600482453186, "h3": 111.07276003253769, "so": 2.5920448270995173}, "datetime": {"datetime": "2020-12-04 18:30:40", "elapsed": 713.89362, "delta": 5.216017}}
{"target": 0.5927929310858909, "params": {"ac": 1.1424241789491902, "h1": 205.55876566480808, "h2": 282.5498822536797, "h3": 292.43004815778033, "so": 2.481089059643746}, "datetime": {"datetime": "2020-12-04 18:30:42", "elapsed": 928.722298, "delta": 7.827942}}
{"target": 0.8401962442474529, "params": {"ac": 2.021810124678713, "h1": 106.49009692781527, "h2": 267.16696160098235, "h3": 171.48890424960558, "so": 2.8899200006595716}, "datetime": {"datetime": "2020-12-04 18:30:44", "elapsed": 718.059478, "delta": 4.165858}}
{"target": -0.34817565812307494, "params": {"ac": 1.367585922480004, "h1": 26.765188612910077, "h2": 101.61891873605488, "h3": 269.39052887951436, "so": 1.8511430925572852}, "datetime": {"datetime": "2020-12-04 18:30:45", "elapsed": 718.697772, "delta": 0.638294}}
{"target": 0.9036303140434543, "params": {"ac": 1.691084094305884, "h1": 6.085805627370183, "h2": 42.61437822386048, "h3": 123.3714464729425, "so": 2.6263567405995922}, "datetime": {"datetime": "2020-12-04 18:30:48", "elapsed": 722.046816, "delta": 3.349044}}
