{"target": -0.011952944562928591, "params": {"ac": 0.5210184969759801, "h1": 99.84771986061166, "h2": 293.0101226364716, "h3": 247.9998288398275, "so": 1.7802334332848824}, "datetime": {"datetime": "2020-12-04 18:35:17", "elapsed": 1204.147064, "delta": 3.474228}}
{"target": -0.22432881459400633, "params": {"ac": 1.2286048927582547, "h1": 155.29768311265104, "h2": 8.032562791562352, "h3": 233.20642025234358, "so": 1.5887045744845878}, "datetime": {"datetime": "2020-12-04 18:35:18", "elapsed": 992.055069, "delta": 0.67021}}
{"target": 0.8680686296615138, "params": {"ac": 0.24455731326964292, "h1": 116.02522629825972, "h2": 111.54236029997257, "h3": 275.88570567495293, "so": 1.8539429724945058}, "datetime": {"datetime": "2020-12-04 18:35:20", "elapsed": 993.969269, "delta": 1.9142}}
{"target": 0.9038833044462985, "params": {"ac": 0.08329743634039422, "h1": 125.75402508239807, "h2": 188.97698764651605, "h3": 10.845858510614757, "so": 1.1783270657246132}, "datetime": {"datetime": "2020-12-04 18:35:21", "elapsed": 994.922762, "delta": 0.953493}}
{"target": 0.9143895574645049, "params": {"ac": 2.906364515712615, "h1": 91.56829575138846, "h2": 205.29082550672538, "h3": 16.06655842938627, "so": 2.7460878579554286}, "datetime": {"datetime": "2020-12-04 18:35:25", "elapsed": 999.368825, "delta": 4.446063}}
{"target": 0.9105917698228566, "params": {"ac": 2.222006480797875, "h1": 101.27579208292445, "h2": 159.90013104814153, "h3": 278.8114382295165, "so": 0.3683497430076853}, "datetime": {"datetime": "2020-12-04 18:35:31", "elapsed": 1218.128877, "delta": 13.981813}}
{"target": 0.8799342554892717, "params": {"ac": 2.482078270216893, "h1": 103.36484781355453, "h2": 288.368241398205, "h3": 248.77926024755305, "so": 0.7923775834008338}, "datetime": {"datetime": "2020-12-04 18:35:33", "elapsed": 1006.622314, "delta": 7.253489}}
{"target": 0.9111822039099241, "params": {"ac": 2.7894338614278604, "h1": 114.6933848736436, "h2": 189.0744942023936, "h3": 13.343654953279957, "so": 1.1022841187161974}, "datetime": {"datetime": "2020-12-04 18:35:36", "elapsed": 1222.777446, "delta": 4.648569}}
{"target": -0.12149733843487184, "params": {"ac": 0.7489189352825227, "h1": 105.32667488049431, "h2": 151.4320173794621, "h3": 287.6051911319402, "so": 0.5893118699379253}, "datetime": {"datetime": "2020-12-04 18:35:37", "elapsed": 1224.000176, "delta": 1.22273}}
{"target": 0.8462398468558708, "params": {"ac": 0.14390692412443695, "h1": 102.05837172563533, "h2": 206.3181644962109, "h3": 18.0322012808408, "so": 1.5650226230929247}, "datetime": {"datetime": "2020-12-04 18:35:38", "elapsed": 1224.908711, "delta": 0.908535}}
{"target": 0.9200197712674025, "params": {"ac": 2.819258624847171, "h1": 98.99675617303193, "h2": 154.82928441364396, "h3": 277.479870580611, "so": 0.6578575735824573}, "datetime": {"datetime": "2020-12-04 18:35:40", "elapsed": 1013.716308, "delta": 7.093994}}
{"target": 0.8708698181647222, "params": {"ac": 2.4868652216158296, "h1": 212.98003258663275, "h2": 38.208417150333474, "h3": 287.6510132856165, "so": 2.7886106629039267}, "datetime": {"datetime": "2020-12-04 18:35:41", "elapsed": 1227.589526, "delta": 2.680815}}
{"target": 0.8762500238266018, "params": {"ac": 2.907368374731335, "h1": 103.60169424557327, "h2": 209.98231171984273, "h3": 14.250707227046568, "so": 1.6911591591950206}, "datetime": {"datetime": "2020-12-04 18:35:44", "elapsed": 1230.280145, "delta": 2.690619}}
{"target": 0.9070494710534623, "params": {"ac": 2.8473147545077313, "h1": 95.02248750032308, "h2": 161.8421382777544, "h3": 286.1423992073932, "so": 0.6855713511220342}, "datetime": {"datetime": "2020-12-04 18:35:51", "elapsed": 1237.84028, "delta": 7.560135}}
{"target": 0.9096467218409512, "params": {"ac": 1.737989175770743, "h1": 88.63373513685859, "h2": 206.88351292503103, "h3": 20.409080161049157, "so": 0.28877360138829855}, "datetime": {"datetime": "2020-12-04 18:35:56", "elapsed": 1030.164839, "delta": 3.557886}}
{"target": -0.3422470326498087, "params": {"ac": 1.4159667007674865, "h1": 289.1135371655791, "h2": 16.67626101292788, "h3": 80.63675956893013, "so": 0.6434115020381034}, "datetime": {"datetime": "2020-12-04 18:35:57", "elapsed": 1030.684004, "delta": 0.519165}}
{"target": 0.871881319846111, "params": {"ac": 0.4227554020082861, "h1": 103.11318760489914, "h2": 153.06350267745785, "h3": 278.42570748426687, "so": 1.5533422438549955}, "datetime": {"datetime": "2020-12-04 18:35:59", "elapsed": 1032.654997, "delta": 1.970993}}
{"target": 0.8528539011121259, "params": {"ac": 2.4963054245899507, "h1": 93.38679789814867, "h2": 286.6185894383388, "h3": 251.54591542822303, "so": 0.7021831627305076}, "datetime": {"datetime": "2020-12-04 18:36:00", "elapsed": 1246.573696, "delta": 8.733416}}
{"target": -0.181186357226576, "params": {"ac": 1.4481499972673912, "h1": 98.18947738566844, "h2": 198.94284426476082, "h3": 15.677211611123184, "so": 1.4076807299249712}, "datetime": {"datetime": "2020-12-04 18:36:01", "elapsed": 1247.366577, "delta": 0.792881}}
{"target": 0.8382430862943601, "params": {"ac": 1.5211299552626973, "h1": 116.75050615955267, "h2": 111.90260901904614, "h3": 271.7028963940338, "so": 1.0609620087248546}, "datetime": {"datetime": "2020-12-04 18:36:03", "elapsed": 1037.042139, "delta": 4.387142}}
{"target": -0.1967098056187451, "params": {"ac": 1.1728690769263623, "h1": 143.9285860473605, "h2": 3.8750590990408544, "h3": 226.44203271447137, "so": 2.0356926256055283}, "datetime": {"datetime": "2020-12-04 18:36:04", "elapsed": 1037.671456, "delta": 0.629317}}
{"target": 0.8091039077833031, "params": {"ac": 2.6575098221365145, "h1": 119.7643488057531, "h2": 186.21903012153282, "h3": 4.767770168822976, "so": 0.05081394247303983}, "datetime": {"datetime": "2020-12-04 18:36:07", "elapsed": 1040.735687, "delta": 3.064231}}
{"target": 0.8904909696034574, "params": {"ac": 1.0445526595161154, "h1": 97.96109373889115, "h2": 205.23933625953796, "h3": 24.23649990090062, "so": 0.0435068355212096}, "datetime": {"datetime": "2020-12-04 18:36:15", "elapsed": 1261.830438, "delta": 14.463861}}
{"target": 0.9316216932694432, "params": {"ac": 2.0278635225340524, "h1": 117.67835771923362, "h2": 107.96684147823956, "h3": 276.8331777453356, "so": 0.46891545098744014}, "datetime": {"datetime": "2020-12-04 18:36:16", "elapsed": 1050.351799, "delta": 9.616112}}
{"target": 0.910040275586183, "params": {"ac": 2.795986875723467, "h1": 96.15537338087543, "h2": 205.5718150857667, "h3": 17.919627316632734, "so": 1.3264267555989748}, "datetime": {"datetime": "2020-12-04 18:36:20", "elapsed": 1266.332399, "delta": 4.501961}}
{"target": 0.8932567083736401, "params": {"ac": 2.267076747395139, "h1": 102.4855429152154, "h2": 298.4050845826455, "h3": 243.57605705396404, "so": 2.1198122270732007}, "datetime": {"datetime": "2020-12-04 18:36:26", "elapsed": 1273.042454, "delta": 6.710055}}
{"target": 0.8618543273116238, "params": {"ac": 0.24011925693381742, "h1": 38.77250260827849, "h2": 263.88899246108593, "h3": 266.64110192696194, "so": 2.0462165784550024}, "datetime": {"datetime": "2020-12-04 18:36:29", "elapsed": 1275.249901, "delta": 2.207447}}
{"target": -0.30014121037616653, "params": {"ac": 1.4254884900359863, "h1": 294.12684167496036, "h2": 12.684135031416687, "h3": 75.65576668448145, "so": 2.5148270204571266}, "datetime": {"datetime": "2020-12-04 18:36:29", "elapsed": 1275.931082, "delta": 0.681181}}
{"target": 0.824854047420988, "params": {"ac": 2.263786819105443, "h1": 295.5292636354729, "h2": 17.990025571088694, "h3": 67.29198768599703, "so": 2.0210160595636864}, "datetime": {"datetime": "2020-12-04 18:36:31", "elapsed": 1277.562237, "delta": 1.631155}}
{"target": 0.862217714794201, "params": {"ac": 2.2710192784061305, "h1": 85.53277425060747, "h2": 212.21031651776403, "h3": 14.787350481933027, "so": 2.992812052499848}, "datetime": {"datetime": "2020-12-04 18:36:34", "elapsed": 1281.056525, "delta": 3.494288}}
{"target": 0.8768015220670143, "params": {"ac": 0.542154200596742, "h1": 89.13522823540772, "h2": 211.01487275457052, "h3": 19.426261674030222, "so": 0.3151509004048656}, "datetime": {"datetime": "2020-12-04 18:36:35", "elapsed": 1068.596999, "delta": 18.2452}}
{"target": 0.8173589175106313, "params": {"ac": 1.3283473832020836, "h1": 291.3637305762656, "h2": 18.902375900738633, "h3": 72.82087800075989, "so": 2.4706307609225404}, "datetime": {"datetime": "2020-12-04 18:36:39", "elapsed": 1073.264649, "delta": 4.66765}}
{"target": 0.8993188562413549, "params": {"ac": 2.8014688869802202, "h1": 125.04254164048372, "h2": 189.50726373199893, "h3": 4.397084738509288, "so": 2.814412589193405}, "datetime": {"datetime": "2020-12-04 18:36:43", "elapsed": 1077.430275, "delta": 4.165626}}
{"target": 0.8673505273048537, "params": {"ac": 0.09179445165779287, "h1": 296.7077349694582, "h2": 16.669075982024996, "h3": 74.59762895318768, "so": 1.9582228712024765}, "datetime": {"datetime": "2020-12-04 18:36:44", "elapsed": 1078.026679, "delta": 0.596404}}
{"target": 0.9498384297742202, "params": {"ac": 1.2145301086115783, "h1": 122.06698646272861, "h2": 192.11383850702205, "h3": 17.03700361085637, "so": 2.0976418686198532}, "datetime": {"datetime": "2020-12-04 18:36:44", "elapsed": 1290.774922, "delta": 9.718397}}
{"target": 0.8398717532739666, "params": {"ac": 1.8230850493012851, "h1": 124.30572342158429, "h2": 190.0971791755472, "h3": 6.749221780878415, "so": 0.2104881097938015}, "datetime": {"datetime": "2020-12-04 18:36:48", "elapsed": 1082.025878, "delta": 3.999199}}
{"target": 0.9285891597166422, "params": {"ac": 2.626303579634451, "h1": 289.0182788922807, "h2": 14.007525686600983, "h3": 72.54477143178589, "so": 1.3348360505060406}, "datetime": {"datetime": "2020-12-04 18:36:48", "elapsed": 1294.886331, "delta": 4.111409}}
{"target": 0.8848600739633461, "params": {"ac": 2.4481031056206755, "h1": 255.05746530202276, "h2": 233.59377038724554, "h3": 253.57792254989099, "so": 0.6297479645770764}, "datetime": {"datetime": "2020-12-04 18:36:54", "elapsed": 1088.400493, "delta": 6.374615}}
{"target": -0.12015368662624819, "params": {"ac": 1.4940651540682968, "h1": 108.22952947196426, "h2": 291.3396029019729, "h3": 247.81533316562727, "so": 2.716551791484689}, "datetime": {"datetime": "2020-12-04 18:36:55", "elapsed": 1089.355686, "delta": 0.955193}}
{"target": 0.8653327152885482, "params": {"ac": 0.48495462554870694, "h1": 120.00717861777183, "h2": 187.34445587137338, "h3": 13.46352976718352, "so": 0.1606383245708365}, "datetime": {"datetime": "2020-12-04 18:36:57", "elapsed": 1090.799691, "delta": 1.444005}}
{"target": 0.7971081940713765, "params": {"ac": 0.950217708627481, "h1": 118.63453763568417, "h2": 192.7136997063412, "h3": 16.53676990844718, "so": 0.23046950571396962}, "datetime": {"datetime": "2020-12-04 18:37:07", "elapsed": 1313.622276, "delta": 18.735945}}
{"target": 0.8995502273457616, "params": {"ac": 0.0, "h1": 119.91740905960435, "h2": 108.2063721733502, "h3": 273.65322177281, "so": 3.0}, "datetime": {"datetime": "2020-12-04 18:37:09", "elapsed": 1315.469581, "delta": 1.847305}}
{"target": 0.9129938687256404, "params": {"ac": 2.0112743518243414, "h1": 96.54771684985586, "h2": 156.8447881833094, "h3": 283.892641291441, "so": 0.3029279054377495}, "datetime": {"datetime": "2020-12-04 18:37:11", "elapsed": 1104.540473, "delta": 13.740782}}
{"target": 0.8703111300285051, "params": {"ac": 1.7863775845992016, "h1": 272.6219968507065, "h2": 201.02001702124963, "h3": 154.71644753676907, "so": 1.1434567229206363}, "datetime": {"datetime": "2020-12-04 18:37:15", "elapsed": 1321.390827, "delta": 5.921246}}
{"target": -0.12317279441499937, "params": {"ac": 0.7989326243294192, "h1": 93.4272131589811, "h2": 151.9005257244384, "h3": 286.453575284699, "so": 1.333641123008272}, "datetime": {"datetime": "2020-12-04 18:37:16", "elapsed": 1322.448291, "delta": 1.057464}}
{"target": 0.9063295474162235, "params": {"ac": 2.9073381826001428, "h1": 99.69256107986166, "h2": 151.02769332169956, "h3": 279.25425071144895, "so": 2.727949233316788}, "datetime": {"datetime": "2020-12-04 18:37:19", "elapsed": 1112.810432, "delta": 8.269959}}
{"target": 0.446018883518082, "params": {"ac": 0.9987731862505984, "h1": 254.2055926223326, "h2": 238.15335534457864, "h3": 251.2142188738831, "so": 2.104493376040887}, "datetime": {"datetime": "2020-12-04 18:37:25", "elapsed": 1119.070895, "delta": 6.260463}}
{"target": 0.9264853287363767, "params": {"ac": 3.0, "h1": 94.66399255303017, "h2": 285.73135683600526, "h3": 246.5155148361073, "so": 0.0}, "datetime": {"datetime": "2020-12-04 18:37:26", "elapsed": 1332.542777, "delta": 10.094486}}
{"target": -0.11631342898770754, "params": {"ac": 0.6478692015541283, "h1": 261.2786156891882, "h2": 233.02273272218164, "h3": 249.7687469536638, "so": 0.5681908796200804}, "datetime": {"datetime": "2020-12-04 18:37:26", "elapsed": 1120.060493, "delta": 0.989598}}
{"target": 0.8907951627772233, "params": {"ac": 2.5835839873657545, "h1": 94.91429171550182, "h2": 205.8917500641989, "h3": 22.043256960356107, "so": 0.7578077266427048}, "datetime": {"datetime": "2020-12-04 18:37:31", "elapsed": 1337.454916, "delta": 4.912139}}
{"target": 0.895481185725045, "params": {"ac": 2.249799195848526, "h1": 98.74349286992994, "h2": 153.2390180531755, "h3": 285.4258555187896, "so": 2.398972942556828}, "datetime": {"datetime": "2020-12-04 18:37:31", "elapsed": 1124.727617, "delta": 4.667124}}
{"target": 0.8967816957950866, "params": {"ac": 0.12240217314666513, "h1": 92.55944220192373, "h2": 207.74205013459778, "h3": 21.454559300822886, "so": 2.7658798141607237}, "datetime": {"datetime": "2020-12-04 18:37:32", "elapsed": 1125.695552, "delta": 0.967935}}
{"target": 0.7982128022709805, "params": {"ac": 2.2571949015766255, "h1": 102.58500391516962, "h2": 211.6994221359709, "h3": 18.664051445359103, "so": 2.983940926856504}, "datetime": {"datetime": "2020-12-04 18:37:34", "elapsed": 1340.293868, "delta": 2.838952}}
{"target": 0.9134344250019474, "params": {"ac": 2.9097774861850625, "h1": 294.2223827857853, "h2": 15.126381323586022, "h3": 71.54892477281449, "so": 0.9805041526908528}, "datetime": {"datetime": "2020-12-04 18:37:35", "elapsed": 1129.423271, "delta": 3.727719}}
{"target": 0.8574415600131488, "params": {"ac": 2.471072666218556, "h1": 91.56970594252847, "h2": 209.06593341586125, "h3": 12.393666040642785, "so": 2.390768461913121}, "datetime": {"datetime": "2020-12-04 18:37:39", "elapsed": 1132.715099, "delta": 3.291828}}
{"target": 0.9210174416642356, "params": {"ac": 2.9791101366119177, "h1": 216.67556588704875, "h2": 35.56943179111792, "h3": 293.28463874127897, "so": 1.1321214854549186}, "datetime": {"datetime": "2020-12-04 18:37:39", "elapsed": 1345.737609, "delta": 5.443741}}
{"target": 0.8650715199307332, "params": {"ac": 0.49740894833181837, "h1": 214.09573216100722, "h2": 33.78277379532956, "h3": 286.44720893756846, "so": 0.2700873606474753}, "datetime": {"datetime": "2020-12-04 18:37:40", "elapsed": 1133.902041, "delta": 1.186942}}
{"target": 0.8689495772878105, "params": {"ac": 0.3365076368959605, "h1": 98.12598173146507, "h2": 162.6158671692987, "h3": 288.4763285074011, "so": 2.135114160072569}, "datetime": {"datetime": "2020-12-04 18:37:41", "elapsed": 1347.816702, "delta": 2.079093}}
{"target": 0.8812065218833107, "params": {"ac": 2.4658740160665507, "h1": 99.44960755594553, "h2": 295.35881852333523, "h3": 245.03090505382485, "so": 0.9729182858823877}, "datetime": {"datetime": "2020-12-04 18:37:46", "elapsed": 1139.801287, "delta": 5.899246}}
{"target": 0.9483076866561451, "params": {"ac": 0.6872539659970027, "h1": 97.99233540703796, "h2": 200.36391415493517, "h3": 24.20313410560718, "so": 2.4163548076720835}, "datetime": {"datetime": "2020-12-04 18:37:50", "elapsed": 1356.652851, "delta": 8.836149}}
{"target": 0.911814772956635, "params": {"ac": 2.8383419286352303, "h1": 92.17392477350279, "h2": 198.36734621911486, "h3": 21.27007981896284, "so": 1.8273949501847357}, "datetime": {"datetime": "2020-12-04 18:37:53", "elapsed": 1359.489267, "delta": 2.836416}}
{"target": 0.8588369024129394, "params": {"ac": 1.631790632498813, "h1": 94.20199397844672, "h2": 291.48662924816557, "h3": 248.614018082923, "so": 0.8828280410516101}, "datetime": {"datetime": "2020-12-04 18:37:55", "elapsed": 1148.941146, "delta": 9.139859}}
{"target": 0.9195365603366012, "params": {"ac": 2.7472298806860693, "h1": 212.45724393310758, "h2": 37.63351858859579, "h3": 295.5654434345872, "so": 0.05255931814297876}, "datetime": {"datetime": "2020-12-04 18:37:56", "elapsed": 1362.428413, "delta": 2.939146}}
{"target": 0.9140685639028188, "params": {"ac": 2.554006897567054, "h1": 100.83345949540144, "h2": 161.05106640266737, "h3": 284.0713838272944, "so": 2.486391430167921}, "datetime": {"datetime": "2020-12-04 18:37:58", "elapsed": 1152.277224, "delta": 3.336078}}
{"target": 0.8906335912568195, "params": {"ac": 2.558288657506125, "h1": 96.17746010984754, "h2": 198.5582556581233, "h3": 28.629977065861027, "so": 2.350086378601681}, "datetime": {"datetime": "2020-12-04 18:37:58", "elapsed": 1365.073339, "delta": 2.644926}}
{"target": 0.9062133385474527, "params": {"ac": 0.31855937336883533, "h1": 270.78436269194225, "h2": 205.38775870032464, "h3": 155.78439940240682, "so": 1.3841026706992106}, "datetime": {"datetime": "2020-12-04 18:38:00", "elapsed": 1153.935789, "delta": 1.658565}}
{"target": 0.870849416369295, "params": {"ac": 1.8962550538379535, "h1": 99.5578110554762, "h2": 145.64137569094763, "h3": 279.13759907543346, "so": 0.9164222817398875}, "datetime": {"datetime": "2020-12-04 18:38:02", "elapsed": 1368.832407, "delta": 3.759068}}
{"target": 0.8963589715487956, "params": {"ac": 1.6677124801958743, "h1": 267.48286836704654, "h2": 199.55144504948072, "h3": 158.60729449531746, "so": 0.942368273741623}, "datetime": {"datetime": "2020-12-04 18:38:06", "elapsed": 1159.871827, "delta": 5.936038}}
{"target": 0.916978209529864, "params": {"ac": 2.5732943911749624, "h1": 101.75693008106856, "h2": 147.96886732592614, "h3": 284.37685807692975, "so": 0.26453823305513335}, "datetime": {"datetime": "2020-12-04 18:38:11", "elapsed": 1164.671264, "delta": 4.799437}}
{"target": 0.9522764581831631, "params": {"ac": 1.3989752174573664, "h1": 90.7646200810139, "h2": 203.4194274894349, "h3": 23.859647014394316, "so": 1.8328562925215763}, "datetime": {"datetime": "2020-12-04 18:38:12", "elapsed": 1379.054396, "delta": 10.221989}}
{"target": 0.8858069035086803, "params": {"ac": 2.755258089000311, "h1": 99.90349592536798, "h2": 204.99551752834194, "h3": 22.01739069563176, "so": 2.354404988694844}, "datetime": {"datetime": "2020-12-04 18:38:13", "elapsed": 1167.319854, "delta": 2.64859}}
{"target": 0.9103624332608365, "params": {"ac": 0.16748104064215885, "h1": 97.6374771752653, "h2": 211.62636341657614, "h3": 12.04141134656053, "so": 0.7711772392580035}, "datetime": {"datetime": "2020-12-04 18:38:14", "elapsed": 1380.384133, "delta": 1.329737}}
{"target": 0.8807223630334244, "params": {"ac": 3.0, "h1": 34.60318871381101, "h2": 261.50199930606544, "h3": 263.8604576152555, "so": 2.136064239617752}, "datetime": {"datetime": "2020-12-04 18:38:18", "elapsed": 1384.407048, "delta": 4.022915}}
{"target": 0.9126445041201677, "params": {"ac": 2.845411196197408, "h1": 122.68443689638492, "h2": 187.16469588525138, "h3": 13.93446651201948, "so": 2.5132923460938907}, "datetime": {"datetime": "2020-12-04 18:38:22", "elapsed": 1388.605244, "delta": 4.198196}}
{"target": 0.9500861632440933, "params": {"ac": 0.7671117155804839, "h1": 94.86620688633397, "h2": 201.72426902881048, "h3": 19.20010247857535, "so": 2.2666802564848183}, "datetime": {"datetime": "2020-12-04 18:38:23", "elapsed": 1176.737604, "delta": 9.41775}}
{"target": 0.9074149691890774, "params": {"ac": 2.7410914593190894, "h1": 94.02210271357839, "h2": 206.7086720335442, "h3": 30.067158770944395, "so": 0.5098798738345256}, "datetime": {"datetime": "2020-12-04 18:38:27", "elapsed": 1393.811108, "delta": 5.205864}}
{"target": 0.867285084197461, "params": {"ac": 2.081187045970827, "h1": 123.598060506575, "h2": 108.96203626649263, "h3": 277.925105078628, "so": 2.6994002177514895}, "datetime": {"datetime": "2020-12-04 18:38:31", "elapsed": 1398.125625, "delta": 4.314517}}
{"target": 0.8653681719371406, "params": {"ac": 0.22419506843446801, "h1": 100.90587780383672, "h2": 203.68574615841277, "h3": 27.937970753344736, "so": 0.011211681200708812}, "datetime": {"datetime": "2020-12-04 18:38:33", "elapsed": 1399.99463, "delta": 1.869005}}
{"target": 0.8948716661367084, "params": {"ac": 2.4153343070946645, "h1": 99.36100862270798, "h2": 165.2581422348526, "h3": 280.84042923326336, "so": 2.0353361263207614}, "datetime": {"datetime": "2020-12-04 18:38:38", "elapsed": 1404.916697, "delta": 4.922067}}
{"target": 0.9182227059487182, "params": {"ac": 2.027448152194016, "h1": 97.53944991514072, "h2": 289.12218036174517, "h3": 245.14713683493048, "so": 0.16686295975975562}, "datetime": {"datetime": "2020-12-04 18:38:45", "elapsed": 1199.446746, "delta": 22.709142}}
{"target": 0.8524667615726752, "params": {"ac": 0.1764370828184222, "h1": 292.8905798670415, "h2": 11.306087442151195, "h3": 69.90441321986727, "so": 1.5607816500283271}, "datetime": {"datetime": "2020-12-04 18:38:46", "elapsed": 1200.321649, "delta": 0.874903}}
{"target": 0.9113160300810005, "params": {"ac": 2.794858011945853, "h1": 98.81999726697265, "h2": 290.95721670047703, "h3": 239.6875588056758, "so": 2.810183426283559}, "datetime": {"datetime": "2020-12-04 18:38:49", "elapsed": 1415.649025, "delta": 10.732328}}
{"target": 0.9271741524117963, "params": {"ac": 3.0, "h1": 94.69352411869524, "h2": 202.21187785108881, "h3": 24.603038481170568, "so": 0.0}, "datetime": {"datetime": "2020-12-04 18:38:50", "elapsed": 1203.616837, "delta": 3.295188}}
