{"target": 0.8968519339071099, "params": {"ac": 2.4991572097671058, "h1": 266.25093062596324, "h2": 186.5720667571817, "h3": 282.8296721156323, "so": 2.3314384461674416}, "datetime": {"datetime": "2020-12-04 18:30:48", "elapsed": 934.815004, "delta": 6.092706}}
{"target": -0.22432881459400633, "params": {"ac": 1.2286048927582547, "h1": 155.29768311265104, "h2": 8.032562791562352, "h3": 233.20642025234358, "so": 1.5887045744845878}, "datetime": {"datetime": "2020-12-04 18:30:49", "elapsed": 935.424376, "delta": 0.609372}}
{"target": 0.8680686296615138, "params": {"ac": 0.24455731326964292, "h1": 116.02522629825972, "h2": 111.54236029997257, "h3": 275.88570567495293, "so": 1.8539429724945058}, "datetime": {"datetime": "2020-12-04 18:30:50", "elapsed": 936.920374, "delta": 1.495998}}
{"target": 0.9038833044462985, "params": {"ac": 0.08329743634039422, "h1": 125.75402508239807, "h2": 188.97698764651605, "h3": 10.845858510614757, "so": 1.1783270657246132}, "datetime": {"datetime": "2020-12-04 18:30:51", "elapsed": 937.830941, "delta": 0.910567}}
{"target": 0.9135499785109171, "params": {"ac": 2.481595450742099, "h1": 93.71801946753703, "h2": 240.46649659704084, "h3": 30.4314951466949, "so": 0.43818026967301615}, "datetime": {"datetime": "2020-12-04 18:30:52", "elapsed": 726.236967, "delta": 4.190151}}
{"target": 0.9143895574645049, "params": {"ac": 2.906364515712615, "h1": 91.56829575138846, "h2": 205.29082550672538, "h3": 16.06655842938627, "so": 2.7460878579554286}, "datetime": {"datetime": "2020-12-04 18:30:56", "elapsed": 942.321325, "delta": 4.490384}}
{"target": 0.916336178442062, "params": {"ac": 2.6398104361560506, "h1": 113.17440618600718, "h2": 264.2577195734699, "h3": 209.51433177230118, "so": 1.8012982817331915}, "datetime": {"datetime": "2020-12-04 18:30:56", "elapsed": 730.090939, "delta": 3.853972}}
{"target": -0.12100766811385684, "params": {"ac": 0.7458954083835071, "h1": 43.89315148821086, "h2": 297.5929822691934, "h3": 275.3075720604801, "so": 1.4248415377574823}, "datetime": {"datetime": "2020-12-04 18:30:58", "elapsed": 731.569952, "delta": 1.479013}}
{"target": -0.15881055454082735, "params": {"ac": 0.6876301304156424, "h1": 270.64706168029136, "h2": 116.66976403163328, "h3": 224.4053111212379, "so": 1.1593438115396535}, "datetime": {"datetime": "2020-12-04 18:30:58", "elapsed": 732.285598, "delta": 0.715646}}
{"target": 0.8799342554892717, "params": {"ac": 2.482078270216893, "h1": 103.36484781355453, "h2": 288.368241398205, "h3": 248.77926024755305, "so": 0.7923775834008338}, "datetime": {"datetime": "2020-12-04 18:31:03", "elapsed": 949.367141, "delta": 7.045816}}
{"target": 0.9114272044780265, "params": {"ac": 2.504720955776678, "h1": 179.71312470053311, "h2": 186.0952285352578, "h3": 140.5071943451125, "so": 0.8743435681582824}, "datetime": {"datetime": "2020-12-04 18:31:05", "elapsed": 738.940297, "delta": 6.654699}}
{"target": 0.9200197712674025, "params": {"ac": 2.819258624847171, "h1": 98.99675617303193, "h2": 154.82928441364396, "h3": 277.479870580611, "so": 0.6578575735824573}, "datetime": {"datetime": "2020-12-04 18:31:11", "elapsed": 957.654146, "delta": 8.287005}}
{"target": 0.872931696027025, "params": {"ac": 2.129610671288183, "h1": 269.6392758349171, "h2": 248.64034152828413, "h3": 292.3551824066438, "so": 2.2731152451982917}, "datetime": {"datetime": "2020-12-04 18:31:13", "elapsed": 746.693938, "delta": 7.753641}}
{"target": 0.8658688810604593, "params": {"ac": 1.8263441852663154, "h1": 262.5744119912293, "h2": 281.1007024209795, "h3": 181.01935978788396, "so": 0.9937170336827548}, "datetime": {"datetime": "2020-12-04 18:31:15", "elapsed": 749.253171, "delta": 2.559233}}
{"target": 0.915668650491132, "params": {"ac": 1.8242785746886705, "h1": 212.80270805403262, "h2": 33.29159060587972, "h3": 291.601656601524, "so": 0.07113591094235094}, "datetime": {"datetime": "2020-12-04 18:31:19", "elapsed": 752.572866, "delta": 3.319695}}
{"target": 0.8655459786122405, "params": {"ac": 1.6308399186937328, "h1": 37.172899432474885, "h2": 17.10447443446098, "h3": 187.3649157087403, "so": 0.8072491332388851}, "datetime": {"datetime": "2020-12-04 18:31:21", "elapsed": 754.533735, "delta": 1.960869}}
{"target": 0.9584863958904026, "params": {"ac": 1.3114052991807394, "h1": 121.06365924351964, "h2": 192.73959223871466, "h3": 11.776201492775884, "so": 1.7269111416382228}, "datetime": {"datetime": "2020-12-04 18:31:24", "elapsed": 970.650261, "delta": 12.996115}}
{"target": 0.9099081022999922, "params": {"ac": 2.893600889497091, "h1": 220.56392791794445, "h2": 151.78979859372023, "h3": 110.53174297139547, "so": 0.9279490076278579}, "datetime": {"datetime": "2020-12-04 18:31:26", "elapsed": 760.084275, "delta": 5.55054}}
{"target": -0.19710071757328024, "params": {"ac": 1.092288212080948, "h1": 183.71111251876778, "h2": 182.80569437581053, "h3": 20.488310055820573, "so": 2.6414389123058166}, "datetime": {"datetime": "2020-12-04 18:31:27", "elapsed": 760.892114, "delta": 0.807839}}
{"target": 0.9096467218409512, "params": {"ac": 1.737989175770743, "h1": 88.63373513685859, "h2": 206.88351292503103, "h3": 20.409080161049157, "so": 0.28877360138829855}, "datetime": {"datetime": "2020-12-04 18:31:27", "elapsed": 973.769013, "delta": 3.118752}}
{"target": -0.3422470326498087, "params": {"ac": 1.4159667007674865, "h1": 289.1135371655791, "h2": 16.67626101292788, "h3": 80.63675956893013, "so": 0.6434115020381034}, "datetime": {"datetime": "2020-12-04 18:31:28", "elapsed": 974.259701, "delta": 0.490688}}
{"target": -0.11716439975302237, "params": {"ac": 1.2307415413582556, "h1": 137.60081298521436, "h2": 87.6191431093788, "h3": 266.9660215013582, "so": 1.3610651199357604}, "datetime": {"datetime": "2020-12-04 18:31:28", "elapsed": 761.667041, "delta": 0.774927}}
{"target": 0.871881319846111, "params": {"ac": 0.4227554020082861, "h1": 103.11318760489914, "h2": 153.06350267745785, "h3": 278.42570748426687, "so": 1.5533422438549955}, "datetime": {"datetime": "2020-12-04 18:31:29", "elapsed": 975.938242, "delta": 1.678541}}
{"target": 0.8985834061508029, "params": {"ac": 2.5206077804985805, "h1": 56.92273294184268, "h2": 217.5672299096497, "h3": 92.65245051432147, "so": 2.9011931643196673}, "datetime": {"datetime": "2020-12-04 18:31:33", "elapsed": 766.983853, "delta": 5.316812}}
{"target": 0.8382430862943601, "params": {"ac": 1.5211299552626973, "h1": 116.75050615955267, "h2": 111.90260901904614, "h3": 271.7028963940338, "so": 1.0609620087248546}, "datetime": {"datetime": "2020-12-04 18:31:33", "elapsed": 980.021324, "delta": 4.083082}}
{"target": -0.1967098056187451, "params": {"ac": 1.1728690769263623, "h1": 143.9285860473605, "h2": 3.8750590990408544, "h3": 226.44203271447137, "so": 2.0356926256055283}, "datetime": {"datetime": "2020-12-04 18:31:34", "elapsed": 980.663606, "delta": 0.642282}}
{"target": 0.8091039077833031, "params": {"ac": 2.6575098221365145, "h1": 119.7643488057531, "h2": 186.21903012153282, "h3": 4.767770168822976, "so": 0.05081394247303983}, "datetime": {"datetime": "2020-12-04 18:31:37", "elapsed": 983.87402, "delta": 3.210414}}
{"target": 0.8718058511109057, "params": {"ac": 2.3227892672367947, "h1": 173.04049195427575, "h2": 280.42500778498885, "h3": 194.13958406277152, "so": 2.6546805083384504}, "datetime": {"datetime": "2020-12-04 18:31:41", "elapsed": 774.710299, "delta": 7.726446}}
{"target": 0.9052799707228207, "params": {"ac": 2.946022213594035, "h1": 125.92904332394986, "h2": 195.83144711539285, "h3": 291.4529452500889, "so": 2.4944438831496543}, "datetime": {"datetime": "2020-12-04 18:31:46", "elapsed": 779.735877, "delta": 5.025578}}
{"target": 0.9316216932694432, "params": {"ac": 2.0278635225340524, "h1": 117.67835771923362, "h2": 107.96684147823956, "h3": 276.8331777453356, "so": 0.46891545098744014}, "datetime": {"datetime": "2020-12-04 18:31:48", "elapsed": 994.79973, "delta": 10.92571}}
{"target": 0.8998871456788798, "params": {"ac": 2.721326363684834, "h1": 205.96679463329173, "h2": 48.74794913341184, "h3": 262.7236154561763, "so": 2.140528717105623}, "datetime": {"datetime": "2020-12-04 18:31:49", "elapsed": 782.901833, "delta": 3.165956}}
{"target": 0.800256912022206, "params": {"ac": 2.230449869710039, "h1": 49.79880363231617, "h2": 41.02301782994852, "h3": 2.1876974043726163, "so": 2.2522736400946557}, "datetime": {"datetime": "2020-12-04 18:32:01", "elapsed": 794.559599, "delta": 11.657766}}
{"target": 0.8873684582231413, "params": {"ac": 0.12767359354088792, "h1": 227.68218931292196, "h2": 149.12541216801478, "h3": 141.14995469338047, "so": 2.4827973832609764}, "datetime": {"datetime": "2020-12-04 18:32:02", "elapsed": 796.413275, "delta": 1.853676}}
{"target": 0.8768015220670143, "params": {"ac": 0.542154200596742, "h1": 89.13522823540772, "h2": 211.01487275457052, "h3": 19.426261674030222, "so": 0.3151509004048656}, "datetime": {"datetime": "2020-12-04 18:32:04", "elapsed": 1010.839827, "delta": 16.040097}}
{"target": 0.8822364624994666, "params": {"ac": 2.558136092843765, "h1": 37.44342446613095, "h2": 217.5275784159184, "h3": 145.7199977821322, "so": 2.1600840031326793}, "datetime": {"datetime": "2020-12-04 18:32:05", "elapsed": 799.373487, "delta": 2.960212}}
{"target": 0.8173589175106313, "params": {"ac": 1.3283473832020836, "h1": 291.3637305762656, "h2": 18.902375900738633, "h3": 72.82087800075989, "so": 2.4706307609225404}, "datetime": {"datetime": "2020-12-04 18:32:09", "elapsed": 1015.684532, "delta": 4.844705}}
{"target": 0.9062515883570456, "params": {"ac": 2.3498610303901, "h1": 50.760715065002856, "h2": 40.9790491513328, "h3": 1.2573650999021493, "so": 1.274034497901551}, "datetime": {"datetime": "2020-12-04 18:32:10", "elapsed": 803.634928, "delta": 4.261441}}
{"target": 0.8993188562413549, "params": {"ac": 2.8014688869802202, "h1": 125.04254164048372, "h2": 189.50726373199893, "h3": 4.397084738509288, "so": 2.814412589193405}, "datetime": {"datetime": "2020-12-04 18:32:13", "elapsed": 1019.992705, "delta": 4.308173}}
{"target": 0.9224436859433904, "params": {"ac": 1.8632728038685824, "h1": 93.23659114325348, "h2": 240.86017351623488, "h3": 31.616732748453014, "so": 0.4892003437664194}, "datetime": {"datetime": "2020-12-04 18:32:14", "elapsed": 807.603502, "delta": 3.968574}}
{"target": 0.8673505273048537, "params": {"ac": 0.09179445165779287, "h1": 296.7077349694582, "h2": 16.669075982024996, "h3": 74.59762895318768, "so": 1.9582228712024765}, "datetime": {"datetime": "2020-12-04 18:32:14", "elapsed": 1020.630001, "delta": 0.637296}}
{"target": 0.8398717532739666, "params": {"ac": 1.8230850493012851, "h1": 124.30572342158429, "h2": 190.0971791755472, "h3": 6.749221780878415, "so": 0.2104881097938015}, "datetime": {"datetime": "2020-12-04 18:32:18", "elapsed": 1024.513616, "delta": 3.883615}}
{"target": 0.9232048896508017, "params": {"ac": 0.6753183494911035, "h1": 200.72675314996104, "h2": 78.34778012000733, "h3": 32.222243605938615, "so": 2.385602925563628}, "datetime": {"datetime": "2020-12-04 18:32:21", "elapsed": 814.962834, "delta": 7.359332}}
{"target": 0.8848600739633461, "params": {"ac": 2.4481031056206755, "h1": 255.05746530202276, "h2": 233.59377038724554, "h3": 253.57792254989099, "so": 0.6297479645770764}, "datetime": {"datetime": "2020-12-04 18:32:23", "elapsed": 1029.865843, "delta": 5.352227}}
{"target": -0.12015368662624819, "params": {"ac": 1.4940651540682968, "h1": 108.22952947196426, "h2": 291.3396029019729, "h3": 247.81533316562727, "so": 2.716551791484689}, "datetime": {"datetime": "2020-12-04 18:32:24", "elapsed": 1030.685158, "delta": 0.819315}}
{"target": 0.8653327152885482, "params": {"ac": 0.48495462554870694, "h1": 120.00717861777183, "h2": 187.34445587137338, "h3": 13.46352976718352, "so": 0.1606383245708365}, "datetime": {"datetime": "2020-12-04 18:32:25", "elapsed": 1031.958651, "delta": 1.273493}}
{"target": 0.9171093057010058, "params": {"ac": 2.263408380718082, "h1": 124.32558323277021, "h2": 186.83315515791887, "h3": 7.973673572458552, "so": 1.3256847299471315}, "datetime": {"datetime": "2020-12-04 18:32:26", "elapsed": 819.491655, "delta": 4.528821}}
{"target": -0.3304424664027298, "params": {"ac": 0.5697796782907552, "h1": 263.16311046438284, "h2": 206.1866018424365, "h3": 159.60223903736798, "so": 1.9961495916493934}, "datetime": {"datetime": "2020-12-04 18:32:26", "elapsed": 820.435892, "delta": 0.944237}}
{"target": 0.873896728124973, "params": {"ac": 2.497779419679439, "h1": 224.82840113886624, "h2": 249.3171766976896, "h3": 192.455507093713, "so": 0.6208569556989451}, "datetime": {"datetime": "2020-12-04 18:32:33", "elapsed": 826.606513, "delta": 6.170621}}
{"target": 0.9129938687256404, "params": {"ac": 2.0112743518243414, "h1": 96.54771684985586, "h2": 156.8447881833094, "h3": 283.892641291441, "so": 0.3029279054377495}, "datetime": {"datetime": "2020-12-04 18:32:39", "elapsed": 1045.75615, "delta": 13.797499}}
{"target": 0.8557850644003484, "params": {"ac": 2.120481019639512, "h1": 223.47421334189144, "h2": 245.6819917141591, "h3": 192.28794456431456, "so": 1.4948389150234063}, "datetime": {"datetime": "2020-12-04 18:32:41", "elapsed": 834.630621, "delta": 8.024108}}
{"target": 0.8933082093653969, "params": {"ac": 1.7422837006324963, "h1": 103.79495716635695, "h2": 292.9008450648347, "h3": 247.5025522709754, "so": 2.042328146619416}, "datetime": {"datetime": "2020-12-04 18:32:47", "elapsed": 840.841679, "delta": 6.211058}}
{"target": 0.9063295474162235, "params": {"ac": 2.9073381826001428, "h1": 99.69256107986166, "h2": 151.02769332169956, "h3": 279.25425071144895, "so": 2.727949233316788}, "datetime": {"datetime": "2020-12-04 18:32:47", "elapsed": 1053.671703, "delta": 7.915553}}
{"target": 0.9003092144993999, "params": {"ac": 2.612800451927302, "h1": 263.1478415311702, "h2": 185.08485595255505, "h3": 279.8116379133143, "so": 1.5813305719477657}, "datetime": {"datetime": "2020-12-04 18:32:52", "elapsed": 846.408185, "delta": 5.566506}}
{"target": 0.446018883518082, "params": {"ac": 0.9987731862505984, "h1": 254.2055926223326, "h2": 238.15335534457864, "h3": 251.2142188738831, "so": 2.104493376040887}, "datetime": {"datetime": "2020-12-04 18:32:53", "elapsed": 1059.563829, "delta": 5.892126}}
{"target": -0.11631342898770754, "params": {"ac": 0.6478692015541283, "h1": 261.2786156891882, "h2": 233.02273272218164, "h3": 249.7687469536638, "so": 0.5681908796200804}, "datetime": {"datetime": "2020-12-04 18:32:54", "elapsed": 1060.504338, "delta": 0.940509}}
{"target": 0.895481185725045, "params": {"ac": 2.249799195848526, "h1": 98.74349286992994, "h2": 153.2390180531755, "h3": 285.4258555187896, "so": 2.398972942556828}, "datetime": {"datetime": "2020-12-04 18:32:59", "elapsed": 1065.405497, "delta": 4.901159}}
{"target": 0.8967816957950866, "params": {"ac": 0.12240217314666513, "h1": 92.55944220192373, "h2": 207.74205013459778, "h3": 21.454559300822886, "so": 2.7658798141607237}, "datetime": {"datetime": "2020-12-04 18:33:00", "elapsed": 1066.361674, "delta": 0.956177}}
{"target": 0.9134344250019474, "params": {"ac": 2.9097774861850625, "h1": 294.2223827857853, "h2": 15.126381323586022, "h3": 71.54892477281449, "so": 0.9805041526908528}, "datetime": {"datetime": "2020-12-04 18:33:03", "elapsed": 1070.143559, "delta": 3.781885}}
{"target": 0.8574415600131488, "params": {"ac": 2.471072666218556, "h1": 91.56970594252847, "h2": 209.06593341586125, "h3": 12.393666040642785, "so": 2.390768461913121}, "datetime": {"datetime": "2020-12-04 18:33:07", "elapsed": 1073.61328, "delta": 3.469721}}
{"target": 0.8650715199307332, "params": {"ac": 0.49740894833181837, "h1": 214.09573216100722, "h2": 33.78277379532956, "h3": 286.44720893756846, "so": 0.2700873606474753}, "datetime": {"datetime": "2020-12-04 18:33:08", "elapsed": 1074.848976, "delta": 1.235696}}
{"target": 0.8812065218833107, "params": {"ac": 2.4658740160665507, "h1": 99.44960755594553, "h2": 295.35881852333523, "h3": 245.03090505382485, "so": 0.9729182858823877}, "datetime": {"datetime": "2020-12-04 18:33:14", "elapsed": 1081.111229, "delta": 6.262253}}
{"target": 0.8588369024129394, "params": {"ac": 1.631790632498813, "h1": 94.20199397844672, "h2": 291.48662924816557, "h3": 248.614018082923, "so": 0.8828280410516101}, "datetime": {"datetime": "2020-12-04 18:33:25", "elapsed": 1091.868102, "delta": 10.756873}}
{"target": 0.9140685639028188, "params": {"ac": 2.554006897567054, "h1": 100.83345949540144, "h2": 161.05106640266737, "h3": 284.0713838272944, "so": 2.486391430167921}, "datetime": {"datetime": "2020-12-04 18:33:29", "elapsed": 1095.630857, "delta": 3.762755}}
{"target": 0.9062133385474527, "params": {"ac": 0.31855937336883533, "h1": 270.78436269194225, "h2": 205.38775870032464, "h3": 155.78439940240682, "so": 1.3841026706992106}, "datetime": {"datetime": "2020-12-04 18:33:31", "elapsed": 1097.400733, "delta": 1.769876}}
{"target": 0.8963589715487956, "params": {"ac": 1.6677124801958743, "h1": 267.48286836704654, "h2": 199.55144504948072, "h3": 158.60729449531746, "so": 0.942368273741623}, "datetime": {"datetime": "2020-12-04 18:33:38", "elapsed": 1104.234983, "delta": 6.83425}}
{"target": 0.916978209529864, "params": {"ac": 2.5732943911749624, "h1": 101.75693008106856, "h2": 147.96886732592614, "h3": 284.37685807692975, "so": 0.26453823305513335}, "datetime": {"datetime": "2020-12-04 18:33:44", "elapsed": 1110.40577, "delta": 6.170787}}
{"target": 0.8858069035086803, "params": {"ac": 2.755258089000311, "h1": 99.90349592536798, "h2": 204.99551752834194, "h3": 22.01739069563176, "so": 2.354404988694844}, "datetime": {"datetime": "2020-12-04 18:33:47", "elapsed": 1113.212442, "delta": 2.806672}}
{"target": 0.9500861632440933, "params": {"ac": 0.7671117155804839, "h1": 94.86620688633397, "h2": 201.72426902881048, "h3": 19.20010247857535, "so": 2.2666802564848183}, "datetime": {"datetime": "2020-12-04 18:33:56", "elapsed": 1122.714237, "delta": 9.501795}}
{"target": 0.9182227059487182, "params": {"ac": 2.027448152194016, "h1": 97.53944991514072, "h2": 289.12218036174517, "h3": 245.14713683493048, "so": 0.16686295975975562}, "datetime": {"datetime": "2020-12-04 18:34:24", "elapsed": 1150.329865, "delta": 27.615628}}
{"target": 0.8524667615726752, "params": {"ac": 0.1764370828184222, "h1": 292.8905798670415, "h2": 11.306087442151195, "h3": 69.90441321986727, "so": 1.5607816500283271}, "datetime": {"datetime": "2020-12-04 18:34:25", "elapsed": 1151.20656, "delta": 0.876695}}
{"target": 0.9271741524117963, "params": {"ac": 3.0, "h1": 94.69352411869524, "h2": 202.21187785108881, "h3": 24.603038481170568, "so": 0.0}, "datetime": {"datetime": "2020-12-04 18:34:28", "elapsed": 1154.861061, "delta": 3.654501}}
{"target": 0.9042297096145987, "params": {"ac": 2.6930793100392174, "h1": 98.580769326519, "h2": 283.9029820397279, "h3": 250.37327365291412, "so": 0.8312558442836118}, "datetime": {"datetime": "2020-12-04 18:34:38", "elapsed": 1164.919992, "delta": 10.058931}}
{"target": -0.3079207081294334, "params": {"ac": 1.1977239683304002, "h1": 44.47496327335361, "h2": 261.1921713094554, "h3": 255.3888096121727, "so": 2.390763250588158}, "datetime": {"datetime": "2020-12-04 18:34:39", "elapsed": 1165.79047, "delta": 0.870478}}
{"target": 0.9089152572864718, "params": {"ac": 0.0, "h1": 98.1235081178049, "h2": 159.6003311905487, "h3": 279.1452967756017, "so": 3.0}, "datetime": {"datetime": "2020-12-04 18:34:41", "elapsed": 1167.45801, "delta": 1.66754}}
{"target": 0.894817696885369, "params": {"ac": 0.4950923240462035, "h1": 97.7841948735153, "h2": 206.47825960197815, "h3": 12.760631716786143, "so": 2.719191719587307}, "datetime": {"datetime": "2020-12-04 18:34:42", "elapsed": 1168.507778, "delta": 1.049768}}
{"target": 0.8476858032225911, "params": {"ac": 1.4755469150282594, "h1": 97.71238384080868, "h2": 211.32626877203597, "h3": 18.664236732646323, "so": 0.21723609154362478}, "datetime": {"datetime": "2020-12-04 18:34:57", "elapsed": 1183.332028, "delta": 14.82425}}
{"target": 0.8738504672593311, "params": {"ac": 2.296399215371349, "h1": 103.57236174814844, "h2": 158.94893885484692, "h3": 274.9015335083155, "so": 1.2975070402852862}, "datetime": {"datetime": "2020-12-04 18:35:01", "elapsed": 1187.341438, "delta": 4.00941}}
{"target": 0.8502968699368034, "params": {"ac": 1.3037299542998784, "h1": 262.456120555186, "h2": 188.53669623921107, "h3": 281.61589001159183, "so": 0.47603470699171013}, "datetime": {"datetime": "2020-12-04 18:35:02", "elapsed": 975.80317, "delta": 129.394985}}
{"target": 0.5927929310858909, "params": {"ac": 1.1424241789491902, "h1": 205.55876566480808, "h2": 282.5498822536797, "h3": 292.43004815778033, "so": 2.481089059643746}, "datetime": {"datetime": "2020-12-04 18:35:09", "elapsed": 983.373539, "delta": 7.570369}}
{"target": 0.8685327872520923, "params": {"ac": 2.4989939053362793, "h1": 116.45133759368933, "h2": 190.45955561773349, "h3": 7.930979184173994, "so": 2.194657973528522}, "datetime": {"datetime": "2020-12-04 18:35:10", "elapsed": 1196.42311, "delta": 9.081672}}
{"target": -0.11698907725073471, "params": {"ac": 1.2398692770845385, "h1": 250.34320026635046, "h2": 229.3941379112488, "h3": 250.39487121890397, "so": 1.4282628043267211}, "datetime": {"datetime": "2020-12-04 18:35:11", "elapsed": 1197.522926, "delta": 1.099816}}
{"target": 0.8652483547995896, "params": {"ac": 0.0, "h1": 95.85166187083205, "h2": 150.30604773590048, "h3": 281.7771115322999, "so": 0.0}, "datetime": {"datetime": "2020-12-04 18:35:14", "elapsed": 1200.672836, "delta": 3.14991}}
{"target": 0.8968519339071099, "params": {"ac": 2.4991572097671058, "h1": 266.25093062596324, "h2": 186.5720667571817, "h3": 282.8296721156323, "so": 2.3314384461674416}, "datetime": {"datetime": "2020-12-04 18:35:17", "elapsed": 991.384859, "delta": 8.01132}}
