{"target": -0.51960318417546, "params": {"loss_n": 0.1915194503788923, "max_depth": 6.976870168318655, "max_features": 1.875455478014229, "min_samples_split": 20.06324742541669, "n_estimators": 3902.0792825128296}, "datetime": {"datetime": "2021-05-31 20:47:33", "elapsed": 0.0, "delta": 0.0}}
{"target": -0.5220540970116865, "params": {"loss_n": 0.2725926052826416, "max_depth": 4.2117140411447735, "max_features": 2.6037443550700385, "min_samples_split": 24.03720513472522, "n_estimators": 4380.903847363053}, "datetime": {"datetime": "2021-05-31 20:48:12", "elapsed": 39.113056, "delta": 39.113056}}
{"target": -0.518916567662919, "params": {"loss_n": 0.35781726995786667, "max_depth": 6.00796100418767, "max_features": 2.3669258703442724, "min_samples_split": 18.392146620606706, "n_estimators": 1857.5512664040707}, "datetime": {"datetime": "2021-05-31 20:48:29", "elapsed": 55.680756, "delta": 16.5677}}
{"target": -0.4577625375048703, "params": {"loss_n": 0.5611961860656249, "max_depth": 6.024665322462478, "max_features": 1.0275368991813645, "min_samples_split": 19.775012297084604, "n_estimators": 4414.379541274222}, "datetime": {"datetime": "2021-05-31 20:49:08", "elapsed": 94.896119, "delta": 39.215363}}
{"target": -0.5274936005809375, "params": {"loss_n": 0.3648859839013723, "max_depth": 6.92316942746795, "max_features": 1.150762483285953, "min_samples_split": 10.482952138045414, "n_estimators": 4666.369108892783}, "datetime": {"datetime": "2021-05-31 20:49:50", "elapsed": 136.98012, "delta": 42.084001}}
{"target": -0.37874541516541027, "params": {"loss_n": 0.6513781432265774, "max_depth": 5.1776206218092335, "max_features": 2.5774602858814912, "min_samples_split": 9.28723080988404, "n_estimators": 2844.812276604085}, "datetime": {"datetime": "2021-05-31 20:50:15", "elapsed": 162.263006, "delta": 25.282886}}
{"target": -0.7492043188580926, "params": {"loss_n": 0.8691273895612258, "max_depth": 5.489387391165435, "max_features": 2.604295284160318, "min_samples_split": 5.306636963834985, "n_estimators": 3524.2622458804935}, "datetime": {"datetime": "2021-05-31 20:50:47", "elapsed": 193.913048, "delta": 31.650042}}
{"target": -0.37113920755656515, "params": {"loss_n": 0.7045813081895725, "max_depth": 3.7503368453927086, "max_features": 2.84973525723113, "min_samples_split": 12.169237374296063, "n_estimators": 4547.486635272638}, "datetime": {"datetime": "2021-05-31 20:51:27", "elapsed": 234.020004, "delta": 40.106956}}
{"target": -0.5205186915150015, "params": {"loss_n": 0.0598092227798519, "max_depth": 3.474296670510509, "max_features": 1.0947105576030303, "min_samples_split": 17.522261702393592, "n_estimators": 2977.1776518729}, "datetime": {"datetime": "2021-05-31 20:51:54", "elapsed": 260.639334, "delta": 26.61933}}
{"target": -0.38658515637568575, "params": {"loss_n": 0.5333101629987506, "max_depth": 2.346592501558428, "max_features": 2.1228661601267955, "min_samples_split": 9.582374249281045, "n_estimators": 2519.804497231966}, "datetime": {"datetime": "2021-05-31 20:52:16", "elapsed": 283.063473, "delta": 22.424139}}
{"target": -1.0724741092190937, "params": {"loss_n": 0.11189431757440382, "max_depth": 6.8575496497478765, "max_features": 2.131889286101063, "min_samples_split": 2.155573425770064, "n_estimators": 3091.034126933442}, "datetime": {"datetime": "2021-05-31 20:52:45", "elapsed": 311.827642, "delta": 28.764169}}
{"target": -0.4570608423525565, "params": {"loss_n": 0.9121228864331543, "max_depth": 8.324193064456267, "max_features": 2.984162932376723, "min_samples_split": 24.05244052951593, "n_estimators": 3961.9010351052825}, "datetime": {"datetime": "2021-05-31 20:53:20", "elapsed": 346.542512, "delta": 34.71487}}
{"target": -0.7786271149410148, "params": {"loss_n": 0.2852509600245098, "max_depth": 6.999333642447288, "max_features": 1.9561875913413491, "min_samples_split": 6.500529109315659, "n_estimators": 1917.7640856372172}, "datetime": {"datetime": "2021-05-31 20:53:37", "elapsed": 364.371281, "delta": 17.828769}}
{"target": -0.8611810110764994, "params": {"loss_n": 0.05387368514623658, "max_depth": 5.6131872660868725, "max_features": 2.9640094830439088, "min_samples_split": 4.850682111200149, "n_estimators": 605.7106806519795}, "datetime": {"datetime": "2021-05-31 20:53:43", "elapsed": 370.06826, "delta": 5.696979}}
{"target": -0.8326381041726411, "params": {"loss_n": 0.7385230561433468, "max_depth": 6.698429067711877, "max_features": 1.9432650686407356, "min_samples_split": 4.463916795458925, "n_estimators": 1153.8006416484834}, "datetime": {"datetime": "2021-05-31 20:53:54", "elapsed": 380.44029, "delta": 10.37203}}
{"target": -0.982843590144269, "params": {"loss_n": 0.8999651948366754, "max_depth": 5.334028302421546, "max_features": 2.0717033250632317, "min_samples_split": 2.142795881503976, "n_estimators": 1510.2021117938027}, "datetime": {"datetime": "2021-05-31 20:54:07", "elapsed": 393.995045, "delta": 13.554755}}
{"target": -0.5198775171858354, "params": {"loss_n": 0.4368931721756102, "max_depth": 6.89719197652606, "max_features": 2.8363961507611464, "min_samples_split": 16.391943409138314, "n_estimators": 3532.9278497580485}, "datetime": {"datetime": "2021-05-31 20:54:39", "elapsed": 425.496492, "delta": 31.501447}}
{"target": -0.5188511286603548, "params": {"loss_n": 0.14983371598992723, "max_depth": 7.968507273093733, "max_features": 2.662013984867076, "min_samples_split": 16.575692685872518, "n_estimators": 2197.1663068009134}, "datetime": {"datetime": "2021-05-31 20:54:58", "elapsed": 445.217542, "delta": 19.72105}}
{"target": -0.518838121169529, "params": {"loss_n": 0.15257277467450536, "max_depth": 6.547276921977521, "max_features": 2.056448555170121, "min_samples_split": 23.882861566332643, "n_estimators": 2406.9923007649804}, "datetime": {"datetime": "2021-05-31 20:55:20", "elapsed": 466.730913, "delta": 21.513371}}
{"target": -0.9462267300737022, "params": {"loss_n": 0.5025595633825504, "max_depth": 6.295025543395278, "max_features": 2.638404134128317, "min_samples_split": 3.3136596760437773, "n_estimators": 3350.4144979419984}, "datetime": {"datetime": "2021-05-31 20:55:50", "elapsed": 496.74369, "delta": 30.012777}}
{"target": -0.45127787584525647, "params": {"loss_n": 0.7671166283794725, "max_depth": 7.664922895820831, "max_features": 2.593734367450393, "min_samples_split": 14.828499053831337, "n_estimators": 4829.524294640717}, "datetime": {"datetime": "2021-05-31 20:56:32", "elapsed": 539.268576, "delta": 42.524886}}
{"target": -0.5247207531208055, "params": {"loss_n": 0.14715689989299718, "max_depth": 2.2371760042833246, "max_features": 2.1877869852495433, "min_samples_split": 4.6235110710812375, "n_estimators": 4754.54115191977}, "datetime": {"datetime": "2021-05-31 20:57:16", "elapsed": 582.835288, "delta": 43.566712}}
{"target": -0.5221996978612171, "params": {"loss_n": 0.32570741442534723, "max_depth": 3.5489495212302176, "max_features": 1.915623297794855, "min_samples_split": 23.16925913514102, "n_estimators": 4396.555115958232}, "datetime": {"datetime": "2021-05-31 20:57:55", "elapsed": 621.975138, "delta": 39.13985}}
{"target": -0.5196956875126435, "params": {"loss_n": 0.2526157550465302, "max_depth": 4.784070342954769, "max_features": 1.3651774631606175, "min_samples_split": 22.741309181532817, "n_estimators": 3535.575534227269}, "datetime": {"datetime": "2021-05-31 20:58:27", "elapsed": 654.050875, "delta": 32.075737}}
{"target": -0.4564284914657879, "params": {"loss_n": 0.7266584615621408, "max_depth": 9.200702694477663, "max_features": 2.5583276015386485, "min_samples_split": 15.780559953898726, "n_estimators": 1462.7149720403954}, "datetime": {"datetime": "2021-05-31 20:58:40", "elapsed": 667.310534, "delta": 13.259659}}
{"target": -0.8039900877805632, "params": {"loss_n": 0.15139526440743212, "max_depth": 4.681397273195479, "max_features": 2.315103554315639, "min_samples_split": 3.6868785035502176, "n_estimators": 284.48191307705605}, "datetime": {"datetime": "2021-05-31 20:58:43", "elapsed": 670.026133, "delta": 2.715599}}
{"target": -0.5843628960181999, "params": {"loss_n": 0.32319481392117644, "max_depth": 6.723854435703889, "max_features": 2.707797134251283, "min_samples_split": 8.602435775000206, "n_estimators": 873.6054618058128}, "datetime": {"datetime": "2021-05-31 20:58:51", "elapsed": 678.222996, "delta": 8.196863}}
{"target": -0.6056383003118911, "params": {"loss_n": 0.13402120599884282, "max_depth": 9.957230629154356, "max_features": 1.3589957389387837, "min_samples_split": 9.303576929625503, "n_estimators": 2845.774109248945}, "datetime": {"datetime": "2021-05-31 20:59:17", "elapsed": 704.281556, "delta": 26.05856}}
{"target": -0.524290142811313, "params": {"loss_n": 0.00934857450024451, "max_depth": 9.205188969240735, "max_features": 2.9544828618451744, "min_samples_split": 14.808577620147203, "n_estimators": 433.0214785370088}, "datetime": {"datetime": "2021-05-31 20:59:21", "elapsed": 708.249657, "delta": 3.968101}}
{"target": -0.5163913813049187, "params": {"loss_n": 0.3330024657291001, "max_depth": 7.827429410957376, "max_features": 1.2848707466836344, "min_samples_split": 14.706785608443546, "n_estimators": 1372.485865821591}, "datetime": {"datetime": "2021-05-31 20:59:34", "elapsed": 720.680459, "delta": 12.430802}}
{"target": -0.8310627852215775, "params": {"loss_n": 0.9744951380872597, "max_depth": 7.342295249160301, "max_features": 1.5113065728682793, "min_samples_split": 4.491164366202762, "n_estimators": 3883.141808637672}, "datetime": {"datetime": "2021-05-31 21:00:09", "elapsed": 755.782992, "delta": 35.102533}}
{"target": -0.4563811552300864, "params": {"loss_n": 0.782477992600202, "max_depth": 8.092831314459954, "max_features": 2.8288062265386476, "min_samples_split": 17.14832398467572, "n_estimators": 2846.154232048933}, "datetime": {"datetime": "2021-05-31 21:00:34", "elapsed": 780.914039, "delta": 25.131047}}
{"target": -0.5235518829354731, "params": {"loss_n": 0.2017556924529783, "max_depth": 7.586371004414089, "max_features": 2.9043908196309545, "min_samples_split": 22.469155604266117, "n_estimators": 4967.901140687237}, "datetime": {"datetime": "2021-05-31 21:01:18", "elapsed": 825.142916, "delta": 44.228877}}
{"target": -0.45888257304629115, "params": {"loss_n": 0.8187035102039255, "max_depth": 6.360977329437759, "max_features": 1.9025081099281966, "min_samples_split": 22.482815322363717, "n_estimators": 4866.591307682158}, "datetime": {"datetime": "2021-05-31 21:02:01", "elapsed": 867.948007, "delta": 42.805091}}
{"target": -0.4547610410947396, "params": {"loss_n": 0.5934113295689697, "max_depth": 4.928595981763767, "max_features": 1.646189385932499, "min_samples_split": 22.042734866120053, "n_estimators": 1086.0139743120951}, "datetime": {"datetime": "2021-05-31 21:02:11", "elapsed": 877.52846, "delta": 9.580453}}
{"target": -0.45499562544666006, "params": {"loss_n": 0.7349451885621964, "max_depth": 4.924952698937485, "max_features": 2.6032051970055203, "min_samples_split": 20.002918615433654, "n_estimators": 3509.763342391098}, "datetime": {"datetime": "2021-05-31 21:02:41", "elapsed": 908.325744, "delta": 30.797284}}
{"target": -0.4555108624066008, "params": {"loss_n": 0.6227765866031991, "max_depth": 5.949461165976897, "max_features": 2.6810754002369777, "min_samples_split": 18.378230699703888, "n_estimators": 2225.1058172651037}, "datetime": {"datetime": "2021-05-31 21:03:01", "elapsed": 927.948352, "delta": 19.622608}}
{"target": -0.48650287520485697, "params": {"loss_n": 0.031034861133332647, "max_depth": 4.905918081548784, "max_features": 2.4614435828206775, "min_samples_split": 12.938031180923756, "n_estimators": 1728.6406809087935}, "datetime": {"datetime": "2021-05-31 21:03:17", "elapsed": 943.466955, "delta": 15.518603}}
{"target": -0.45596551732820945, "params": {"loss_n": 0.6408804349960188, "max_depth": 3.0096425729151957, "max_features": 1.3429305219284995, "min_samples_split": 18.952989354836, "n_estimators": 643.8766739262879}, "datetime": {"datetime": "2021-05-31 21:03:22", "elapsed": 949.163722, "delta": 5.696767}}
{"target": -0.523025673547125, "params": {"loss_n": 0.3696498749466268, "max_depth": 6.834672038688211, "max_features": 1.2062088777112945, "min_samples_split": 20.454606193755833, "n_estimators": 4728.310646852201}, "datetime": {"datetime": "2021-05-31 21:04:04", "elapsed": 991.342802, "delta": 42.17908}}
{"target": -0.45475433059831205, "params": {"loss_n": 0.9790388199339376, "max_depth": 9.049857970711416, "max_features": 2.2553638429279506, "min_samples_split": 23.40119026826131, "n_estimators": 3626.70186598117}, "datetime": {"datetime": "2021-05-31 21:04:36", "elapsed": 1023.267085, "delta": 31.924283}}
{"target": -0.4022462333770126, "params": {"loss_n": 0.7166778860553562, "max_depth": 2.328628532673471, "max_features": 1.8789635503349498, "min_samples_split": 8.48760501167002, "n_estimators": 1681.6298847707171}, "datetime": {"datetime": "2021-05-31 21:04:51", "elapsed": 1038.194863, "delta": 14.927778}}
{"target": -0.519768591613156, "params": {"loss_n": 0.0835270070444003, "max_depth": 8.08679317645909, "max_features": 2.018544894327908, "min_samples_split": 17.2040906049944, "n_estimators": 3155.2690679965644}, "datetime": {"datetime": "2021-05-31 21:05:19", "elapsed": 1066.206973, "delta": 28.01211}}
{"target": -0.5139614030974797, "params": {"loss_n": 0.3709268274575275, "max_depth": 5.5739212138467575, "max_features": 1.8302164403951864, "min_samples_split": 13.048935684308352, "n_estimators": 4916.784631208447}, "datetime": {"datetime": "2021-05-31 21:06:03", "elapsed": 1110.027989, "delta": 43.821016}}
{"target": -0.517993053188116, "params": {"loss_n": 0.37342370735353736, "max_depth": 2.0992558538217088, "max_features": 2.8438066755980578, "min_samples_split": 22.085349617916783, "n_estimators": 1765.2166397220678}, "datetime": {"datetime": "2021-05-31 21:06:19", "elapsed": 1125.843261, "delta": 15.815272}}
{"target": -0.6625036287698713, "params": {"loss_n": 0.6301331125022921, "max_depth": 4.8626156747335285, "max_features": 1.42563987529693, "min_samples_split": 7.136342131821, "n_estimators": 2103.62332073683}, "datetime": {"datetime": "2021-05-31 21:06:38", "elapsed": 1144.893818, "delta": 19.050557}}
{"target": -0.5177486432075746, "params": {"loss_n": 0.07291022107806677, "max_depth": 7.206712561093538, "max_features": 2.511372297901875, "min_samples_split": 23.438328205171683, "n_estimators": 1888.2567563141695}, "datetime": {"datetime": "2021-05-31 21:06:55", "elapsed": 1161.936182, "delta": 17.042364}}
{"target": -0.5187294766020348, "params": {"loss_n": 0.29692728344953345, "max_depth": 4.975554499953201, "max_features": 2.6553987176072686, "min_samples_split": 22.72620931075678, "n_estimators": 2142.245886438906}, "datetime": {"datetime": "2021-05-31 21:07:14", "elapsed": 1181.143819, "delta": 19.207637}}
{"target": -0.5253263672681167, "params": {"loss_n": 0.0021894308231216186, "max_depth": 2.3357219565173617, "max_features": 1.2835747663255292, "min_samples_split": 15.759455257418834, "n_estimators": 541.2380048391856}, "datetime": {"datetime": "2021-05-31 21:07:19", "elapsed": 1186.087107, "delta": 4.943288}}
{"target": -0.5357508136158413, "params": {"loss_n": 0.2971589861743179, "max_depth": 2.4671359192970623, "max_features": 2.2426497205027234, "min_samples_split": 2.521650950870016, "n_estimators": 4276.722883796967}, "datetime": {"datetime": "2021-05-31 21:07:58", "elapsed": 1225.122311, "delta": 39.035204}}
{"target": -0.6171426600861125, "params": {"loss_n": 0.5152918744979005, "max_depth": 3.4519806496169014, "max_features": 1.753993819921766, "min_samples_split": 3.747677003852056, "n_estimators": 1320.7647606177932}, "datetime": {"datetime": "2021-05-31 21:08:10", "elapsed": 1236.973105, "delta": 11.850794}}
{"target": -0.519576290823158, "params": {"loss_n": 0.3824469270722761, "max_depth": 8.571951183511047, "max_features": 1.8100371717693424, "min_samples_split": 19.21936940679545, "n_estimators": 3880.301439399675}, "datetime": {"datetime": "2021-05-31 21:08:45", "elapsed": 1271.719763, "delta": 34.746658}}
{"target": -0.520504397202537, "params": {"loss_n": 0.1110544340884253, "max_depth": 3.748774957103482, "max_features": 2.343104788821875, "min_samples_split": 21.76519323795098, "n_estimators": 3988.9139712558426}, "datetime": {"datetime": "2021-05-31 21:09:20", "elapsed": 1307.328123, "delta": 35.60836}}
{"target": -0.46084738470416015, "params": {"loss_n": 0.8317306287518349, "max_depth": 8.450467919167444, "max_features": 1.1959346186031825, "min_samples_split": 10.757429677372256, "n_estimators": 4397.959869600839}, "datetime": {"datetime": "2021-05-31 21:09:59", "elapsed": 1346.304712, "delta": 38.976589}}
{"target": -0.7674005414930919, "params": {"loss_n": 0.847182980586503, "max_depth": 4.323059037194615, "max_features": 2.3753876379833416, "min_samples_split": 3.1280231428831042, "n_estimators": 1044.9650703039538}, "datetime": {"datetime": "2021-05-31 21:10:09", "elapsed": 1355.721034, "delta": 9.416322}}
{"target": -0.4488740382396298, "params": {"loss_n": 0.8479514551186921, "max_depth": 2.3333698676205534, "max_features": 1.162972214453181, "min_samples_split": 13.569788288578291, "n_estimators": 3842.0073785144236}, "datetime": {"datetime": "2021-05-31 21:10:43", "elapsed": 1389.631736, "delta": 33.910702}}
{"target": -0.4582007511047409, "params": {"loss_n": 0.5607752719066253, "max_depth": 4.706620026375524, "max_features": 2.0331737085958794, "min_samples_split": 23.578934741917816, "n_estimators": 541.9763699617566}, "datetime": {"datetime": "2021-05-31 21:10:48", "elapsed": 1394.545156, "delta": 4.91342}}
{"target": -0.5204689361423329, "params": {"loss_n": 0.3653482718537622, "max_depth": 7.097978082442924, "max_features": 2.0804023228029536, "min_samples_split": 24.932210672442807, "n_estimators": 1515.3081610584622}, "datetime": {"datetime": "2021-05-31 21:11:01", "elapsed": 1408.195268, "delta": 13.650112}}
{"target": -0.5208201203555844, "params": {"loss_n": 0.7563969373736352, "max_depth": 8.304046915022893, "max_features": 1.6118859247359214, "min_samples_split": 8.621551933719672, "n_estimators": 3056.8922798359004}, "datetime": {"datetime": "2021-05-31 21:11:29", "elapsed": 1435.595448, "delta": 27.40018}}
{"target": -0.7904114072948969, "params": {"loss_n": 0.6384892762734218, "max_depth": 7.9091302598870445, "max_features": 1.8687752082879183, "min_samples_split": 4.81289742752631, "n_estimators": 121.33877610745142}, "datetime": {"datetime": "2021-05-31 21:11:30", "elapsed": 1436.865554, "delta": 1.270106}}
{"target": -0.5225212873223525, "params": {"loss_n": 0.4360638993517655, "max_depth": 9.087373505329786, "max_features": 2.240092135988175, "min_samples_split": 19.524543996965754, "n_estimators": 4503.836216370235}, "datetime": {"datetime": "2021-05-31 21:12:11", "elapsed": 1477.545832, "delta": 40.680278}}
{"target": -0.40472083933538333, "params": {"loss_n": 0.8040800834029017, "max_depth": 4.92838954988334, "max_features": 2.285255993891884, "min_samples_split": 12.305213729529147, "n_estimators": 1298.6704719939214}, "datetime": {"datetime": "2021-05-31 21:12:22", "elapsed": 1489.142874, "delta": 11.597042}}
{"target": -0.45149153062376557, "params": {"loss_n": 0.8742057503264189, "max_depth": 9.103595545886634, "max_features": 2.363012878625246, "min_samples_split": 14.114246699302141, "n_estimators": 2155.5594051629587}, "datetime": {"datetime": "2021-05-31 21:12:41", "elapsed": 1508.215064, "delta": 19.07219}}
{"target": -0.4575698624185994, "params": {"loss_n": 0.9151886506690177, "max_depth": 3.477528999129966, "max_features": 1.4432949988518144, "min_samples_split": 23.461188023976888, "n_estimators": 4396.623475037782}, "datetime": {"datetime": "2021-05-31 21:13:20", "elapsed": 1546.973631, "delta": 38.758567}}
{"target": -0.45514786960445386, "params": {"loss_n": 0.920589574663421, "max_depth": 2.4912200429494025, "max_features": 2.1459755161392424, "min_samples_split": 14.136112175407582, "n_estimators": 4545.403083552567}, "datetime": {"datetime": "2021-05-31 21:14:00", "elapsed": 1587.046493, "delta": 40.072862}}
{"target": -0.47505852591146025, "params": {"loss_n": 0.05850571244117031, "max_depth": 5.723236650359644, "max_features": 2.196251882216745, "min_samples_split": 11.203194835909486, "n_estimators": 4544.79557296666}, "datetime": {"datetime": "2021-05-31 21:14:41", "elapsed": 1628.085967, "delta": 41.039474}}
{"target": -0.5099855466246417, "params": {"loss_n": 0.09820472428223537, "max_depth": 3.0140875498735307, "max_features": 1.4602174426666261, "min_samples_split": 13.27200552031204, "n_estimators": 2844.5716234632237}, "datetime": {"datetime": "2021-05-31 21:15:07", "elapsed": 1653.612949, "delta": 25.526982}}
{"target": -0.475125604681286, "params": {"loss_n": 0.0938507914146054, "max_depth": 4.16449092754666, "max_features": 1.6971718194017371, "min_samples_split": 11.469354810571215, "n_estimators": 4550.969393770969}, "datetime": {"datetime": "2021-05-31 21:15:48", "elapsed": 1694.811567, "delta": 41.198618}}
{"target": -0.4940970588759752, "params": {"loss_n": 0.4443059205006006, "max_depth": 2.1595192752416184, "max_features": 1.174452132438364, "min_samples_split": 12.67588524732549, "n_estimators": 2516.7176277569024}, "datetime": {"datetime": "2021-05-31 21:16:11", "elapsed": 1717.462998, "delta": 22.651431}}
{"target": -0.5938765878048073, "params": {"loss_n": 0.29177035430499754, "max_depth": 3.2142807457159366, "max_features": 2.517001942967239, "min_samples_split": 7.6672260987754, "n_estimators": 2523.337770739667}, "datetime": {"datetime": "2021-05-31 21:16:34", "elapsed": 1740.806197, "delta": 23.343199}}
