{"target": -0.3166047724052291, "params": {"loss_n": 0.840374744550895, "max_depth": 7.037652439126752, "max_features": 2.9858281800709774, "min_samples_split": 10.142425815189442, "n_estimators": 3848.796741941311}, "datetime": {"datetime": "2021-05-31 21:47:21", "elapsed": 3587.881829, "delta": 34.231158}}
{"target": -0.494906160440844, "params": {"loss_n": 0.049830543823308204, "max_depth": 9.918085213352072, "max_features": 1.3867033891843479, "min_samples_split": 12.380263474562001, "n_estimators": 1677.1542705870907}, "datetime": {"datetime": "2021-05-31 21:47:36", "elapsed": 3602.998425, "delta": 15.116596}}
{"target": -0.318177592566693, "params": {"loss_n": 0.5136447965288222, "max_depth": 8.104901881036714, "max_features": 2.965380610739663, "min_samples_split": 10.74222398549145, "n_estimators": 1677.6857266411596}, "datetime": {"datetime": "2021-05-31 21:47:51", "elapsed": 3618.033251, "delta": 15.034826}}
{"target": -0.6747744939060606, "params": {"loss_n": 0.0517704838101668, "max_depth": 4.028350808081648, "max_features": 1.3230086963453782, "min_samples_split": 8.710956419480048, "n_estimators": 3846.725629103572}, "datetime": {"datetime": "2021-05-31 21:48:26", "elapsed": 3653.093274, "delta": 35.060023}}
{"target": -0.46076607857006013, "params": {"loss_n": 0.8329720422210366, "max_depth": 6.345439986544595, "max_features": 1.3436533223176876, "min_samples_split": 10.87951624122711, "n_estimators": 3849.214370284276}, "datetime": {"datetime": "2021-05-31 21:49:00", "elapsed": 3687.215066, "delta": 34.121792}}
{"target": -0.4767711554964979, "params": {"loss_n": 0.43226349277743736, "max_depth": 3.5366177201652453, "max_features": 2.9739000143207592, "min_samples_split": 11.519356591569274, "n_estimators": 1301.925914038475}, "datetime": {"datetime": "2021-05-31 21:49:12", "elapsed": 3699.112736, "delta": 11.89767}}
{"target": -0.47655310153271435, "params": {"loss_n": 0.36363799630736204, "max_depth": 6.406211797874131, "max_features": 2.400411552933337, "min_samples_split": 11.610857055356325, "n_estimators": 1678.3149025118237}, "datetime": {"datetime": "2021-05-31 21:49:27", "elapsed": 3714.410421, "delta": 15.297685}}
{"target": -0.4798792419940545, "params": {"loss_n": 0.45516385736511467, "max_depth": 3.6810337819775603, "max_features": 2.8659299582767073, "min_samples_split": 11.958587117319773, "n_estimators": 1675.2990115424864}, "datetime": {"datetime": "2021-05-31 21:49:43", "elapsed": 3729.645185, "delta": 15.234764}}
{"target": -0.3712791891731457, "params": {"loss_n": 0.8057234971886261, "max_depth": 6.523381914388553, "max_features": 2.4111224273674385, "min_samples_split": 11.483091964701332, "n_estimators": 3852.2689961022634}, "datetime": {"datetime": "2021-05-31 21:50:17", "elapsed": 3763.688286, "delta": 34.043101}}
{"target": -0.32577681068651865, "params": {"loss_n": 0.5653367958466504, "max_depth": 2.3290666761838743, "max_features": 2.605241868104038, "min_samples_split": 9.948986696794142, "n_estimators": 2517.8989151717396}, "datetime": {"datetime": "2021-05-31 21:50:39", "elapsed": 3786.154799, "delta": 22.466513}}
{"target": -0.3764503843855928, "params": {"loss_n": 0.8516311237395555, "max_depth": 5.634511602783925, "max_features": 2.723647887447682, "min_samples_split": 9.51314255084468, "n_estimators": 2518.1698623834122}, "datetime": {"datetime": "2021-05-31 21:51:02", "elapsed": 3808.617814, "delta": 22.463015}}
{"target": -0.3742095432202673, "params": {"loss_n": 0.7724900277954206, "max_depth": 7.354592714360413, "max_features": 1.5318783869522272, "min_samples_split": 11.231102673186632, "n_estimators": 2839.9449641804317}, "datetime": {"datetime": "2021-05-31 21:51:27", "elapsed": 3833.863361, "delta": 25.245547}}
{"target": -0.5227813482079967, "params": {"loss_n": 0.07559870528857104, "max_depth": 5.878763685974691, "max_features": 1.9921545644750465, "min_samples_split": 9.075707355517284, "n_estimators": 1299.2584251094422}, "datetime": {"datetime": "2021-05-31 21:51:39", "elapsed": 3845.889708, "delta": 12.026347}}
{"target": -0.4565574693934937, "params": {"loss_n": 0.5897335213594428, "max_depth": 3.261074019684864, "max_features": 1.16054917606759, "min_samples_split": 16.784215902680693, "n_estimators": 3845.7983359132622}, "datetime": {"datetime": "2021-05-31 21:52:13", "elapsed": 3879.760354, "delta": 33.870646}}
{"target": -0.4649374163687601, "params": {"loss_n": 0.9518087563867169, "max_depth": 4.639595377041231, "max_features": 1.0570200331808866, "min_samples_split": 10.798937388166518, "n_estimators": 2838.597014686954}, "datetime": {"datetime": "2021-05-31 21:52:38", "elapsed": 3905.033295, "delta": 25.272941}}
{"target": -0.49018258062216474, "params": {"loss_n": 0.06685682942099025, "max_depth": 8.707648474124802, "max_features": 2.4155074840806536, "min_samples_split": 12.381972217413066, "n_estimators": 3854.94657857525}, "datetime": {"datetime": "2021-05-31 21:53:13", "elapsed": 3939.508377, "delta": 34.475082}}
{"target": -0.5145010785073965, "params": {"loss_n": 0.20443572049802627, "max_depth": 8.026226084542841, "max_features": 2.7555118029122134, "min_samples_split": 13.419969291836704, "n_estimators": 3845.942738683583}, "datetime": {"datetime": "2021-05-31 21:53:47", "elapsed": 3973.831665, "delta": 34.323288}}
{"target": -0.5291336685953631, "params": {"loss_n": 0.8294426559033192, "max_depth": 3.1477395874642724, "max_features": 1.2232040539450475, "min_samples_split": 9.690703772380528, "n_estimators": 2843.1095336264175}, "datetime": {"datetime": "2021-05-31 21:54:12", "elapsed": 3999.18689, "delta": 25.355225}}
{"target": -0.42693830941354766, "params": {"loss_n": 0.5821159736444494, "max_depth": 8.058219258941588, "max_features": 1.8518933609079622, "min_samples_split": 9.96123980740549, "n_estimators": 3850.986401879597}, "datetime": {"datetime": "2021-05-31 21:54:46", "elapsed": 4033.367098, "delta": 34.180208}}
{"target": -0.520588403136687, "params": {"loss_n": 0.1639082648976421, "max_depth": 7.465968164507827, "max_features": 2.7110989651150392, "min_samples_split": 14.766395839886634, "n_estimators": 2838.1933453958145}, "datetime": {"datetime": "2021-05-31 21:55:12", "elapsed": 4058.760353, "delta": 25.393255}}
{"target": -0.4310960181540441, "params": {"loss_n": 0.9265876541321291, "max_depth": 5.974577517341014, "max_features": 1.07180417849469, "min_samples_split": 11.609217033311651, "n_estimators": 2841.290046312992}, "datetime": {"datetime": "2021-05-31 21:55:37", "elapsed": 4084.051821, "delta": 25.291468}}
{"target": -0.37536636865067274, "params": {"loss_n": 0.5416135870763246, "max_depth": 8.694876957290951, "max_features": 2.206337238506726, "min_samples_split": 10.980188508021213, "n_estimators": 2518.418336240317}, "datetime": {"datetime": "2021-05-31 21:56:00", "elapsed": 4106.478427, "delta": 22.426606}}
{"target": -0.42792370802553703, "params": {"loss_n": 0.6596688156858513, "max_depth": 9.806380417523373, "max_features": 2.2294624531218226, "min_samples_split": 9.874383019478369, "n_estimators": 2521.044453217815}, "datetime": {"datetime": "2021-05-31 21:56:22", "elapsed": 4128.966976, "delta": 22.488549}}
{"target": -0.374927527423324, "params": {"loss_n": 1.0, "max_depth": 9.138036542072639, "max_features": 3.0, "min_samples_split": 9.015201815008414, "n_estimators": 1678.3056914918218}, "datetime": {"datetime": "2021-05-31 21:56:37", "elapsed": 4144.084589, "delta": 15.117613}}
{"target": -0.4827317415985874, "params": {"loss_n": 0.05222982119697883, "max_depth": 2.1104658207704485, "max_features": 2.8054781706458716, "min_samples_split": 7.055599799519338, "n_estimators": 3859.574297680223}, "datetime": {"datetime": "2021-05-31 21:57:12", "elapsed": 4179.401291, "delta": 35.316702}}
{"target": -0.5139989923584153, "params": {"loss_n": 0.05480888688090768, "max_depth": 9.813042729771839, "max_features": 2.7242668963209846, "min_samples_split": 13.828466897426157, "n_estimators": 2522.0848366080154}, "datetime": {"datetime": "2021-05-31 21:57:35", "elapsed": 4202.035363, "delta": 22.634072}}
{"target": -0.7024886992236545, "params": {"loss_n": 0.9771563435198982, "max_depth": 8.915858503600317, "max_features": 2.7285044819563855, "min_samples_split": 6.442105056330308, "n_estimators": 2519.04172405782}, "datetime": {"datetime": "2021-05-31 21:57:58", "elapsed": 4224.69132, "delta": 22.655957}}
{"target": -0.42484558916688764, "params": {"loss_n": 0.8401718773394394, "max_depth": 8.658803477650732, "max_features": 2.8342256104150283, "min_samples_split": 13.844717704352004, "n_estimators": 2517.2250580966506}, "datetime": {"datetime": "2021-05-31 21:58:20", "elapsed": 4246.982244, "delta": 22.290924}}
{"target": -0.47375184223733474, "params": {"loss_n": 0.23125220697646576, "max_depth": 6.78249370376035, "max_features": 1.9760320472749568, "min_samples_split": 11.977498509031806, "n_estimators": 2516.7470700024232}, "datetime": {"datetime": "2021-05-31 21:58:43", "elapsed": 4269.811809, "delta": 22.829565}}
{"target": -0.46902585314603923, "params": {"loss_n": 0.062127968702726966, "max_depth": 3.896117501273568, "max_features": 2.9913910610850487, "min_samples_split": 10.810687839386564, "n_estimators": 2517.4660950549137}, "datetime": {"datetime": "2021-05-31 22:16:16", "elapsed": 5323.209519, "delta": 1053.39771}}
{"target": -0.5318179640307821, "params": {"loss_n": 0.26182170444862973, "max_depth": 9.63144853941495, "max_features": 1.2983355160475956, "min_samples_split": 10.639078166038107, "n_estimators": 2838.906733928309}, "datetime": {"datetime": "2021-05-31 22:16:42", "elapsed": 5349.004176, "delta": 25.794657}}
{"target": -0.4893780628950246, "params": {"loss_n": 0.10022024691232745, "max_depth": 6.503442432688143, "max_features": 1.0997552390654022, "min_samples_split": 12.454184954574302, "n_estimators": 1302.0185613115752}, "datetime": {"datetime": "2021-05-31 22:16:54", "elapsed": 5360.955218, "delta": 11.951042}}
{"target": -0.4091929166858511, "params": {"loss_n": 0.5285313813922372, "max_depth": 9.909318500148377, "max_features": 2.3868773065772886, "min_samples_split": 12.18076789927459, "n_estimators": 2514.5529670468627}, "datetime": {"datetime": "2021-05-31 22:17:16", "elapsed": 5383.394233, "delta": 22.439015}}
{"target": -0.32225936534589683, "params": {"loss_n": 1.0, "max_depth": 2.0, "max_features": 3.0, "min_samples_split": 11.360919794460129, "n_estimators": 2841.8636448503216}, "datetime": {"datetime": "2021-05-31 22:17:42", "elapsed": 5408.6647, "delta": 25.270467}}
{"target": -0.4492251404411589, "params": {"loss_n": 0.9715369448047465, "max_depth": 3.535196854442977, "max_features": 1.1518515362347308, "min_samples_split": 13.643935694683455, "n_estimators": 4548.253696311128}, "datetime": {"datetime": "2021-05-31 22:18:22", "elapsed": 5448.757731, "delta": 40.093031}}
{"target": -0.4924214218087567, "params": {"loss_n": 0.014302631723212778, "max_depth": 2.750393256802899, "max_features": 2.4917036514912496, "min_samples_split": 12.96575670487647, "n_estimators": 2840.189268270212}, "datetime": {"datetime": "2021-05-31 22:18:48", "elapsed": 5474.449526, "delta": 25.691795}}
{"target": -0.5199032311953771, "params": {"loss_n": 0.17006064793964926, "max_depth": 3.8939368580360654, "max_features": 1.7725283442210569, "min_samples_split": 17.202567436541116, "n_estimators": 3840.9464303021446}, "datetime": {"datetime": "2021-05-31 22:19:22", "elapsed": 5508.712451, "delta": 34.262925}}
{"target": -0.4529705391149137, "params": {"loss_n": 1.0, "max_depth": 10.0, "max_features": 1.0, "min_samples_split": 14.983815128384261, "n_estimators": 2514.85327779446}, "datetime": {"datetime": "2021-05-31 22:19:44", "elapsed": 5530.976462, "delta": 22.264011}}
{"target": -0.456278653403106, "params": {"loss_n": 0.6118075814821201, "max_depth": 5.977736641057557, "max_features": 2.859501229996688, "min_samples_split": 21.540307492596007, "n_estimators": 2837.6021504013293}, "datetime": {"datetime": "2021-05-31 22:20:09", "elapsed": 5556.04056, "delta": 25.064098}}
{"target": -0.439468459653029, "params": {"loss_n": 0.9456838457773342, "max_depth": 7.222359236449733, "max_features": 1.5334123647384141, "min_samples_split": 13.03656739737513, "n_estimators": 1672.2588591622505}, "datetime": {"datetime": "2021-05-31 22:20:24", "elapsed": 5570.951211, "delta": 14.910651}}
{"target": -0.5213946227227074, "params": {"loss_n": 0.20720325726110256, "max_depth": 9.084667662214066, "max_features": 2.2179459127724916, "min_samples_split": 23.89184982519976, "n_estimators": 2839.4638239994156}, "datetime": {"datetime": "2021-05-31 22:20:49", "elapsed": 5596.346394, "delta": 25.395183}}
{"target": -0.45438142032972684, "params": {"loss_n": 0.6129636213919962, "max_depth": 6.580847376966442, "max_features": 2.5139033302165306, "min_samples_split": 15.278327094157355, "n_estimators": 1298.1237426508706}, "datetime": {"datetime": "2021-05-31 22:21:01", "elapsed": 5607.954863, "delta": 11.608469}}
{"target": -0.5138117988995199, "params": {"loss_n": 0.0, "max_depth": 10.0, "max_features": 3.0, "min_samples_split": 13.69463463132305, "n_estimators": 2511.6023749355663}, "datetime": {"datetime": "2021-05-31 22:21:24", "elapsed": 5630.50711, "delta": 22.552247}}
{"target": -0.37111844804176986, "params": {"loss_n": 1.0, "max_depth": 8.40295268036138, "max_features": 3.0, "min_samples_split": 12.25084370756509, "n_estimators": 4551.128557927045}, "datetime": {"datetime": "2021-05-31 22:22:04", "elapsed": 5670.751645, "delta": 40.244535}}
{"target": -0.5203558554488575, "params": {"loss_n": 0.11186039619402177, "max_depth": 9.7941075817958, "max_features": 1.0620752896112824, "min_samples_split": 14.724886056664124, "n_estimators": 4552.684401337801}, "datetime": {"datetime": "2021-05-31 22:22:44", "elapsed": 5711.346238, "delta": 40.594593}}
{"target": -0.43099571554096494, "params": {"loss_n": 0.7887614078560341, "max_depth": 7.948389677050725, "max_features": 2.0115750649160153, "min_samples_split": 9.830099896874517, "n_estimators": 4554.728686501901}, "datetime": {"datetime": "2021-05-31 22:23:25", "elapsed": 5751.821786, "delta": 40.475548}}
{"target": -0.4308713598435935, "params": {"loss_n": 0.5263568632030526, "max_depth": 4.406014674242672, "max_features": 2.0382035878347975, "min_samples_split": 9.814987373589572, "n_estimators": 4555.717976904872}, "datetime": {"datetime": "2021-05-31 22:24:05", "elapsed": 5792.313064, "delta": 40.491278}}
{"target": -0.6149273423928643, "params": {"loss_n": 0.10878404106173856, "max_depth": 9.225821045040536, "max_features": 1.9440645727763353, "min_samples_split": 8.589608277416943, "n_estimators": 4551.30370017597}, "datetime": {"datetime": "2021-05-31 22:24:47", "elapsed": 5833.983303, "delta": 41.670239}}
{"target": -0.4752051061805447, "params": {"loss_n": 0.21886923065782815, "max_depth": 6.76575893688746, "max_features": 2.3674726838801936, "min_samples_split": 11.658546062402113, "n_estimators": 4554.029685688753}, "datetime": {"datetime": "2021-05-31 22:25:28", "elapsed": 5875.089524, "delta": 41.106221}}
{"target": -0.5224659243384402, "params": {"loss_n": 1.0, "max_depth": 7.022747729291562, "max_features": 2.191313118994738, "min_samples_split": 8.999062188124528, "n_estimators": 4557.9253180232}, "datetime": {"datetime": "2021-05-31 22:26:09", "elapsed": 5915.660744, "delta": 40.57122}}
{"target": -0.3180696037162388, "params": {"loss_n": 0.8658121534163887, "max_depth": 7.910604915017822, "max_features": 2.9212781915657553, "min_samples_split": 10.992134546897848, "n_estimators": 1675.5344765171835}, "datetime": {"datetime": "2021-05-31 22:26:24", "elapsed": 5930.74899, "delta": 15.088246}}
{"target": -0.4540833464862025, "params": {"loss_n": 0.9906826163438802, "max_depth": 7.479401534713744, "max_features": 2.4949806499375224, "min_samples_split": 15.806472348187915, "n_estimators": 1307.097709623849}, "datetime": {"datetime": "2021-05-31 22:26:36", "elapsed": 5942.458192, "delta": 11.709202}}
{"target": -0.7291466925707029, "params": {"loss_n": 0.04846443978210979, "max_depth": 4.282859438930847, "max_features": 1.9889223612642108, "min_samples_split": 5.880901593215743, "n_estimators": 4554.578623527508}, "datetime": {"datetime": "2021-05-31 22:27:18", "elapsed": 5984.477501, "delta": 42.019309}}
{"target": -0.47250290915777776, "params": {"loss_n": 0.17682127586902008, "max_depth": 9.039930961523753, "max_features": 2.7100777392441158, "min_samples_split": 10.905331116953974, "n_estimators": 1673.7799663974188}, "datetime": {"datetime": "2021-05-31 22:27:33", "elapsed": 5999.929782, "delta": 15.452281}}
{"target": -0.5198118740232712, "params": {"loss_n": 0.8843969072823187, "max_depth": 2.360439918257952, "max_features": 1.055312893873478, "min_samples_split": 8.692669933702913, "n_estimators": 2517.142448033485}, "datetime": {"datetime": "2021-05-31 22:27:56", "elapsed": 6022.47305, "delta": 22.543268}}
{"target": -0.36487197428241325, "params": {"loss_n": 0.5226851946981192, "max_depth": 2.0538781561368484, "max_features": 2.4467218328948355, "min_samples_split": 10.713981186979295, "n_estimators": 1678.6742942508586}, "datetime": {"datetime": "2021-05-31 22:28:11", "elapsed": 6037.629007, "delta": 15.155957}}
{"target": -0.6079637585965971, "params": {"loss_n": 0.28511980339739795, "max_depth": 6.7154639666879055, "max_features": 1.0665872071948745, "min_samples_split": 9.522526355872998, "n_estimators": 1676.2503516867916}, "datetime": {"datetime": "2021-05-31 22:28:26", "elapsed": 6053.075792, "delta": 15.446785}}
{"target": -0.36829359183767335, "params": {"loss_n": 1.0, "max_depth": 6.682886798018717, "max_features": 3.0, "min_samples_split": 12.662141194889246, "n_estimators": 1304.9028025432372}, "datetime": {"datetime": "2021-05-31 22:28:38", "elapsed": 6064.872736, "delta": 11.796944}}
{"target": -0.5192754241194557, "params": {"loss_n": 0.14077099133375592, "max_depth": 2.041357148173039, "max_features": 2.975721199445938, "min_samples_split": 14.387957254421158, "n_estimators": 3847.5970288302133}, "datetime": {"datetime": "2021-05-31 22:29:12", "elapsed": 6099.193108, "delta": 34.320372}}
{"target": -0.4696121669827937, "params": {"loss_n": 0.1853807867259748, "max_depth": 7.550525658231655, "max_features": 2.7917602201139955, "min_samples_split": 10.453484745078203, "n_estimators": 2520.309655026379}, "datetime": {"datetime": "2021-05-31 22:29:35", "elapsed": 6122.257205, "delta": 23.064097}}
{"target": -0.5215373003612016, "params": {"loss_n": 0.29382846382548344, "max_depth": 7.295263111447795, "max_features": 1.2528267307743999, "min_samples_split": 19.169741193569283, "n_estimators": 2835.317379057355}, "datetime": {"datetime": "2021-05-31 22:30:01", "elapsed": 6147.706223, "delta": 25.449018}}
{"target": -0.4736312463362756, "params": {"loss_n": 0.14386259717498995, "max_depth": 7.640415413447923, "max_features": 2.2475541009687143, "min_samples_split": 11.385046061380722, "n_estimators": 1308.688625920322}, "datetime": {"datetime": "2021-05-31 22:30:13", "elapsed": 6159.718631, "delta": 12.012408}}
{"target": -0.4561198662899848, "params": {"loss_n": 0.7096971295175586, "max_depth": 7.040668548061521, "max_features": 2.6297090266645364, "min_samples_split": 15.551627825575743, "n_estimators": 1674.684118328381}, "datetime": {"datetime": "2021-05-31 22:30:28", "elapsed": 6174.681375, "delta": 14.962744}}
{"target": -0.45879987624150476, "params": {"loss_n": 0.829156803918222, "max_depth": 8.646285368143635, "max_features": 2.979518678188693, "min_samples_split": 16.999899083977844, "n_estimators": 4833.003908827459}, "datetime": {"datetime": "2021-05-31 22:31:10", "elapsed": 6217.24021, "delta": 42.558835}}
{"target": -0.47615293563426775, "params": {"loss_n": 0.20431236813069964, "max_depth": 9.125995306358707, "max_features": 2.968044507363696, "min_samples_split": 11.12438106958689, "n_estimators": 1305.5088723207855}, "datetime": {"datetime": "2021-05-31 22:31:22", "elapsed": 6229.292503, "delta": 12.052293}}
{"target": -0.3223295739241497, "params": {"loss_n": 1.0, "max_depth": 10.0, "max_features": 3.0, "min_samples_split": 11.229159285800234, "n_estimators": 2516.9084186488335}, "datetime": {"datetime": "2021-05-31 22:31:45", "elapsed": 6251.687698, "delta": 22.395195}}
{"target": -0.4038572092113892, "params": {"loss_n": 0.8769839739654146, "max_depth": 3.997675807402981, "max_features": 1.94944144935093, "min_samples_split": 12.966153934373194, "n_estimators": 1306.8151867409265}, "datetime": {"datetime": "2021-05-31 22:31:57", "elapsed": 6263.436792, "delta": 11.749094}}
{"target": -0.5209169877068819, "params": {"loss_n": 0.0727458425605989, "max_depth": 5.820373705512422, "max_features": 1.988460678023916, "min_samples_split": 19.616963583864703, "n_estimators": 1677.4923724863866}, "datetime": {"datetime": "2021-05-31 22:32:12", "elapsed": 6278.636158, "delta": 15.199366}}
{"target": -0.5206842955360176, "params": {"loss_n": 0.11491250456036373, "max_depth": 3.2941680690291637, "max_features": 2.3447907130796413, "min_samples_split": 14.931461699066716, "n_estimators": 1308.9029636892328}, "datetime": {"datetime": "2021-05-31 22:32:24", "elapsed": 6290.61029, "delta": 11.974132}}
{"target": -0.4265262140402319, "params": {"loss_n": 0.6591237856881048, "max_depth": 2.2002890839936837, "max_features": 2.943273481376309, "min_samples_split": 13.115028782978053, "n_estimators": 4556.158822138367}, "datetime": {"datetime": "2021-05-31 22:33:04", "elapsed": 6330.748087, "delta": 40.137797}}
{"target": -0.5231905485270535, "params": {"loss_n": 0.20759175001679342, "max_depth": 4.785156141122912, "max_features": 1.073311612630953, "min_samples_split": 18.706541590947815, "n_estimators": 4830.981794654776}, "datetime": {"datetime": "2021-05-31 22:33:47", "elapsed": 6373.784784, "delta": 43.036697}}
