{"target": -0.454911105802802, "params": {"loss_n": 0.9088497304611175, "max_depth": 3.228895873065448, "max_features": 1.9062762837087466, "min_samples_split": 15.62724811347579, "n_estimators": 1296.7590545675885}, "datetime": {"datetime": "2021-05-31 21:16:45", "elapsed": 1752.337531, "delta": 11.531334}}
{"target": -0.35203943770774443, "params": {"loss_n": 1.0, "max_depth": 2.296105150701975, "max_features": 3.0, "min_samples_split": 6.912002627044532, "n_estimators": 2844.1585012481505}, "datetime": {"datetime": "2021-05-31 21:17:11", "elapsed": 1777.791427, "delta": 25.453896}}
{"target": -0.6585052946138914, "params": {"loss_n": 0.9216443929639807, "max_depth": 4.125880044932294, "max_features": 2.8304281619788405, "min_samples_split": 6.719561563483083, "n_estimators": 2840.262997520353}, "datetime": {"datetime": "2021-05-31 21:17:36", "elapsed": 1803.265756, "delta": 25.474329}}
{"target": -0.8339581404162401, "params": {"loss_n": 0.33802357800475935, "max_depth": 4.346388806633974, "max_features": 1.1401581203608322, "min_samples_split": 3.5750913736086325, "n_estimators": 2846.991044322609}, "datetime": {"datetime": "2021-05-31 21:18:03", "elapsed": 1829.535032, "delta": 26.269276}}
{"target": -0.531970717227454, "params": {"loss_n": 0.23391864802941942, "max_depth": 4.354721690223225, "max_features": 2.22715352363252, "min_samples_split": 9.553399042415961, "n_estimators": 4547.575755019969}, "datetime": {"datetime": "2021-05-31 21:18:44", "elapsed": 1871.148356, "delta": 41.613324}}
{"target": -0.45080028250559473, "params": {"loss_n": 0.7888083081253973, "max_depth": 4.844154960728652, "max_features": 2.5819520296164686, "min_samples_split": 14.485312845622861, "n_estimators": 4549.528595403674}, "datetime": {"datetime": "2021-05-31 21:19:25", "elapsed": 1911.472714, "delta": 40.324358}}
{"target": -0.4759881576937019, "params": {"loss_n": 0.44263947170021445, "max_depth": 2.368868611993034, "max_features": 2.5496599689487196, "min_samples_split": 11.678180419302548, "n_estimators": 1297.8369480908518}, "datetime": {"datetime": "2021-05-31 21:19:37", "elapsed": 1923.431714, "delta": 11.959}}
{"target": -0.3445717619268792, "params": {"loss_n": 1.0, "max_depth": 2.0, "max_features": 2.9994840718658247, "min_samples_split": 8.239373891619065, "n_estimators": 2517.0831488946546}, "datetime": {"datetime": "2021-05-31 21:19:59", "elapsed": 1946.307059, "delta": 22.875345}}
{"target": -0.7393438283399024, "params": {"loss_n": 0.47904612578125494, "max_depth": 4.774923377253277, "max_features": 1.8044969220887834, "min_samples_split": 5.870635671327548, "n_estimators": 1682.8677668465075}, "datetime": {"datetime": "2021-05-31 21:20:15", "elapsed": 1962.123167, "delta": 15.816108}}
{"target": -0.4924466904529403, "params": {"loss_n": 0.2582547254245122, "max_depth": 2.386106850441424, "max_features": 1.262695210860387, "min_samples_split": 11.621645133289197, "n_estimators": 1683.320291098667}, "datetime": {"datetime": "2021-05-31 21:20:31", "elapsed": 1977.488698, "delta": 15.365531}}
{"target": -0.5846075231084575, "params": {"loss_n": 0.09165951440557907, "max_depth": 2.823221472446167, "max_features": 1.4042872127315713, "min_samples_split": 8.361204768742075, "n_estimators": 2846.367737020486}, "datetime": {"datetime": "2021-05-31 21:20:56", "elapsed": 2003.387001, "delta": 25.898303}}
{"target": -0.3287270675957236, "params": {"loss_n": 1.0, "max_depth": 2.597247017791697, "max_features": 3.0, "min_samples_split": 9.423327695526734, "n_estimators": 2843.513151603897}, "datetime": {"datetime": "2021-05-31 21:21:22", "elapsed": 2028.75566, "delta": 25.368659}}
{"target": -0.5154714232484242, "params": {"loss_n": 0.725426003893047, "max_depth": 4.970158379395961, "max_features": 1.6726479611239704, "min_samples_split": 8.780256186739887, "n_estimators": 2514.2770015204806}, "datetime": {"datetime": "2021-05-31 21:21:44", "elapsed": 2051.177215, "delta": 22.421555}}
{"target": -0.5924368944174041, "params": {"loss_n": 0.3805548911344504, "max_depth": 2.3279242219557466, "max_features": 1.0596499446720367, "min_samples_split": 6.041890122901713, "n_estimators": 2518.3677451555072}, "datetime": {"datetime": "2021-05-31 21:22:07", "elapsed": 2074.109112, "delta": 22.931897}}
{"target": -0.47366193640150367, "params": {"loss_n": 0.252813282723202, "max_depth": 7.143239169955642, "max_features": 2.2956419361423492, "min_samples_split": 11.428091016410125, "n_estimators": 1296.0450247438862}, "datetime": {"datetime": "2021-05-31 21:22:19", "elapsed": 2085.962926, "delta": 11.853814}}
{"target": -0.36843319335618513, "params": {"loss_n": 0.978735325548062, "max_depth": 6.427089071970774, "max_features": 2.726628720488295, "min_samples_split": 12.260347070957717, "n_estimators": 1302.365535812749}, "datetime": {"datetime": "2021-05-31 21:22:31", "elapsed": 2097.683409, "delta": 11.720483}}
{"target": -0.4739294043839982, "params": {"loss_n": 0.20363948013755162, "max_depth": 9.524030503940324, "max_features": 2.378154895418116, "min_samples_split": 10.73939747456289, "n_estimators": 1301.1215539380228}, "datetime": {"datetime": "2021-05-31 21:22:43", "elapsed": 2109.649388, "delta": 11.965979}}
{"target": -0.4476508610831478, "params": {"loss_n": 0.9375801548450903, "max_depth": 5.1745577995144085, "max_features": 2.6844506373854684, "min_samples_split": 14.381651295061657, "n_estimators": 1302.3589476960044}, "datetime": {"datetime": "2021-05-31 21:22:54", "elapsed": 2121.317131, "delta": 11.667743}}
{"target": -0.534136805254348, "params": {"loss_n": 0.7286727134171695, "max_depth": 5.376700986309243, "max_features": 1.4155628813889867, "min_samples_split": 9.0192383352659, "n_estimators": 1304.4248676614948}, "datetime": {"datetime": "2021-05-31 21:23:06", "elapsed": 2133.046279, "delta": 11.729148}}
{"target": -0.45121346960478304, "params": {"loss_n": 0.8467322428915329, "max_depth": 8.603110231821256, "max_features": 2.349858961701753, "min_samples_split": 14.94200403543777, "n_estimators": 1299.8126898742833}, "datetime": {"datetime": "2021-05-31 21:23:18", "elapsed": 2144.667196, "delta": 11.620917}}
{"target": -0.4492251404411589, "params": {"loss_n": 0.7225275293485965, "max_depth": 8.553498484747674, "max_features": 1.342551280984765, "min_samples_split": 13.933480792342154, "n_estimators": 4548.173671812515}, "datetime": {"datetime": "2021-05-31 21:23:58", "elapsed": 2184.738085, "delta": 40.070889}}
{"target": -0.5226389987892299, "params": {"loss_n": 0.06712232316973199, "max_depth": 6.589169826513726, "max_features": 2.932056698067619, "min_samples_split": 16.45158257675493, "n_estimators": 4545.5191517620715}, "datetime": {"datetime": "2021-05-31 21:24:38", "elapsed": 2225.321609, "delta": 40.583524}}
{"target": -0.445575710097087, "params": {"loss_n": 1.0, "max_depth": 8.571702999532743, "max_features": 1.0, "min_samples_split": 13.640331813852637, "n_estimators": 1304.0982776360545}, "datetime": {"datetime": "2021-05-31 21:24:50", "elapsed": 2236.991913, "delta": 11.670304}}
{"target": -0.3753609198450108, "params": {"loss_n": 0.7879627940434315, "max_depth": 4.364410844625123, "max_features": 2.1965478963011327, "min_samples_split": 10.987334511924114, "n_estimators": 2841.67360882626}, "datetime": {"datetime": "2021-05-31 21:25:16", "elapsed": 2262.597226, "delta": 25.605313}}
{"target": -0.4524026886410213, "params": {"loss_n": 0.8306313250594947, "max_depth": 8.356897099271078, "max_features": 2.453175570283789, "min_samples_split": 14.074649312314152, "n_estimators": 2840.9019051020573}, "datetime": {"datetime": "2021-05-31 21:25:41", "elapsed": 2287.758693, "delta": 25.161467}}
{"target": -0.37703694736406224, "params": {"loss_n": 0.6316080892546311, "max_depth": 4.510961530669899, "max_features": 2.15623166549342, "min_samples_split": 11.4275100650178, "n_estimators": 1677.3282177241692}, "datetime": {"datetime": "2021-05-31 21:25:56", "elapsed": 2302.767561, "delta": 15.008868}}
{"target": -0.6263035212645368, "params": {"loss_n": 0.08658266716188256, "max_depth": 3.754141382761417, "max_features": 2.449456984955223, "min_samples_split": 7.674043613534901, "n_estimators": 1676.348777334322}, "datetime": {"datetime": "2021-05-31 21:26:11", "elapsed": 2318.260137, "delta": 15.492576}}
{"target": -0.45626392848147546, "params": {"loss_n": 0.6929922624902247, "max_depth": 3.944010883853805, "max_features": 2.331066592811194, "min_samples_split": 15.253842098482114, "n_estimators": 1676.2671059351276}, "datetime": {"datetime": "2021-05-31 21:26:26", "elapsed": 2333.190622, "delta": 14.930485}}
{"target": -0.5121117479086557, "params": {"loss_n": 0.43057939899955056, "max_depth": 3.3667067495504908, "max_features": 1.8729059236362675, "min_samples_split": 13.037475670975377, "n_estimators": 1680.22896526784}, "datetime": {"datetime": "2021-05-31 21:26:42", "elapsed": 2348.508757, "delta": 15.318135}}
{"target": -0.3768446846817232, "params": {"loss_n": 0.8233540415762536, "max_depth": 8.886903061627375, "max_features": 1.6543707512580539, "min_samples_split": 11.025539364738377, "n_estimators": 1678.87566682291}, "datetime": {"datetime": "2021-05-31 21:26:57", "elapsed": 2363.661934, "delta": 15.153177}}
{"target": -0.4087266288417187, "params": {"loss_n": 0.5399343940680205, "max_depth": 7.629649997871313, "max_features": 1.7714089608773775, "min_samples_split": 12.552775357117557, "n_estimators": 1675.8306391674794}, "datetime": {"datetime": "2021-05-31 21:27:12", "elapsed": 2378.637387, "delta": 14.975453}}
{"target": -0.45650036181127857, "params": {"loss_n": 0.6544324279936862, "max_depth": 9.459887667070628, "max_features": 1.354724458689184, "min_samples_split": 16.454784684881364, "n_estimators": 1676.5255193585247}, "datetime": {"datetime": "2021-05-31 21:27:27", "elapsed": 2393.605571, "delta": 14.968184}}
{"target": -0.49413031563696697, "params": {"loss_n": 0.4483349485296819, "max_depth": 4.947954164048152, "max_features": 2.5749648315403695, "min_samples_split": 12.36347432328709, "n_estimators": 2519.603523528922}, "datetime": {"datetime": "2021-05-31 21:27:49", "elapsed": 2416.315867, "delta": 22.710296}}
{"target": -0.43639285679426376, "params": {"loss_n": 1.0, "max_depth": 4.059329468996146, "max_features": 1.0, "min_samples_split": 12.650524303680337, "n_estimators": 1673.1072764773357}, "datetime": {"datetime": "2021-05-31 21:28:04", "elapsed": 2431.241721, "delta": 14.925854}}
{"target": -0.43931684546634864, "params": {"loss_n": 0.751105263481889, "max_depth": 8.136046197367913, "max_features": 1.5015543144706283, "min_samples_split": 13.545518899296065, "n_estimators": 1678.7224415421672}, "datetime": {"datetime": "2021-05-31 21:28:20", "elapsed": 2446.421369, "delta": 15.179648}}
{"target": -0.4966155756373401, "params": {"loss_n": 0.0, "max_depth": 6.309516538222141, "max_features": 3.0, "min_samples_split": 12.005289144356972, "n_estimators": 2843.5637973123016}, "datetime": {"datetime": "2021-05-31 21:28:45", "elapsed": 2472.263828, "delta": 25.842459}}
{"target": -0.5208392915565014, "params": {"loss_n": 0.1311122018534544, "max_depth": 7.775641892428216, "max_features": 2.0038560673317907, "min_samples_split": 16.322374977787597, "n_estimators": 1670.0641236850845}, "datetime": {"datetime": "2021-05-31 21:29:00", "elapsed": 2487.258759, "delta": 14.994931}}
{"target": -0.45637579936040285, "params": {"loss_n": 1.0, "max_depth": 7.9522624429135655, "max_features": 2.2251824584154463, "min_samples_split": 19.21680274957186, "n_estimators": 2841.289889821664}, "datetime": {"datetime": "2021-05-31 21:29:25", "elapsed": 2512.277988, "delta": 25.019229}}
{"target": -0.4563189103927171, "params": {"loss_n": 0.7216425505805837, "max_depth": 5.420855051619223, "max_features": 2.439165487608781, "min_samples_split": 16.77861502605309, "n_estimators": 2836.480141680196}, "datetime": {"datetime": "2021-05-31 21:29:50", "elapsed": 2537.251449, "delta": 24.973461}}
{"target": -0.5213477561967577, "params": {"loss_n": 0.1967995087360287, "max_depth": 2.150315621025043, "max_features": 1.9577673474454438, "min_samples_split": 17.596631791542872, "n_estimators": 2840.81157594206}, "datetime": {"datetime": "2021-05-31 21:30:16", "elapsed": 2562.58787, "delta": 25.336421}}
{"target": -0.48999395609400426, "params": {"loss_n": 0.16346785649171025, "max_depth": 6.724697127631652, "max_features": 1.8081132324201583, "min_samples_split": 12.102395182926754, "n_estimators": 3839.8781247936595}, "datetime": {"datetime": "2021-05-31 21:30:50", "elapsed": 2596.955596, "delta": 34.367726}}
{"target": -0.45651576618611606, "params": {"loss_n": 0.5677454929677112, "max_depth": 6.273172574480872, "max_features": 1.2777082226881422, "min_samples_split": 16.68678274650094, "n_estimators": 3844.1252565955433}, "datetime": {"datetime": "2021-05-31 21:31:24", "elapsed": 2630.731813, "delta": 33.776217}}
{"target": -0.5157241974842912, "params": {"loss_n": 0.41795526557073737, "max_depth": 2.1844926387965584, "max_features": 2.6063915865512994, "min_samples_split": 13.532454140506113, "n_estimators": 2837.5800326843105}, "datetime": {"datetime": "2021-05-31 21:31:49", "elapsed": 2656.133038, "delta": 25.401225}}
{"target": -0.456344034207671, "params": {"loss_n": 0.9671089992956237, "max_depth": 9.327212064639063, "max_features": 2.8104705967744747, "min_samples_split": 21.183069231752125, "n_estimators": 2835.7994353629806}, "datetime": {"datetime": "2021-05-31 21:32:14", "elapsed": 2681.205281, "delta": 25.072243}}
{"target": -0.456278653403106, "params": {"loss_n": 1.0, "max_depth": 10.0, "max_features": 1.0, "min_samples_split": 16.499174346889816, "n_estimators": 2837.0543246550883}, "datetime": {"datetime": "2021-05-31 21:32:39", "elapsed": 2706.252886, "delta": 25.047605}}
{"target": -0.43530359979783145, "params": {"loss_n": 0.6486438014376562, "max_depth": 4.482849154280921, "max_features": 1.0274548675462167, "min_samples_split": 12.100228548550561, "n_estimators": 3846.311494355488}, "datetime": {"datetime": "2021-05-31 21:33:14", "elapsed": 2740.804432, "delta": 34.551546}}
{"target": -0.4561812321237332, "params": {"loss_n": 0.837835713773514, "max_depth": 5.602826581814656, "max_features": 1.7750812285231437, "min_samples_split": 15.011126912598105, "n_estimators": 3849.731340705036}, "datetime": {"datetime": "2021-05-31 21:33:48", "elapsed": 2774.832055, "delta": 34.027623}}
{"target": -0.4921940794715024, "params": {"loss_n": 0.15448367907215899, "max_depth": 3.3295696834304245, "max_features": 2.6741653583977456, "min_samples_split": 9.61939183262838, "n_estimators": 3851.1966252810626}, "datetime": {"datetime": "2021-05-31 21:34:23", "elapsed": 2810.152794, "delta": 35.320739}}
{"target": -0.5215916942805792, "params": {"loss_n": 0.19675292480293527, "max_depth": 6.964797876017436, "max_features": 2.107984809479507, "min_samples_split": 20.407882845670247, "n_estimators": 2830.7889883782805}, "datetime": {"datetime": "2021-05-31 21:34:49", "elapsed": 2835.472149, "delta": 25.319355}}
{"target": -0.5300443277480021, "params": {"loss_n": 0.8536697321260868, "max_depth": 6.144513665785562, "max_features": 1.408978396770504, "min_samples_split": 9.916010664301913, "n_estimators": 4828.812377882997}, "datetime": {"datetime": "2021-05-31 21:35:31", "elapsed": 2878.298659, "delta": 42.82651}}
{"target": -0.31941600561891326, "params": {"loss_n": 0.5323318453427094, "max_depth": 8.950935831470584, "max_features": 2.6863089127718376, "min_samples_split": 11.748778707047556, "n_estimators": 3845.07386239696}, "datetime": {"datetime": "2021-05-31 21:36:05", "elapsed": 2912.274916, "delta": 33.976257}}
{"target": -0.45358260792440425, "params": {"loss_n": 0.5082901526723143, "max_depth": 9.340099743360732, "max_features": 1.5988841334306592, "min_samples_split": 14.585762684937496, "n_estimators": 3844.814784879954}, "datetime": {"datetime": "2021-05-31 21:36:39", "elapsed": 2946.073729, "delta": 33.798813}}
{"target": -0.6130047780473349, "params": {"loss_n": 0.46430527721664683, "max_depth": 9.936668651104027, "max_features": 2.1801344001011738, "min_samples_split": 8.767467725744766, "n_estimators": 3845.6281518836445}, "datetime": {"datetime": "2021-05-31 21:37:14", "elapsed": 2981.185983, "delta": 35.112254}}
{"target": -0.48179875969548125, "params": {"loss_n": 0.10649624328404173, "max_depth": 5.179474166288593, "max_features": 1.8362781859311403, "min_samples_split": 10.132781552256136, "n_estimators": 3842.871265692459}, "datetime": {"datetime": "2021-05-31 21:37:49", "elapsed": 3015.990938, "delta": 34.804955}}
{"target": -0.40906113094414787, "params": {"loss_n": 0.8343124217224698, "max_depth": 9.017624026078504, "max_features": 2.083489861317513, "min_samples_split": 12.118225696342787, "n_estimators": 3850.5653909358434}, "datetime": {"datetime": "2021-05-31 21:38:23", "elapsed": 3049.907996, "delta": 33.917058}}
{"target": -0.4938113085758089, "params": {"loss_n": 0.19650929053859212, "max_depth": 6.052531554093767, "max_features": 2.9470180356396405, "min_samples_split": 12.819465846202718, "n_estimators": 3844.380692660024}, "datetime": {"datetime": "2021-05-31 21:38:57", "elapsed": 3084.392417, "delta": 34.484421}}
{"target": -0.4091827192582085, "params": {"loss_n": 0.901180434078992, "max_depth": 9.678804456137907, "max_features": 2.124856703628511, "min_samples_split": 12.184618516116366, "n_estimators": 3846.06683404963}, "datetime": {"datetime": "2021-05-31 21:39:31", "elapsed": 3118.399601, "delta": 34.007184}}
{"target": -0.4391136362148547, "params": {"loss_n": 0.9602710178118073, "max_depth": 8.373827558846127, "max_features": 1.4811487574609832, "min_samples_split": 12.035123002784218, "n_estimators": 2836.8502469019313}, "datetime": {"datetime": "2021-05-31 21:39:57", "elapsed": 3143.439226, "delta": 25.039625}}
{"target": -0.4407145739693342, "params": {"loss_n": 0.7328457493211674, "max_depth": 7.730250834044149, "max_features": 1.5468115073569335, "min_samples_split": 13.726619655432243, "n_estimators": 3853.016961727686}, "datetime": {"datetime": "2021-05-31 21:40:30", "elapsed": 3177.384178, "delta": 33.944952}}
{"target": -0.47928230772430824, "params": {"loss_n": 0.0, "max_depth": 10.0, "max_features": 3.0, "min_samples_split": 11.516465059615033, "n_estimators": 1681.6209684937896}, "datetime": {"datetime": "2021-05-31 21:40:46", "elapsed": 3192.737515, "delta": 15.353337}}
{"target": -0.376347064522106, "params": {"loss_n": 0.7796507465233931, "max_depth": 7.760342955646841, "max_features": 2.9554808467852256, "min_samples_split": 9.878798355148163, "n_estimators": 3854.374518227181}, "datetime": {"datetime": "2021-05-31 21:41:20", "elapsed": 3226.945942, "delta": 34.208427}}
{"target": -0.48138374441422016, "params": {"loss_n": 0.28124664488501827, "max_depth": 8.92538650052784, "max_features": 2.321727792150871, "min_samples_split": 10.003688849570183, "n_estimators": 3857.600942342615}, "datetime": {"datetime": "2021-05-31 21:41:55", "elapsed": 3261.960665, "delta": 35.014723}}
{"target": -0.6024829706492036, "params": {"loss_n": 0.5356628664362608, "max_depth": 9.731482455230973, "max_features": 2.8953846589820973, "min_samples_split": 7.466626320546213, "n_estimators": 3852.468271473066}, "datetime": {"datetime": "2021-05-31 21:42:29", "elapsed": 3296.232139, "delta": 34.271474}}
{"target": -0.4030427683630483, "params": {"loss_n": 0.7028010159002677, "max_depth": 2.7785340456095, "max_features": 2.3877253925323867, "min_samples_split": 8.792221991930298, "n_estimators": 3856.2489877246}, "datetime": {"datetime": "2021-05-31 21:43:04", "elapsed": 3330.454469, "delta": 34.22233}}
{"target": -0.5080703577219217, "params": {"loss_n": 0.37650627244027923, "max_depth": 3.1178291945127583, "max_features": 1.2834492845011798, "min_samples_split": 13.21917660576634, "n_estimators": 3859.086744645913}, "datetime": {"datetime": "2021-05-31 21:43:38", "elapsed": 3364.83081, "delta": 34.376341}}
{"target": -0.49360409681134715, "params": {"loss_n": 0.3390815205282577, "max_depth": 3.3825713258011136, "max_features": 2.750050947508635, "min_samples_split": 12.401611465166843, "n_estimators": 3853.858269446081}, "datetime": {"datetime": "2021-05-31 21:44:13", "elapsed": 3399.446944, "delta": 34.616134}}
{"target": -0.42866690549841363, "params": {"loss_n": 0.7678105271475354, "max_depth": 9.362839291689223, "max_features": 2.188829327316286, "min_samples_split": 9.614706694873572, "n_estimators": 1675.4523803708717}, "datetime": {"datetime": "2021-05-31 21:44:28", "elapsed": 3414.42342, "delta": 14.976476}}
{"target": -0.5279550285142414, "params": {"loss_n": 0.4003901125144209, "max_depth": 5.921065293693202, "max_features": 2.0341060472996495, "min_samples_split": 9.15209775078409, "n_estimators": 3855.805222154992}, "datetime": {"datetime": "2021-05-31 21:45:03", "elapsed": 3449.531395, "delta": 35.107975}}
{"target": -0.5340937139710049, "params": {"loss_n": 0.18873935361591154, "max_depth": 2.731712966854511, "max_features": 2.4075761159573323, "min_samples_split": 3.928941344841035, "n_estimators": 3855.465541961497}, "datetime": {"datetime": "2021-05-31 21:45:38", "elapsed": 3484.667384, "delta": 35.135989}}
{"target": -0.5198965686939305, "params": {"loss_n": 0.27153610045408727, "max_depth": 9.291730203771635, "max_features": 2.773463268091235, "min_samples_split": 15.926096684869433, "n_estimators": 3848.650458733662}, "datetime": {"datetime": "2021-05-31 21:46:12", "elapsed": 3518.997225, "delta": 34.329841}}
{"target": -0.48893856108450695, "params": {"loss_n": 0.4263545218792477, "max_depth": 9.184795870390136, "max_features": 1.3662622606246297, "min_samples_split": 11.940240978396213, "n_estimators": 3843.8678824561543}, "datetime": {"datetime": "2021-05-31 21:46:47", "elapsed": 3553.650671, "delta": 34.653446}}
