{"target": -0.5524284193322041, "params": {"loss_n": 0.13099359476700267, "max_depth": 2.4053374017739824, "max_features": 1.1026335801168927, "min_samples_split": 9.408822327315827, "n_estimators": 4536.4719882180225}, "datetime": {"datetime": "2021-05-31 23:12:35", "elapsed": 8702.35158, "delta": 41.446513}}
{"target": -0.5011680871986263, "params": {"loss_n": 0.20343509817650696, "max_depth": 8.534627019331126, "max_features": 2.9950315594271055, "min_samples_split": 9.476401308722595, "n_estimators": 2834.642257771089}, "datetime": {"datetime": "2021-05-31 23:13:02", "elapsed": 8728.693772, "delta": 26.342192}}
{"target": -0.4727309360652436, "params": {"loss_n": 0.30480380511368566, "max_depth": 9.396863744309332, "max_features": 2.8365637223154643, "min_samples_split": 10.491803313233866, "n_estimators": 1677.1542769260195}, "datetime": {"datetime": "2021-05-31 23:13:18", "elapsed": 8744.436274, "delta": 15.742502}}
{"target": -0.45069306633118655, "params": {"loss_n": 1.0, "max_depth": 5.65952507760055, "max_features": 1.5410315395523253, "min_samples_split": 14.01276924425403, "n_estimators": 1305.2562564228565}, "datetime": {"datetime": "2021-05-31 23:13:30", "elapsed": 8756.563513, "delta": 12.127239}}
{"target": -0.5136594922790578, "params": {"loss_n": 0.5357488337047472, "max_depth": 2.3850927417597827, "max_features": 1.4676181204363192, "min_samples_split": 6.580521170714806, "n_estimators": 4540.102420039954}, "datetime": {"datetime": "2021-05-31 23:14:10", "elapsed": 8797.155567, "delta": 40.592054}}
{"target": -0.4282961566175752, "params": {"loss_n": 1.0, "max_depth": 10.0, "max_features": 1.0, "min_samples_split": 11.293060559891051, "n_estimators": 2154.227440999802}, "datetime": {"datetime": "2021-05-31 23:14:30", "elapsed": 8816.62608, "delta": 19.470513}}
{"target": -0.43964310269591256, "params": {"loss_n": 0.7899265698678581, "max_depth": 5.893331938271519, "max_features": 1.5407267970275178, "min_samples_split": 13.040071122594162, "n_estimators": 2834.320803794604}, "datetime": {"datetime": "2021-05-31 23:14:55", "elapsed": 8842.074326, "delta": 25.448246}}
{"target": -0.505859265986742, "params": {"loss_n": 0.414585432986891, "max_depth": 9.077098595080486, "max_features": 2.5286704508388254, "min_samples_split": 9.748598345695498, "n_estimators": 1680.6649631591845}, "datetime": {"datetime": "2021-05-31 23:15:11", "elapsed": 8857.799832, "delta": 15.725506}}
{"target": -0.3521873826334069, "params": {"loss_n": 1.0, "max_depth": 2.0, "max_features": 3.0, "min_samples_split": 7.921290890812147, "n_estimators": 2842.883318141882}, "datetime": {"datetime": "2021-05-31 23:15:37", "elapsed": 8883.501731, "delta": 25.701899}}
{"target": -0.521386943250552, "params": {"loss_n": 0.35971748830410655, "max_depth": 7.439556962642002, "max_features": 2.6464697966348636, "min_samples_split": 21.081500501076746, "n_estimators": 2844.766225409475}, "datetime": {"datetime": "2021-05-31 23:16:02", "elapsed": 8909.11126, "delta": 25.609529}}
{"target": -0.455704960336442, "params": {"loss_n": 0.9118988370462319, "max_depth": 2.0924130382038033, "max_features": 2.8875531678042177, "min_samples_split": 16.851281681101597, "n_estimators": 2152.2614244504944}, "datetime": {"datetime": "2021-05-31 23:16:21", "elapsed": 8928.407207, "delta": 19.295947}}
{"target": -0.42737024306445814, "params": {"loss_n": 1.0, "max_depth": 10.0, "max_features": 3.0, "min_samples_split": 13.506068512358766, "n_estimators": 4832.101237445551}, "datetime": {"datetime": "2021-05-31 23:17:04", "elapsed": 8971.234776, "delta": 42.827569}}
{"target": -0.34690569404944027, "params": {"loss_n": 0.9121203550720997, "max_depth": 2.555610053865812, "max_features": 2.559989208851758, "min_samples_split": 8.635940929148841, "n_estimators": 1308.3172098349214}, "datetime": {"datetime": "2021-05-31 23:17:16", "elapsed": 8983.320095, "delta": 12.085319}}
{"target": -0.5115615073237912, "params": {"loss_n": 0.04890799057835349, "max_depth": 8.40397354044254, "max_features": 1.2478951470770343, "min_samples_split": 13.08968413410051, "n_estimators": 4834.886965734657}, "datetime": {"datetime": "2021-05-31 23:18:00", "elapsed": 9026.625898, "delta": 43.305803}}
{"target": -0.46582554702470347, "params": {"loss_n": 0.0671533330074755, "max_depth": 2.7723817056846336, "max_features": 2.836257769382771, "min_samples_split": 9.951866106164845, "n_estimators": 4539.501167726289}, "datetime": {"datetime": "2021-05-31 23:18:42", "elapsed": 9068.417699, "delta": 41.791801}}
{"target": -0.42861581593563197, "params": {"loss_n": 0.5803880958297707, "max_depth": 5.016189453027881, "max_features": 1.1036545526104597, "min_samples_split": 11.817207364831257, "n_estimators": 2147.029558730395}, "datetime": {"datetime": "2021-05-31 23:19:01", "elapsed": 9087.878719, "delta": 19.46102}}
{"target": -0.32058022927187074, "params": {"loss_n": 0.5940158153998546, "max_depth": 8.869451772812706, "max_features": 2.8417093553590917, "min_samples_split": 11.218323799647816, "n_estimators": 2156.792486044981}, "datetime": {"datetime": "2021-05-31 23:19:20", "elapsed": 9107.309821, "delta": 19.431102}}
{"target": -0.43841668034141046, "params": {"loss_n": 0.7353095417537115, "max_depth": 8.50847859969452, "max_features": 2.165373891310562, "min_samples_split": 13.401348572886068, "n_estimators": 2157.888908008629}, "datetime": {"datetime": "2021-05-31 23:19:40", "elapsed": 9126.700092, "delta": 19.390271}}
{"target": -0.5384800047313042, "params": {"loss_n": 0.6981516123991659, "max_depth": 9.859271935078333, "max_features": 1.353368046853153, "min_samples_split": 9.310595371732616, "n_estimators": 2160.605951014256}, "datetime": {"datetime": "2021-05-31 23:19:59", "elapsed": 9146.260946, "delta": 19.560854}}
{"target": -0.614338687506973, "params": {"loss_n": 0.24649839796391304, "max_depth": 9.632174870578503, "max_features": 2.1571424881814725, "min_samples_split": 8.041731785476934, "n_estimators": 2157.0295151430405}, "datetime": {"datetime": "2021-05-31 23:20:20", "elapsed": 9166.500091, "delta": 20.239145}}
{"target": -0.4284261811477014, "params": {"loss_n": 0.8971536399416179, "max_depth": 7.0222846277624695, "max_features": 1.225046183200985, "min_samples_split": 11.269092233718535, "n_estimators": 2157.352456446506}, "datetime": {"datetime": "2021-05-31 23:20:39", "elapsed": 9186.037471, "delta": 19.53738}}
{"target": -0.4383245044714165, "params": {"loss_n": 0.6215649284356125, "max_depth": 4.080399953946783, "max_features": 1.7813283483932143, "min_samples_split": 13.341349497346334, "n_estimators": 2143.7231511156715}, "datetime": {"datetime": "2021-05-31 23:20:58", "elapsed": 9205.289489, "delta": 19.252018}}
{"target": -0.5157908600748968, "params": {"loss_n": 0.5059943246296035, "max_depth": 2.119223235039943, "max_features": 1.4279508259455551, "min_samples_split": 8.898096653404346, "n_estimators": 1307.3316924192513}, "datetime": {"datetime": "2021-05-31 23:21:10", "elapsed": 9217.308895, "delta": 12.019406}}
{"target": -0.42696814678938144, "params": {"loss_n": 0.5413710885159447, "max_depth": 2.4920128902314342, "max_features": 1.0826041743156072, "min_samples_split": 11.39211993339893, "n_estimators": 2147.640876378768}, "datetime": {"datetime": "2021-05-31 23:21:30", "elapsed": 9236.808576, "delta": 19.499681}}
{"target": -0.3164795558256583, "params": {"loss_n": 0.8515313005946712, "max_depth": 8.577175568886634, "max_features": 2.9328435908566783, "min_samples_split": 10.675458897490907, "n_estimators": 3851.7810391007024}, "datetime": {"datetime": "2021-05-31 23:22:04", "elapsed": 9271.289468, "delta": 34.480892}}
{"target": -0.4757302706237236, "params": {"loss_n": 0.4369990769792116, "max_depth": 6.220928484304588, "max_features": 2.5122280145894504, "min_samples_split": 11.642234150114582, "n_estimators": 2156.0388719027214}, "datetime": {"datetime": "2021-05-31 23:22:24", "elapsed": 9291.10865, "delta": 19.819182}}
{"target": -0.45567778460342645, "params": {"loss_n": 0.5518375909307658, "max_depth": 4.181515039408473, "max_features": 2.836175691050798, "min_samples_split": 17.36959070800252, "n_estimators": 2143.473540300594}, "datetime": {"datetime": "2021-05-31 23:22:44", "elapsed": 9310.585069, "delta": 19.476419}}
{"target": -0.4419268818777563, "params": {"loss_n": 0.7484005705153682, "max_depth": 4.699763187160007, "max_features": 2.3299980316357276, "min_samples_split": 13.248731424968513, "n_estimators": 4546.380451770875}, "datetime": {"datetime": "2021-05-31 23:51:14", "elapsed": 11020.838485, "delta": 1710.253416}}
{"target": -0.47228782015185156, "params": {"loss_n": 0.040290606334089096, "max_depth": 9.700001881036295, "max_features": 2.9780181420016856, "min_samples_split": 11.904483356284342, "n_estimators": 3852.1389380369237}, "datetime": {"datetime": "2021-05-31 23:51:49", "elapsed": 11055.947668, "delta": 35.109183}}
{"target": -0.5120355551100035, "params": {"loss_n": 0.06468052256193302, "max_depth": 3.0113265575884967, "max_features": 2.84181368344432, "min_samples_split": 13.716741643350646, "n_estimators": 2140.736323834663}, "datetime": {"datetime": "2021-05-31 23:52:09", "elapsed": 11075.589686, "delta": 19.642018}}
{"target": -0.6869141246617139, "params": {"loss_n": 0.4726853937962622, "max_depth": 5.110961994635347, "max_features": 1.0079160158844698, "min_samples_split": 8.434232544200245, "n_estimators": 2149.4239261234575}, "datetime": {"datetime": "2021-05-31 23:52:29", "elapsed": 11095.733317, "delta": 20.143631}}
{"target": -0.4507628271806645, "params": {"loss_n": 0.7532098320282489, "max_depth": 8.837677985287378, "max_features": 2.9863787804729833, "min_samples_split": 14.153385841380342, "n_estimators": 4550.567134109476}, "datetime": {"datetime": "2021-05-31 23:53:09", "elapsed": 11136.079012, "delta": 40.345695}}
{"target": -0.34583897424483656, "params": {"loss_n": 0.6289494686295465, "max_depth": 2.4501576704485872, "max_features": 2.9946956397787403, "min_samples_split": 8.25585961386489, "n_estimators": 4541.908001985212}, "datetime": {"datetime": "2021-05-31 23:53:50", "elapsed": 11176.755475, "delta": 40.676463}}
{"target": -0.49253119418789454, "params": {"loss_n": 0.14869953023639426, "max_depth": 7.535820418925257, "max_features": 1.419328691762692, "min_samples_split": 12.027589950231103, "n_estimators": 2144.900699154065}, "datetime": {"datetime": "2021-05-31 23:54:09", "elapsed": 11196.409574, "delta": 19.654099}}
{"target": -0.34673460172521936, "params": {"loss_n": 1.0, "max_depth": 2.0, "max_features": 3.0, "min_samples_split": 8.623832567335851, "n_estimators": 1309.8707478819483}, "datetime": {"datetime": "2021-05-31 23:54:22", "elapsed": 11208.518727, "delta": 12.109153}}
{"target": -0.45662861713426395, "params": {"loss_n": 0.5815058468896456, "max_depth": 2.7002537049809465, "max_features": 1.470880485126701, "min_samples_split": 16.409063417206262, "n_estimators": 1673.2156971349957}, "datetime": {"datetime": "2021-05-31 23:54:37", "elapsed": 11223.787988, "delta": 15.269261}}
{"target": -0.4553869952344315, "params": {"loss_n": 0.9231172642572741, "max_depth": 4.856018532446253, "max_features": 2.5499295048234494, "min_samples_split": 17.163393436276905, "n_estimators": 2146.8484612546404}, "datetime": {"datetime": "2021-05-31 23:54:56", "elapsed": 11243.123106, "delta": 19.335118}}
{"target": -0.30736665276358, "params": {"loss_n": 0.8066057338361634, "max_depth": 2.7482354318357602, "max_features": 2.5202533802228873, "min_samples_split": 10.076508346986403, "n_estimators": 4556.702070199654}, "datetime": {"datetime": "2021-05-31 23:55:37", "elapsed": 11283.723801, "delta": 40.600695}}
{"target": -0.5189040761115012, "params": {"loss_n": 0.0628915061729255, "max_depth": 4.515775899128732, "max_features": 1.4782405465122128, "min_samples_split": 19.6622914847281, "n_estimators": 2152.4618081336057}, "datetime": {"datetime": "2021-05-31 23:55:57", "elapsed": 11303.567835, "delta": 19.844034}}
{"target": -0.5215711920794559, "params": {"loss_n": 0.373641034047844, "max_depth": 8.57057248525845, "max_features": 1.9764860167208238, "min_samples_split": 16.815306569860507, "n_estimators": 2850.9229140533994}, "datetime": {"datetime": "2021-05-31 23:56:22", "elapsed": 11329.306159, "delta": 25.738324}}
{"target": -0.30923778377739713, "params": {"loss_n": 0.5634952938563932, "max_depth": 2.3484017997051687, "max_features": 2.8936969103504167, "min_samples_split": 10.942924897017376, "n_estimators": 2845.5387589219113}, "datetime": {"datetime": "2021-05-31 23:56:48", "elapsed": 11354.88235, "delta": 25.576191}}
{"target": -0.44872877296314256, "params": {"loss_n": 0.8991189131850899, "max_depth": 5.184622616739433, "max_features": 2.965996830108473, "min_samples_split": 14.154139829403166, "n_estimators": 1293.1679767686533}, "datetime": {"datetime": "2021-05-31 23:57:00", "elapsed": 11366.876883, "delta": 11.994533}}
{"target": -0.47381136506547, "params": {"loss_n": 0.06033929007122929, "max_depth": 8.489048570728686, "max_features": 1.62510041820811, "min_samples_split": 11.07462414379954, "n_estimators": 2155.6554125427792}, "datetime": {"datetime": "2021-05-31 23:57:20", "elapsed": 11386.809663, "delta": 19.93278}}
{"target": -0.5216350373129283, "params": {"loss_n": 0.07637458856673407, "max_depth": 2.824611444435442, "max_features": 1.551131874405728, "min_samples_split": 16.11549552545763, "n_estimators": 1290.602881764319}, "datetime": {"datetime": "2021-05-31 23:57:32", "elapsed": 11398.894805, "delta": 12.085142}}
{"target": -0.3761677944713048, "params": {"loss_n": 0.858355815861067, "max_depth": 3.174430641186558, "max_features": 2.132315706805527, "min_samples_split": 10.897391440306084, "n_estimators": 4554.401138199868}, "datetime": {"datetime": "2021-05-31 23:58:13", "elapsed": 11439.511796, "delta": 40.616991}}
{"target": -0.5137474580086636, "params": {"loss_n": 0.0923324905807108, "max_depth": 9.961768718440606, "max_features": 2.6103679443315335, "min_samples_split": 13.3336102548133, "n_estimators": 2516.38586425859}, "datetime": {"datetime": "2021-05-31 23:58:35", "elapsed": 11462.377811, "delta": 22.866015}}
{"target": -0.5201767768486522, "params": {"loss_n": 0.3409683382957738, "max_depth": 7.958116886758631, "max_features": 2.2829749788099676, "min_samples_split": 17.88858132679605, "n_estimators": 2516.4579502094234}, "datetime": {"datetime": "2021-05-31 23:58:58", "elapsed": 11485.162408, "delta": 22.784597}}
{"target": -0.32155002906065977, "params": {"loss_n": 0.6045910440412581, "max_depth": 2.937021028511033, "max_features": 2.9745651615530866, "min_samples_split": 11.82115667262625, "n_estimators": 1677.2399918805613}, "datetime": {"datetime": "2021-05-31 23:59:14", "elapsed": 11500.514373, "delta": 15.351965}}
{"target": -0.5219926897169713, "params": {"loss_n": 0.283972986999376, "max_depth": 7.775346600973785, "max_features": 1.936923665020791, "min_samples_split": 17.78789863176615, "n_estimators": 1294.840368891593}, "datetime": {"datetime": "2021-05-31 23:59:26", "elapsed": 11512.5672, "delta": 12.052827}}
{"target": -0.3257156486875749, "params": {"loss_n": 0.6825900931652801, "max_depth": 2.0689081293051856, "max_features": 2.5601798830874456, "min_samples_split": 9.008245945311439, "n_estimators": 2518.361468152367}, "datetime": {"datetime": "2021-05-31 23:59:49", "elapsed": 11535.544308, "delta": 22.977108}}
{"target": -0.49245865722658433, "params": {"loss_n": 0.2148487782175651, "max_depth": 4.039431331691995, "max_features": 2.406442031022763, "min_samples_split": 12.406040276957185, "n_estimators": 2849.009776056029}, "datetime": {"datetime": "2021-06-01 00:00:15", "elapsed": 11561.49399, "delta": 25.949682}}
{"target": -0.4553233735626959, "params": {"loss_n": 0.6264099715896444, "max_depth": 7.388820467945719, "max_features": 1.5080769275960328, "min_samples_split": 19.53919382033346, "n_estimators": 1083.232042467811}, "datetime": {"datetime": "2021-06-01 00:00:25", "elapsed": 11571.627438, "delta": 10.133448}}
{"target": -0.5222823754135038, "params": {"loss_n": 0.11058130861625359, "max_depth": 3.4154256737907005, "max_features": 1.6604163870925344, "min_samples_split": 22.157312650843558, "n_estimators": 1082.2432894691476}, "datetime": {"datetime": "2021-06-01 00:00:35", "elapsed": 11581.90499, "delta": 10.277552}}
{"target": -0.3165406668239322, "params": {"loss_n": 0.6885332283915976, "max_depth": 8.36771578372376, "max_features": 2.8470372072823054, "min_samples_split": 10.858688244020112, "n_estimators": 3850.5812207275194}, "datetime": {"datetime": "2021-06-01 00:01:09", "elapsed": 11616.401848, "delta": 34.496858}}
{"target": -0.3164155153924485, "params": {"loss_n": 0.9813335071634862, "max_depth": 6.858974321294007, "max_features": 2.631060658078689, "min_samples_split": 10.177611626837328, "n_estimators": 3852.4935720550525}, "datetime": {"datetime": "2021-06-01 00:01:44", "elapsed": 11650.979107, "delta": 34.577259}}
{"target": -0.5220647014486539, "params": {"loss_n": 0.20202467965076, "max_depth": 5.02945820198907, "max_features": 2.802852460831213, "min_samples_split": 20.39264582201949, "n_estimators": 1089.7126537285715}, "datetime": {"datetime": "2021-06-01 00:01:54", "elapsed": 11661.259637, "delta": 10.28053}}
{"target": -0.4553030737262098, "params": {"loss_n": 0.6841682922057366, "max_depth": 9.654581747961068, "max_features": 2.7479931776153808, "min_samples_split": 24.128158678757707, "n_estimators": 1084.99579094037}, "datetime": {"datetime": "2021-06-01 00:02:04", "elapsed": 11671.320763, "delta": 10.061126}}
{"target": -0.4689904326901801, "params": {"loss_n": 0.13684440215138027, "max_depth": 3.7918386823229318, "max_features": 2.588652852712091, "min_samples_split": 10.08164077539614, "n_estimators": 4558.808943423336}, "datetime": {"datetime": "2021-06-01 00:02:46", "elapsed": 11713.345509, "delta": 42.024746}}
{"target": -0.45521797172387507, "params": {"loss_n": 0.5390434809739125, "max_depth": 3.301620759591554, "max_features": 1.1864304355865067, "min_samples_split": 18.901081271052988, "n_estimators": 2228.514614958325}, "datetime": {"datetime": "2021-06-01 00:03:07", "elapsed": 11733.555023, "delta": 20.209514}}
{"target": -0.45528048325470394, "params": {"loss_n": 0.7556931101661554, "max_depth": 6.431573781301907, "max_features": 1.5263691970992785, "min_samples_split": 21.801826778067472, "n_estimators": 2227.5712872897802}, "datetime": {"datetime": "2021-06-01 00:03:27", "elapsed": 11753.783052, "delta": 20.228029}}
{"target": -0.4757203509898603, "params": {"loss_n": 0.0, "max_depth": 10.0, "max_features": 3.0, "min_samples_split": 11.83505794875627, "n_estimators": 2157.5730337245514}, "datetime": {"datetime": "2021-06-01 00:03:47", "elapsed": 11773.778164, "delta": 19.995112}}
{"target": -0.36490518532198335, "params": {"loss_n": 0.8462064099795061, "max_depth": 2.1153793794936178, "max_features": 2.450671362425216, "min_samples_split": 10.575901175581766, "n_estimators": 4557.084974005436}, "datetime": {"datetime": "2021-06-01 00:04:28", "elapsed": 11814.513145, "delta": 40.734981}}
{"target": -0.48135100512621837, "params": {"loss_n": 0.33578943102202796, "max_depth": 2.0436810643292125, "max_features": 2.7213901274868233, "min_samples_split": 8.889637434263744, "n_estimators": 4554.768750143221}, "datetime": {"datetime": "2021-06-01 00:05:10", "elapsed": 11856.693001, "delta": 42.179856}}
{"target": -0.46796015866842267, "params": {"loss_n": 0.013526862257788097, "max_depth": 2.116393705173275, "max_features": 2.817344895418948, "min_samples_split": 9.754341110763932, "n_estimators": 2515.2893128031797}, "datetime": {"datetime": "2021-06-01 00:05:33", "elapsed": 11880.231121, "delta": 23.53812}}
{"target": -0.4565823996690511, "params": {"loss_n": 0.7310947901498305, "max_depth": 9.469888072339288, "max_features": 1.1991495891785715, "min_samples_split": 19.159381715301812, "n_estimators": 3842.48427686565}, "datetime": {"datetime": "2021-06-01 00:06:07", "elapsed": 11914.382433, "delta": 34.151312}}
{"target": -0.4745136472995335, "params": {"loss_n": 0.3155591274742843, "max_depth": 3.6341627651183135, "max_features": 2.5447402711009754, "min_samples_split": 11.901409417286844, "n_estimators": 4555.88131701353}, "datetime": {"datetime": "2021-06-01 00:06:49", "elapsed": 11955.833903, "delta": 41.45147}}
{"target": -0.5189083773533103, "params": {"loss_n": 0.4653199563421766, "max_depth": 8.19957389527113, "max_features": 2.203143643980379, "min_samples_split": 23.112262033843614, "n_estimators": 2224.0623775670033}, "datetime": {"datetime": "2021-06-01 00:07:09", "elapsed": 11976.165715, "delta": 20.331812}}
{"target": -0.45504763664633535, "params": {"loss_n": 0.7234725132220058, "max_depth": 4.9674170785647895, "max_features": 1.5709519837847097, "min_samples_split": 19.812108706212488, "n_estimators": 2232.682337909019}, "datetime": {"datetime": "2021-06-01 00:07:30", "elapsed": 11996.528852, "delta": 20.363137}}
{'target': -0.3072228378420056, 'params': {'loss_n': 1.0, 'max_depth': 2.0, 'max_features': 3.0, 'min_samples_split': 10.430855392388496, 'n_estimators': 4543.838674622919}}