{"target": -0.3193104770120442, "params": {"loss_n": 0.663484394065063, "max_depth": 8.323273405555657, "max_features": 2.5596673674762433, "min_samples_split": 11.459208671447382, "n_estimators": 3848.727546114576}, "datetime": {"datetime": "2021-05-31 22:34:21", "elapsed": 6407.889735, "delta": 34.104951}}
{"target": -0.3214580593173498, "params": {"loss_n": 0.7838706256611777, "max_depth": 3.0159239209724777, "max_features": 2.5343212843810403, "min_samples_split": 11.583503090352455, "n_estimators": 4557.939544605438}, "datetime": {"datetime": "2021-05-31 22:35:01", "elapsed": 6448.4038, "delta": 40.514065}}
{"target": -0.47536668002083404, "params": {"loss_n": 0.2859466719522984, "max_depth": 6.146686491745957, "max_features": 2.1178512583230615, "min_samples_split": 11.970878821952617, "n_estimators": 4560.968061035}, "datetime": {"datetime": "2021-05-31 22:35:43", "elapsed": 6489.735067, "delta": 41.331267}}
{"target": -0.43113002090616187, "params": {"loss_n": 0.8545919284147806, "max_depth": 7.563538375957266, "max_features": 1.4565582936998756, "min_samples_split": 11.53826880131099, "n_estimators": 2833.038559156047}, "datetime": {"datetime": "2021-05-31 22:36:08", "elapsed": 6515.005216, "delta": 25.270149}}
{"target": -0.42652192765898295, "params": {"loss_n": 0.764592373320059, "max_depth": 4.226901283104252, "max_features": 2.7739407070385322, "min_samples_split": 13.536745299796646, "n_estimators": 4557.4712080649215}, "datetime": {"datetime": "2021-05-31 22:36:48", "elapsed": 6555.333328, "delta": 40.328112}}
{"target": -0.4678824418397863, "params": {"loss_n": 0.13061621895330133, "max_depth": 7.084333013813355, "max_features": 2.5522255802086127, "min_samples_split": 10.093333613761637, "n_estimators": 3846.2426600444287}, "datetime": {"datetime": "2021-05-31 22:37:24", "elapsed": 6590.523025, "delta": 35.189697}}
{"target": -0.4542391632869672, "params": {"loss_n": 1.0, "max_depth": 8.649206719027006, "max_features": 3.0, "min_samples_split": 16.260783626041906, "n_estimators": 1303.4600351422378}, "datetime": {"datetime": "2021-05-31 22:37:35", "elapsed": 6602.347596, "delta": 11.824571}}
{"target": -0.49113196787938784, "params": {"loss_n": 0.4206919812472908, "max_depth": 4.655195383961073, "max_features": 1.162707689897133, "min_samples_split": 11.177920739287876, "n_estimators": 4557.795274105658}, "datetime": {"datetime": "2021-05-31 22:38:17", "elapsed": 6643.628087, "delta": 41.280491}}
{"target": -0.4550224696380374, "params": {"loss_n": 0.657725413494745, "max_depth": 2.8245865403528514, "max_features": 1.5570114208382284, "min_samples_split": 14.86807103635751, "n_estimators": 4559.503175016032}, "datetime": {"datetime": "2021-05-31 22:38:57", "elapsed": 6684.093999, "delta": 40.465912}}
{"target": -0.46444569379426326, "params": {"loss_n": 0.11583444997471248, "max_depth": 2.0770839623132646, "max_features": 2.6336910228888204, "min_samples_split": 10.85968875019093, "n_estimators": 4562.859993491682}, "datetime": {"datetime": "2021-05-31 22:39:39", "elapsed": 6725.843563, "delta": 41.749564}}
{"target": -0.5285546197422517, "params": {"loss_n": 0.03239792666914576, "max_depth": 7.639562098858602, "max_features": 1.7969053351883888, "min_samples_split": 9.330644709996719, "n_estimators": 2830.122682305158}, "datetime": {"datetime": "2021-05-31 22:40:05", "elapsed": 6751.931697, "delta": 26.088134}}
{"target": -0.40953535761912646, "params": {"loss_n": 0.9134935363714649, "max_depth": 9.733572085613819, "max_features": 1.9521663560594424, "min_samples_split": 12.683874844329079, "n_estimators": 2518.181982608722}, "datetime": {"datetime": "2021-05-31 22:40:28", "elapsed": 6774.562617, "delta": 22.63092}}
{"target": -0.4970232121841667, "params": {"loss_n": 0.29434272122246696, "max_depth": 3.659180479308219, "max_features": 2.5668254564605606, "min_samples_split": 12.788684070282095, "n_estimators": 2831.9306337945454}, "datetime": {"datetime": "2021-05-31 22:40:53", "elapsed": 6800.211368, "delta": 25.648751}}
{"target": -0.49516918198096266, "params": {"loss_n": 0.028382847587773763, "max_depth": 3.0154601211305145, "max_features": 1.1532980446752594, "min_samples_split": 12.090138218419831, "n_estimators": 1669.5150148673754}, "datetime": {"datetime": "2021-05-31 22:41:09", "elapsed": 6815.518323, "delta": 15.306955}}
{"target": -0.5133346890696184, "params": {"loss_n": 0.9365123648380089, "max_depth": 2.0522292436473863, "max_features": 1.2702984653216032, "min_samples_split": 7.882550162541267, "n_estimators": 4558.837880668325}, "datetime": {"datetime": "2021-05-31 22:41:49", "elapsed": 6856.161723, "delta": 40.6434}}
{"target": -0.42657207321332125, "params": {"loss_n": 0.8487351283577732, "max_depth": 6.797246596493243, "max_features": 2.8353877940562304, "min_samples_split": 13.004666954717594, "n_estimators": 4549.7222726806785}, "datetime": {"datetime": "2021-05-31 22:42:30", "elapsed": 6896.586094, "delta": 40.424371}}
{"target": -0.4381952238636549, "params": {"loss_n": 0.6652796070003792, "max_depth": 6.327178322432787, "max_features": 2.1781033013097444, "min_samples_split": 13.319815210172628, "n_estimators": 2159.2293581323966}, "datetime": {"datetime": "2021-05-31 22:42:49", "elapsed": 6915.911131, "delta": 19.325037}}
{"target": -0.5259169279500476, "params": {"loss_n": 0.022440483589212135, "max_depth": 5.203095948887063, "max_features": 2.1325887078472423, "min_samples_split": 9.307435000597376, "n_estimators": 2157.4243834931344}, "datetime": {"datetime": "2021-05-31 22:43:09", "elapsed": 6935.866018, "delta": 19.954887}}
{"target": -0.45557561374857103, "params": {"loss_n": 0.8210835024761532, "max_depth": 4.3179471660723, "max_features": 1.483806388599302, "min_samples_split": 15.304864226919142, "n_estimators": 2155.4743140457117}, "datetime": {"datetime": "2021-05-31 22:43:28", "elapsed": 6955.119288, "delta": 19.25327}}
{"target": -0.4898642751510539, "params": {"loss_n": 0.05601776421838811, "max_depth": 2.1868543125568456, "max_features": 1.1191349811469267, "min_samples_split": 11.464597773654463, "n_estimators": 4556.945489551117}, "datetime": {"datetime": "2021-05-31 22:44:09", "elapsed": 6996.329006, "delta": 41.209718}}
{"target": -0.518663693378946, "params": {"loss_n": 0.14076653781106774, "max_depth": 7.882682894975338, "max_features": 2.8578564960545076, "min_samples_split": 16.740987164604, "n_estimators": 2158.119433581323}, "datetime": {"datetime": "2021-05-31 22:44:29", "elapsed": 7015.904919, "delta": 19.575913}}
{"target": -0.45218842806651177, "params": {"loss_n": 0.9301024242374462, "max_depth": 9.112126866511465, "max_features": 1.84947120218132, "min_samples_split": 14.990554833848895, "n_estimators": 2833.4445760714984}, "datetime": {"datetime": "2021-05-31 22:44:54", "elapsed": 7041.18319, "delta": 25.278271}}
{"target": -0.31665998130633427, "params": {"loss_n": 0.6386354168464132, "max_depth": 9.520232997590373, "max_features": 2.9572688579942, "min_samples_split": 10.133593763458675, "n_estimators": 3849.755605865631}, "datetime": {"datetime": "2021-05-31 22:45:29", "elapsed": 7075.61996, "delta": 34.43677}}
{"target": -0.6060317214168061, "params": {"loss_n": 0.4535275302632821, "max_depth": 8.518908115447466, "max_features": 1.4843627643387467, "min_samples_split": 9.25523903374559, "n_estimators": 2516.428221694201}, "datetime": {"datetime": "2021-05-31 22:45:52", "elapsed": 7098.775567, "delta": 23.155607}}
{"target": -0.5072160930467842, "params": {"loss_n": 0.2963425509696974, "max_depth": 6.447497681040203, "max_features": 1.1059548006045998, "min_samples_split": 13.041919621752685, "n_estimators": 2163.8286903868448}, "datetime": {"datetime": "2021-05-31 22:46:11", "elapsed": 7118.401427, "delta": 19.62586}}
{"target": -0.42293440802226556, "params": {"loss_n": 1.0, "max_depth": 8.260614742092233, "max_features": 3.0, "min_samples_split": 13.173815619890338, "n_estimators": 1302.7256611329797}, "datetime": {"datetime": "2021-05-31 22:46:23", "elapsed": 7130.29613, "delta": 11.894703}}
{"target": -0.45556445042568816, "params": {"loss_n": 0.9212805437800997, "max_depth": 6.918587347722723, "max_features": 2.82992229625668, "min_samples_split": 16.128806766062198, "n_estimators": 2151.344446304548}, "datetime": {"datetime": "2021-05-31 22:52:40", "elapsed": 7506.520986, "delta": 376.224856}}
{"target": -0.46829239714492454, "params": {"loss_n": 0.09040261887240653, "max_depth": 2.9473083748331073, "max_features": 2.856475541478228, "min_samples_split": 9.812867297274916, "n_estimators": 2840.663038357176}, "datetime": {"datetime": "2021-05-31 22:53:06", "elapsed": 7532.765988, "delta": 26.245002}}
{"target": -0.32106267193563526, "params": {"loss_n": 1.0, "max_depth": 2.0, "max_features": 3.0, "min_samples_split": 11.379598748719884, "n_estimators": 4546.078315444035}, "datetime": {"datetime": "2021-05-31 22:53:46", "elapsed": 7573.264981, "delta": 40.498993}}
{"target": -0.3711789443576112, "params": {"loss_n": 0.8262948211132622, "max_depth": 3.251343225431129, "max_features": 2.642776341242044, "min_samples_split": 12.325997193913887, "n_estimators": 4542.365171841985}, "datetime": {"datetime": "2021-05-31 22:54:27", "elapsed": 7613.571943, "delta": 40.306962}}
{"target": -0.44197821173850327, "params": {"loss_n": 0.6251535792294972, "max_depth": 4.151481444552548, "max_features": 2.0261779733625485, "min_samples_split": 13.0723538790941, "n_estimators": 4540.302921923636}, "datetime": {"datetime": "2021-05-31 22:55:07", "elapsed": 7653.726404, "delta": 40.154461}}
{"target": -0.45649354724544705, "params": {"loss_n": 0.511187597849331, "max_depth": 6.7999553607538346, "max_features": 1.1867150136401377, "min_samples_split": 20.60675921783534, "n_estimators": 2847.5940445937317}, "datetime": {"datetime": "2021-05-31 22:55:32", "elapsed": 7679.113171, "delta": 25.386767}}
{"target": -0.3072228378420056, "params": {"loss_n": 1.0, "max_depth": 2.0, "max_features": 3.0, "min_samples_split": 10.430855392388496, "n_estimators": 4543.838674622919}, "datetime": {"datetime": "2021-05-31 22:56:13", "elapsed": 7719.748882, "delta": 40.635711}}
{"target": -0.47491440527098716, "params": {"loss_n": 0.11134722473858694, "max_depth": 2.888072695893431, "max_features": 2.4194172436988755, "min_samples_split": 11.100381850159977, "n_estimators": 4542.546006010455}, "datetime": {"datetime": "2021-05-31 22:56:54", "elapsed": 7760.91426, "delta": 41.165378}}
{"target": -0.4553389499672435, "params": {"loss_n": 0.712217112313508, "max_depth": 2.5433954479360086, "max_features": 1.0259591640833956, "min_samples_split": 16.53184508980217, "n_estimators": 2149.9601415578372}, "datetime": {"datetime": "2021-05-31 22:57:13", "elapsed": 7780.089118, "delta": 19.174858}}
{"target": -0.5228174020649126, "params": {"loss_n": 0.3926729231847039, "max_depth": 3.3392203036281183, "max_features": 2.447200989427495, "min_samples_split": 16.176714667397086, "n_estimators": 4541.70817376072}, "datetime": {"datetime": "2021-05-31 22:57:54", "elapsed": 7820.871865, "delta": 40.782747}}
{"target": -0.4355142746737508, "params": {"loss_n": 0.608393501245962, "max_depth": 5.017245928980008, "max_features": 1.246862563458441, "min_samples_split": 12.890947728916096, "n_estimators": 2149.6296515295335}, "datetime": {"datetime": "2021-05-31 22:58:13", "elapsed": 7840.196773, "delta": 19.324908}}
{"target": -0.42497482369632983, "params": {"loss_n": 0.5936129855893996, "max_depth": 3.0348406602969664, "max_features": 2.594478335331811, "min_samples_split": 13.726797467327303, "n_estimators": 2152.4908450014354}, "datetime": {"datetime": "2021-05-31 22:58:33", "elapsed": 7859.475375, "delta": 19.278602}}
{"target": -0.36335792988793464, "params": {"loss_n": 0.6724813646281147, "max_depth": 2.7929488348640525, "max_features": 1.5213110855731071, "min_samples_split": 10.477434699858584, "n_estimators": 2148.8667530785656}, "datetime": {"datetime": "2021-05-31 22:58:52", "elapsed": 7878.843408, "delta": 19.368033}}
{"target": -0.5926515118391062, "params": {"loss_n": 0.6741319030022628, "max_depth": 3.0551733750900283, "max_features": 1.3741382385898206, "min_samples_split": 8.689275986861738, "n_estimators": 2153.032636345495}, "datetime": {"datetime": "2021-05-31 22:59:12", "elapsed": 7898.430867, "delta": 19.587459}}
{"target": -0.4971914922671276, "params": {"loss_n": 0.03785463555447277, "max_depth": 2.573903593281446, "max_features": 1.9871265450642557, "min_samples_split": 9.663546614977543, "n_estimators": 2146.338059221512}, "datetime": {"datetime": "2021-05-31 22:59:31", "elapsed": 7918.244623, "delta": 19.813756}}
{"target": -0.3712036734369004, "params": {"loss_n": 0.5078440369237868, "max_depth": 4.097628362344408, "max_features": 2.771928992175622, "min_samples_split": 12.169060370603866, "n_estimators": 4544.6999914040425}, "datetime": {"datetime": "2021-05-31 23:00:12", "elapsed": 7958.584979, "delta": 40.340356}}
{"target": -0.4484098982179267, "params": {"loss_n": 0.5655895916113287, "max_depth": 2.862019675734702, "max_features": 2.827255774829972, "min_samples_split": 14.227936304821764, "n_estimators": 2148.067110675344}, "datetime": {"datetime": "2021-05-31 23:00:31", "elapsed": 7977.908495, "delta": 19.323516}}
{"target": -0.3686889547465616, "params": {"loss_n": 0.9763252492221188, "max_depth": 9.127036437021017, "max_features": 2.873700129825289, "min_samples_split": 12.315595196795664, "n_estimators": 1678.3330076670336}, "datetime": {"datetime": "2021-05-31 23:00:46", "elapsed": 7993.115056, "delta": 15.206561}}
{"target": -0.5000302821999552, "params": {"loss_n": 0.847102717516499, "max_depth": 3.129958751526088, "max_features": 2.37665823781785, "min_samples_split": 8.306761803814247, "n_estimators": 4545.177184345892}, "datetime": {"datetime": "2021-05-31 23:01:27", "elapsed": 8033.786693, "delta": 40.671637}}
{"target": -0.4066108304122734, "params": {"loss_n": 0.9568162347861805, "max_depth": 8.250856333089766, "max_features": 1.5453231746312295, "min_samples_split": 12.688417689136, "n_estimators": 2152.723965096376}, "datetime": {"datetime": "2021-05-31 23:01:46", "elapsed": 8053.099772, "delta": 19.313079}}
{"target": -0.5278465934251124, "params": {"loss_n": 0.36857449234376616, "max_depth": 8.27000060309051, "max_features": 2.3878272739869257, "min_samples_split": 9.813445646464888, "n_estimators": 3848.6665009736635}, "datetime": {"datetime": "2021-05-31 23:02:21", "elapsed": 8088.360008, "delta": 35.260236}}
{"target": -0.518330052122569, "params": {"loss_n": 0.15517178726937653, "max_depth": 8.818228744301155, "max_features": 2.3779022196349695, "min_samples_split": 14.374555445148442, "n_estimators": 2149.0167435346116}, "datetime": {"datetime": "2021-05-31 23:02:41", "elapsed": 8107.978167, "delta": 19.618159}}
{"target": -0.47497115624178754, "params": {"loss_n": 0.30726038965259894, "max_depth": 2.197314789989248, "max_features": 2.376770570884729, "min_samples_split": 11.480395704504476, "n_estimators": 4547.716028188954}, "datetime": {"datetime": "2021-05-31 23:03:22", "elapsed": 8149.286415, "delta": 41.308248}}
{"target": -0.35932671450371406, "params": {"loss_n": 0.7682367696121839, "max_depth": 2.0550638497442915, "max_features": 2.315531955093311, "min_samples_split": 10.365694425332928, "n_estimators": 1307.5928610929825}, "datetime": {"datetime": "2021-05-31 23:03:34", "elapsed": 8161.313999, "delta": 12.027584}}
{"target": -0.4733385393139774, "params": {"loss_n": 0.07520150953703719, "max_depth": 2.300440866918171, "max_features": 1.972644804205476, "min_samples_split": 11.711172279750839, "n_estimators": 1305.6706426966018}, "datetime": {"datetime": "2021-05-31 23:03:47", "elapsed": 8173.483112, "delta": 12.169113}}
{"target": -0.4091641633512377, "params": {"loss_n": 0.913685029046276, "max_depth": 6.819909998548573, "max_features": 2.4299639066012713, "min_samples_split": 12.169349629522548, "n_estimators": 3849.4888863812116}, "datetime": {"datetime": "2021-05-31 23:04:21", "elapsed": 8207.682252, "delta": 34.19914}}
{"target": -0.3592433291953824, "params": {"loss_n": 0.6453812633951881, "max_depth": 2.0073502061899324, "max_features": 2.0229478813791104, "min_samples_split": 10.125402228797393, "n_estimators": 1309.662482452622}, "datetime": {"datetime": "2021-05-31 23:04:33", "elapsed": 8219.737682, "delta": 12.05543}}
{"target": -0.42700535407722917, "params": {"loss_n": 0.9195958394123441, "max_depth": 2.478192309706075, "max_features": 1.0997830498179009, "min_samples_split": 11.935438492858811, "n_estimators": 1678.218451551634}, "datetime": {"datetime": "2021-05-31 23:04:48", "elapsed": 8235.015036, "delta": 15.277354}}
{"target": -0.42450037157100373, "params": {"loss_n": 0.6775629695662255, "max_depth": 3.9932598275317535, "max_features": 2.395761394520161, "min_samples_split": 9.325614146852319, "n_estimators": 2518.9573689562662}, "datetime": {"datetime": "2021-05-31 23:05:11", "elapsed": 8257.742695, "delta": 22.727659}}
{"target": -0.6084055705732326, "params": {"loss_n": 0.739617173109695, "max_depth": 5.224267919141891, "max_features": 1.1796154080092844, "min_samples_split": 8.026734771411638, "n_estimators": 1311.307982002893}, "datetime": {"datetime": "2021-05-31 23:05:23", "elapsed": 8269.749776, "delta": 12.007081}}
{"target": -0.5260529224006565, "params": {"loss_n": 0.4405834769718707, "max_depth": 3.7235272640827093, "max_features": 1.2755660692466702, "min_samples_split": 10.565575535648637, "n_estimators": 1309.282722162112}, "datetime": {"datetime": "2021-05-31 23:05:35", "elapsed": 8281.917949, "delta": 12.168173}}
{"target": -0.5011776449988494, "params": {"loss_n": 0.36142919794619544, "max_depth": 8.080734730535424, "max_features": 2.5626054398436793, "min_samples_split": 9.914184205139454, "n_estimators": 2149.3239184101235}, "datetime": {"datetime": "2021-05-31 23:05:55", "elapsed": 8301.936325, "delta": 20.018376}}
{"target": -0.601336949222126, "params": {"loss_n": 0.30490526766872894, "max_depth": 3.0437142797287917, "max_features": 1.1091157937110008, "min_samples_split": 9.620785096996958, "n_estimators": 1679.5948624927041}, "datetime": {"datetime": "2021-05-31 23:06:11", "elapsed": 8317.64124, "delta": 15.704915}}
{"target": -0.31990641797590236, "params": {"loss_n": 0.8628047475157891, "max_depth": 3.734967763502908, "max_features": 2.8824874923934463, "min_samples_split": 10.169728557931219, "n_estimators": 2843.444541955314}, "datetime": {"datetime": "2021-05-31 23:06:36", "elapsed": 8343.232527, "delta": 25.591287}}
{"target": -0.3226643867600281, "params": {"loss_n": 0.8857067116821249, "max_depth": 3.865583131599334, "max_features": 2.8876952176238024, "min_samples_split": 11.396252593725103, "n_estimators": 2843.6508973911896}, "datetime": {"datetime": "2021-05-31 23:07:02", "elapsed": 8368.760002, "delta": 25.527475}}
{"target": -0.452380476949617, "params": {"loss_n": 0.9358232257733019, "max_depth": 6.742749896216568, "max_features": 1.380027130051213, "min_samples_split": 14.412143655337106, "n_estimators": 2152.813096586656}, "datetime": {"datetime": "2021-05-31 23:07:21", "elapsed": 8388.077052, "delta": 19.31705}}
{"target": -0.4772305347633294, "params": {"loss_n": 0.3761742914081817, "max_depth": 2.8564032690139918, "max_features": 2.4900092025091283, "min_samples_split": 10.818403835426643, "n_estimators": 4545.138384158348}, "datetime": {"datetime": "2021-05-31 23:08:03", "elapsed": 8429.517995, "delta": 41.440943}}
{"target": -0.37712680516034447, "params": {"loss_n": 0.648509209387673, "max_depth": 8.320497234743854, "max_features": 2.3155129401540675, "min_samples_split": 11.480495483028976, "n_estimators": 1676.6353234428248}, "datetime": {"datetime": "2021-05-31 23:08:18", "elapsed": 8444.767829, "delta": 15.249834}}
{"target": -0.4266677535998954, "params": {"loss_n": 0.6384193817244737, "max_depth": 5.489699646102481, "max_features": 2.9970055449089203, "min_samples_split": 13.528869697233041, "n_estimators": 4544.065898629137}, "datetime": {"datetime": "2021-05-31 23:08:58", "elapsed": 8485.050029, "delta": 40.2822}}
{"target": -0.4062230721583733, "params": {"loss_n": 0.775060444708315, "max_depth": 2.1935596060603544, "max_features": 2.3453404761472747, "min_samples_split": 12.392126384673459, "n_estimators": 2151.0597797426926}, "datetime": {"datetime": "2021-05-31 23:09:18", "elapsed": 8504.503748, "delta": 19.453719}}
{"target": -0.41028627301670717, "params": {"loss_n": 0.9513221034765686, "max_depth": 3.0569409892916966, "max_features": 2.210495666840041, "min_samples_split": 12.166073523010997, "n_estimators": 4559.301900986513}, "datetime": {"datetime": "2021-05-31 23:09:58", "elapsed": 8544.997559, "delta": 40.493811}}
{"target": -0.3193301162098521, "params": {"loss_n": 0.6046738602170346, "max_depth": 7.579226621099602, "max_features": 2.606472633998929, "min_samples_split": 11.767312403539997, "n_estimators": 3847.3039114320563}, "datetime": {"datetime": "2021-05-31 23:10:33", "elapsed": 8579.447177, "delta": 34.449618}}
{"target": -0.34593067042165093, "params": {"loss_n": 0.8687844635871935, "max_depth": 2.4800218895032886, "max_features": 2.7800840865619136, "min_samples_split": 8.14535809728702, "n_estimators": 4540.637392890475}, "datetime": {"datetime": "2021-05-31 23:11:13", "elapsed": 8620.064383, "delta": 40.617206}}
{"target": -0.6879650345971224, "params": {"loss_n": 0.9794370723787692, "max_depth": 6.7527388851765195, "max_features": 1.6313815783155907, "min_samples_split": 6.631832977128622, "n_estimators": 4540.898278736426}, "datetime": {"datetime": "2021-05-31 23:11:54", "elapsed": 8660.905067, "delta": 40.840684}}
