{"target": 0.21506068191526667, "params": {"C": 191.51953122694727, "epsilon": 0.12442175420796638, "ker": 1.3131832170213436}, "datetime": {"datetime": "2020-12-20 17:26:22", "elapsed": 0.0, "delta": 0.0}}
{"target": 0.26827045415476186, "params": {"C": 785.3586051779108, "epsilon": 0.1559951616237607, "ker": 0.8177778158479249}, "datetime": {"datetime": "2020-12-20 17:26:22", "elapsed": 0.073802, "delta": 0.073802}}
{"target": -6748.453373121794, "params": {"C": 276.46432749667116, "epsilon": 0.16037443550700387, "ker": 2.8744180610511156}, "datetime": {"datetime": "2020-12-20 17:26:22", "elapsed": 0.144612, "delta": 0.07081}}
{"target": 0.888751092818071, "params": {"C": 875.9326471488313, "epsilon": 0.07156345399157334, "ker": 1.502985376570376}, "datetime": {"datetime": "2020-12-20 17:26:22", "elapsed": 0.217418, "delta": 0.072806}}
{"target": 0.2453059101564894, "params": {"C": 683.4629668258427, "epsilon": 0.14254040539658006, "ker": 1.1107522643711847}, "datetime": {"datetime": "2020-12-20 17:26:22", "elapsed": 0.290223, "delta": 0.072805}}
{"target": 0.8129513211504481, "params": {"C": 561.1962299460063, "epsilon": 0.10061663306156195, "ker": 0.041305348772046724}, "datetime": {"datetime": "2020-12-20 17:26:23", "elapsed": 0.64967, "delta": 0.359447}}
{"target": 0.3026681086354549, "params": {"C": 772.8266443297118, "epsilon": 0.17652823812722332, "ker": 1.0946579517041168}, "datetime": {"datetime": "2020-12-20 17:26:23", "elapsed": 0.723473, "delta": 0.073803}}
{"target": -0.06440228429946751, "params": {"C": 615.3962168938758, "epsilon": 0.015076248328595311, "ker": 1.1064720180059235}, "datetime": {"datetime": "2020-12-20 17:26:23", "elapsed": 0.7983, "delta": 0.074827}}
{"target": 0.22433045855515021, "params": {"C": 933.1401086685114, "epsilon": 0.13027562864531547, "ker": 1.1916077331784627}, "datetime": {"datetime": "2020-12-20 17:26:23", "elapsed": 0.873072, "delta": 0.074772}}
{"target": 0.8882986289821139, "params": {"C": 788.7301640677312, "epsilon": 0.06336722443377425, "ker": 1.7042959578782075}, "datetime": {"datetime": "2020-12-20 17:26:23", "elapsed": 0.943883, "delta": 0.070811}}
{"target": 0.8894073012868153, "params": {"C": 869.1274026484869, "epsilon": 0.08723468477913587, "ker": 2.4064429262404774}, "datetime": {"datetime": "2020-12-20 17:26:23", "elapsed": 1.014721, "delta": 0.070838}}
{"target": 0.888762399736204, "params": {"C": 143.76691013788212, "epsilon": 0.1408521942236671, "ker": 2.1137439245687175}, "datetime": {"datetime": "2020-12-20 17:26:23", "elapsed": 1.085504, "delta": 0.070783}}
{"target": 0.316470608697451, "params": {"C": 218.792183794878, "epsilon": 0.184973525723113, "ker": 1.3264222662125298}, "datetime": {"datetime": "2020-12-20 17:26:23", "elapsed": 1.158338, "delta": 0.072834}}
{"target": -0.07426286511071509, "params": {"C": 909.3159680408767, "epsilon": 0.01196184455597038, "ker": 0.5528612514414409}, "datetime": {"datetime": "2020-12-20 17:26:23", "elapsed": 1.233109, "delta": 0.074771}}
{"target": 0.8890600698870094, "params": {"C": 47.355374065987256, "epsilon": 0.13497618871646605, "ker": 1.7838743398033465}, "datetime": {"datetime": "2020-12-20 17:26:23", "elapsed": 1.303922, "delta": 0.070813}}
{"target": 0.883465048430595, "params": {"C": 533.3102096677343, "epsilon": 0.008664812538960698, "ker": 1.6842992401901937}, "datetime": {"datetime": "2020-12-20 17:26:23", "elapsed": 1.375728, "delta": 0.071806}}
{"target": 0.8068734381103259, "params": {"C": 329.6685126540704, "epsilon": 0.10059336662252368, "ker": 0.33568295272321147}, "datetime": {"datetime": "2020-12-20 17:26:24", "elapsed": 1.694901, "delta": 0.319173}}
{"target": 0.7818126886455019, "params": {"C": 607.1937454991139, "epsilon": 0.11318892861010628, "ker": 0.02029218597000837}, "datetime": {"datetime": "2020-12-20 17:26:24", "elapsed": 2.055937, "delta": 0.361036}}
{"target": 0.8845570465237602, "params": {"C": 617.4417470601262, "epsilon": 0.18242457728663086, "ker": 2.3715723991711}, "datetime": {"datetime": "2020-12-20 17:26:24", "elapsed": 2.125751, "delta": 0.069814}}
{"target": 0.8832311525978126, "params": {"C": 992.0814669802148, "epsilon": 0.19176035243057332, "ker": 2.3758924058749193}, "datetime": {"datetime": "2020-12-20 17:26:24", "elapsed": 2.196533, "delta": 0.070782}}
{"target": 0.21489606894135055, "params": {"C": 285.2510314994138, "epsilon": 0.12498334106118221, "ker": 1.4342813870120237}, "datetime": {"datetime": "2020-12-20 17:26:24", "elapsed": 2.270363, "delta": 0.07383}}
{"target": 0.8493477805160641, "params": {"C": 195.67525909838037, "epsilon": 0.0764634904063013, "ker": 0.16162105543870975}, "datetime": {"datetime": "2020-12-20 17:26:25", "elapsed": 2.570533, "delta": 0.30017}}
{"target": 0.7850354482909887, "params": {"C": 451.6484630960182, "epsilon": 0.19640094830439092, "ker": 0.37182810146088896}, "datetime": {"datetime": "2020-12-20 17:26:25", "elapsed": 2.88472, "delta": 0.314187}}
{"target": 0.8883475570668015, "params": {"C": 119.38098598815861, "epsilon": 0.14770461122866937, "ker": 1.7619109003919537}, "datetime": {"datetime": "2020-12-20 17:26:25", "elapsed": 2.953508, "delta": 0.068788}}
{"target": -0.044776595928358164, "params": {"C": 471.63258715711436, "epsilon": 0.02142536343877326, "ker": 0.6876556963818538}, "datetime": {"datetime": "2020-12-20 17:26:25", "elapsed": 3.029305, "delta": 0.075797}}
{"target": 0.8892725376348907, "params": {"C": 899.9652048401559, "epsilon": 0.08335070756053864, "ker": 1.6075549875948476}, "datetime": {"datetime": "2020-12-20 17:26:25", "elapsed": 3.102111, "delta": 0.072806}}
{"target": 0.6812504024389374, "params": {"C": 6.208615966277739, "epsilon": 0.06012834115406023, "ker": 1.3106795165268306}, "datetime": {"datetime": "2020-12-20 17:26:25", "elapsed": 3.173919, "delta": 0.071808}}
{"target": 0.8843945415883562, "params": {"C": 612.1490358508578, "epsilon": 0.18363961507611462, "ker": 1.877210009887606}, "datetime": {"datetime": "2020-12-20 17:26:25", "elapsed": 3.24473, "delta": 0.070811}}
{"target": 0.8857573924287205, "params": {"C": 705.9975944820168, "epsilon": 0.029966743197985448, "ker": 2.2381902274101497}, "datetime": {"datetime": "2020-12-20 17:26:25", "elapsed": 3.317535, "delta": 0.072805}}
{"target": 0.21803693392024365, "params": {"C": 831.0070093328386, "epsilon": 0.12674515379019582, "ker": 1.3149296433672826}, "datetime": {"datetime": "2020-12-20 17:26:25", "elapsed": 3.39336, "delta": 0.075825}}
{"target": 0.8897475844236107, "params": {"C": 152.5728594172279, "epsilon": 0.11368192304943803, "ker": 1.5846728327551816}, "datetime": {"datetime": "2020-12-20 17:26:26", "elapsed": 3.466139, "delta": 0.072779}}
{"target": 0.889669010885602, "params": {"C": 951.4287686107168, "epsilon": 0.09607183570200323, "ker": 1.507678690147651}, "datetime": {"datetime": "2020-12-20 17:26:26", "elapsed": 3.539941, "delta": 0.073802}}
{"target": 0.7957253647737239, "params": {"C": 536.8782392365904, "epsilon": 0.16384041341283168, "ker": 0.17134691426657966}, "datetime": {"datetime": "2020-12-20 17:26:26", "elapsed": 3.879034, "delta": 0.339093}}
{"target": 0.8878713738704429, "params": {"C": 669.4217761323745, "epsilon": 0.1534233256758945, "ker": 2.1243460859328116}, "datetime": {"datetime": "2020-12-20 17:26:26", "elapsed": 3.949844, "delta": 0.07081}}
{"target": -61107.14230872514, "params": {"C": 796.8672040384782, "epsilon": 0.1115521656854899, "ker": 2.897509595976383}, "datetime": {"datetime": "2020-12-20 17:26:26", "elapsed": 4.020689, "delta": 0.070845}}
{"target": 0.8831314567320909, "params": {"C": 147.1569851773072, "epsilon": 0.005929400107083116, "ker": 1.7816804778743154}, "datetime": {"datetime": "2020-12-20 17:26:26", "elapsed": 4.091465, "delta": 0.070776}}
{"target": 0.34814031680641555, "params": {"C": 114.06578733609261, "epsilon": 0.19016197001682444, "ker": 0.9771222432760417}, "datetime": {"datetime": "2020-12-20 17:26:26", "elapsed": 4.164272, "delta": 0.072807}}
{"target": -3759.5990906409234, "params": {"C": 193.6187707919082, "epsilon": 0.09156232977948552, "ker": 2.7612077132792634}, "datetime": {"datetime": "2020-12-20 17:26:26", "elapsed": 4.234115, "delta": 0.069843}}
{"target": 0.04015693446608302, "params": {"C": 879.0691736077596, "epsilon": 0.050523151009306044, "ker": 1.0440263786080384}, "datetime": {"datetime": "2020-12-20 17:26:26", "elapsed": 4.309881, "delta": 0.075766}}
{"target": 0.8848491723547418, "params": {"C": 182.5888133214356, "epsilon": 0.18035921027419843, "ker": 2.1195844895153924}, "datetime": {"datetime": "2020-12-20 17:26:26", "elapsed": 4.378724, "delta": 0.068843}}
{"target": 0.8849046947191772, "params": {"C": 726.6584888962946, "epsilon": 0.18001756736194155, "ker": 2.3374914023079727}, "datetime": {"datetime": "2020-12-20 17:26:27", "elapsed": 4.449508, "delta": 0.070784}}
{"target": 0.7413739455665157, "params": {"C": 599.1548206888143, "epsilon": 0.05822504897957497, "ker": 0.45418579322229635}, "datetime": {"datetime": "2020-12-20 17:26:27", "elapsed": 4.825502, "delta": 0.375994}}
{"target": 0.8187080802535315, "params": {"C": 335.17472563196895, "epsilon": 0.1315103554315639, "ker": 0.2200276308978545}, "datetime": {"datetime": "2020-12-20 17:26:27", "elapsed": 5.140286, "delta": 0.314784}}
{"target": 0.8883538321903369, "params": {"C": 55.00648990558412, "epsilon": 0.0646389627842353, "ker": 1.7714454133889586}, "datetime": {"datetime": "2020-12-20 17:26:27", "elapsed": 5.211123, "delta": 0.070837}}
{"target": 0.05876099255267788, "params": {"C": 853.898581735785, "epsilon": 0.0574124850000018, "ker": 0.5192016804443764}, "datetime": {"datetime": "2020-12-20 17:26:27", "elapsed": 5.285923, "delta": 0.0748}}
{"target": 0.35254084823584925, "params": {"C": 134.02129259672222, "epsilon": 0.19893076572885893, "ker": 0.5384936084081755}, "datetime": {"datetime": "2020-12-20 17:26:27", "elapsed": 5.358701, "delta": 0.072778}}
{"target": 0.8156547064439353, "params": {"C": 317.5468912725135, "epsilon": 0.11365828093182145, "ker": 0.028045723500733533}, "datetime": {"datetime": "2020-12-20 17:26:28", "elapsed": 5.672862, "delta": 0.314161}}
{"target": 0.882715495772115, "params": {"C": 900.6486310902299, "epsilon": 0.19544828618451743, "ker": 1.6706840374105045}, "datetime": {"datetime": "2020-12-20 17:26:28", "elapsed": 5.742675, "delta": 0.069813}}
{"target": 0.8884668687291726, "params": {"C": 84.7739349168058, "epsilon": 0.06660049314582002, "ker": 2.185286029109016}, "datetime": {"datetime": "2020-12-20 17:26:28", "elapsed": 5.813486, "delta": 0.070811}}
{"target": 0.20616979354657144, "params": {"C": 142.4354590982799, "epsilon": 0.1104937878995091, "ker": 0.8191297790510568}, "datetime": {"datetime": "2020-12-20 17:26:28", "elapsed": 5.888285, "delta": 0.074799}}
{"target": 0.28080945909544824, "params": {"C": 296.5666080535543, "epsilon": 0.1636682588952396, "ker": 0.8859557941374309}, "datetime": {"datetime": "2020-12-20 17:26:28", "elapsed": 6.084937, "delta": 0.196652}}
{"target": 0.8314155778609551, "params": {"C": 207.3582491188866, "epsilon": 0.04081184448501614, "ker": 0.098499575398723}, "datetime": {"datetime": "2020-12-20 17:26:29", "elapsed": 6.488052, "delta": 0.403115}}
{"target": 0.8822431652732448, "params": {"C": 842.587979165651, "epsilon": 0.19903814563108022, "ker": 2.471450863406454}, "datetime": {"datetime": "2020-12-20 17:26:29", "elapsed": 6.643859, "delta": 0.155807}}
{"target": 0.8824728096318442, "params": {"C": 921.3135084472165, "epsilon": 0.0009009263358017217, "ker": 2.3725142473875325}, "datetime": {"datetime": "2020-12-20 17:26:29", "elapsed": 6.825534, "delta": 0.181675}}
{"target": -48777.735909923365, "params": {"C": 694.6087810622829, "epsilon": 0.1811696642712877, "ker": 2.563678562307877}, "datetime": {"datetime": "2020-12-20 17:26:29", "elapsed": 6.987252, "delta": 0.161718}}
{"target": 0.3330669653807493, "params": {"C": 714.8459737301245, "epsilon": 0.19569439267958785, "ker": 1.3028312732794887}, "datetime": {"datetime": "2020-12-20 17:26:29", "elapsed": 7.163753, "delta": 0.176501}}
{"target": -28675.710161839037, "params": {"C": 549.3342343055122, "epsilon": 0.04832550239527569, "ker": 2.8695425391449936}, "datetime": {"datetime": "2020-12-20 17:26:29", "elapsed": 7.302865, "delta": 0.139112}}
{"target": 0.6530606900992029, "params": {"C": 571.3984460481569, "epsilon": 0.09053591675906406, "ker": 0.338472397208779}, "datetime": {"datetime": "2020-12-20 17:26:30", "elapsed": 7.779672, "delta": 0.476807}}
{"target": 0.8889727927780248, "params": {"C": 97.70338898153592, "epsilon": 0.07604884083798776, "ker": 1.930324109025877}, "datetime": {"datetime": "2020-12-20 17:26:30", "elapsed": 7.939262, "delta": 0.15959}}
{"target": 0.2965078171841511, "params": {"C": 585.4740416799034, "epsilon": 0.17283127755338415, "ker": 1.1096184669927638}, "datetime": {"datetime": "2020-12-20 17:26:30", "elapsed": 8.121991, "delta": 0.182729}}
{"target": 0.8858947947392624, "params": {"C": 71.56965065959217, "epsilon": 0.03121118049851246, "ker": 2.2273172281963554}, "datetime": {"datetime": "2020-12-20 17:26:30", "elapsed": 8.291564, "delta": 0.169573}}
{"target": 0.8828593710760997, "params": {"C": 760.9597162525371, "epsilon": 0.0037870311925187086, "ker": 2.1970769697362993}, "datetime": {"datetime": "2020-12-20 17:26:31", "elapsed": 8.449396, "delta": 0.157832}}
{"target": 0.8895859601748033, "params": {"C": 979.8950998308496, "epsilon": 0.09295885643685647, "ker": 1.6848168337596778}, "datetime": {"datetime": "2020-12-20 17:26:31", "elapsed": 8.656046, "delta": 0.20665}}
{"target": 0.8873237230173088, "params": {"C": 965.1401946307653, "epsilon": 0.04898290845217548, "ker": 1.6261865096992176}, "datetime": {"datetime": "2020-12-20 17:26:31", "elapsed": 8.830579, "delta": 0.174533}}
{"target": 0.8896289496910205, "params": {"C": 18.402187006865176, "epsilon": 0.118713929536479, "ker": 1.6381933497187502}, "datetime": {"datetime": "2020-12-20 17:26:31", "elapsed": 8.986427, "delta": 0.155848}}
{"target": 0.5704234791695869, "params": {"C": 31.84005747282742, "epsilon": 0.07206704486665805, "ker": 1.1846788110710205}, "datetime": {"datetime": "2020-12-20 17:26:31", "elapsed": 9.148324, "delta": 0.161897}}
{"target": -8399.819923992098, "params": {"C": 306.99288555443593, "epsilon": 0.18866551837670179, "ker": 2.719475247019388}, "datetime": {"datetime": "2020-12-20 17:26:31", "elapsed": 9.350755, "delta": 0.202431}}
{"target": 0.8885011431192813, "params": {"C": 461.5965431756885, "epsilon": 0.14530021409043622, "ker": 2.477345886385418}, "datetime": {"datetime": "2020-12-20 17:26:32", "elapsed": 9.551237, "delta": 0.200482}}
{"target": 0.037098704539853464, "params": {"C": 738.8357011257502, "epsilon": 0.04943687359995785, "ker": 1.4180294156982538}, "datetime": {"datetime": "2020-12-20 17:26:32", "elapsed": 9.745718, "delta": 0.194481}}
{"target": -56122.73186668327, "params": {"C": 749.838454122982, "epsilon": 0.2, "ker": 3.0}, "datetime": {"datetime": "2020-12-20 17:26:32", "elapsed": 9.913297, "delta": 0.167579}}
{"target": 0.8892550693458249, "params": {"C": 166.992592802395, "epsilon": 0.12978884195830845, "ker": 1.5953151611903302}, "datetime": {"datetime": "2020-12-20 17:26:32", "elapsed": 10.05883, "delta": 0.145533}}
{"target": 0.8278223935329672, "params": {"C": 230.8193145096581, "epsilon": 0.0, "ker": 0.0}, "datetime": {"datetime": "2020-12-20 17:26:33", "elapsed": 10.630949, "delta": 0.572119}}
{"target": -5516.146998850015, "params": {"C": 242.46453062445286, "epsilon": 0.2, "ker": 3.0}, "datetime": {"datetime": "2020-12-20 17:26:33", "elapsed": 10.814141, "delta": 0.183192}}
{"target": -17020.994851819643, "params": {"C": 439.8481685357603, "epsilon": 0.09587367563752808, "ker": 2.98115711535684}, "datetime": {"datetime": "2020-12-20 17:26:33", "elapsed": 10.990942, "delta": 0.176801}}
{"target": 0.19764462235885036, "params": {"C": 657.6242179176078, "epsilon": 0.11532595294297235, "ker": 1.0154216955566802}, "datetime": {"datetime": "2020-12-20 17:26:33", "elapsed": 11.168847, "delta": 0.177905}}
{"target": 0.8870399280651322, "params": {"C": 646.0221286207342, "epsilon": 0.04514429570542149, "ker": 1.532771945749385}, "datetime": {"datetime": "2020-12-20 17:26:33", "elapsed": 11.330413, "delta": 0.161566}}
{"target": 0.8896070437510847, "params": {"C": 633.5987591186841, "epsilon": 0.09362518509753529, "ker": 1.749315160253455}, "datetime": {"datetime": "2020-12-20 17:26:34", "elapsed": 11.497948, "delta": 0.167535}}
{"target": 0.20526830549044206, "params": {"C": 483.3298405195039, "epsilon": 0.11959228193961309, "ker": 1.3633150462463521}, "datetime": {"datetime": "2020-12-20 17:26:34", "elapsed": 11.704779, "delta": 0.206831}}
{"target": 0.18276617336434248, "params": {"C": 495.0192638577269, "epsilon": 0.1080315899556149, "ker": 1.1989944074657142}, "datetime": {"datetime": "2020-12-20 17:26:34", "elapsed": 11.856402, "delta": 0.151623}}
{"target": 0.8873332786063152, "params": {"C": 506.61998949475213, "epsilon": 0.04899473496686322, "ker": 2.3477614851735673}, "datetime": {"datetime": "2020-12-20 17:26:34", "elapsed": 12.026896, "delta": 0.170494}}
{"target": 0.22863367027662215, "params": {"C": 518.5028712165436, "epsilon": 0.13275102817264225, "ker": 0.6219590294777153}, "datetime": {"datetime": "2020-12-20 17:26:34", "elapsed": 12.176662, "delta": 0.149766}}
{"target": -11125.973649299993, "params": {"C": 347.28305674665626, "epsilon": 0.0, "ker": 3.0}, "datetime": {"datetime": "2020-12-20 17:26:34", "elapsed": 12.373573, "delta": 0.196911}}
{"target": -88969.22445117007, "params": {"C": 942.3901685856631, "epsilon": 0.014593335187916168, "ker": 2.530872209786585}, "datetime": {"datetime": "2020-12-20 17:26:35", "elapsed": 12.553203, "delta": 0.17963}}
{"target": 0.7561787244756044, "params": {"C": 957.6347376714218, "epsilon": 0.12051333433729089, "ker": 0.23282900161072095}, "datetime": {"datetime": "2020-12-20 17:26:35", "elapsed": 13.094754, "delta": 0.541551}}
{"target": 0.7587991882739847, "params": {"C": 927.5086178268159, "epsilon": 0.08378635884139672, "ker": 0.34666767752273775}, "datetime": {"datetime": "2020-12-20 17:26:36", "elapsed": 13.645282, "delta": 0.550528}}
{"target": 0.7603944011419267, "params": {"C": 821.0818199542192, "epsilon": 0.035526849041394824, "ker": 0.09762368473881611}, "datetime": {"datetime": "2020-12-20 17:26:36", "elapsed": 14.156104, "delta": 0.510822}}
{"target": -79832.20614886636, "params": {"C": 888.9778323118687, "epsilon": 0.10177796851264126, "ker": 2.674672011589206}, "datetime": {"datetime": "2020-12-20 17:26:36", "elapsed": 14.324484, "delta": 0.16838}}
{"target": 0.8191812146812174, "params": {"C": 63.47647808059112, "epsilon": 0.05904802256602962, "ker": 0.4839712360007562}, "datetime": {"datetime": "2020-12-20 17:26:37", "elapsed": 14.681561, "delta": 0.357077}}
{"target": 0.7913579621454405, "params": {"C": 1000.0, "epsilon": 0.0, "ker": 0.0}, "datetime": {"datetime": "2020-12-20 17:26:38", "elapsed": 15.452101, "delta": 0.77054}}
{"target": 0.8295671123659425, "params": {"C": 676.5473219816607, "epsilon": 0.0, "ker": 0.0}, "datetime": {"datetime": "2020-12-20 17:26:38", "elapsed": 16.163177, "delta": 0.711076}}
{"target": 0.8263780005441491, "params": {"C": 392.5730616423951, "epsilon": 0.0, "ker": 0.0}, "datetime": {"datetime": "2020-12-20 17:26:39", "elapsed": 16.848161, "delta": 0.684984}}
{"target": 0.8221587148652112, "params": {"C": 402.6291053391966, "epsilon": 0.0867954493294599, "ker": 0.0}, "datetime": {"datetime": "2020-12-20 17:26:39", "elapsed": 17.323, "delta": 0.474839}}
{"target": 0.8891820255684036, "params": {"C": 382.49030755196407, "epsilon": 0.13207447692131533, "ker": 2.3129722929854672}, "datetime": {"datetime": "2020-12-20 17:26:40", "elapsed": 17.520186, "delta": 0.197186}}
{"target": 0.8191426206823053, "params": {"C": 372.26052992368574, "epsilon": 0.001484485516475842, "ker": 0.17387042036540779}, "datetime": {"datetime": "2020-12-20 17:26:40", "elapsed": 17.996912, "delta": 0.476726}}
{"target": -17057.0809257125, "params": {"C": 412.43773138076136, "epsilon": 0.2, "ker": 3.0}, "datetime": {"datetime": "2020-12-20 17:26:40", "elapsed": 18.22124, "delta": 0.224328}}
{"target": -11858.08944450045, "params": {"C": 362.65282144855274, "epsilon": 0.08489583969980137, "ker": 2.8535031691249744}, "datetime": {"datetime": "2020-12-20 17:26:40", "elapsed": 18.393779, "delta": 0.172539}}
{"target": -1109.029058771071, "params": {"C": 105.81464618470848, "epsilon": 0.0, "ker": 3.0}, "datetime": {"datetime": "2020-12-20 17:26:41", "elapsed": 18.592211, "delta": 0.198432}}
{"target": 0.8102178350536067, "params": {"C": 174.84140352376176, "epsilon": 0.03991060374181981, "ker": 0.16176931400487726}, "datetime": {"datetime": "2020-12-20 17:26:41", "elapsed": 18.992867, "delta": 0.400656}}
{"target": 0.82131942971853, "params": {"C": 625.65092622704, "epsilon": 0.0, "ker": 0.0}, "datetime": {"datetime": "2020-12-20 17:26:42", "elapsed": 19.746171, "delta": 0.753304}}
{"target": 0.8318047707111127, "params": {"C": 258.9444106418913, "epsilon": 0.10527310639834152, "ker": 0.09198345970229505}, "datetime": {"datetime": "2020-12-20 17:26:42", "elapsed": 20.213529, "delta": 0.467358}}
{"target": -149.39640189234206, "params": {"C": 39.53053669931272, "epsilon": 0.11770960057440467, "ker": 2.800596056251832}, "datetime": {"datetime": "2020-12-20 17:26:43", "elapsed": 20.436275, "delta": 0.222746}}
{"target": -72803.6096473217, "params": {"C": 860.8344879972672, "epsilon": 0.18271826201337177, "ker": 2.992952967034704}, "datetime": {"datetime": "2020-12-20 17:26:43", "elapsed": 20.651774, "delta": 0.215499}}
{"target": 0.7642390901280904, "params": {"C": 848.615743592462, "epsilon": 0.17528431212674392, "ker": 0.11768856388196713}, "datetime": {"datetime": "2020-12-20 17:26:43", "elapsed": 21.204698, "delta": 0.552924}}
