{"target": -95083.5617850157, "params": {"C": 972.0988348931357, "epsilon": 0.006941977548279055, "ker": 2.7103082296525773}, "datetime": {"datetime": "2020-12-20 17:29:04", "elapsed": 162.01825, "delta": 0.93136}}
{"target": 0.34404732050112263, "params": {"C": 143.9906965199557, "epsilon": 0.19552958498300405, "ker": 0.5249726384973086}, "datetime": {"datetime": "2020-12-20 17:29:05", "elapsed": 162.809857, "delta": 0.791607}}
{"target": 0.7868080835617478, "params": {"C": 852.5905714521033, "epsilon": 0.12267245592871652, "ker": 0.012918037366785762}, "datetime": {"datetime": "2020-12-20 17:29:06", "elapsed": 163.985219, "delta": 1.175362}}
{"target": 0.7629358051573866, "params": {"C": 333.3788038354537, "epsilon": 0.050382303547186896, "ker": 0.13718036047505988}, "datetime": {"datetime": "2020-12-20 17:29:07", "elapsed": 165.14069, "delta": 1.155471}}
{"target": 0.8520621240373556, "params": {"C": 93.36998369352628, "epsilon": 0.12942624078909148, "ker": 0.0837146779794613}, "datetime": {"datetime": "2020-12-20 17:29:08", "elapsed": 166.04986, "delta": 0.90917}}
{"target": 0.8895637794699894, "params": {"C": 928.2857529387815, "epsilon": 0.12156428382647776, "ker": 2.0366381750722726}, "datetime": {"datetime": "2020-12-20 17:29:09", "elapsed": 166.895664, "delta": 0.845804}}
{"target": 0.7462822816196351, "params": {"C": 764.8341186465489, "epsilon": 0.031649808331517475, "ker": 0.32695008837802086}, "datetime": {"datetime": "2020-12-20 17:29:10", "elapsed": 168.152407, "delta": 1.256743}}
{"target": 0.8824787748891441, "params": {"C": 468.0493169932675, "epsilon": 0.0009497941589821757, "ker": 1.7554427637051364}, "datetime": {"datetime": "2020-12-20 17:29:11", "elapsed": 169.110882, "delta": 0.958475}}
{"target": 0.6938590209875133, "params": {"C": 716.004638680166, "epsilon": 0.09302259832321164, "ker": 0.019782539587348436}, "datetime": {"datetime": "2020-12-20 17:29:13", "elapsed": 170.489484, "delta": 1.378602}}
{"target": 0.8153510086169048, "params": {"C": 976.8420134351483, "epsilon": 0.13006566335385555, "ker": 0.18626326530871695}, "datetime": {"datetime": "2020-12-20 17:29:14", "elapsed": 171.794308, "delta": 1.304824}}
{"target": -32612.517785106844, "params": {"C": 584.4657597503308, "epsilon": 0.018877742031827793, "ker": 2.747025141548855}, "datetime": {"datetime": "2020-12-20 17:29:15", "elapsed": 172.566978, "delta": 0.77267}}
{"target": 0.7441108468646445, "params": {"C": 581.5643756866791, "epsilon": 0.03460305262283343, "ker": 0.13316944414371312}, "datetime": {"datetime": "2020-12-20 17:29:16", "elapsed": 173.87712, "delta": 1.310142}}
{"target": -0.04243798527032181, "params": {"C": 674.9694020023662, "epsilon": 0.022157554076197662, "ker": 1.1599249655346364}, "datetime": {"datetime": "2020-12-20 17:29:17", "elapsed": 174.881737, "delta": 1.004617}}
{"target": 0.8569683585052307, "params": {"C": 118.62587784056988, "epsilon": 0.1615430801496933, "ker": 0.027755583704730524}, "datetime": {"datetime": "2020-12-20 17:29:18", "elapsed": 175.962202, "delta": 1.080465}}
{"target": 0.7807560571252565, "params": {"C": 584.0466715992973, "epsilon": 0.2, "ker": 0.0}, "datetime": {"datetime": "2020-12-20 17:29:19", "elapsed": 177.185878, "delta": 1.223676}}
{"target": -86630.44593911433, "params": {"C": 931.9696059459601, "epsilon": 0.12380935230364054, "ker": 2.7111243532197933}, "datetime": {"datetime": "2020-12-20 17:29:20", "elapsed": 178.00878, "delta": 0.822902}}
{"target": 0.7617142383968881, "params": {"C": 933.8707507640912, "epsilon": 0.09987938695119487, "ker": 0.0}, "datetime": {"datetime": "2020-12-20 17:29:21", "elapsed": 179.22719, "delta": 1.21841}}
{"target": 0.8895521322563041, "params": {"C": 117.94148002060521, "epsilon": 0.12184029368057898, "ker": 1.7042035008837877}, "datetime": {"datetime": "2020-12-20 17:29:22", "elapsed": 180.032699, "delta": 0.805509}}
{"target": 0.7913649451399556, "params": {"C": 734.2872888663727, "epsilon": 0.19116661510746155, "ker": 0.013402150304463678}, "datetime": {"datetime": "2020-12-20 17:29:23", "elapsed": 181.177545, "delta": 1.144846}}
{"target": 0.888240511188876, "params": {"C": 733.6763210691934, "epsilon": 0.062468265131677164, "ker": 1.7536556800135994}, "datetime": {"datetime": "2020-12-20 17:29:24", "elapsed": 182.054006, "delta": 0.876461}}
{"target": 0.21063050620148624, "params": {"C": 935.021069762059, "epsilon": 0.122626915213165, "ker": 1.382074687244071}, "datetime": {"datetime": "2020-12-20 17:29:25", "elapsed": 182.862941, "delta": 0.808935}}
{"target": 0.8192812710786503, "params": {"C": 151.3534066174691, "epsilon": 0.13318336949098555, "ker": 0.14299385156962574}, "datetime": {"datetime": "2020-12-20 17:29:26", "elapsed": 184.186813, "delta": 1.323872}}
{"target": 0.8395820393248785, "params": {"C": 148.63965712711718, "epsilon": 0.10542227546931658, "ker": 0.12811871120895812}, "datetime": {"datetime": "2020-12-20 17:29:27", "elapsed": 185.228213, "delta": 1.0414}}
{"target": 0.7840906279456086, "params": {"C": 705.3829268690516, "epsilon": 0.2, "ker": 0.47615510079565415}, "datetime": {"datetime": "2020-12-20 17:29:29", "elapsed": 186.604217, "delta": 1.376004}}
{"target": 0.8893414984531642, "params": {"C": 607.9830172285305, "epsilon": 0.1277759111192803, "ker": 1.7750318123205413}, "datetime": {"datetime": "2020-12-20 17:29:30", "elapsed": 187.753592, "delta": 1.149375}}
{"target": -39020.67747301931, "params": {"C": 610.2453260896144, "epsilon": 0.19590750617962005, "ker": 2.850820284721462}, "datetime": {"datetime": "2020-12-20 17:29:31", "elapsed": 188.802455, "delta": 1.048863}}
{"target": 0.8387485202066515, "params": {"C": 608.6843505343643, "epsilon": 0.0765967570042424, "ker": 0.23880835087079422}, "datetime": {"datetime": "2020-12-20 17:29:32", "elapsed": 189.945307, "delta": 1.142852}}
{"target": -62291.494358550444, "params": {"C": 790.3295184948005, "epsilon": 0.2, "ker": 2.619440004966173}, "datetime": {"datetime": "2020-12-20 17:29:33", "elapsed": 190.9118, "delta": 0.966493}}
{"target": 0.2934274398351029, "params": {"C": 96.09149506381927, "epsilon": 0.15012744133044378, "ker": 1.47908737099576}, "datetime": {"datetime": "2020-12-20 17:29:34", "elapsed": 191.903909, "delta": 0.992109}}
{"target": 0.882354486810293, "params": {"C": 393.0308128283121, "epsilon": 0.0, "ker": 1.756013992748873}, "datetime": {"datetime": "2020-12-20 17:29:35", "elapsed": 192.790406, "delta": 0.886497}}
{"target": -2625.181781574942, "params": {"C": 162.8566716682137, "epsilon": 0.06764293464660183, "ker": 2.5121750193520986}, "datetime": {"datetime": "2020-12-20 17:29:36", "elapsed": 193.710217, "delta": 0.919811}}
{"target": 0.7482125690656392, "params": {"C": 613.5058329091064, "epsilon": 0.1523133853708238, "ker": 0.16987565927486215}, "datetime": {"datetime": "2020-12-20 17:29:37", "elapsed": 194.936785, "delta": 1.226568}}
{"target": -2188.607841529102, "params": {"C": 148.6764879768492, "epsilon": 0.13399830150043066, "ker": 2.947303842714712}, "datetime": {"datetime": "2020-12-20 17:29:38", "elapsed": 195.854011, "delta": 0.917226}}
{"target": 0.8889585762765602, "params": {"C": 571.0990135088298, "epsilon": 0.13707876480723033, "ker": 2.2946539869460394}, "datetime": {"datetime": "2020-12-20 17:29:39", "elapsed": 196.786435, "delta": 0.932424}}
{"target": 0.6001480496911531, "params": {"C": 25.782634128968855, "epsilon": 0.06713960153790181, "ker": 0.7563431591642285}, "datetime": {"datetime": "2020-12-20 17:29:40", "elapsed": 197.70964, "delta": 0.923205}}
{"target": 0.28977681796374954, "params": {"C": 812.6564422485061, "epsilon": 0.1687747574483433, "ker": 0.543354307010532}, "datetime": {"datetime": "2020-12-20 17:29:41", "elapsed": 198.545022, "delta": 0.835382}}
{"target": 0.8235278383301308, "params": {"C": 337.1732427537374, "epsilon": 0.17590760340640413, "ker": 0.08333610916246592}, "datetime": {"datetime": "2020-12-20 17:29:42", "elapsed": 199.92236, "delta": 1.377338}}
{"target": -23999.031846890302, "params": {"C": 490.7858877523601, "epsilon": 0.14636730522977803, "ker": 2.8587369565949516}, "datetime": {"datetime": "2020-12-20 17:29:43", "elapsed": 200.835644, "delta": 0.913284}}
{"target": 0.882354486810293, "params": {"C": 328.62474731356576, "epsilon": 0.0, "ker": 1.9170141140295256}, "datetime": {"datetime": "2020-12-20 17:29:44", "elapsed": 201.911814, "delta": 1.07617}}
{"target": 0.7076528710771465, "params": {"C": 484.7646555708592, "epsilon": 0.14758356777355777, "ker": 0.11290159202186589}, "datetime": {"datetime": "2020-12-20 17:29:45", "elapsed": 203.391874, "delta": 1.48006}}
{"target": 0.8853267178214995, "params": {"C": 77.08383203890448, "epsilon": 0.17691146371458893, "ker": 1.852701043141678}, "datetime": {"datetime": "2020-12-20 17:29:46", "elapsed": 204.374381, "delta": 0.982507}}
{"target": -41837.034557828694, "params": {"C": 658.2244832478455, "epsilon": 0.07539192888416187, "ker": 2.7948588678810466}, "datetime": {"datetime": "2020-12-20 17:29:47", "elapsed": 205.258168, "delta": 0.883787}}
{'target': 0.889822482468585, 'params': {'C': 81.3197857935297, 'epsilon': 0.10503457463124673, 'ker': 2.084342686980354}}