{"target": 0.8229074880583201, "params": {"C": 503.67590118237354, "epsilon": 0.0786666806844545, "ker": 0.0}, "datetime": {"datetime": "2020-12-20 17:27:37", "elapsed": 74.541797, "delta": 0.885833}}
{"target": 0.8437336599389903, "params": {"C": 145.40859985000225, "epsilon": 0.192114634950161, "ker": 0.160415999043086}, "datetime": {"datetime": "2020-12-20 17:27:37", "elapsed": 75.34379, "delta": 0.801993}}
{"target": 0.7387156644616877, "params": {"C": 931.1621002548115, "epsilon": 0.043172041070996287, "ker": 0.06243800667636423}, "datetime": {"datetime": "2020-12-20 17:27:38", "elapsed": 76.369745, "delta": 1.025955}}
{"target": -39467.08262444348, "params": {"C": 614.3951314332828, "epsilon": 0.19984820709317852, "ker": 2.9980652316312497}, "datetime": {"datetime": "2020-12-20 17:27:39", "elapsed": 76.959439, "delta": 0.589694}}
{"target": 0.796969091043443, "params": {"C": 617.4210800046103, "epsilon": 0.16284406889645836, "ker": 0.26171345708977367}, "datetime": {"datetime": "2020-12-20 17:27:40", "elapsed": 77.865765, "delta": 0.906326}}
{"target": 0.29288277425189657, "params": {"C": 609.9812382824837, "epsilon": 0.1706581654985636, "ker": 1.2258181447307424}, "datetime": {"datetime": "2020-12-20 17:27:41", "elapsed": 78.489757, "delta": 0.623992}}
{"target": 0.792704352278047, "params": {"C": 496.5839423347528, "epsilon": 0.013821165305095008, "ker": 0.047090404879408077}, "datetime": {"datetime": "2020-12-20 17:27:42", "elapsed": 79.493635, "delta": 1.003878}}
{"target": 0.7678201235968535, "params": {"C": 505.9623974783877, "epsilon": 0.07884878452853122, "ker": 0.29559179997721097}, "datetime": {"datetime": "2020-12-20 17:27:42", "elapsed": 80.409159, "delta": 0.915524}}
{"target": -69841.84519422133, "params": {"C": 840.1776334874099, "epsilon": 0.11731416148945598, "ker": 2.5845594361037802}, "datetime": {"datetime": "2020-12-20 17:27:43", "elapsed": 81.00529, "delta": 0.596131}}
{"target": 0.8841134120172496, "params": {"C": 496.58013941346906, "epsilon": 0.014548625153687801, "ker": 2.0657008741314202}, "datetime": {"datetime": "2020-12-20 17:27:44", "elapsed": 81.643253, "delta": 0.637963}}
{"target": 0.744602816293095, "params": {"C": 611.7823039800974, "epsilon": 0.011363254507389932, "ker": 0.14007905146435506}, "datetime": {"datetime": "2020-12-20 17:27:45", "elapsed": 82.644136, "delta": 1.000883}}
{"target": 0.8196796670480542, "params": {"C": 193.3082608574602, "epsilon": 0.07799067563229578, "ker": 0.42477724667558925}, "datetime": {"datetime": "2020-12-20 17:27:46", "elapsed": 83.582864, "delta": 0.938728}}
{"target": -43512.35453325983, "params": {"C": 671.2742861142789, "epsilon": 0.010841318207319373, "ker": 2.9395613285710445}, "datetime": {"datetime": "2020-12-20 17:27:46", "elapsed": 84.183986, "delta": 0.601122}}
{"target": 0.7130339952864556, "params": {"C": 673.5518765535927, "epsilon": 0.1588469930774347, "ker": 0.0}, "datetime": {"datetime": "2020-12-20 17:27:47", "elapsed": 85.139378, "delta": 0.955392}}
{"target": 0.8010212127570651, "params": {"C": 929.2652788347018, "epsilon": 0.17899191750385968, "ker": 0.38151691922076036}, "datetime": {"datetime": "2020-12-20 17:27:48", "elapsed": 86.120087, "delta": 0.980709}}
{"target": 0.7757713607653365, "params": {"C": 669.9790341583227, "epsilon": 0.1089346890992196, "ker": 0.1104895803004553}, "datetime": {"datetime": "2020-12-20 17:27:49", "elapsed": 87.193947, "delta": 1.07386}}
{"target": 0.8888865298462403, "params": {"C": 4.3720778086093, "epsilon": 0.13992314501653438, "ker": 2.412105794799907}, "datetime": {"datetime": "2020-12-20 17:27:50", "elapsed": 87.797818, "delta": 0.603871}}
{"target": 0.5790246960544211, "params": {"C": 2.1701684540575865, "epsilon": 0.2, "ker": 3.0}, "datetime": {"datetime": "2020-12-20 17:27:50", "elapsed": 88.426978, "delta": 0.62916}}
{"target": 0.6794562722400241, "params": {"C": 0.623175625396756, "epsilon": 0.2, "ker": 0.9915751422589749}, "datetime": {"datetime": "2020-12-20 17:27:51", "elapsed": 89.135676, "delta": 0.708698}}
{"target": 0.3024354065422716, "params": {"C": 819.187206419252, "epsilon": 0.17640596327590619, "ker": 1.1984029104269833}, "datetime": {"datetime": "2020-12-20 17:27:52", "elapsed": 89.711059, "delta": 0.575383}}
{"target": 0.8852606995909662, "params": {"C": 535.6598008291902, "epsilon": 0.17745976432535718, "ker": 1.9618009178407187}, "datetime": {"datetime": "2020-12-20 17:27:52", "elapsed": 90.346381, "delta": 0.635322}}
{"target": 0.8114143948027814, "params": {"C": 534.6339384097323, "epsilon": 0.1754972587480974, "ker": 0.23842315104781653}, "datetime": {"datetime": "2020-12-20 17:27:53", "elapsed": 91.247974, "delta": 0.901593}}
{"target": 0.8892799761936556, "params": {"C": 815.9624924845322, "epsilon": 0.08333166260098372, "ker": 2.2375571408076076}, "datetime": {"datetime": "2020-12-20 17:27:54", "elapsed": 92.001119, "delta": 0.753145}}
{"target": -60885.48313252055, "params": {"C": 786.6738957662179, "epsilon": 0.0006345397838544376, "ker": 2.8437612300514052}, "datetime": {"datetime": "2020-12-20 17:27:55", "elapsed": 92.789704, "delta": 0.788585}}
{"target": -0.10020073788493497, "params": {"C": 790.5252418881229, "epsilon": 0.003905334068039834, "ker": 0.8311066672671564}, "datetime": {"datetime": "2020-12-20 17:27:55", "elapsed": 93.393024, "delta": 0.60332}}
{"target": 0.7827006313250376, "params": {"C": 814.7340246211837, "epsilon": 0.10551015727778955, "ker": 0.31568723532865495}, "datetime": {"datetime": "2020-12-20 17:27:56", "elapsed": 94.363361, "delta": 0.970337}}
{"target": -21591.269169318322, "params": {"C": 484.9662597432514, "epsilon": 0.04472867276750741, "ker": 2.8753503127573037}, "datetime": {"datetime": "2020-12-20 17:27:57", "elapsed": 94.969927, "delta": 0.606566}}
{"target": 0.8871423744192338, "params": {"C": 452.5640434669733, "epsilon": 0.046534972699792634, "ker": 2.3212800116587813}, "datetime": {"datetime": "2020-12-20 17:27:58", "elapsed": 95.861293, "delta": 0.891366}}
{"target": 0.797605375659681, "params": {"C": 488.60121668438774, "epsilon": 0.10156669505565985, "ker": 0.12394329743371735}, "datetime": {"datetime": "2020-12-20 17:27:59", "elapsed": 96.740179, "delta": 0.878886}}
{"target": 0.787574052437108, "params": {"C": 783.563328529285, "epsilon": 0.1470338412758783, "ker": 0.2315199671884055}, "datetime": {"datetime": "2020-12-20 17:28:00", "elapsed": 97.636442, "delta": 0.896263}}
{"target": 0.8147664921763006, "params": {"C": 80.63664224848894, "epsilon": 0.0, "ker": 0.0}, "datetime": {"datetime": "2020-12-20 17:28:01", "elapsed": 98.589099, "delta": 0.952657}}
{"target": 0.3498103450546256, "params": {"C": 83.14479410595403, "epsilon": 0.1507727908159544, "ker": 0.8192065223073949}, "datetime": {"datetime": "2020-12-20 17:28:01", "elapsed": 99.266769, "delta": 0.67767}}
{"target": 0.8108699857033119, "params": {"C": 116.6736819301556, "epsilon": 0.05022634334987708, "ker": 0.2996187967706536}, "datetime": {"datetime": "2020-12-20 17:28:02", "elapsed": 100.127229, "delta": 0.86046}}
{"target": 0.889484318762352, "params": {"C": 573.0757442232433, "epsilon": 0.08904017719286317, "ker": 2.0380554303725833}, "datetime": {"datetime": "2020-12-20 17:28:03", "elapsed": 100.68449, "delta": 0.557261}}
{"target": -33123.66746990611, "params": {"C": 576.0003866051212, "epsilon": 0.1768706024505887, "ker": 2.714360910888718}, "datetime": {"datetime": "2020-12-20 17:28:03", "elapsed": 101.313835, "delta": 0.629345}}
{"target": 0.8893260825804606, "params": {"C": 78.98972537287918, "epsilon": 0.08481310391187546, "ker": 2.2772836389821443}, "datetime": {"datetime": "2020-12-20 17:28:04", "elapsed": 101.964215, "delta": 0.65038}}
{"target": 0.8883215547858114, "params": {"C": 161.21462456299201, "epsilon": 0.14793527104561643, "ker": 1.710874429178102}, "datetime": {"datetime": "2020-12-20 17:28:05", "elapsed": 102.72044, "delta": 0.756225}}
{"target": 0.8155357908080312, "params": {"C": 573.319446348788, "epsilon": 0.1886956676479508, "ker": 0.16233927127794667}, "datetime": {"datetime": "2020-12-20 17:28:06", "elapsed": 103.634807, "delta": 0.914367}}
{"target": -2640.6149642543446, "params": {"C": 164.8488196090087, "epsilon": 0.2, "ker": 2.7066347152893835}, "datetime": {"datetime": "2020-12-20 17:28:06", "elapsed": 104.336771, "delta": 0.701964}}
{"target": 0.8897983911722603, "params": {"C": 580.3608227219105, "epsilon": 0.10166268286872714, "ker": 1.5604326037392884}, "datetime": {"datetime": "2020-12-20 17:28:07", "elapsed": 104.982816, "delta": 0.646045}}
{"target": 0.7561127050926333, "params": {"C": 469.1055666411824, "epsilon": 0.09426215369051782, "ker": 0.2776072640272921}, "datetime": {"datetime": "2020-12-20 17:28:08", "elapsed": 105.896972, "delta": 0.914156}}
{"target": 0.7241408514489707, "params": {"C": 578.5990025452309, "epsilon": 0.019584128464405538, "ker": 0.03391646715851404}, "datetime": {"datetime": "2020-12-20 17:28:09", "elapsed": 106.800064, "delta": 0.903092}}
{"target": 0.8065135401969303, "params": {"C": 389.88824690154576, "epsilon": 0.1822048305228298, "ker": 0.057648931415642646}, "datetime": {"datetime": "2020-12-20 17:28:10", "elapsed": 107.73743, "delta": 0.937366}}
{"target": 0.8891787668796296, "params": {"C": 916.4080584239048, "epsilon": 0.08102715934991456, "ker": 2.319454831577356}, "datetime": {"datetime": "2020-12-20 17:28:11", "elapsed": 108.474056, "delta": 0.736626}}
{"target": -90476.234695531, "params": {"C": 953.2856136420739, "epsilon": 0.0609322365157196, "ker": 2.9794000009555544}, "datetime": {"datetime": "2020-12-20 17:28:11", "elapsed": 109.226891, "delta": 0.752835}}
{"target": 0.7944648001014268, "params": {"C": 950.2356803261118, "epsilon": 0.125749662342289, "ker": 0.25400221162419984}, "datetime": {"datetime": "2020-12-20 17:28:12", "elapsed": 110.293945, "delta": 1.067054}}
{"target": -82688.45028474771, "params": {"C": 918.9870770155959, "epsilon": 0.11994438233708463, "ker": 3.0}, "datetime": {"datetime": "2020-12-20 17:28:13", "elapsed": 110.926721, "delta": 0.632776}}
{"target": 0.7436733235675147, "params": {"C": 917.2186470661169, "epsilon": 0.04767527913989836, "ker": 0.3412921212358193}, "datetime": {"datetime": "2020-12-20 17:28:14", "elapsed": 111.973976, "delta": 1.047255}}
{"target": 0.8352166856684822, "params": {"C": 956.0071562491742, "epsilon": 0.18838771435017623, "ker": 0.3327336350870952}, "datetime": {"datetime": "2020-12-20 17:28:15", "elapsed": 112.973527, "delta": 0.999551}}
{"target": -84969.91398711294, "params": {"C": 922.9970850165232, "epsilon": 0.12636360926708168, "ker": 2.5380581961858186}, "datetime": {"datetime": "2020-12-20 17:28:16", "elapsed": 113.704501, "delta": 0.730974}}
{"target": 0.8878128305283086, "params": {"C": 505.16212570611117, "epsilon": 0.15409591249548407, "ker": 1.6469035972633228}, "datetime": {"datetime": "2020-12-20 17:28:17", "elapsed": 114.440679, "delta": 0.736178}}
{"target": 0.882354486810293, "params": {"C": 145.4605872911802, "epsilon": 0.0, "ker": 1.8272206439639813}, "datetime": {"datetime": "2020-12-20 17:28:17", "elapsed": 115.149802, "delta": 0.709123}}
{"target": 0.767680694262779, "params": {"C": 161.7243588280833, "epsilon": 0.01751547920852665, "ker": 0.08116820840978234}, "datetime": {"datetime": "2020-12-20 17:28:18", "elapsed": 116.077006, "delta": 0.927204}}
{"target": 0.8869874389567547, "params": {"C": 817.6371212747072, "epsilon": 0.16290401231369903, "ker": 2.0456455308217953}, "datetime": {"datetime": "2020-12-20 17:28:19", "elapsed": 116.762346, "delta": 0.68534}}
{"target": 0.2798136750489037, "params": {"C": 659.4640923229347, "epsilon": 0.16309512051425512, "ker": 1.3589137332562031}, "datetime": {"datetime": "2020-12-20 17:28:20", "elapsed": 117.501579, "delta": 0.739233}}
{"target": 0.882354486810293, "params": {"C": 914.8443124834414, "epsilon": 0.0, "ker": 1.6659438674984877}, "datetime": {"datetime": "2020-12-20 17:28:20", "elapsed": 118.337656, "delta": 0.836077}}
{"target": -704.5172601441848, "params": {"C": 82.98115626996264, "epsilon": 0.17629337914311696, "ker": 2.9495872867232373}, "datetime": {"datetime": "2020-12-20 17:28:21", "elapsed": 119.334039, "delta": 0.996383}}
{"target": 0.6898159220715926, "params": {"C": 4.61259960058888, "epsilon": 0.04608925820346495, "ker": 0.5598065152308005}, "datetime": {"datetime": "2020-12-20 17:28:22", "elapsed": 120.1532, "delta": 0.819161}}
{"target": 0.7553702727517928, "params": {"C": 920.1742768793852, "epsilon": 0.06485736014096176, "ker": 0.004764924350508237}, "datetime": {"datetime": "2020-12-20 17:28:23", "elapsed": 121.164303, "delta": 1.011103}}
{"target": 0.7479265158833613, "params": {"C": 788.9977372668069, "epsilon": 0.14143002027704668, "ker": 0.07467394055155596}, "datetime": {"datetime": "2020-12-20 17:28:24", "elapsed": 122.063924, "delta": 0.899621}}
{"target": 0.8877880860719655, "params": {"C": 708.008751930729, "epsilon": 0.05547561176205232, "ker": 1.8265702200207516}, "datetime": {"datetime": "2020-12-20 17:28:25", "elapsed": 122.836864, "delta": 0.77294}}
{"target": 0.8250723042328101, "params": {"C": 165.4168716951521, "epsilon": 0.08768356800219042, "ker": 0.4796742539190123}, "datetime": {"datetime": "2020-12-20 17:28:26", "elapsed": 123.808312, "delta": 0.971448}}
{"target": 0.8871253415334446, "params": {"C": 949.7389318761856, "epsilon": 0.04627583180562711, "ker": 2.109726307172692}, "datetime": {"datetime": "2020-12-20 17:28:27", "elapsed": 124.497448, "delta": 0.689136}}
{"target": 0.798873491857014, "params": {"C": 978.8278320128096, "epsilon": 0.08559013880726396, "ker": 0.04594042469818549}, "datetime": {"datetime": "2020-12-20 17:28:28", "elapsed": 125.556262, "delta": 1.058814}}
{"target": 0.888611282301272, "params": {"C": 877.7047096850026, "epsilon": 0.06906556504771906, "ker": 2.4021669401303942}, "datetime": {"datetime": "2020-12-20 17:28:28", "elapsed": 126.412024, "delta": 0.855762}}
{"target": 0.7789704472988929, "params": {"C": 877.35552977665, "epsilon": 0.06583466570236922, "ker": 0.3075493572138701}, "datetime": {"datetime": "2020-12-20 17:28:30", "elapsed": 127.608367, "delta": 1.196343}}
{"target": 0.7971309160089041, "params": {"C": 331.65333930188376, "epsilon": 0.0, "ker": 0.0}, "datetime": {"datetime": "2020-12-20 17:28:31", "elapsed": 129.034342, "delta": 1.425975}}
{"target": 0.7759414754777809, "params": {"C": 737.2992591390854, "epsilon": 0.18789459007587672, "ker": 0.15063858399570684}, "datetime": {"datetime": "2020-12-20 17:28:32", "elapsed": 130.153103, "delta": 1.118761}}
{"target": 0.8836793538868237, "params": {"C": 737.0952852402934, "epsilon": 0.010672080930918383, "ker": 2.399204874746668}, "datetime": {"datetime": "2020-12-20 17:28:33", "elapsed": 131.037775, "delta": 0.884672}}
{"target": 0.887873157871182, "params": {"C": 92.70599809398855, "epsilon": 0.0568586491259921, "ker": 1.8337966781947344}, "datetime": {"datetime": "2020-12-20 17:28:34", "elapsed": 131.735633, "delta": 0.697858}}
{"target": 0.8896871196239982, "params": {"C": 330.45214910285097, "epsilon": 0.09716959538045729, "ker": 2.4174644546459616}, "datetime": {"datetime": "2020-12-20 17:28:34", "elapsed": 132.411967, "delta": 0.676334}}
{"target": 0.8384504996026747, "params": {"C": 19.941704406112674, "epsilon": 0.008166832396479374, "ker": 0.20423948055945018}, "datetime": {"datetime": "2020-12-20 17:28:35", "elapsed": 133.254066, "delta": 0.842099}}
{"target": 0.882354486810293, "params": {"C": 513.3993283809846, "epsilon": 0.0, "ker": 2.0536065143211215}, "datetime": {"datetime": "2020-12-20 17:28:36", "elapsed": 134.058795, "delta": 0.804729}}
{"target": -890.7347486590395, "params": {"C": 95.30751713982313, "epsilon": 0.014686113788478772, "ker": 2.8797287832573986}, "datetime": {"datetime": "2020-12-20 17:28:37", "elapsed": 134.80302, "delta": 0.744225}}
{"target": -39.237372624729524, "params": {"C": 20.261330787501183, "epsilon": 0.023681720253925478, "ker": 2.99882554912859}, "datetime": {"datetime": "2020-12-20 17:28:38", "elapsed": 135.54837, "delta": 0.74535}}
{"target": 0.8890716600707759, "params": {"C": 635.8467947830707, "epsilon": 0.0782370217005039, "ker": 2.4511249025996467}, "datetime": {"datetime": "2020-12-20 17:28:38", "elapsed": 136.368492, "delta": 0.820122}}
{"target": 0.8856564454363509, "params": {"C": 637.900788441612, "epsilon": 0.028932058504801808, "ker": 2.387990948980039}, "datetime": {"datetime": "2020-12-20 17:28:39", "elapsed": 137.187293, "delta": 0.818801}}
{"target": 0.7856577530721451, "params": {"C": 635.0608876321863, "epsilon": 0.15558221372125167, "ker": 0.1888847547898529}, "datetime": {"datetime": "2020-12-20 17:28:40", "elapsed": 138.16479, "delta": 0.977497}}
{"target": 0.886826597589549, "params": {"C": 470.1316425771501, "epsilon": 0.04237098606879746, "ker": 2.2666313258816775}, "datetime": {"datetime": "2020-12-20 17:28:41", "elapsed": 139.023291, "delta": 0.858501}}
{"target": -52000.97688309102, "params": {"C": 716.5476563835401, "epsilon": 0.13879722400671737, "ker": 2.8615804449097477}, "datetime": {"datetime": "2020-12-20 17:28:42", "elapsed": 140.008783, "delta": 0.985492}}
{"target": 0.7821464818705783, "params": {"C": 974.9555089500847, "epsilon": 0.05797464728497344, "ker": 0.40240629067180345}, "datetime": {"datetime": "2020-12-20 17:28:43", "elapsed": 141.088093, "delta": 1.07931}}
{"target": -53.50166922747851, "params": {"C": 22.86119954173697, "epsilon": 0.2, "ker": 3.0}, "datetime": {"datetime": "2020-12-20 17:28:44", "elapsed": 141.843661, "delta": 0.755568}}
{"target": -23747.292425522104, "params": {"C": 517.3976449573695, "epsilon": 0.0, "ker": 2.5402235383046454}, "datetime": {"datetime": "2020-12-20 17:28:45", "elapsed": 142.675197, "delta": 0.831536}}
{"target": 0.7516621692691019, "params": {"C": 719.1069679676997, "epsilon": 0.06293498081696769, "ker": 0.00828772796537991}, "datetime": {"datetime": "2020-12-20 17:28:46", "elapsed": 143.787886, "delta": 1.112689}}
{"target": 0.856170207996685, "params": {"C": 23.822612294224648, "epsilon": 0.16564062967130744, "ker": 0.3471541875672527}, "datetime": {"datetime": "2020-12-20 17:28:47", "elapsed": 144.744216, "delta": 0.95633}}
{"target": 0.8891604397192008, "params": {"C": 973.6349678855279, "epsilon": 0.13290001982428865, "ker": 2.155267992341318}, "datetime": {"datetime": "2020-12-20 17:28:48", "elapsed": 145.789859, "delta": 1.045643}}
{"target": 0.7490457260480573, "params": {"C": 514.3745706046265, "epsilon": 0.027437594912468978, "ker": 0.061362238830917626}, "datetime": {"datetime": "2020-12-20 17:28:49", "elapsed": 147.032058, "delta": 1.242199}}
{"target": 0.8150710097818041, "params": {"C": 760.8695782404714, "epsilon": 0.2, "ker": 0.0}, "datetime": {"datetime": "2020-12-20 17:28:50", "elapsed": 148.27206, "delta": 1.240002}}
{"target": 0.8898053092748055, "params": {"C": 852.2654338161179, "epsilon": 0.11045830880172153, "ker": 2.2745860675386638}, "datetime": {"datetime": "2020-12-20 17:28:51", "elapsed": 149.181926, "delta": 0.909866}}
{"target": -0.11274483849992416, "params": {"C": 619.4514685996286, "epsilon": 0.0, "ker": 1.448309011678238}, "datetime": {"datetime": "2020-12-20 17:28:52", "elapsed": 150.305437, "delta": 1.123511}}
{"target": 0.8882292873538031, "params": {"C": 391.18176649412754, "epsilon": 0.14900271329270282, "ker": 1.8735716781549983}, "datetime": {"datetime": "2020-12-20 17:28:53", "elapsed": 151.061857, "delta": 0.75642}}
{"target": 0.8885295340610793, "params": {"C": 388.9426749503405, "epsilon": 0.06776950806849431, "ker": 2.2322698659005598}, "datetime": {"datetime": "2020-12-20 17:28:54", "elapsed": 151.806938, "delta": 0.745081}}
{"target": 0.8472584345535363, "params": {"C": 96.82467973519665, "epsilon": 0.08991191377888803, "ker": 0.11549606551752778}, "datetime": {"datetime": "2020-12-20 17:28:55", "elapsed": 152.754159, "delta": 0.947221}}
{"target": 0.3084825760215376, "params": {"C": 490.8751648773256, "epsilon": 0.1800604837888044, "ker": 1.1235042289133492}, "datetime": {"datetime": "2020-12-20 17:28:56", "elapsed": 153.540988, "delta": 0.786829}}
{"target": 0.6372087884029212, "params": {"C": 993.1924208626165, "epsilon": 0.0031263833090932947, "ker": 0.46498742548573024}, "datetime": {"datetime": "2020-12-20 17:28:57", "elapsed": 155.084083, "delta": 1.543095}}
{"target": 0.17128377987399845, "params": {"C": 582.9678731504474, "epsilon": 0.1028834340668601, "ker": 1.3237936386721985}, "datetime": {"datetime": "2020-12-20 17:28:58", "elapsed": 155.887847, "delta": 0.803764}}
{"target": 0.882354486810293, "params": {"C": 334.7831813476891, "epsilon": 0.0, "ker": 2.4838946834083084}, "datetime": {"datetime": "2020-12-20 17:28:59", "elapsed": 156.708781, "delta": 0.820934}}
{"target": 0.8895993966304878, "params": {"C": 337.2098186748487, "epsilon": 0.0931951011252738, "ker": 1.892803784801571}, "datetime": {"datetime": "2020-12-20 17:29:00", "elapsed": 157.622104, "delta": 0.913323}}
{"target": 0.887273758026877, "params": {"C": 150.19317075312128, "epsilon": 0.15979422531916415, "ker": 1.7821766134423136}, "datetime": {"datetime": "2020-12-20 17:29:01", "elapsed": 158.591959, "delta": 0.969855}}
{"target": -73811.85406115693, "params": {"C": 854.6431588670954, "epsilon": 0.16243273821275384, "ker": 2.7346662346739317}, "datetime": {"datetime": "2020-12-20 17:29:01", "elapsed": 159.428479, "delta": 0.83652}}
{"target": 0.886111840831712, "params": {"C": 850.4490097244073, "epsilon": 0.03382001659823375, "ker": 2.471177653864497}, "datetime": {"datetime": "2020-12-20 17:29:02", "elapsed": 160.316709, "delta": 0.88823}}
{"target": -95582.77793562, "params": {"C": 975.744763463959, "epsilon": 0.12865116815632177, "ker": 2.917941229209244}, "datetime": {"datetime": "2020-12-20 17:29:03", "elapsed": 161.08689, "delta": 0.770181}}
