{"target": 0.8199289372988094, "params": {"C": 972.6349926821604, "epsilon": 0.19133008947996077, "ker": 0.329568800794381}, "datetime": {"datetime": "2020-12-20 17:26:44", "elapsed": 21.757665, "delta": 0.552967}}
{"target": 0.8867677379214655, "params": {"C": 578.3502512399742, "epsilon": 0.04159920854374413, "ker": 2.251995630996629}, "datetime": {"datetime": "2020-12-20 17:26:44", "elapsed": 22.012179, "delta": 0.254514}}
{"target": -24912.830948134437, "params": {"C": 525.2802447062239, "epsilon": 0.011539817987190127, "ker": 2.817875447829485}, "datetime": {"datetime": "2020-12-20 17:26:44", "elapsed": 22.284087, "delta": 0.271908}}
{"target": -1595.7134491454956, "params": {"C": 126.9197965953251, "epsilon": 0.15143927011805136, "ker": 2.5584719638238154}, "datetime": {"datetime": "2020-12-20 17:26:45", "elapsed": 22.530197, "delta": 0.24611}}
{"target": 0.7176766538227024, "params": {"C": 512.5806883270192, "epsilon": 0.09335742286885547, "ker": 0.0516155917647233}, "datetime": {"datetime": "2020-12-20 17:26:45", "elapsed": 23.085711, "delta": 0.555514}}
{"target": 0.8878280532094006, "params": {"C": 266.3852592187495, "epsilon": 0.056089223648884225, "ker": 2.3647078382859372}, "datetime": {"datetime": "2020-12-20 17:26:45", "elapsed": 23.292158, "delta": 0.206447}}
{"target": 0.7980413532535975, "params": {"C": 159.8455347595642, "epsilon": 0.012052281269433985, "ker": 0.0357539561258553}, "datetime": {"datetime": "2020-12-20 17:26:46", "elapsed": 23.753754, "delta": 0.461596}}
{"target": 0.8860078157038812, "params": {"C": 813.5046882857903, "epsilon": 0.03258227078573979, "ker": 2.1862139006155235}, "datetime": {"datetime": "2020-12-20 17:26:46", "elapsed": 24.008401, "delta": 0.254647}}
{"target": -37631.4565448148, "params": {"C": 592.3482578841493, "epsilon": 0.18236813275351102, "ker": 2.935323260149837}, "datetime": {"datetime": "2020-12-20 17:26:46", "elapsed": 24.24774, "delta": 0.239339}}
{"target": 0.7783108919507439, "params": {"C": 732.43894261232, "epsilon": 0.19952971360267988, "ker": 0.2164040423093374}, "datetime": {"datetime": "2020-12-20 17:26:47", "elapsed": 24.79944, "delta": 0.5517}}
{"target": 0.8428278995776314, "params": {"C": 78.40421014365575, "epsilon": 0.17114625443440867, "ker": 0.21467356548432392}, "datetime": {"datetime": "2020-12-20 17:26:47", "elapsed": 25.228549, "delta": 0.429109}}
{"target": -5965.484426916115, "params": {"C": 251.48477004806963, "epsilon": 0.07120456951913937, "ker": 2.8638217542799307}, "datetime": {"datetime": "2020-12-20 17:26:48", "elapsed": 25.45975, "delta": 0.231201}}
{"target": 0.8859954215754511, "params": {"C": 24.904620856675226, "epsilon": 0.03236988275393678, "ker": 2.4406381743080896}, "datetime": {"datetime": "2020-12-20 17:26:48", "elapsed": 25.726724, "delta": 0.266974}}
{"target": -0.23031455862392453, "params": {"C": 0.0001, "epsilon": 0.2, "ker": 3.0}, "datetime": {"datetime": "2020-12-20 17:26:48", "elapsed": 25.996032, "delta": 0.269308}}
{"target": 0.805799196134865, "params": {"C": 766.5532168156969, "epsilon": 0.06607780643144481, "ker": 0.20323216219307938}, "datetime": {"datetime": "2020-12-20 17:26:49", "elapsed": 26.57757, "delta": 0.581538}}
{"target": 0.7958671973397701, "params": {"C": 426.1619478591774, "epsilon": 0.16376282306291245, "ker": 0.24870007576759445}, "datetime": {"datetime": "2020-12-20 17:26:49", "elapsed": 27.108667, "delta": 0.531097}}
{"target": -4709.127383323966, "params": {"C": 225.4102464081611, "epsilon": 0.1541859753393384, "ker": 2.882062585313826}, "datetime": {"datetime": "2020-12-20 17:26:49", "elapsed": 27.365841, "delta": 0.257174}}
{"target": 0.7911112896612253, "params": {"C": 91.62169689125348, "epsilon": 0.005141957941062781, "ker": 0.09602872542419372}, "datetime": {"datetime": "2020-12-20 17:26:50", "elapsed": 27.819759, "delta": 0.453918}}
{"target": -9842.161395450927, "params": {"C": 323.2189121804355, "epsilon": 0.0989938084775869, "ker": 2.7652174889400065}, "datetime": {"datetime": "2020-12-20 17:26:50", "elapsed": 28.103319, "delta": 0.28356}}
{"target": 0.7374462988797637, "params": {"C": 639.7431907097402, "epsilon": 0.014541017772436639, "ker": 0.4608328999911573}, "datetime": {"datetime": "2020-12-20 17:26:51", "elapsed": 28.730735, "delta": 0.627416}}
{"target": -4346.992762735828, "params": {"C": 212.29231782412003, "epsilon": 0.11051772840079582, "ker": 2.985844561034322}, "datetime": {"datetime": "2020-12-20 17:26:51", "elapsed": 29.003435, "delta": 0.2727}}
{"target": 0.8103124555726587, "params": {"C": 986.1543130199386, "epsilon": 0.0, "ker": 0.0}, "datetime": {"datetime": "2020-12-20 17:26:52", "elapsed": 29.888252, "delta": 0.884817}}
{"target": 0.8303722074825431, "params": {"C": 915.5803523131765, "epsilon": 0.2, "ker": 0.0}, "datetime": {"datetime": "2020-12-20 17:26:53", "elapsed": 30.472811, "delta": 0.584559}}
{"target": -22361.820991324228, "params": {"C": 477.41627777448485, "epsilon": 0.1516459103523816, "ker": 2.8953292821030616}, "datetime": {"datetime": "2020-12-20 17:26:53", "elapsed": 30.736215, "delta": 0.263404}}
{"target": 0.8841891057118627, "params": {"C": 488.8661823459962, "epsilon": 0.015352482739253626, "ker": 2.2912395726809134}, "datetime": {"datetime": "2020-12-20 17:26:53", "elapsed": 30.995658, "delta": 0.259443}}
{"target": -3707.305664597333, "params": {"C": 201.8905116228028, "epsilon": 0.2, "ker": 3.0}, "datetime": {"datetime": "2020-12-20 17:26:53", "elapsed": 31.281764, "delta": 0.286106}}
{"target": 0.8206132009236538, "params": {"C": 837.0337912685239, "epsilon": 0.0, "ker": 0.0}, "datetime": {"datetime": "2020-12-20 17:26:54", "elapsed": 32.127361, "delta": 0.845597}}
{"target": 0.825744691889906, "params": {"C": 663.7184891080842, "epsilon": 0.19888481176598627, "ker": 0.2597532354834935}, "datetime": {"datetime": "2020-12-20 17:26:55", "elapsed": 32.713384, "delta": 0.586023}}
{"target": -8100.490563753064, "params": {"C": 290.65339980517354, "epsilon": 0.06154723485979668, "ker": 2.911930004971271}, "datetime": {"datetime": "2020-12-20 17:26:55", "elapsed": 33.000198, "delta": 0.286814}}
{"target": 0.8299662334043626, "params": {"C": 720.9577950796654, "epsilon": 0.0, "ker": 0.0}, "datetime": {"datetime": "2020-12-20 17:26:56", "elapsed": 33.869872, "delta": 0.869674}}
{"target": 0.8410919883323199, "params": {"C": 12.337952005430001, "epsilon": 0.008950209107034169, "ker": 0.03114042665415817}, "datetime": {"datetime": "2020-12-20 17:26:56", "elapsed": 34.216775, "delta": 0.346903}}
{"target": 0.790569040740016, "params": {"C": 466.5622145373415, "epsilon": 0.15720019509033617, "ker": 0.1667661299599137}, "datetime": {"datetime": "2020-12-20 17:26:57", "elapsed": 34.729739, "delta": 0.512964}}
{"target": -14187.260320638201, "params": {"C": 397.6421424487132, "epsilon": 0.0, "ker": 3.0}, "datetime": {"datetime": "2020-12-20 17:26:57", "elapsed": 35.037923, "delta": 0.308184}}
{"target": -59687.76961655405, "params": {"C": 778.8967931928346, "epsilon": 0.0, "ker": 3.0}, "datetime": {"datetime": "2020-12-20 17:26:57", "elapsed": 35.331001, "delta": 0.293078}}
{"target": 0.6782685790227088, "params": {"C": 501.3011928143415, "epsilon": 0.09313889758116292, "ker": 0.03407561908080636}, "datetime": {"datetime": "2020-12-20 17:26:58", "elapsed": 35.897928, "delta": 0.566927}}
{"target": -30941.374062452705, "params": {"C": 566.0673653858337, "epsilon": 0.16104635713798102, "ker": 2.8814681655811}, "datetime": {"datetime": "2020-12-20 17:26:58", "elapsed": 36.235997, "delta": 0.338069}}
{"target": -44027.297458512505, "params": {"C": 652.0312764337688, "epsilon": 0.13250844706997972, "ker": 2.845498769436098}, "datetime": {"datetime": "2020-12-20 17:26:59", "elapsed": 36.509386, "delta": 0.273389}}
{"target": 0.8269299029607481, "params": {"C": 387.2960579102511, "epsilon": 0.0, "ker": 0.0}, "datetime": {"datetime": "2020-12-20 17:26:59", "elapsed": 37.222229, "delta": 0.712843}}
{"target": -12376.499451156982, "params": {"C": 376.83085588992884, "epsilon": 0.0, "ker": 3.0}, "datetime": {"datetime": "2020-12-20 17:27:00", "elapsed": 37.518892, "delta": 0.296663}}
{"target": -69400.47585327923, "params": {"C": 825.6370519880995, "epsilon": 0.2, "ker": 3.0}, "datetime": {"datetime": "2020-12-20 17:27:00", "elapsed": 37.790127, "delta": 0.271235}}
{"target": 0.7700488826330609, "params": {"C": 817.2440331233491, "epsilon": 0.14348551218872116, "ker": 0.24008912280357164}, "datetime": {"datetime": "2020-12-20 17:27:00", "elapsed": 38.418032, "delta": 0.627905}}
{"target": 0.7825781803706426, "params": {"C": 456.93291382606105, "epsilon": 0.2, "ker": 0.0}, "datetime": {"datetime": "2020-12-20 17:27:01", "elapsed": 39.019263, "delta": 0.601231}}
{"target": -37410.883453837865, "params": {"C": 603.0068996208842, "epsilon": 0.15971457140126066, "ker": 2.9295606508824616}, "datetime": {"datetime": "2020-12-20 17:27:01", "elapsed": 39.348069, "delta": 0.328806}}
{"target": 0.7591482053210556, "params": {"C": 710.135466564516, "epsilon": 0.016277665944218866, "ker": 0.1912747068787758}, "datetime": {"datetime": "2020-12-20 17:27:02", "elapsed": 40.017684, "delta": 0.669615}}
{"target": -70868.19625504465, "params": {"C": 834.3168329844365, "epsilon": 0.18549260906512044, "ker": 2.93616032412021}, "datetime": {"datetime": "2020-12-20 17:27:02", "elapsed": 40.336894, "delta": 0.31921}}
{"target": 0.7799200173621983, "params": {"C": 840.2683132201975, "epsilon": 0.1783362539949494, "ker": 0.24224863570875865}, "datetime": {"datetime": "2020-12-20 17:27:03", "elapsed": 41.075008, "delta": 0.738114}}
{"target": 0.8897945663718261, "params": {"C": 660.8917496276446, "epsilon": 0.10144726101541096, "ker": 2.282416780139832}, "datetime": {"datetime": "2020-12-20 17:27:04", "elapsed": 41.524805, "delta": 0.449797}}
{"target": 0.8821178629053383, "params": {"C": 769.4996895137298, "epsilon": 0.2, "ker": 2.2580338815160412}, "datetime": {"datetime": "2020-12-20 17:27:04", "elapsed": 41.904109, "delta": 0.379304}}
{"target": 0.31929280777985913, "params": {"C": 575.0467741010631, "epsilon": 0.1867978886036118, "ker": 0.7569305624496733}, "datetime": {"datetime": "2020-12-20 17:27:04", "elapsed": 42.336339, "delta": 0.43223}}
{"target": -42733.28955594076, "params": {"C": 642.3843524949981, "epsilon": 0.15539540882234545, "ker": 2.751629554307278}, "datetime": {"datetime": "2020-12-20 17:27:05", "elapsed": 42.74391, "delta": 0.407571}}
{"target": 0.08937649424783962, "params": {"C": 637.1171699149967, "epsilon": 0.06889747362722343, "ker": 0.523129103192008}, "datetime": {"datetime": "2020-12-20 17:27:05", "elapsed": 43.170877, "delta": 0.426967}}
{"target": 0.7334818845881312, "params": {"C": 844.9968986485421, "epsilon": 0.13077691801378669, "ker": 0.022983124788067633}, "datetime": {"datetime": "2020-12-20 17:27:06", "elapsed": 43.907092, "delta": 0.736215}}
{"target": -67344.17640460678, "params": {"C": 846.5513770648023, "epsilon": 0.017385625355935796, "ker": 2.9071716113789625}, "datetime": {"datetime": "2020-12-20 17:27:06", "elapsed": 44.308, "delta": 0.400908}}
{"target": 0.740515737457675, "params": {"C": 842.8508090191032, "epsilon": 0.12956874834985718, "ker": 0.10979823691564305}, "datetime": {"datetime": "2020-12-20 17:27:07", "elapsed": 45.11228, "delta": 0.80428}}
{"target": 0.030668216047196873, "params": {"C": 486.23972012882825, "epsilon": 0.04713641401160978, "ker": 1.0136850826328798}, "datetime": {"datetime": "2020-12-20 17:27:08", "elapsed": 45.617382, "delta": 0.505102}}
{"target": 0.726912633040514, "params": {"C": 851.0190169007909, "epsilon": 0.025389020427711254, "ker": 0.2758862026845015}, "datetime": {"datetime": "2020-12-20 17:27:09", "elapsed": 46.455175, "delta": 0.837793}}
{"target": 0.1836407332989724, "params": {"C": 954.5306612164567, "epsilon": 0.10840630776595904, "ker": 0.8721312263841393}, "datetime": {"datetime": "2020-12-20 17:27:09", "elapsed": 46.950548, "delta": 0.495373}}
{"target": 0.8869330244317446, "params": {"C": 764.2462996006205, "epsilon": 0.043774020169871156, "ker": 2.4338962333596683}, "datetime": {"datetime": "2020-12-20 17:27:09", "elapsed": 47.400988, "delta": 0.45044}}
{"target": -44006.62898446419, "params": {"C": 666.030618951032, "epsilon": 0.1997107440967355, "ker": 2.806601592718581}, "datetime": {"datetime": "2020-12-20 17:27:10", "elapsed": 47.865031, "delta": 0.464043}}
{"target": 0.725675092169469, "params": {"C": 660.4409767488245, "epsilon": 0.011649102076162056, "ker": 0.035807144640817024}, "datetime": {"datetime": "2020-12-20 17:27:11", "elapsed": 48.635716, "delta": 0.770685}}
{"target": 0.2448840235294405, "params": {"C": 672.0479803570315, "epsilon": 0.14231123378599922, "ker": 1.039780319301649}, "datetime": {"datetime": "2020-12-20 17:27:11", "elapsed": 49.091636, "delta": 0.45592}}
{"target": 0.16339063524521386, "params": {"C": 94.661595582314, "epsilon": 0.04072698187742872, "ker": 1.0182776617073561}, "datetime": {"datetime": "2020-12-20 17:27:12", "elapsed": 49.540999, "delta": 0.449363}}
{"target": 0.2978874683907233, "params": {"C": 515.4689520108759, "epsilon": 0.17366704681230255, "ker": 1.3723071116688903}, "datetime": {"datetime": "2020-12-20 17:27:12", "elapsed": 50.018678, "delta": 0.477679}}
{"target": 0.885061311255598, "params": {"C": 988.8623238311693, "epsilon": 0.023323856264712076, "ker": 1.8433569550095044}, "datetime": {"datetime": "2020-12-20 17:27:13", "elapsed": 50.45117, "delta": 0.432492}}
{"target": 0.169961014685419, "params": {"C": 735.5241508082045, "epsilon": 0.10229389822351354, "ker": 1.433229096066482}, "datetime": {"datetime": "2020-12-20 17:27:13", "elapsed": 50.920518, "delta": 0.469348}}
{"target": 0.6035982417136365, "params": {"C": 21.698672261756272, "epsilon": 0.03518334448228355, "ker": 1.381674543039006}, "datetime": {"datetime": "2020-12-20 17:27:13", "elapsed": 51.402706, "delta": 0.482188}}
{"target": 0.7119169255004916, "params": {"C": 2.7839488199735007, "epsilon": 0.05848931372820487, "ker": 1.0004541563718732}, "datetime": {"datetime": "2020-12-20 17:27:14", "elapsed": 51.920056, "delta": 0.51735}}
{"target": 0.889822482468585, "params": {"C": 81.3197857935297, "epsilon": 0.10503457463124673, "ker": 2.084342686980354}, "datetime": {"datetime": "2020-12-20 17:27:14", "elapsed": 52.428945, "delta": 0.508889}}
{"target": 0.10673374699361193, "params": {"C": 163.41932687467727, "epsilon": 0.07109769133756241, "ker": 0.818055862660596}, "datetime": {"datetime": "2020-12-20 17:27:15", "elapsed": 52.91079, "delta": 0.481845}}
{"target": -98549.83140085105, "params": {"C": 983.8204056898147, "epsilon": 0.1646389544630642, "ker": 2.688859405026768}, "datetime": {"datetime": "2020-12-20 17:27:15", "elapsed": 53.359148, "delta": 0.448358}}
{"target": -0.09512463819959009, "params": {"C": 977.1716529063428, "epsilon": 0.005471197141163554, "ker": 1.3760660247314127}, "datetime": {"datetime": "2020-12-20 17:27:16", "elapsed": 53.836057, "delta": 0.476909}}
{"target": 0.7575996459465755, "params": {"C": 763.1360463498701, "epsilon": 0.06051606054266585, "ker": 0.11876918909134748}, "datetime": {"datetime": "2020-12-20 17:27:17", "elapsed": 54.58518, "delta": 0.749123}}
{"target": -0.034129979836294934, "params": {"C": 918.5535871399641, "epsilon": 0.024908060834582482, "ker": 0.9424009143242198}, "datetime": {"datetime": "2020-12-20 17:27:17", "elapsed": 55.027109, "delta": 0.441929}}
{"target": -50253.72106753759, "params": {"C": 711.9256538840843, "epsilon": 0.18110291666659267, "ker": 2.8603723768412705}, "datetime": {"datetime": "2020-12-20 17:27:18", "elapsed": 55.452184, "delta": 0.425075}}
{"target": 0.2090063917593, "params": {"C": 717.5321375950873, "epsilon": 0.12170834423418163, "ker": 0.8585653639184698}, "datetime": {"datetime": "2020-12-20 17:27:18", "elapsed": 55.930883, "delta": 0.478699}}
{"target": 0.7042522297933905, "params": {"C": 707.202569197587, "epsilon": 0.006607132243233904, "ker": 0.008951433089084748}, "datetime": {"datetime": "2020-12-20 17:27:19", "elapsed": 56.721014, "delta": 0.790131}}
{"target": 0.889794423211144, "params": {"C": 503.6009744974401, "epsilon": 0.1101049888753699, "ker": 2.1179902561079893}, "datetime": {"datetime": "2020-12-20 17:27:19", "elapsed": 57.20327, "delta": 0.482256}}
{"target": 0.8882937484318472, "params": {"C": 332.45065301256875, "epsilon": 0.14809662634730736, "ker": 1.6800838223071999}, "datetime": {"datetime": "2020-12-20 17:27:20", "elapsed": 57.64573, "delta": 0.44246}}
{"target": 0.8895282067446116, "params": {"C": 930.1713247616999, "epsilon": 0.09121584565198636, "ker": 2.0161070464638344}, "datetime": {"datetime": "2020-12-20 17:27:20", "elapsed": 58.103601, "delta": 0.457871}}
{"target": 0.8895971552123193, "params": {"C": 454.49489822838234, "epsilon": 0.09320337486182506, "ker": 1.9308634113403453}, "datetime": {"datetime": "2020-12-20 17:27:21", "elapsed": 58.519303, "delta": 0.415702}}
{"target": -20401.573083639545, "params": {"C": 458.07586560508804, "epsilon": 0.18239360731315768, "ker": 2.8008573563605528}, "datetime": {"datetime": "2020-12-20 17:27:21", "elapsed": 58.96608, "delta": 0.446777}}
{"target": -20722.529878540372, "params": {"C": 464.61997708504606, "epsilon": 0.1263712205153459, "ker": 2.982970651898263}, "datetime": {"datetime": "2020-12-20 17:27:21", "elapsed": 59.423002, "delta": 0.456922}}
{"target": 0.7826544142178211, "params": {"C": 990.6937276139115, "epsilon": 0.0, "ker": 0.0}, "datetime": {"datetime": "2020-12-20 17:27:23", "elapsed": 60.500388, "delta": 1.077386}}
{"target": -13909.993198805838, "params": {"C": 385.63016663162506, "epsilon": 0.17716704101103625, "ker": 2.8185953546469142}, "datetime": {"datetime": "2020-12-20 17:27:23", "elapsed": 61.005226, "delta": 0.504838}}
{"target": 0.19480604299774812, "params": {"C": 498.36377627005095, "epsilon": 0.11376478876838013, "ker": 1.3504566434993968}, "datetime": {"datetime": "2020-12-20 17:27:24", "elapsed": 61.442022, "delta": 0.436796}}
{"target": -1325.0481715570872, "params": {"C": 116.51521122174022, "epsilon": 0.10295147663664213, "ker": 2.6467815324782764}, "datetime": {"datetime": "2020-12-20 17:27:24", "elapsed": 61.912127, "delta": 0.470105}}
{"target": 0.7350176981149098, "params": {"C": 724.3555652078668, "epsilon": 0.13895560947763624, "ker": 0.008536897287740208}, "datetime": {"datetime": "2020-12-20 17:27:25", "elapsed": 62.672785, "delta": 0.760658}}
{"target": -52929.482335384295, "params": {"C": 722.9123733333251, "epsilon": 0.12840269529783607, "ker": 2.800624412175955}, "datetime": {"datetime": "2020-12-20 17:27:25", "elapsed": 63.177055, "delta": 0.50427}}
{"target": 0.8102738441773323, "params": {"C": 727.9695400131584, "epsilon": 0.0792309749033457, "ker": 0.22601846528695757}, "datetime": {"datetime": "2020-12-20 17:27:26", "elapsed": 64.031042, "delta": 0.853987}}
{"target": -53844.077489032665, "params": {"C": 729.7784560122358, "epsilon": 0.14257961331599966, "ker": 2.7052912925786505}, "datetime": {"datetime": "2020-12-20 17:27:27", "elapsed": 64.457038, "delta": 0.425996}}
{"target": -22628.647426057218, "params": {"C": 500.6239916616485, "epsilon": 0.04686733089237976, "ker": 2.6528828482952966}, "datetime": {"datetime": "2020-12-20 17:27:27", "elapsed": 64.988203, "delta": 0.531165}}
{"target": -54531.777494981245, "params": {"C": 766.9563954646532, "epsilon": 0.08704219869389758, "ker": 2.786279097803705}, "datetime": {"datetime": "2020-12-20 17:27:28", "elapsed": 65.556603, "delta": 0.5684}}
{"target": 0.7512051445101938, "params": {"C": 726.1798616122887, "epsilon": 0.03613517429197257, "ker": 0.35859317391717616}, "datetime": {"datetime": "2020-12-20 17:27:29", "elapsed": 66.596226, "delta": 1.039623}}
{"target": 0.0759931911543819, "params": {"C": 770.8010343251884, "epsilon": 0.06389832754568751, "ker": 0.7353082165190264}, "datetime": {"datetime": "2020-12-20 17:27:29", "elapsed": 67.111098, "delta": 0.514872}}
{"target": -55153.8188819211, "params": {"C": 771.3171743983252, "epsilon": 0.08745449398324026, "ker": 2.5635809503702807}, "datetime": {"datetime": "2020-12-20 17:27:30", "elapsed": 67.780882, "delta": 0.669784}}
{"target": 0.052263434309826516, "params": {"C": 727.0846186141987, "epsilon": 0.05499744326849454, "ker": 1.2663267048417706}, "datetime": {"datetime": "2020-12-20 17:27:30", "elapsed": 68.386021, "delta": 0.605139}}
{"target": -0.09594988199676346, "params": {"C": 769.2811173438167, "epsilon": 0.005227170993576458, "ker": 0.7819687870774885}, "datetime": {"datetime": "2020-12-20 17:27:31", "elapsed": 68.971498, "delta": 0.585477}}
{"target": 0.223428068194737, "params": {"C": 661.9998282684314, "epsilon": 0.1297469923583519, "ker": 0.8581472339059603}, "datetime": {"datetime": "2020-12-20 17:27:32", "elapsed": 69.575258, "delta": 0.60376}}
{"target": 0.8865875190653967, "params": {"C": 990.7011966167303, "epsilon": 0.16665805209346127, "ker": 1.6257493495999102}, "datetime": {"datetime": "2020-12-20 17:27:32", "elapsed": 70.169371, "delta": 0.594113}}
{"target": 0.888697776122194, "params": {"C": 762.6887193712445, "epsilon": 0.14203033846200264, "ker": 1.9292833737665087}, "datetime": {"datetime": "2020-12-20 17:27:33", "elapsed": 70.83188, "delta": 0.662509}}
{"target": 0.7777879374219621, "params": {"C": 774.3391915720268, "epsilon": 0.08884115641230497, "ker": 0.2231188487357869}, "datetime": {"datetime": "2020-12-20 17:27:34", "elapsed": 71.845088, "delta": 1.013208}}
{"target": 0.750288479167868, "params": {"C": 454.0920341734266, "epsilon": 0.051890458209086956, "ker": 0.08516788400605502}, "datetime": {"datetime": "2020-12-20 17:27:35", "elapsed": 72.735065, "delta": 0.889977}}
{"target": 0.7718512292163323, "params": {"C": 988.1166783454138, "epsilon": 0.09912807999847283, "ker": 0.17081165288501077}, "datetime": {"datetime": "2020-12-20 17:27:36", "elapsed": 73.655964, "delta": 0.920899}}
